COMMAND: ../storm/build/bin/storm-pomdp --prism ../models/crypt/crypt4.prism --prop ../models/crypt/crypt.props maximum --check-fully-observable --sound
WALLTIME (seconds): 5.133285760879517

############################## LOG ##############################
Storm-pomdp 1.5.2 (dev)

Date: Mon May 11 11:07:05 2020
Command line arguments: --prism ../models/crypt/crypt4.prism --prop ../models/crypt/crypt.props maximum --check-fully-observable --sound
Current working directory: .s

Time for model input parsing: 0.045s.

Time for model construction: 0.162s.

-------------------------------------------------------------- 
Model type: 	POMDP (sparse)
States: 	1972
Transitions: 	4659
Choices: 	4612
Observations: 	510
Reward Models:  none
State Labels: 	3 labels
   * deadlock -> 0 item(s)
   * (correct = 1) -> 48 item(s)
   * init -> 1 item(s)
Choice Labels: 	9 labels
   * choice3 -> 960 item(s)
   * flip -> 3 item(s)
   * choice4 -> 384 item(s)
   * choice2 -> 960 item(s)
   * guess3 -> 384 item(s)
   * check -> 144 item(s)
   * choice1 -> 960 item(s)
   * guess2 -> 384 item(s)
   * guess1 -> 384 item(s)
-------------------------------------------------------------- 
Analyzing property 'Pmax=? [F (correct = 1)]'
Analyzing the formula on the fully observable MDP ... 
Result: 1
Time for POMDP analysis: 0.001s.
