COMMAND: ../storm/build/bin/storm-pomdp --prism ../models/drone/drone.prism --prop ../models/drone/drone.props --constants N=4,R=2 --belief-exploration discretize --refine 0 --timeout 1800 --triangulationmode static -tm --signal-timeout 600
WALLTIME (seconds): 699.1091890335083
ERROR: -9
############################## LOG ##############################
Storm-pomdp 1.5.2 (dev)

Date: Mon May 11 13:55:24 2020
Command line arguments: --prism ../models/drone/drone.prism --prop ../models/drone/drone.props --constants 'N=4,R=2' --belief-exploration discretize --refine 0 --timeout 1800 --triangulationmode static -tm --signal-timeout 600
Current working directory: .s

Time for model input parsing: 0.002s.

Time for model construction: 0.027s.

-------------------------------------------------------------- 
Model type: 	POMDP (sparse)
States: 	1226
Transitions: 	6461
Choices: 	2954
Observations: 	761
Reward Models:  none
State Labels: 	4 labels
   * deadlock -> 0 item(s)
   * init -> 1 item(s)
   * goal -> 25 item(s)
   * notbad -> 1177 item(s)
Choice Labels: 	6 labels
   * east -> 576 item(s)
   * placement -> 1 item(s)
   * north -> 576 item(s)
   * west -> 576 item(s)
   * adv -> 576 item(s)
   * south -> 576 item(s)
-------------------------------------------------------------- 
Analyzing property 'Pmax=? ["notbad" U "goal"]'
Exploring the belief MDP... Keeping scheduler guesses bit vector(2/7) [4 6 ]
Initial value bounds are [0.616463639, 0.9833852318]
Over-approx result for refinement improved after 0.216s seconds in refinement step #0. New value is '0.9787917024'.
Completed iteration #0. Current checktime is 0.216s. Over-approx MDP has size 11637. Current result is ≤0.9787917024.
 WARN (ApproximatePOMDPModelchecker.cpp:322): No termination criterion for refinement given. Consider to specify a steplimit, a non-zero precisionlimit, or a timeout
Over-approx result for refinement improved after 1.937s in refinement step #1. New value is '0.9758704851'.
Completed iteration #1. Current checktime is 1.937s. Over-approx MDP has size 66760. Current result is ≤0.9758704851.
Over-approx result for refinement improved after 21.184s in refinement step #2. New value is '0.9749755966'.
Completed iteration #2. Current checktime is 21.184s. Over-approx MDP has size 493926. Current result is ≤0.9749755966.
Completed iteration #3. Current checktime is 182.771s. Over-approx MDP has size 3161327. Current result is ≤0.9749755966.
