COMMAND: ../storm/build/bin/storm-pomdp --prism ../models/grid/4x4grid-sl.prism --prop ../models/grid/grid.props --constants sl=0.1 --belief-exploration discretize --refine 0 --timeout 1800 --triangulationmode static -tm --signal-timeout 600
WALLTIME (seconds): 663.9156537055969
ERROR: -9
############################## LOG ##############################
Storm-pomdp 1.5.2 (dev)

Date: Mon May 11 13:55:24 2020
Command line arguments: --prism ../models/grid/4x4grid-sl.prism --prop ../models/grid/grid.props --constants sl=0.1 --belief-exploration discretize --refine 0 --timeout 1800 --triangulationmode static -tm --signal-timeout 600
Current working directory: .s

Time for model input parsing: 0.041s.

Time for model construction: 0.144s.

-------------------------------------------------------------- 
Model type: 	POMDP (sparse)
States: 	17
Transitions: 	122
Choices: 	62
Observations: 	3
Reward Models:  (default)
State Labels: 	3 labels
   * deadlock -> 0 item(s)
   * goal -> 1 item(s)
   * init -> 1 item(s)
Choice Labels: 	4 labels
   * west -> 15 item(s)
   * north -> 15 item(s)
   * east -> 15 item(s)
   * south -> 15 item(s)
-------------------------------------------------------------- 
Analyzing property 'R[exp]min=? [F "goal"]'
Exploring the belief MDP... Keeping scheduler guesses bit vector(2/7) [0 1 ]
Initial value bounds are [3.555555665, 5.601851852]
Over-approx result for refinement improved after 0.010s seconds in refinement step #0. New value is '4.320761676'.
Completed iteration #0. Current checktime is 0.010s. Over-approx MDP has size 490. Current result is ≥4.320761676.
 WARN (ApproximatePOMDPModelchecker.cpp:322): No termination criterion for refinement given. Consider to specify a steplimit, a non-zero precisionlimit, or a timeout
Over-approx result for refinement improved after 0.176s in refinement step #1. New value is '4.414982716'.
Completed iteration #1. Current checktime is 0.176s. Over-approx MDP has size 6622. Current result is ≥4.414982716.
Over-approx result for refinement improved after 8.336s in refinement step #2. New value is '4.56489012'.
Completed iteration #2. Current checktime is 8.336s. Over-approx MDP has size 156750. Current result is ≥4.56489012.
Over-approx result for refinement improved after 342.393s in refinement step #3. New value is '4.605212202'.
Completed iteration #3. Current checktime is 342.393s. Over-approx MDP has size 4120942. Current result is ≥4.605212202.
