COMMAND: ../storm/build/bin/storm-pomdp --prism ../models/grid-avoid/4x4grid-avoid-sl.prism --prop ../models/grid-avoid/grid-avoid.props --constants sl=0 --belief-exploration discretize --refine 0 --timeout 60 --triangulationmode static -tm --signal-timeout 600
WALLTIME (seconds): 66.65475583076477

############################## LOG ##############################
Storm-pomdp 1.5.2 (dev)

Date: Mon May 11 13:55:24 2020
Command line arguments: --prism ../models/grid-avoid/4x4grid-avoid-sl.prism --prop ../models/grid-avoid/grid-avoid.props --constants sl=0 --belief-exploration discretize --refine 0 --timeout 60 --triangulationmode static -tm --signal-timeout 600
Current working directory: .s

Time for model input parsing: 0.040s.

Time for model construction: 0.141s.

-------------------------------------------------------------- 
Model type: 	POMDP (sparse)
States: 	17
Transitions: 	72
Choices: 	59
Observations: 	4
Reward Models:  none
State Labels: 	4 labels
   * deadlock -> 0 item(s)
   * bad -> 1 item(s)
   * init -> 1 item(s)
   * goal -> 1 item(s)
Choice Labels: 	5 labels
   * west -> 14 item(s)
   * north -> 14 item(s)
   * east -> 14 item(s)
   * south -> 14 item(s)
   * bad -> 1 item(s)
-------------------------------------------------------------- 
Analyzing property 'Pmax=? [!("bad") U "goal"]'
Exploring the belief MDP... Keeping scheduler guesses bit vector(1/7) [4 ]
Initial value bounds are [0.4510712254, 1]
Detected that the belief MDP is finite.
Completed iteration #0. Current checktime is 0.005s. Over-approx MDP has size 331. Current result is ≤1.
 WARN (ApproximatePOMDPModelchecker.cpp:322): No termination criterion for refinement given. Consider to specify a steplimit, a non-zero precisionlimit, or a timeout
Completed iteration #1. Current checktime is 0.024s. Over-approx MDP has size 1988. Current result is ≤1.
Over-approx result for refinement improved after 0.324s in refinement step #2. New value is '0.941468254'.
Completed iteration #2. Current checktime is 0.324s. Over-approx MDP has size 19937. Current result is ≤0.941468254.
Over-approx result for refinement improved after 2.561s in refinement step #3. New value is '0.9345238095'.
Completed iteration #3. Current checktime is 2.561s. Over-approx MDP has size 123427. Current result is ≤0.9345238095.
Over-approx result for refinement improved after 9.072s in refinement step #4. New value is '0.9345238095'.
Completed iteration #4. Current checktime is 9.072s. Over-approx MDP has size 357933. Current result is ≤0.9345238095.
Over-approx result for refinement improved after 17.179s in refinement step #5. New value is '0.9300595238'.
Completed iteration #5. Current checktime is 17.179s. Over-approx MDP has size 448481. Current result is ≤0.9300595238.
Over-approx result for refinement improved after 27.279s in refinement step #6. New value is '0.9293154762'.
Completed iteration #6. Current checktime is 27.279s. Over-approx MDP has size 587144. Current result is ≤0.9293154762.
Over-approx result for refinement improved after 39.814s in refinement step #7. New value is '0.9293154762'.
Completed iteration #7. Current checktime is 39.814s. Over-approx MDP has size 707310. Current result is ≤0.9293154762.
Over-approx result for refinement improved after 50.203s in refinement step #8. New value is '0.9287574405'.
Completed iteration #8. Current checktime is 50.203s. Over-approx MDP has size 593824. Current result is ≤0.9287574405.
 WARN (TopologicalMinMaxLinearEquationSolver.cpp:99): Topological solver aborted after analyzing 1/3927 SCCs.
##### Grid Approximation Statistics ######
# Input model: 
-------------------------------------------------------------- 
Model type: 	POMDP (sparse)
States: 	17
Transitions: 	72
Choices: 	59
Observations: 	4
Reward Models:  none
State Labels: 	4 labels
   * deadlock -> 0 item(s)
   * bad -> 1 item(s)
   * init -> 1 item(s)
   * goal -> 1 item(s)
Choice Labels: 	none
-------------------------------------------------------------- 
# Max. Number of states with same observation: 14
# Computation aborted early
# Total check time: 65.021s
# Number of refinement steps: 8
# Number of states in the final grid MDP for the over-approximation: 593824
# Maximal resolution for over-approximation: 1536
# Time spend for building the over-approx grid MDP(s): 54.603s
# Time spend for checking the over-approx grid MDP(s): 7.059s
##########################################

Result till abort: ≤ 0.9287574405
Time for POMDP analysis: 65.021s.

##############################Output to stderr##############################
ERROR: The program received signal 14 and will be aborted in 600s.
