COMMAND: ../prism-ext/prism/bin/prism ../models/network/network2.prism ../models/network/network.props -const T=8,K=20 --gridresolution 4 -javamaxmem 32g -maxiters 1000000
WALLTIME (seconds): 42.074079751968384

############################## LOG ##############################
PRISM
=====

Version: 4.4.pomdps
Date: Mon May 11 10:17:29 GMT+01:00 2020
Hostname: nihm018
Memory limits: cudd=1g, java(heap)=28.4g
Command line: prism ../models/network/network2.prism ../models/network/network.props -const 'T=8,K=20' --gridresolution 4 -javamaxmem 32g -maxiters 1000000

Parsing model file "../models/network/network2.prism"...

Parsing properties file "../models/network/network.props"...

1 property:
(1) R{"dropped_packets"}min=? [ F sched=0&t=T-1&k=K-1 ]

Type:        POMDP
Modules:     scheduler packet1 packet2 channel1 channel2 
Variables:   k t sched packet1 packet2 (chan1) (chan2) 

Switching to explicit engine

---------------------------------------------------------------------

Model checking: R{"dropped_packets"}min=? [ F sched=0&t=T-1&k=K-1 ]
Model constants: K=20,T=8

Building model...
Model constants: K=20,T=8

Computing reachable states...
 4589 states
Reachable states exploration and model construction done in 0.093 secs.
Sorting reachable states list...

Time for model construction: 0.216 seconds.

Type:        POMDP
States:        4589 (1 initial)
Transitions:   14020
Choices:       6973
Max/avg:       3/1.52
Observables:   1173
Unobservables: 4
Building reward structure...

Starting expected reachability (min)...
Starting fixed-resolution grid approximation (min)...
Grid statistics: resolution=4, points=39421, unknown points=39281
Building belief space approximation...
Solving belief space approximation...
initialBelief: {0},[1.0, 0.0, 0.0, 0.0]

Strategy DTMC:
States:      10086 (1 initial)
Transitions: 12945
Choices:     10032
Max/avg:     1/0.99

Starting expected reachability (min)...
Starting Prob1 (max)...
Prob1 (max) took 319 iterations and 2.058 seconds.
target=54, inf=0, rest=10032
For Rmin, checking for zero-reward ECs...
Time for checking for zero-reward ECs: 0.232 seconds, no zero-reward ECs found, proceeding normally.
Starting value iteration (min, with Power method)...
Value iteration (min, with Power method) took 319 iterations, 4129455 multiplications and 1.702 seconds.
Expected reachability took 4.001 seconds.
Outer bound: 3.0335370499536363
Inner bound: 3.1992532951094828
Fixed-resolution grid approximation (min) took 319 iterations and 41.225 seconds.
Expected reachability took 41.226 seconds.

Value in the initial state: 3.0335370499536363

Time for model checking: 41.256 seconds.

Result: 3.0335370499536363 (value in the initial state)


##############################Output to stderr##############################
Picked up JAVA_TOOL_OPTIONS: -Xmx2048m
