COMMAND: ../storm/build/bin/storm-pomdp --prism ../models/network-priorities/network-priorities3.prism --prop ../models/network-priorities/network-priorities.props --constants T=8,K=20 --belief-exploration discretize --refine 0 --timeout 1800 --triangulationmode static -tm --signal-timeout 600
WALLTIME (seconds): 1808.649661064148

############################## LOG ##############################
Storm-pomdp 1.5.2 (dev)

Date: Mon May 11 13:58:00 2020
Command line arguments: --prism ../models/network-priorities/network-priorities3.prism --prop ../models/network-priorities/network-priorities.props --constants 'T=8,K=20' --belief-exploration discretize --refine 0 --timeout 1800 --triangulationmode static -tm --signal-timeout 600
Current working directory: .s

Time for model input parsing: 0.004s.

Time for model construction: 2.980s.

-------------------------------------------------------------- 
Model type: 	POMDP (sparse)
States: 	150837
Transitions: 	2882296
Choices: 	322485
Observations: 	19173
Reward Models:  priority
State Labels: 	3 labels
   * deadlock -> 0 item(s)
   * (((sched = 0) & (t = (8 - 1))) & (k = (20 - 1))) -> 512 item(s)
   * init -> 1 item(s)
Choice Labels: 	5 labels
   * idle -> 73728 item(s)
   * send2 -> 57216 item(s)
   * slot -> 76597 item(s)
   * send3 -> 57216 item(s)
   * send1 -> 57216 item(s)
-------------------------------------------------------------- 
Analyzing property 'R[exp]{"priority"}max=? [F (((sched = 0) & (t = (8 - 1))) & (k = (20 - 1)))]'
Exploring the belief MDP... Keeping scheduler guesses bit vector(7/7) [0 1 2 3 4 5 6 ]
Initial value bounds are [765.4278054, 848.903004]
Detected that the belief MDP is finite.
Over-approx result for refinement improved after 323.179s seconds in refinement step #0. New value is '836.5348692'.
Completed iteration #0. Current checktime is 323.179s. Over-approx MDP has size 1180689. Current result is ≤836.5348692.
 WARN (ApproximatePOMDPModelchecker.cpp:322): No termination criterion for refinement given. Consider to specify a steplimit, a non-zero precisionlimit, or a timeout
Over-approx result for refinement improved after 1486.321s in refinement step #1. New value is '824.7582862'.
Completed iteration #1. Current checktime is 1486.321s. Over-approx MDP has size 4200875. Current result is ≤824.7582862.
##### Grid Approximation Statistics ######
# Input model: 
-------------------------------------------------------------- 
Model type: 	POMDP (sparse)
States: 	150837
Transitions: 	2882296
Choices: 	322485
Observations: 	19173
Reward Models:  priority
State Labels: 	3 labels
   * deadlock -> 0 item(s)
   * (((sched = 0) & (t = (8 - 1))) & (k = (20 - 1))) -> 512 item(s)
   * init -> 1 item(s)
Choice Labels: 	none
-------------------------------------------------------------- 
# Max. Number of states with same observation: 8
# Computation aborted early
# Total check time: 1804.995s
# Number of refinement steps: 1
# Number of states in the final grid MDP for the over-approximation: 4200875
# Maximal resolution for over-approximation: 12
# Time spend for building the over-approx grid MDP(s): 1770.898s
# Time spend for checking the over-approx grid MDP(s): 21.123s
##########################################

Result till abort: ≤ 824.7582862
Time for POMDP analysis: 1805.008s.

##############################Output to stderr##############################
ERROR: The program received signal 14 and will be aborted in 600s.
