COMMAND: ../prism-ext/prism/bin/prism ../models/network-priorities/network-priorities2.prism ../models/network-priorities/network-priorities.props -const T=8,K=20 --gridresolution 12 -javamaxmem 32g -maxiters 1000000
WALLTIME (seconds): 3600.056307077408
TIMEOUT
############################## LOG ##############################
PRISM
=====

Version: 4.4.pomdps
Date: Mon May 11 10:18:36 GMT+01:00 2020
Hostname: nihm022
Memory limits: cudd=1g, java(heap)=28.4g
Command line: prism ../models/network-priorities/network-priorities2.prism ../models/network-priorities/network-priorities.props -const 'T=8,K=20' --gridresolution 12 -javamaxmem 32g -maxiters 1000000

Parsing model file "../models/network-priorities/network-priorities2.prism"...

Parsing properties file "../models/network-priorities/network-priorities.props"...

1 property:
(1) R{"priority"}max=? [ F sched=0&t=T-1&k=K-1 ]

Type:        POMDP
Modules:     scheduler packet1 packet2 priority1 priority2 channel1 channel2 
Variables:   k t sched packet1 packet2 priority1 priority2 (chan1) (chan2) 

Switching to explicit engine

---------------------------------------------------------------------

Model checking: R{"priority"}max=? [ F sched=0&t=T-1&k=K-1 ]
Model constants: K=20,T=8

Building model...
Model constants: K=20,T=8

Computing reachable states...
 19373 states
Reachable states exploration and model construction done in 0.259 secs.
Sorting reachable states list...

Time for model construction: 0.831 seconds.

Type:        POMDP
States:        19373 (1 initial)
Transitions:   102420
Choices:       34157
Max/avg:       3/1.76
Observables:   4909
Unobservables: 4
Building reward structure...

Starting expected reachability (max)...
Starting fixed-resolution grid approximation (max)...
Grid statistics: resolution=12, points=2172821, unknown points=2165541
Building belief space approximation...
Solving belief space approximation...

##############################Output to stderr##############################
Picked up JAVA_TOOL_OPTIONS: -Xmx2048m
