COMMAND: ../storm/build/bin/storm-pomdp --prism ../models/network-priorities/network-priorities2.prism --prop ../models/network-priorities/network-priorities.props --constants T=8,K=20 --belief-exploration discretize --refine 0 --timeout 60 --triangulationmode static -tm --signal-timeout 600
WALLTIME (seconds): 63.531984090805054

############################## LOG ##############################
Storm-pomdp 1.5.2 (dev)

Date: Mon May 11 13:56:31 2020
Command line arguments: --prism ../models/network-priorities/network-priorities2.prism --prop ../models/network-priorities/network-priorities.props --constants 'T=8,K=20' --belief-exploration discretize --refine 0 --timeout 60 --triangulationmode static -tm --signal-timeout 600
Current working directory: .s

Time for model input parsing: 0.003s.

Time for model construction: 0.193s.

-------------------------------------------------------------- 
Model type: 	POMDP (sparse)
States: 	19373
Transitions: 	102420
Choices: 	34157
Observations: 	4909
Reward Models:  priority
State Labels: 	3 labels
   * deadlock -> 0 item(s)
   * (((sched = 0) & (t = (8 - 1))) & (k = (20 - 1))) -> 64 item(s)
   * init -> 1 item(s)
Choice Labels: 	4 labels
   * idle -> 9536 item(s)
   * send2 -> 7392 item(s)
   * send1 -> 7392 item(s)
   * slot -> 9773 item(s)
-------------------------------------------------------------- 
Analyzing property 'R[exp]{"priority"}max=? [F (((sched = 0) & (t = (8 - 1))) & (k = (20 - 1)))]'
Exploring the belief MDP... Keeping scheduler guesses bit vector(7/7) [0 1 2 3 4 5 6 ]
Initial value bounds are [534.4444533, 565.6227302]
Detected that the belief MDP is finite.
Over-approx result for refinement improved after 0.235s seconds in refinement step #0. New value is '565.6227302'.
Completed iteration #0. Current checktime is 0.235s. Over-approx MDP has size 2. Current result is ≤565.6227302.
 WARN (ApproximatePOMDPModelchecker.cpp:322): No termination criterion for refinement given. Consider to specify a steplimit, a non-zero precisionlimit, or a timeout
Over-approx result for refinement improved after 0.237s in refinement step #1. New value is '565.5361143'.
Completed iteration #1. Current checktime is 0.237s. Over-approx MDP has size 73. Current result is ≤565.5361143.
Over-approx result for refinement improved after 0.246s in refinement step #2. New value is '565.4628654'.
Completed iteration #2. Current checktime is 0.246s. Over-approx MDP has size 457. Current result is ≤565.4628654.
Over-approx result for refinement improved after 0.284s in refinement step #3. New value is '565.32111'.
Completed iteration #3. Current checktime is 0.284s. Over-approx MDP has size 2036. Current result is ≤565.32111.
Over-approx result for refinement improved after 0.455s in refinement step #4. New value is '564.8041636'.
Completed iteration #4. Current checktime is 0.455s. Over-approx MDP has size 8621. Current result is ≤564.8041636.
Over-approx result for refinement improved after 1.189s in refinement step #5. New value is '562.9563698'.
Completed iteration #5. Current checktime is 1.189s. Over-approx MDP has size 37115. Current result is ≤562.9563698.
Over-approx result for refinement improved after 3.368s in refinement step #6. New value is '559.4282073'.
Completed iteration #6. Current checktime is 3.368s. Over-approx MDP has size 109114. Current result is ≤559.4282073.
Over-approx result for refinement improved after 7.917s in refinement step #7. New value is '557.8806334'.
Completed iteration #7. Current checktime is 7.917s. Over-approx MDP has size 218008. Current result is ≤557.8806334.
Over-approx result for refinement improved after 16.670s in refinement step #8. New value is '557.03067'.
Completed iteration #8. Current checktime is 16.670s. Over-approx MDP has size 412880. Current result is ≤557.03067.
Over-approx result for refinement improved after 32.821s in refinement step #9. New value is '556.8564516'.
Completed iteration #9. Current checktime is 32.821s. Over-approx MDP has size 769276. Current result is ≤556.8564516.
 WARN (TopologicalMinMaxLinearEquationSolver.cpp:99): Topological solver aborted after analyzing 1/1349748 SCCs.
##### Grid Approximation Statistics ######
# Input model: 
-------------------------------------------------------------- 
Model type: 	POMDP (sparse)
States: 	19373
Transitions: 	102420
Choices: 	34157
Observations: 	4909
Reward Models:  priority
State Labels: 	3 labels
   * deadlock -> 0 item(s)
   * (((sched = 0) & (t = (8 - 1))) & (k = (20 - 1))) -> 64 item(s)
   * init -> 1 item(s)
Choice Labels: 	none
-------------------------------------------------------------- 
# Max. Number of states with same observation: 4
# Computation aborted early
# Total check time: 63.212s
# Number of refinement steps: 9
# Number of states in the final grid MDP for the over-approximation: 769276
# Maximal resolution for over-approximation: 768
# Time spend for building the over-approx grid MDP(s): 55.479s
# Time spend for checking the over-approx grid MDP(s): 4.920s
##########################################

Result till abort: ≤ 556.8564516
Time for POMDP analysis: 63.215s.

##############################Output to stderr##############################
ERROR: The program received signal 14 and will be aborted in 600s.
