COMMAND: ../storm/build/bin/storm-pomdp --prism ../models/network-priorities/network-priorities3.prism --prop ../models/network-priorities/network-priorities.props --constants T=8,K=20 --belief-exploration unfold --exploration-time 3600 --gap-threshold 0 -tm --signal-timeout 600
WALLTIME (seconds): 3630.3576049804688
TIMEOUT
############################## LOG ##############################
Storm-pomdp 1.5.2 (dev)

Date: Mon May 11 11:20:49 2020
Command line arguments: --prism ../models/network-priorities/network-priorities3.prism --prop ../models/network-priorities/network-priorities.props --constants 'T=8,K=20' --belief-exploration unfold --exploration-time 3600 --gap-threshold 0 -tm --signal-timeout 600
Current working directory: .s

Time for model input parsing: 0.004s.

Time for model construction: 3.068s.

-------------------------------------------------------------- 
Model type: 	POMDP (sparse)
States: 	150837
Transitions: 	2882296
Choices: 	322485
Observations: 	19173
Reward Models:  priority
State Labels: 	3 labels
   * deadlock -> 0 item(s)
   * (((sched = 0) & (t = (8 - 1))) & (k = (20 - 1))) -> 512 item(s)
   * init -> 1 item(s)
Choice Labels: 	5 labels
   * idle -> 73728 item(s)
   * send2 -> 57216 item(s)
   * slot -> 76597 item(s)
   * send3 -> 57216 item(s)
   * send1 -> 57216 item(s)
-------------------------------------------------------------- 
Analyzing property 'R[exp]{"priority"}max=? [F (((sched = 0) & (t = (8 - 1))) & (k = (20 - 1)))]'
Exploring the belief MDP... Keeping scheduler guesses bit vector(7/7) [0 1 2 3 4 5 6 ]
Initial value bounds are [765.4278054, 848.903004]
Detected that the belief MDP is finite.
##### Grid Approximation Statistics ######
# Input model: 
-------------------------------------------------------------- 
Model type: 	POMDP (sparse)
States: 	150837
Transitions: 	2882296
Choices: 	322485
Observations: 	19173
Reward Models:  priority
State Labels: 	3 labels
   * deadlock -> 0 item(s)
   * (((sched = 0) & (t = (8 - 1))) & (k = (20 - 1))) -> 512 item(s)
   * init -> 1 item(s)
Choice Labels: 	none
-------------------------------------------------------------- 
# Max. Number of states with same observation: 8
# Computation aborted early
# Total check time: 3626.994s
# Number of states in the grid MDP for the under-approximation: >=21195996
# Time spend for building the under-approx grid MDP(s): 3591.886s
# Time spend for checking the under-approx grid MDP(s): 0.000s
##########################################

Result till abort: ≥ 765.4278054
Time for POMDP analysis: 3627.007s.

##############################Output to stderr##############################
ERROR: The program received signal 15 and will be aborted in 600s.
