COMMAND: ../prism-ext/prism/bin/prism ../models/samplerocks/samplerocks12_explicit.prism ../models/samplerocks/samplerocks.props --gridresolution 4 -javamaxmem 32g -maxiters 1000000
WALLTIME (seconds): 3600.320050239563
TIMEOUT
############################## LOG ##############################
PRISM
=====

Version: 4.4.pomdps
Date: Mon May 11 20:12:13 GMT+01:00 2020
Hostname: nihm020
Memory limits: cudd=1g, java(heap)=28.4g
Command line: prism ../models/samplerocks/samplerocks12_explicit.prism ../models/samplerocks/samplerocks.props --gridresolution 4 -javamaxmem 32g -maxiters 1000000

Parsing model file "../models/samplerocks/samplerocks12_explicit.prism"...

Parsing properties file "../models/samplerocks/samplerocks.props"...

1 property:
(1) Rmin=? [ F "goal" ]

Type:        POMDP
Modules:     model 
Variables:   (s) o 

Switching to explicit engine

---------------------------------------------------------------------

Model checking: Rmin=? [ F "goal" ]

Building model...

Computing reachable states...
 1126 2193 3286 4324 5377 6548 6553 states
Reachable states exploration and model construction done in 18.021 secs.
Sorting reachable states list...

Time for model construction: 18.478 seconds.

Type:        POMDP
States:        6553 (1 initial)
Transitions:   40436
Choices:       31745
Max/avg:       7/4.84
Observables:   1645
Unobservables: 6553
Building reward structure...

Starting expected reachability (min)...
Starting fixed-resolution grid approximation (min)...
Grid statistics: resolution=4, points=57181, unknown points=53086
Building belief space approximation...
Solving belief space approximation...

##############################Output to stderr##############################
Picked up JAVA_TOOL_OPTIONS: -Xmx2048m
