COMMAND: ../prism-ext/prism/bin/prism ../models/samplerocks/samplerocks12_explicit.prism ../models/samplerocks/samplerocks.props --gridresolution 12 -javamaxmem 32g -maxiters 1000000
WALLTIME (seconds): 151.50869250297546
ERROR: 137
############################## LOG ##############################
PRISM
=====

Version: 4.4.pomdps
Date: Mon May 11 20:12:12 GMT+01:00 2020
Hostname: nihm019
Memory limits: cudd=1g, java(heap)=28.4g
Command line: prism ../models/samplerocks/samplerocks12_explicit.prism ../models/samplerocks/samplerocks.props --gridresolution 12 -javamaxmem 32g -maxiters 1000000

Parsing model file "../models/samplerocks/samplerocks12_explicit.prism"...

Parsing properties file "../models/samplerocks/samplerocks.props"...

1 property:
(1) Rmin=? [ F "goal" ]

Type:        POMDP
Modules:     model 
Variables:   (s) o 

Switching to explicit engine

---------------------------------------------------------------------

Model checking: Rmin=? [ F "goal" ]

Building model...

Computing reachable states...
 893 1758 2686 3738 4635 5867 6553 states
Reachable states exploration and model construction done in 19.636 secs.
Sorting reachable states list...

Time for model construction: 20.073 seconds.

Type:        POMDP
States:        6553 (1 initial)
Transitions:   40436
Choices:       31745
Max/avg:       7/4.84
Observables:   1645
Unobservables: 6553
Building reward structure...

Starting expected reachability (min)...
Starting fixed-resolution grid approximation (min)...

##############################Output to stderr##############################
Picked up JAVA_TOOL_OPTIONS: -Xmx2048m
../prism-ext/prism/bin/prism: line 115: 78596 Killed                  "$PRISM_JAVA" $PRISM_JAVA_ARG1 $PRISM_JAVA_ARG2 $PRISM_JAVA_DEBUG $PRISM_JAVAMAXMEM $PRISM_JAVASTACKSIZE -Djava.awt.headless=$PRISM_HEADLESS -Djava.library.path="$JAVA_LIBRARY_PATH" -classpath "$PRISM_CLASSPATH" $PRISM_MAINCLASS "$@"
