COMMAND: ../storm/build/bin/storm-pomdp --prism ../models/samplerocks/samplerocks.prism --prop ../models/samplerocks/samplerocks.props --constants N=16 --belief-exploration discretize --refine 0 --timeout 60 --triangulationmode static -tm --signal-timeout 600
WALLTIME (seconds): 62.861939668655396

############################## LOG ##############################
Storm-pomdp 1.5.2 (dev)

Date: Mon May 11 13:58:01 2020
Command line arguments: --prism ../models/samplerocks/samplerocks.prism --prop ../models/samplerocks/samplerocks.props --constants N=16 --belief-exploration discretize --refine 0 --timeout 60 --triangulationmode static -tm --signal-timeout 600
Current working directory: .s

Time for model input parsing: 0.003s.

Time for model construction: 0.204s.

-------------------------------------------------------------- 
Model type: 	POMDP (sparse)
States: 	11017
Transitions: 	68116
Choices: 	54289
Observations: 	2761
Reward Models:  cost
State Labels: 	3 labels
   * deadlock -> 0 item(s)
   * goal -> 612 item(s)
   * init -> 1 item(s)
Choice Labels: 	10 labels
   * west -> 9792 item(s)
   * east -> 9792 item(s)
   * r2sample -> 18 item(s)
   * r1sample -> 18 item(s)
   * south -> 9792 item(s)
   * r2sense -> 6930 item(s)
   * finish -> 612 item(s)
   * north -> 9792 item(s)
   * placement -> 1 item(s)
   * r1sense -> 6930 item(s)
-------------------------------------------------------------- 
Analyzing property 'R[exp]min=? [F "goal"]'
Exploring the belief MDP... Keeping scheduler guesses bit vector(3/7) [4 5 6 ]
Initial value bounds are [22, 44]
Over-approx result for refinement improved after 1.191s seconds in refinement step #0. New value is '24.85329861'.
Completed iteration #0. Current checktime is 1.191s. Over-approx MDP has size 37503. Current result is ≥24.85329861.
 WARN (ApproximatePOMDPModelchecker.cpp:322): No termination criterion for refinement given. Consider to specify a steplimit, a non-zero precisionlimit, or a timeout
Over-approx result for refinement improved after 1.729s in refinement step #1. New value is '24.90729167'.
Completed iteration #1. Current checktime is 1.729s. Over-approx MDP has size 37794. Current result is ≥24.90729167.
Over-approx result for refinement improved after 2.295s in refinement step #2. New value is '24.98839962'.
Completed iteration #2. Current checktime is 2.295s. Over-approx MDP has size 37984. Current result is ≥24.98839962.
Over-approx result for refinement improved after 2.933s in refinement step #3. New value is '25.52717586'.
Completed iteration #3. Current checktime is 2.933s. Over-approx MDP has size 40552. Current result is ≥25.52717586.
Over-approx result for refinement improved after 3.718s in refinement step #4. New value is '25.61143138'.
Completed iteration #4. Current checktime is 3.718s. Over-approx MDP has size 45199. Current result is ≥25.61143138.
Over-approx result for refinement improved after 5.159s in refinement step #5. New value is '25.67464409'.
Completed iteration #5. Current checktime is 5.159s. Over-approx MDP has size 60972. Current result is ≥25.67464409.
Over-approx result for refinement improved after 7.624s in refinement step #6. New value is '25.75956093'.
Completed iteration #6. Current checktime is 7.624s. Over-approx MDP has size 91976. Current result is ≥25.75956093.
Over-approx result for refinement improved after 25.681s in refinement step #7. New value is '25.88245308'.
Completed iteration #7. Current checktime is 25.681s. Over-approx MDP has size 345816. Current result is ≥25.88245308.
##### Grid Approximation Statistics ######
# Input model: 
-------------------------------------------------------------- 
Model type: 	POMDP (sparse)
States: 	11017
Transitions: 	68116
Choices: 	54289
Observations: 	2761
Reward Models:  cost
State Labels: 	3 labels
   * deadlock -> 0 item(s)
   * goal -> 612 item(s)
   * init -> 1 item(s)
Choice Labels: 	none
-------------------------------------------------------------- 
# Max. Number of states with same observation: 4
# Computation aborted early
# Total check time: 62.538s
# Number of refinement steps: 7
# Number of states in the final grid MDP for the over-approximation: 345816
# Maximal resolution for over-approximation: 96
# Time spend for building the over-approx grid MDP(s): 51.687s
# Time spend for checking the over-approx grid MDP(s): 7.822s
##########################################

Result till abort: ≥ 25.88245308
Time for POMDP analysis: 62.540s.

##############################Output to stderr##############################
ERROR: The program received signal 14 and will be aborted in 600s.
