COMMAND: ../storm/build/bin/storm-pomdp --prism ../models/samplerocks/samplerocks.prism --prop ../models/samplerocks/samplerocks.props --constants N=12 --belief-exploration unfold --refine 0 --timeout 60 --gap-threshold 0 --size-threshold 0 2 -tm --signal-timeout 600
WALLTIME (seconds): 64.68543815612793

############################## LOG ##############################
Storm-pomdp 1.5.2 (dev)

Date: Mon May 11 11:25:16 2020
Command line arguments: --prism ../models/samplerocks/samplerocks.prism --prop ../models/samplerocks/samplerocks.props --constants N=12 --belief-exploration unfold --refine 0 --timeout 60 --gap-threshold 0 --size-threshold 0 2 -tm --signal-timeout 600
Current working directory: .s

Time for model input parsing: 0.003s.

Time for model construction: 0.126s.

-------------------------------------------------------------- 
Model type: 	POMDP (sparse)
States: 	6553
Transitions: 	39604
Choices: 	31537
Observations: 	1645
Reward Models:  cost
State Labels: 	3 labels
   * deadlock -> 0 item(s)
   * goal -> 468 item(s)
   * init -> 1 item(s)
Choice Labels: 	10 labels
   * west -> 5616 item(s)
   * east -> 5616 item(s)
   * r2sample -> 18 item(s)
   * r1sample -> 18 item(s)
   * south -> 5616 item(s)
   * r2sense -> 4050 item(s)
   * finish -> 468 item(s)
   * north -> 5616 item(s)
   * placement -> 1 item(s)
   * r1sense -> 4050 item(s)
-------------------------------------------------------------- 
Analyzing property 'R[exp]min=? [F "goal"]'
Exploring the belief MDP... Keeping scheduler guesses bit vector(3/7) [4 5 6 ]
Initial value bounds are [16.5, 38]
Completed iteration #0. Current checktime is 0.533s. Under-approx MDP has size 26214. Current result is ≤38.
 WARN (ApproximatePOMDPModelchecker.cpp:322): No termination criterion for refinement given. Consider to specify a steplimit, a non-zero precisionlimit, or a timeout
Completed iteration #1. Current checktime is 1.403s. Under-approx MDP has size 52429. Current result is ≤38.
Completed iteration #2. Current checktime is 3.364s. Under-approx MDP has size 104860. Current result is ≤38.
Completed iteration #3. Current checktime is 7.766s. Under-approx MDP has size 209723. Current result is ≤38.
Under-approx result for refinement improved after 19.018s in refinement step #4. New value is '35.41219196'.
Completed iteration #4. Current checktime is 19.018s. Under-approx MDP has size 419450. Current result is ≤35.41219196.
Completed iteration #5. Current checktime is 47.876s. Under-approx MDP has size 838901. Current result is ≤35.41219196.
##### Grid Approximation Statistics ######
# Input model: 
-------------------------------------------------------------- 
Model type: 	POMDP (sparse)
States: 	6553
Transitions: 	39604
Choices: 	31537
Observations: 	1645
Reward Models:  cost
State Labels: 	3 labels
   * deadlock -> 0 item(s)
   * goal -> 468 item(s)
   * init -> 1 item(s)
Choice Labels: 	none
-------------------------------------------------------------- 
# Max. Number of states with same observation: 4
# Computation aborted early
# Total check time: 64.466s
# Number of refinement steps: 5
# Number of states in the final grid MDP for the under-approximation: 838901
# Exploration state limit for under-approximation: 1677802
# Time spend for building the under-approx grid MDP(s): 32.352s
# Time spend for checking the under-approx grid MDP(s): 27.363s
##########################################

Result till abort: ≤ 35.41219196
Time for POMDP analysis: 64.467s.

##############################Output to stderr##############################
ERROR: The program received signal 14 and will be aborted in 600s.
