COMMAND: ../storm/build/bin/storm-pomdp --prism ../models/samplerocks/samplerocks.prism --prop ../models/samplerocks/samplerocks.props --constants N=12 --belief-exploration discretize --refine 0 --timeout 1800 --triangulationmode static -tm --signal-timeout 600
WALLTIME (seconds): 5.399360656738281

############################## LOG ##############################
Storm-pomdp 1.5.2 (dev)

Date: Mon May 11 13:58:01 2020
Command line arguments: --prism ../models/samplerocks/samplerocks.prism --prop ../models/samplerocks/samplerocks.props --constants N=12 --belief-exploration discretize --refine 0 --timeout 1800 --triangulationmode static -tm --signal-timeout 600
Current working directory: .s

Time for model input parsing: 0.003s.

Time for model construction: 0.126s.

-------------------------------------------------------------- 
Model type: 	POMDP (sparse)
States: 	6553
Transitions: 	39604
Choices: 	31537
Observations: 	1645
Reward Models:  cost
State Labels: 	3 labels
   * deadlock -> 0 item(s)
   * goal -> 468 item(s)
   * init -> 1 item(s)
Choice Labels: 	10 labels
   * west -> 5616 item(s)
   * east -> 5616 item(s)
   * r2sample -> 18 item(s)
   * r1sample -> 18 item(s)
   * south -> 5616 item(s)
   * r2sense -> 4050 item(s)
   * finish -> 468 item(s)
   * north -> 5616 item(s)
   * placement -> 1 item(s)
   * r1sense -> 4050 item(s)
-------------------------------------------------------------- 
Analyzing property 'R[exp]min=? [F "goal"]'
Exploring the belief MDP... Keeping scheduler guesses bit vector(3/7) [4 5 6 ]
Initial value bounds are [16.5, 38]
Over-approx result for refinement improved after 0.587s seconds in refinement step #0. New value is '19.28174603'.
Completed iteration #0. Current checktime is 0.587s. Over-approx MDP has size 23098. Current result is ≥19.28174603.
 WARN (ApproximatePOMDPModelchecker.cpp:322): No termination criterion for refinement given. Consider to specify a steplimit, a non-zero precisionlimit, or a timeout
Over-approx result for refinement improved after 0.856s in refinement step #1. New value is '19.32259109'.
Completed iteration #1. Current checktime is 0.856s. Over-approx MDP has size 23308. Current result is ≥19.32259109.
Over-approx result for refinement improved after 1.167s in refinement step #2. New value is '19.40092593'.
Completed iteration #2. Current checktime is 1.167s. Over-approx MDP has size 25010. Current result is ≥19.40092593.
Over-approx result for refinement improved after 1.499s in refinement step #3. New value is '19.59438236'.
Completed iteration #3. Current checktime is 1.499s. Over-approx MDP has size 26757. Current result is ≥19.59438236.
Over-approx result for refinement improved after 1.833s in refinement step #4. New value is '19.88659193'.
Completed iteration #4. Current checktime is 1.833s. Over-approx MDP has size 27715. Current result is ≥19.88659193.
Over-approx result for refinement improved after 2.502s in refinement step #5. New value is '19.92922009'.
Completed iteration #5. Current checktime is 2.502s. Over-approx MDP has size 36528. Current result is ≥19.92922009.
Over-approx result for refinement improved after 3.557s in refinement step #6. New value is '20'.
Completed iteration #6. Current checktime is 3.557s. Over-approx MDP has size 51995. Current result is ≥20.
Completed iteration #7. Current checktime is 4.328s. Over-approx MDP has size 51995. Current result is ≥20.
Completed iteration #8. Current checktime is 5.091s. Over-approx MDP has size 51995. Current result is ≥20.
Refinement fixpoint reached after 8 iterations.
##### Grid Approximation Statistics ######
# Input model: 
-------------------------------------------------------------- 
Model type: 	POMDP (sparse)
States: 	6553
Transitions: 	39604
Choices: 	31537
Observations: 	1645
Reward Models:  cost
State Labels: 	3 labels
   * deadlock -> 0 item(s)
   * goal -> 468 item(s)
   * init -> 1 item(s)
Choice Labels: 	none
-------------------------------------------------------------- 
# Max. Number of states with same observation: 4
# Total check time: 5.183s
# Number of refinement steps: 8
# Number of states in the final grid MDP for the over-approximation: 51995
# Maximal resolution for over-approximation: 24
# Time spend for building the over-approx grid MDP(s): 3.029s
# Time spend for checking the over-approx grid MDP(s): 1.926s
##########################################

Result: ≥ 20
Time for POMDP analysis: 5.184s.
