COMMAND: ../storm/build/bin/storm-pomdp --prism ../models/samplerocks/samplerocks.prism --prop ../models/samplerocks/samplerocks.props --constants N=16 --belief-exploration discretize --resolution 12 --gap-threshold 0 --triangulationmode static -tm --signal-timeout 600
WALLTIME (seconds): 37.237412214279175

############################## LOG ##############################
Storm-pomdp 1.5.2 (dev)

Date: Mon May 11 11:26:21 2020
Command line arguments: --prism ../models/samplerocks/samplerocks.prism --prop ../models/samplerocks/samplerocks.props --constants N=16 --belief-exploration discretize --resolution 12 --gap-threshold 0 --triangulationmode static -tm --signal-timeout 600
Current working directory: .s

Time for model input parsing: 0.003s.

Time for model construction: 0.201s.

-------------------------------------------------------------- 
Model type: 	POMDP (sparse)
States: 	11017
Transitions: 	68116
Choices: 	54289
Observations: 	2761
Reward Models:  cost
State Labels: 	3 labels
   * deadlock -> 0 item(s)
   * goal -> 612 item(s)
   * init -> 1 item(s)
Choice Labels: 	10 labels
   * west -> 9792 item(s)
   * east -> 9792 item(s)
   * r2sample -> 18 item(s)
   * r1sample -> 18 item(s)
   * south -> 9792 item(s)
   * r2sense -> 6930 item(s)
   * finish -> 612 item(s)
   * north -> 9792 item(s)
   * placement -> 1 item(s)
   * r1sense -> 6930 item(s)
-------------------------------------------------------------- 
Analyzing property 'R[exp]min=? [F "goal"]'
Exploring the belief MDP... Keeping scheduler guesses bit vector(3/7) [4 5 6 ]
Initial value bounds are [22, 44]
Explored and checked Over-Approximation MDP:
-------------------------------------------------------------- 
Model type: 	MDP (sparse)
States: 	872267
Transitions: 	11427033
Choices: 	4778461
Reward Models:  default
State Labels: 	3 labels
   * init -> 1 item(s)
   * truncated -> 30813 item(s)
   * target -> 1 item(s)
Choice Labels: 	none
-------------------------------------------------------------- 
##### Grid Approximation Statistics ######
# Input model: 
-------------------------------------------------------------- 
Model type: 	POMDP (sparse)
States: 	11017
Transitions: 	68116
Choices: 	54289
Observations: 	2761
Reward Models:  cost
State Labels: 	3 labels
   * deadlock -> 0 item(s)
   * goal -> 612 item(s)
   * init -> 1 item(s)
Choice Labels: 	none
-------------------------------------------------------------- 
# Max. Number of states with same observation: 4
# Total check time: 36.864s
# Number of states in the grid MDP for the over-approximation: 872267
# Maximal resolution for over-approximation: 12
# Time spend for building the over-approx grid MDP(s): 26.283s
# Time spend for checking the over-approx grid MDP(s): 8.944s
##########################################

Result: ≥ 26
Time for POMDP analysis: 36.866s.
