COMMAND: ../prism-ext/prism/bin/prism ../models/samplerocks/samplerocks16_explicit.prism ../models/samplerocks/samplerocks.props --gridresolution 4 -javamaxmem 32g -maxiters 1000000
WALLTIME (seconds): 478.9185118675232
ERROR: 137
############################## LOG ##############################
PRISM
=====

Version: 4.4.pomdps
Date: Mon May 11 20:13:17 GMT+01:00 2020
Hostname: nihm022
Memory limits: cudd=1g, java(heap)=28.4g
Command line: prism ../models/samplerocks/samplerocks16_explicit.prism ../models/samplerocks/samplerocks.props --gridresolution 4 -javamaxmem 32g -maxiters 1000000

Parsing model file "../models/samplerocks/samplerocks16_explicit.prism"...

Parsing properties file "../models/samplerocks/samplerocks.props"...

1 property:
(1) Rmin=? [ F "goal" ]

Type:        POMDP
Modules:     model 
Variables:   (s) o 

Switching to explicit engine

---------------------------------------------------------------------

Model checking: Rmin=? [ F "goal" ]

Building model...

Computing reachable states...
 481 957 1394 1800 2192 2563 2970 3377 3775 4181 4585 4990 5371 5747 6122 6504 6903 7303 7699 8092 8487 8885 9286 9688 10090 10473 10877 11017 states
Reachable states exploration and model construction done in 82.159 secs.
Sorting reachable states list...

Time for model construction: 83.451 seconds.

Type:        POMDP
States:        11017 (1 initial)
Transitions:   69204
Choices:       54561
Max/avg:       7/4.95
Observables:   2761
Unobservables: 11017
Building reward structure...

Starting expected reachability (min)...
Starting fixed-resolution grid approximation (min)...
Grid statistics: resolution=4, points=96241, unknown points=90886
Building belief space approximation...

##############################Output to stderr##############################
Picked up JAVA_TOOL_OPTIONS: -Xmx2048m
../prism-ext/prism/bin/prism: line 115: 225229 Killed                  "$PRISM_JAVA" $PRISM_JAVA_ARG1 $PRISM_JAVA_ARG2 $PRISM_JAVA_DEBUG $PRISM_JAVAMAXMEM $PRISM_JAVASTACKSIZE -Djava.awt.headless=$PRISM_HEADLESS -Djava.library.path="$JAVA_LIBRARY_PATH" -classpath "$PRISM_CLASSPATH" $PRISM_MAINCLASS "$@"
