COMMAND: ../storm/build/bin/storm-pomdp --prism ../models/crypt/crypt6.prism --prop ../models/crypt/crypt.props maximum --belief-exploration discretize --refine 0 --timeout 1800 --triangulationmode static -tm --signal-timeout 600
WALLTIME (seconds): 1854.949232339859

############################## LOG ##############################
Storm-pomdp 1.5.2 (dev)

Date: Mon May 11 13:55:24 2020
Command line arguments: --prism ../models/crypt/crypt6.prism --prop ../models/crypt/crypt.props maximum --belief-exploration discretize --refine 0 --timeout 1800 --triangulationmode static -tm --signal-timeout 600
Current working directory: .s

Time for model input parsing: 0.004s.

Time for model construction: 0.797s.

-------------------------------------------------------------- 
Model type: 	POMDP (sparse)
States: 	72006
Transitions: 	242885
Choices: 	242566
Observations: 	6678
Reward Models:  none
State Labels: 	3 labels
   * deadlock -> 0 item(s)
   * (correct = 1) -> 320 item(s)
   * init -> 1 item(s)
Choice Labels: 	13 labels
   * guess4 -> 10240 item(s)
   * choice6 -> 10240 item(s)
   * choice2 -> 35840 item(s)
   * choice3 -> 35840 item(s)
   * guess3 -> 10240 item(s)
   * flip -> 5 item(s)
   * check -> 1600 item(s)
   * choice5 -> 35840 item(s)
   * guess5 -> 10240 item(s)
   * choice1 -> 35840 item(s)
   * guess1 -> 10240 item(s)
   * guess2 -> 10240 item(s)
   * choice4 -> 35840 item(s)
-------------------------------------------------------------- 
Analyzing property 'Pmax=? [F (correct = 1)]'
Exploring the belief MDP... Keeping scheduler guesses bit vector(2/7) [3 6 ]
Initial value bounds are [0.2, 1]
Detected that the belief MDP is finite.
Completed iteration #0. Current checktime is 9.452s. Over-approx MDP has size 107528. Current result is ≤1.
 WARN (ApproximatePOMDPModelchecker.cpp:322): No termination criterion for refinement given. Consider to specify a steplimit, a non-zero precisionlimit, or a timeout
Over-approx result for refinement improved after 39.504s in refinement step #1. New value is '0.9749228395'.
Completed iteration #1. Current checktime is 39.504s. Over-approx MDP has size 344044. Current result is ≤0.9749228395.
Over-approx result for refinement improved after 147.532s in refinement step #2. New value is '0.9397352431'.
Completed iteration #2. Current checktime is 147.532s. Over-approx MDP has size 1102356. Current result is ≤0.9397352431.
Completed iteration #3. Current checktime is 907.864s. Over-approx MDP has size 6560632. Current result is ≤0.9397352431.
##### Grid Approximation Statistics ######
# Input model: 
-------------------------------------------------------------- 
Model type: 	POMDP (sparse)
States: 	72006
Transitions: 	242885
Choices: 	242566
Observations: 	6678
Reward Models:  none
State Labels: 	3 labels
   * deadlock -> 0 item(s)
   * (correct = 1) -> 320 item(s)
   * init -> 1 item(s)
Choice Labels: 	none
-------------------------------------------------------------- 
# Max. Number of states with same observation: 80
# Computation aborted early
# Total check time: 1853.419s
# Number of refinement steps: 3
# Number of states in the final grid MDP for the over-approximation: 6560632
# Maximal resolution for over-approximation: 48
# Time spend for building the over-approx grid MDP(s): 1750.399s
# Time spend for checking the over-approx grid MDP(s): 47.894s
##########################################

Result till abort: ≤ 0.9397352431
Time for POMDP analysis: 1853.427s.

##############################Output to stderr##############################
ERROR: The program received signal 14 and will be aborted in 600s.
