COMMAND: ../storm/build/bin/storm-pomdp --prism ../models/crypt/crypt4.prism --prop ../models/crypt/crypt.props maximum --belief-exploration discretize --resolution 12 --gap-threshold 0.2 --triangulationmode static -tm --signal-timeout 600
WALLTIME (seconds): 6.120375394821167

############################## LOG ##############################
Storm-pomdp 1.5.2 (dev)

Date: Mon May 11 11:07:06 2020
Command line arguments: --prism ../models/crypt/crypt4.prism --prop ../models/crypt/crypt.props maximum --belief-exploration discretize --resolution 12 --gap-threshold 0.2 --triangulationmode static -tm --signal-timeout 600
Current working directory: .s

Time for model input parsing: 0.092s.

Time for model construction: 0.138s.

-------------------------------------------------------------- 
Model type: 	POMDP (sparse)
States: 	1972
Transitions: 	4659
Choices: 	4612
Observations: 	510
Reward Models:  none
State Labels: 	3 labels
   * deadlock -> 0 item(s)
   * (correct = 1) -> 48 item(s)
   * init -> 1 item(s)
Choice Labels: 	9 labels
   * choice3 -> 960 item(s)
   * flip -> 3 item(s)
   * choice4 -> 384 item(s)
   * choice2 -> 960 item(s)
   * guess3 -> 384 item(s)
   * check -> 144 item(s)
   * choice1 -> 960 item(s)
   * guess2 -> 384 item(s)
   * guess1 -> 384 item(s)
-------------------------------------------------------------- 
Analyzing property 'Pmax=? [F (correct = 1)]'
Exploring the belief MDP... Keeping scheduler guesses bit vector(1/7) [6 ]
Initial value bounds are [0.3333333333, 1]
Detected that the belief MDP is finite.
Explored and checked Over-Approximation MDP:
-------------------------------------------------------------- 
Model type: 	MDP (sparse)
States: 	464
Transitions: 	1311
Choices: 	960
Reward Models:  none
State Labels: 	3 labels
   * init -> 1 item(s)
   * truncated -> 276 item(s)
   * target -> 1 item(s)
Choice Labels: 	none
-------------------------------------------------------------- 
##### Grid Approximation Statistics ######
# Input model: 
-------------------------------------------------------------- 
Model type: 	POMDP (sparse)
States: 	1972
Transitions: 	4659
Choices: 	4612
Observations: 	510
Reward Models:  none
State Labels: 	3 labels
   * deadlock -> 0 item(s)
   * (correct = 1) -> 48 item(s)
   * init -> 1 item(s)
Choice Labels: 	none
-------------------------------------------------------------- 
# Max. Number of states with same observation: 12
# Total check time: 0.029s
# Number of states in the grid MDP for the over-approximation: 464
# Maximal resolution for over-approximation: 12
# Time spend for building the over-approx grid MDP(s): 0.002s
# Time spend for checking the over-approx grid MDP(s): 0.010s
##########################################

Result: ≤ 0.3333333333
Time for POMDP analysis: 0.030s.
