COMMAND: ../prism-ext/prism/bin/prism ../models/crypt/crypt4.prism ../models/crypt/crypt.props -prop minimum --gridresolution 4 -javamaxmem 32g -maxiters 1000000
WALLTIME (seconds): 17.56687831878662

############################## LOG ##############################
PRISM
=====

Version: 4.4.pomdps
Date: Mon May 11 10:07:06 GMT+01:00 2020
Hostname: nihm021
Memory limits: cudd=1g, java(heap)=28.4g
Command line: prism ../models/crypt/crypt4.prism ../models/crypt/crypt.props -prop minimum --gridresolution 4 -javamaxmem 32g -maxiters 1000000

Parsing model file "../models/crypt/crypt4.prism"...

Parsing properties file "../models/crypt/crypt.props"...

2 properties:
(1) "minimum": Pmin=? [ F correct=1 ]
(2) "maximum": Pmax=? [ F correct=1 ]

Type:        POMDP
Modules:     master crypt1 crypt2 crypt3 crypt4 
Variables:   m (pay) coin1 s1 agree1 (coin2) s2 agree2 (coin3) s3 agree3 coin4 s4 agree4 guess correct 

Switching to explicit engine

---------------------------------------------------------------------

Model checking: "minimum": Pmin=? [ F correct=1 ]

Building model...

Computing reachable states...
 1972 states
Reachable states exploration and model construction done in 0.076 secs.
Sorting reachable states list...

Time for model construction: 0.299 seconds.

Type:        POMDP
States:        1972 (1 initial)
Transitions:   4659
Choices:       4612
Max/avg:       6/2.34
Observables:   510
Unobservables: 15

Starting probabilistic reachability (min)...
Starting fixed-resolution grid approximation (min)...
Grid statistics: resolution=4, points=47284, unknown points=47236
Building belief space approximation...
Solving belief space approximation...

Strategy DTMC:
States:      98 (1 initial)
Transitions: 113
Choices:     82
Max/avg:     1/0.84

Starting probabilistic reachability (min)...
Starting Prob0 (min)...
Prob0 (min) took 9 iterations and 0.015 seconds.
Starting Prob1 (min)...
Prob1 (min) took 11 iterations and 0.001 seconds.
target=16, yes=16, no=16, maybe=66
Starting value iteration (min, with Power method)...
Value iteration (min, with Power method) took 9 iterations, 873 multiplications and 0.014 seconds.
Probabilistic reachability took 0.041 seconds.
Outer bound: 0.0
Inner bound: 0.33333333333333326
Fixed-resolution grid approximation (min) took 7 iterations and 15.034 seconds.
Probabilistic reachability took 15.037 seconds.

Value in the initial state: 0.0

Time for model checking: 15.056 seconds.

Result: 0.0 (value in the initial state)


##############################Output to stderr##############################
Picked up JAVA_TOOL_OPTIONS: -Xmx2048m
