COMMAND: ../storm/build/bin/storm-pomdp --prism ../models/drone/drone.prism --prop ../models/drone/drone.props --constants N=4,R=1 --belief-exploration discretize --refine 0 --timeout 60 --triangulationmode static -tm --signal-timeout 600
WALLTIME (seconds): 64.88549852371216

############################## LOG ##############################
Storm-pomdp 1.5.2 (dev)

Date: Mon May 11 13:55:24 2020
Command line arguments: --prism ../models/drone/drone.prism --prop ../models/drone/drone.props --constants 'N=4,R=1' --belief-exploration discretize --refine 0 --timeout 60 --triangulationmode static -tm --signal-timeout 600
Current working directory: .s

Time for model input parsing: 0.003s.

Time for model construction: 0.026s.

-------------------------------------------------------------- 
Model type: 	POMDP (sparse)
States: 	1226
Transitions: 	6461
Choices: 	2954
Observations: 	384
Reward Models:  none
State Labels: 	4 labels
   * deadlock -> 0 item(s)
   * init -> 1 item(s)
   * goal -> 25 item(s)
   * notbad -> 1177 item(s)
Choice Labels: 	6 labels
   * east -> 576 item(s)
   * placement -> 1 item(s)
   * north -> 576 item(s)
   * west -> 576 item(s)
   * adv -> 576 item(s)
   * south -> 576 item(s)
-------------------------------------------------------------- 
Analyzing property 'Pmax=? ["notbad" U "goal"]'
Exploring the belief MDP... Keeping scheduler guesses bit vector(2/7) [4 6 ]
Initial value bounds are [0.5744748821, 0.9833852318]
Over-approx result for refinement improved after 0.648s seconds in refinement step #0. New value is '0.9699846822'.
Completed iteration #0. Current checktime is 0.648s. Over-approx MDP has size 39519. Current result is ≤0.9699846822.
 WARN (ApproximatePOMDPModelchecker.cpp:322): No termination criterion for refinement given. Consider to specify a steplimit, a non-zero precisionlimit, or a timeout
Over-approx result for refinement improved after 10.060s in refinement step #1. New value is '0.9686772013'.
Completed iteration #1. Current checktime is 10.060s. Over-approx MDP has size 356966. Current result is ≤0.9686772013.
##### Grid Approximation Statistics ######
# Input model: 
-------------------------------------------------------------- 
Model type: 	POMDP (sparse)
States: 	1226
Transitions: 	6461
Choices: 	2954
Observations: 	384
Reward Models:  none
State Labels: 	4 labels
   * deadlock -> 0 item(s)
   * init -> 1 item(s)
   * goal -> 25 item(s)
   * notbad -> 1177 item(s)
Choice Labels: 	none
-------------------------------------------------------------- 
# Max. Number of states with same observation: 21
# Computation aborted early
# Total check time: 64.783s
# Number of refinement steps: 1
# Number of states in the final grid MDP for the over-approximation: 356966
# Maximal resolution for over-approximation: 12
# Time spend for building the over-approx grid MDP(s): 57.012s
# Time spend for checking the over-approx grid MDP(s): 2.921s
##########################################

Result till abort: ≤ 0.9686772013
Time for POMDP analysis: 64.783s.

##############################Output to stderr##############################
ERROR: The program received signal 14 and will be aborted in 600s.
