COMMAND: ../prism-ext/prism/bin/prism ../models/drone/drone4-2_explicit.prism ../models/drone/drone.props --gridresolution 12 -javamaxmem 32g -maxiters 1000000
WALLTIME (seconds): 147.56994652748108
ERROR: 137
############################## LOG ##############################
PRISM
=====

Version: 4.4.pomdps
Date: Mon May 11 20:07:53 GMT+01:00 2020
Hostname: nihm020
Memory limits: cudd=1g, java(heap)=28.4g
Command line: prism ../models/drone/drone4-2_explicit.prism ../models/drone/drone.props --gridresolution 12 -javamaxmem 32g -maxiters 1000000

Parsing model file "../models/drone/drone4-2_explicit.prism"...

Parsing properties file "../models/drone/drone.props"...

1 property:
(1) Pmax=? [ "notbad" U "goal" ]

Type:        POMDP
Modules:     model 
Variables:   (s) o 

Switching to explicit engine

---------------------------------------------------------------------

Model checking: Pmax=? [ "notbad" U "goal" ]

Building model...

Computing reachable states...
 1226 states
Reachable states exploration and model construction done in 0.236 secs.
Sorting reachable states list...

Time for model construction: 0.406 seconds.

Type:        POMDP
States:        1226 (1 initial)
Transitions:   6680
Choices:       3026
Max/avg:       4/2.47
Observables:   761
Unobservables: 1226

Starting probabilistic reachability (max)...
Starting fixed-resolution grid approximation (max)...

##############################Output to stderr##############################
Picked up JAVA_TOOL_OPTIONS: -Xmx2048m
../prism-ext/prism/bin/prism: line 115: 68914 Killed                  "$PRISM_JAVA" $PRISM_JAVA_ARG1 $PRISM_JAVA_ARG2 $PRISM_JAVA_DEBUG $PRISM_JAVAMAXMEM $PRISM_JAVASTACKSIZE -Djava.awt.headless=$PRISM_HEADLESS -Djava.library.path="$JAVA_LIBRARY_PATH" -classpath "$PRISM_CLASSPATH" $PRISM_MAINCLASS "$@"
