COMMAND: ../storm/build/bin/storm-pomdp --prism ../models/drone/drone.prism --prop ../models/drone/drone.props --constants N=4,R=2 --belief-exploration unfold --refine 0 --timeout 60 --gap-threshold 0 --size-threshold 0 2 -tm --signal-timeout 600
WALLTIME (seconds): 65.33003759384155

############################## LOG ##############################
Storm-pomdp 1.5.2 (dev)

Date: Mon May 11 11:08:09 2020
Command line arguments: --prism ../models/drone/drone.prism --prop ../models/drone/drone.props --constants 'N=4,R=2' --belief-exploration unfold --refine 0 --timeout 60 --gap-threshold 0 --size-threshold 0 2 -tm --signal-timeout 600
Current working directory: .s

Time for model input parsing: 0.002s.

Time for model construction: 0.027s.

-------------------------------------------------------------- 
Model type: 	POMDP (sparse)
States: 	1226
Transitions: 	6461
Choices: 	2954
Observations: 	761
Reward Models:  none
State Labels: 	4 labels
   * deadlock -> 0 item(s)
   * init -> 1 item(s)
   * goal -> 25 item(s)
   * notbad -> 1177 item(s)
Choice Labels: 	6 labels
   * east -> 576 item(s)
   * placement -> 1 item(s)
   * north -> 576 item(s)
   * west -> 576 item(s)
   * adv -> 576 item(s)
   * south -> 576 item(s)
-------------------------------------------------------------- 
Analyzing property 'Pmax=? ["notbad" U "goal"]'
Exploring the belief MDP... Keeping scheduler guesses bit vector(2/7) [4 6 ]
Initial value bounds are [0.616463639, 0.9833852318]
Under-approx result for refinement improved after 0.373s seconds in refinement step #0. New value is '0.8551287491'.
Completed iteration #0. Current checktime is 0.373s. Under-approx MDP has size 19618. Current result is ≥0.8551287491.
 WARN (ApproximatePOMDPModelchecker.cpp:322): No termination criterion for refinement given. Consider to specify a steplimit, a non-zero precisionlimit, or a timeout
Under-approx result for refinement improved after 0.842s in refinement step #1. New value is '0.8569285526'.
Completed iteration #1. Current checktime is 0.842s. Under-approx MDP has size 39236. Current result is ≥0.8569285526.
Under-approx result for refinement improved after 2.282s in refinement step #2. New value is '0.9357954807'.
Completed iteration #2. Current checktime is 2.282s. Under-approx MDP has size 78475. Current result is ≥0.9357954807.
Under-approx result for refinement improved after 4.553s in refinement step #3. New value is '0.9389342082'.
Completed iteration #3. Current checktime is 4.553s. Under-approx MDP has size 156950. Current result is ≥0.9389342082.
Under-approx result for refinement improved after 11.089s in refinement step #4. New value is '0.9509534154'.
Completed iteration #4. Current checktime is 11.089s. Under-approx MDP has size 313903. Current result is ≥0.9509534154.
Under-approx result for refinement improved after 21.534s in refinement step #5. New value is '0.9519746584'.
Completed iteration #5. Current checktime is 21.535s. Under-approx MDP has size 627808. Current result is ≥0.9519746584.
Under-approx result for refinement improved after 49.226s in refinement step #6. New value is '0.9585934192'.
Completed iteration #6. Current checktime is 49.226s. Under-approx MDP has size 1255616. Current result is ≥0.9585934192.
##### Grid Approximation Statistics ######
# Input model: 
-------------------------------------------------------------- 
Model type: 	POMDP (sparse)
States: 	1226
Transitions: 	6461
Choices: 	2954
Observations: 	761
Reward Models:  none
State Labels: 	4 labels
   * deadlock -> 0 item(s)
   * init -> 1 item(s)
   * goal -> 25 item(s)
   * notbad -> 1177 item(s)
Choice Labels: 	none
-------------------------------------------------------------- 
# Max. Number of states with same observation: 16
# Computation aborted early
# Total check time: 65.188s
# Number of refinement steps: 6
# Number of states in the final grid MDP for the under-approximation: 1255616
# Exploration state limit for under-approximation: 2511232
# Time spend for building the under-approx grid MDP(s): 42.513s
# Time spend for checking the under-approx grid MDP(s): 17.420s
##########################################

Result till abort: ≥ 0.9585934192
Time for POMDP analysis: 65.189s.

##############################Output to stderr##############################
ERROR: The program received signal 14 and will be aborted in 600s.
