COMMAND: ../prism-ext/prism/bin/prism ../models/drone/drone4-1_explicit.prism ../models/drone/drone.props --gridresolution 4 -javamaxmem 32g -maxiters 1000000
WALLTIME (seconds): 3600.1197328567505
TIMEOUT
############################## LOG ##############################
PRISM
=====

Version: 4.4.pomdps
Date: Mon May 11 20:07:52 GMT+01:00 2020
Hostname: nihm018
Memory limits: cudd=1g, java(heap)=28.4g
Command line: prism ../models/drone/drone4-1_explicit.prism ../models/drone/drone.props --gridresolution 4 -javamaxmem 32g -maxiters 1000000

Parsing model file "../models/drone/drone4-1_explicit.prism"...

Parsing properties file "../models/drone/drone.props"...

1 property:
(1) Pmax=? [ "notbad" U "goal" ]

Type:        POMDP
Modules:     model 
Variables:   (s) o 

Switching to explicit engine

---------------------------------------------------------------------

Model checking: Pmax=? [ "notbad" U "goal" ]

Building model...

Computing reachable states...
 1226 states
Reachable states exploration and model construction done in 0.233 secs.
Sorting reachable states list...

Time for model construction: 0.412 seconds.

Type:        POMDP
States:        1226 (1 initial)
Transitions:   6680
Choices:       3026
Max/avg:       4/2.47
Observables:   384
Unobservables: 1226

Starting probabilistic reachability (max)...
Starting fixed-resolution grid approximation (max)...
Grid statistics: resolution=4, points=320045, unknown points=309415
Building belief space approximation...
Solving belief space approximation...

##############################Output to stderr##############################
Picked up JAVA_TOOL_OPTIONS: -Xmx2048m
