COMMAND: ../prism-ext/prism/bin/prism ../models/drone/drone5-1_explicit.prism ../models/drone/drone.props --gridresolution 12 -javamaxmem 32g -maxiters 1000000
WALLTIME (seconds): 455.920512676239
ERROR: 137
############################## LOG ##############################
PRISM
=====

Version: 4.4.pomdps
Date: Mon May 11 20:07:53 GMT+01:00 2020
Hostname: nihm022
Memory limits: cudd=1g, java(heap)=28.4g
Command line: prism ../models/drone/drone5-1_explicit.prism ../models/drone/drone.props --gridresolution 12 -javamaxmem 32g -maxiters 1000000

Parsing model file "../models/drone/drone5-1_explicit.prism"...

Parsing properties file "../models/drone/drone.props"...

1 property:
(1) Pmax=? [ "notbad" U "goal" ]

Type:        POMDP
Modules:     model 
Variables:   (s) o 

Switching to explicit engine

---------------------------------------------------------------------

Model checking: Pmax=? [ "notbad" U "goal" ]

Building model...

Computing reachable states...
 2557 states
Reachable states exploration and model construction done in 0.759 secs.
Sorting reachable states list...

Time for model construction: 0.982 seconds.

Type:        POMDP
States:        2557 (1 initial)
Transitions:   14225
Choices:       6337
Max/avg:       4/2.48
Observables:   580
Unobservables: 2557

Starting probabilistic reachability (max)...
Starting fixed-resolution grid approximation (max)...

##############################Output to stderr##############################
Picked up JAVA_TOOL_OPTIONS: -Xmx2048m
../prism-ext/prism/bin/prism: line 115: 219090 Killed                  "$PRISM_JAVA" $PRISM_JAVA_ARG1 $PRISM_JAVA_ARG2 $PRISM_JAVA_DEBUG $PRISM_JAVAMAXMEM $PRISM_JAVASTACKSIZE -Djava.awt.headless=$PRISM_HEADLESS -Djava.library.path="$JAVA_LIBRARY_PATH" -classpath "$PRISM_CLASSPATH" $PRISM_MAINCLASS "$@"
