COMMAND: ../storm/build/bin/storm-pomdp --prism ../models/drone/drone.prism --prop ../models/drone/drone.props --constants N=5,R=1 --belief-exploration discretize --refine 0 --timeout 60 --triangulationmode static -tm --signal-timeout 600
WALLTIME (seconds): 65.63533973693848

############################## LOG ##############################
Storm-pomdp 1.5.2 (dev)

Date: Mon May 11 13:55:24 2020
Command line arguments: --prism ../models/drone/drone.prism --prop ../models/drone/drone.props --constants 'N=5,R=1' --belief-exploration discretize --refine 0 --timeout 60 --triangulationmode static -tm --signal-timeout 600
Current working directory: .s

Time for model input parsing: 0.002s.

Time for model construction: 0.037s.

-------------------------------------------------------------- 
Model type: 	POMDP (sparse)
States: 	2557
Transitions: 	13900
Choices: 	6232
Observations: 	580
Reward Models:  none
State Labels: 	4 labels
   * deadlock -> 0 item(s)
   * init -> 1 item(s)
   * goal -> 36 item(s)
   * notbad -> 2486 item(s)
Choice Labels: 	6 labels
   * east -> 1225 item(s)
   * placement -> 1 item(s)
   * north -> 1225 item(s)
   * west -> 1225 item(s)
   * adv -> 1225 item(s)
   * south -> 1225 item(s)
-------------------------------------------------------------- 
Analyzing property 'Pmax=? ["notbad" U "goal"]'
Exploring the belief MDP... Keeping scheduler guesses bit vector(2/7) [4 6 ]
Initial value bounds are [0.5644769842, 0.9927062811]
Over-approx result for refinement improved after 5.202s seconds in refinement step #0. New value is '0.9860264461'.
Completed iteration #0. Current checktime is 5.202s. Over-approx MDP has size 225356. Current result is ≤0.9860264461.
 WARN (ApproximatePOMDPModelchecker.cpp:322): No termination criterion for refinement given. Consider to specify a steplimit, a non-zero precisionlimit, or a timeout
##### Grid Approximation Statistics ######
# Input model: 
-------------------------------------------------------------- 
Model type: 	POMDP (sparse)
States: 	2557
Transitions: 	13900
Choices: 	6232
Observations: 	580
Reward Models:  none
State Labels: 	4 labels
   * deadlock -> 0 item(s)
   * init -> 1 item(s)
   * goal -> 36 item(s)
   * notbad -> 2486 item(s)
Choice Labels: 	none
-------------------------------------------------------------- 
# Max. Number of states with same observation: 32
# Computation aborted early
# Total check time: 64.979s
# Number of refinement steps: 0
# Number of states in the final grid MDP for the over-approximation: 225356
# Maximal resolution for over-approximation: 6
# Time spend for building the over-approx grid MDP(s): 57.727s
# Time spend for checking the over-approx grid MDP(s): 2.154s
##########################################

Result till abort: ≤ 0.9860264461
Time for POMDP analysis: 64.980s.

##############################Output to stderr##############################
ERROR: The program received signal 14 and will be aborted in 600s.
