COMMAND: ../storm/build/bin/storm-pomdp --prism ../models/drone/drone.prism --prop ../models/drone/drone.props --constants N=5,R=3 --belief-exploration discretize --refine 0 --timeout 60 --triangulationmode static -tm --signal-timeout 600
WALLTIME (seconds): 65.61857891082764

############################## LOG ##############################
Storm-pomdp 1.5.2 (dev)

Date: Mon May 11 13:55:24 2020
Command line arguments: --prism ../models/drone/drone.prism --prop ../models/drone/drone.props --constants 'N=5,R=3' --belief-exploration discretize --refine 0 --timeout 60 --triangulationmode static -tm --signal-timeout 600
Current working directory: .s

Time for model input parsing: 0.003s.

Time for model construction: 0.040s.

-------------------------------------------------------------- 
Model type: 	POMDP (sparse)
States: 	2557
Transitions: 	13900
Choices: 	6232
Observations: 	1848
Reward Models:  none
State Labels: 	4 labels
   * deadlock -> 0 item(s)
   * init -> 1 item(s)
   * goal -> 36 item(s)
   * notbad -> 2486 item(s)
Choice Labels: 	6 labels
   * east -> 1225 item(s)
   * placement -> 1 item(s)
   * north -> 1225 item(s)
   * west -> 1225 item(s)
   * adv -> 1225 item(s)
   * south -> 1225 item(s)
-------------------------------------------------------------- 
Analyzing property 'Pmax=? ["notbad" U "goal"]'
Exploring the belief MDP... Keeping scheduler guesses bit vector(2/7) [4 6 ]
Initial value bounds are [0.5938567525, 0.9927062811]
Over-approx result for refinement improved after 0.540s seconds in refinement step #0. New value is '0.9917517054'.
Completed iteration #0. Current checktime is 0.540s. Over-approx MDP has size 24707. Current result is ≤0.9917517054.
 WARN (ApproximatePOMDPModelchecker.cpp:322): No termination criterion for refinement given. Consider to specify a steplimit, a non-zero precisionlimit, or a timeout
Over-approx result for refinement improved after 4.887s in refinement step #1. New value is '0.9912761478'.
Completed iteration #1. Current checktime is 4.887s. Over-approx MDP has size 134832. Current result is ≤0.9912761478.
Completed iteration #2. Current checktime is 58.036s. Over-approx MDP has size 1139038. Current result is ≤0.9912761478.
##### Grid Approximation Statistics ######
# Input model: 
-------------------------------------------------------------- 
Model type: 	POMDP (sparse)
States: 	2557
Transitions: 	13900
Choices: 	6232
Observations: 	1848
Reward Models:  none
State Labels: 	4 labels
   * deadlock -> 0 item(s)
   * init -> 1 item(s)
   * goal -> 36 item(s)
   * notbad -> 2486 item(s)
Choice Labels: 	none
-------------------------------------------------------------- 
# Max. Number of states with same observation: 20
# Computation aborted early
# Total check time: 65.422s
# Number of refinement steps: 2
# Number of states in the final grid MDP for the over-approximation: 1139038
# Maximal resolution for over-approximation: 24
# Time spend for building the over-approx grid MDP(s): 43.324s
# Time spend for checking the over-approx grid MDP(s): 20.745s
##########################################

Result till abort: ≤ 0.9912761478
Time for POMDP analysis: 65.422s.

##############################Output to stderr##############################
ERROR: The program received signal 14 and will be aborted in 600s.
