COMMAND: ../prism-ext/prism/bin/prism ../models/grid-avoid/4x4grid-avoid-sl.prism ../models/grid-avoid/grid-avoid.props -const sl=0 --gridresolution 4 -javamaxmem 32g -maxiters 1000000
WALLTIME (seconds): 1.5079946517944336

############################## LOG ##############################
PRISM
=====

Version: 4.4.pomdps
Date: Mon May 11 10:11:28 GMT+01:00 2020
Hostname: nihm019
Memory limits: cudd=1g, java(heap)=28.4g
Command line: prism ../models/grid-avoid/4x4grid-avoid-sl.prism ../models/grid-avoid/grid-avoid.props -const sl=0 --gridresolution 4 -javamaxmem 32g -maxiters 1000000

Parsing model file "../models/grid-avoid/4x4grid-avoid-sl.prism"...

Parsing properties file "../models/grid-avoid/grid-avoid.props"...

1 property:
(1) Pmax=? [ !"bad" U "goal" ]

Type:        POMDP
Modules:     grid 
Variables:   (x) (y) o 

Switching to explicit engine

---------------------------------------------------------------------

Model checking: Pmax=? [ !"bad" U "goal" ]
Model constants: sl=0

Building model...
Model constants: sl=0

Computing reachable states...
 17 states
Reachable states exploration and model construction done in 0.012 secs.
Sorting reachable states list...

Time for model construction: 0.04 seconds.

Type:        POMDP
States:        17 (1 initial)
Transitions:   72
Choices:       59
Max/avg:       4/3.47
Observables:   4
Unobservables: 16

Starting probabilistic reachability (max)...
Starting fixed-resolution grid approximation (max)...
Grid statistics: resolution=4, points=2383, unknown points=2382
Building belief space approximation...
Solving belief space approximation...

Strategy DTMC:
States:      7 (1 initial)
Transitions: 11
Choices:     6
Max/avg:     1/0.86

Starting probabilistic reachability (min)...
Starting Prob0 (min)...
Prob0 (min) took 3 iterations and 0.009 seconds.
Starting Prob1 (min)...
Prob1 (min) took 5 iterations and 0.001 seconds.
target=1, yes=1, no=2, maybe=4
Starting value iteration (min, with Power method)...
Value iteration (min, with Power method) took 5 iterations, 45 multiplications and 0.013 seconds.
Probabilistic reachability took 0.031 seconds.
Outer bound: 0.9999999999999988
Inner bound: 0.21428571428571427
Fixed-resolution grid approximation (max) took 9 iterations and 0.914 seconds.
Probabilistic reachability took 0.915 seconds.

Value in the initial state: 0.9999999999999988

Time for model checking: 0.921 seconds.

Result: 0.9999999999999988 (value in the initial state)


##############################Output to stderr##############################
Picked up JAVA_TOOL_OPTIONS: -Xmx2048m
