COMMAND: ../prism-ext/prism/bin/prism ../models/grid-avoid/4x4grid-avoid-sl.prism ../models/grid-avoid/grid-avoid.props -const sl=0.1 --gridresolution 4 -javamaxmem 32g -maxiters 1000000
WALLTIME (seconds): 2.033062219619751

############################## LOG ##############################
PRISM
=====

Version: 4.4.pomdps
Date: Mon May 11 10:12:34 GMT+01:00 2020
Hostname: nihm019
Memory limits: cudd=1g, java(heap)=28.4g
Command line: prism ../models/grid-avoid/4x4grid-avoid-sl.prism ../models/grid-avoid/grid-avoid.props -const sl=0.1 --gridresolution 4 -javamaxmem 32g -maxiters 1000000

Parsing model file "../models/grid-avoid/4x4grid-avoid-sl.prism"...

Parsing properties file "../models/grid-avoid/grid-avoid.props"...

1 property:
(1) Pmax=? [ !"bad" U "goal" ]

Type:        POMDP
Modules:     grid 
Variables:   (x) (y) o 

Switching to explicit engine

---------------------------------------------------------------------

Model checking: Pmax=? [ !"bad" U "goal" ]
Model constants: sl=0.1

Building model...
Model constants: sl=0.1

Computing reachable states...
 17 states
Reachable states exploration and model construction done in 0.008 secs.
Sorting reachable states list...

Time for model construction: 0.023 seconds.

Type:        POMDP
States:        17 (1 initial)
Transitions:   114
Choices:       59
Max/avg:       4/3.47
Observables:   4
Unobservables: 16

Starting probabilistic reachability (max)...
Starting fixed-resolution grid approximation (max)...
Grid statistics: resolution=4, points=2383, unknown points=2382
Building belief space approximation...
Solving belief space approximation...

Strategy DTMC:
States:      13 (1 initial)
Transitions: 28
Choices:     12
Max/avg:     1/0.92

Starting probabilistic reachability (min)...
Starting Prob0 (min)...
Prob0 (min) took 3 iterations and 0.006 seconds.
Starting Prob1 (min)...
Prob1 (min) took 7 iterations and 0.0 seconds.
target=1, yes=1, no=2, maybe=10
Starting value iteration (min, with Power method)...
Value iteration (min, with Power method) took 11 iterations, 286 multiplications and 0.006 seconds.
Probabilistic reachability took 0.018 seconds.
Outer bound: 0.9999992966942829
Inner bound: 0.2142851238562363
Fixed-resolution grid approximation (max) took 22 iterations and 1.6 seconds.
Probabilistic reachability took 1.6 seconds.

Value in the initial state: 0.9999992966942829

Time for model checking: 1.602 seconds.

Result: 0.9999992966942829 (value in the initial state)


##############################Output to stderr##############################
Picked up JAVA_TOOL_OPTIONS: -Xmx2048m
