COMMAND: ../prism-ext/prism/bin/prism ../models/grid/4x4grid-sl.prism ../models/grid/grid.props -const sl=0.1 --gridresolution 4 -javamaxmem 32g -maxiters 1000000
WALLTIME (seconds): 2.018404722213745

############################## LOG ##############################
PRISM
=====

Version: 4.4.pomdps
Date: Mon May 11 10:10:23 GMT+01:00 2020
Hostname: nihm021
Memory limits: cudd=1g, java(heap)=28.4g
Command line: prism ../models/grid/4x4grid-sl.prism ../models/grid/grid.props -const sl=0.1 --gridresolution 4 -javamaxmem 32g -maxiters 1000000

Parsing model file "../models/grid/4x4grid-sl.prism"...

Parsing properties file "../models/grid/grid.props"...

1 property:
(1) Rmin=? [ F "goal" ]

Type:        POMDP
Modules:     grid 
Variables:   (x) (y) o 

Switching to explicit engine

---------------------------------------------------------------------

Model checking: Rmin=? [ F "goal" ]
Model constants: sl=0.1

Building model...
Model constants: sl=0.1

Computing reachable states...
 17 states
Reachable states exploration and model construction done in 0.008 secs.
Sorting reachable states list...

Time for model construction: 0.024 seconds.

Type:        POMDP
States:        17 (1 initial)
Transitions:   122
Choices:       62
Max/avg:       4/3.65
Observables:   3
Unobservables: 16
Building reward structure...

Starting expected reachability (min)...
Starting fixed-resolution grid approximation (min)...
Grid statistics: resolution=4, points=3062, unknown points=3061
Building belief space approximation...
Solving belief space approximation...
initialBelief: {0},[1.0, 0.0, 0.0, 0.0, 0.0, 0.0, 0.0, 0.0, 0.0, 0.0, 0.0, 0.0, 0.0, 0.0, 0.0, 0.0]

Strategy DTMC:
States:      689 (1 initial)
Transitions: 1375
Choices:     688
Max/avg:     1/1.00

Starting expected reachability (min)...
Starting Prob1 (max)...
Prob1 (max) took 3 iterations and 0.01 seconds.
target=1, inf=0, rest=688
For Rmin, checking for zero-reward ECs...
Time for checking for zero-reward ECs: 0.069 seconds, no zero-reward ECs found, proceeding normally.
Starting value iteration (min, with Power method)...
Value iteration (min, with Power method) took 20 iterations, 27500 multiplications and 0.015 seconds.
Expected reachability took 0.102 seconds.
Outer bound: 4.059655454857922
Inner bound: 4.701736995538282
Fixed-resolution grid approximation (min) took 18 iterations and 1.566 seconds.
Expected reachability took 1.566 seconds.

Value in the initial state: 4.059655454857922

Time for model checking: 1.571 seconds.

Result: 4.059655454857922 (value in the initial state)


##############################Output to stderr##############################
Picked up JAVA_TOOL_OPTIONS: -Xmx2048m
