COMMAND: ../storm/build/bin/storm-pomdp --prism ../models/grid/4x4grid-sl.prism --prop ../models/grid/grid.props --constants sl=0.1 --belief-exploration discretize --refine 0 --timeout 60 --triangulationmode static -tm --signal-timeout 600
WALLTIME (seconds): 67.23484468460083

############################## LOG ##############################
Storm-pomdp 1.5.2 (dev)

Date: Mon May 11 13:55:24 2020
Command line arguments: --prism ../models/grid/4x4grid-sl.prism --prop ../models/grid/grid.props --constants sl=0.1 --belief-exploration discretize --refine 0 --timeout 60 --triangulationmode static -tm --signal-timeout 600
Current working directory: .s

Time for model input parsing: 0.002s.

Time for model construction: 0.017s.

-------------------------------------------------------------- 
Model type: 	POMDP (sparse)
States: 	17
Transitions: 	122
Choices: 	62
Observations: 	3
Reward Models:  (default)
State Labels: 	3 labels
   * deadlock -> 0 item(s)
   * goal -> 1 item(s)
   * init -> 1 item(s)
Choice Labels: 	4 labels
   * west -> 15 item(s)
   * north -> 15 item(s)
   * east -> 15 item(s)
   * south -> 15 item(s)
-------------------------------------------------------------- 
Analyzing property 'R[exp]min=? [F "goal"]'
Exploring the belief MDP... Keeping scheduler guesses bit vector(2/7) [0 1 ]
Initial value bounds are [3.555555665, 5.601851852]
Over-approx result for refinement improved after 0.008s seconds in refinement step #0. New value is '4.320761676'.
Completed iteration #0. Current checktime is 0.008s. Over-approx MDP has size 490. Current result is ≥4.320761676.
 WARN (ApproximatePOMDPModelchecker.cpp:322): No termination criterion for refinement given. Consider to specify a steplimit, a non-zero precisionlimit, or a timeout
Over-approx result for refinement improved after 0.173s in refinement step #1. New value is '4.414982716'.
Completed iteration #1. Current checktime is 0.173s. Over-approx MDP has size 6622. Current result is ≥4.414982716.
Over-approx result for refinement improved after 8.293s in refinement step #2. New value is '4.56489012'.
Completed iteration #2. Current checktime is 8.293s. Over-approx MDP has size 156750. Current result is ≥4.56489012.
##### Grid Approximation Statistics ######
# Input model: 
-------------------------------------------------------------- 
Model type: 	POMDP (sparse)
States: 	17
Transitions: 	122
Choices: 	62
Observations: 	3
Reward Models:  (default)
State Labels: 	3 labels
   * deadlock -> 0 item(s)
   * goal -> 1 item(s)
   * init -> 1 item(s)
Choice Labels: 	none
-------------------------------------------------------------- 
# Max. Number of states with same observation: 15
# Computation aborted early
# Total check time: 67.144s
# Number of refinement steps: 2
# Number of states in the final grid MDP for the over-approximation: 156750
# Maximal resolution for over-approximation: 24
# Time spend for building the over-approx grid MDP(s): 58.444s
# Time spend for checking the over-approx grid MDP(s): 1.531s
##########################################

Result till abort: ≥ 4.56489012
Time for POMDP analysis: 67.144s.

##############################Output to stderr##############################
ERROR: The program received signal 14 and will be aborted in 600s.
