COMMAND: ../prism-ext/prism/bin/prism ../models/grid/4x4grid-sl.prism ../models/grid/grid.props -const sl=0 --gridresolution 12 -javamaxmem 32g -maxiters 1000000
WALLTIME (seconds): 183.32035422325134
ERROR: 137
############################## LOG ##############################
PRISM
=====

Version: 4.4.pomdps
Date: Mon May 11 10:09:16 GMT+01:00 2020
Hostname: nihm017
Memory limits: cudd=1g, java(heap)=28.4g
Command line: prism ../models/grid/4x4grid-sl.prism ../models/grid/grid.props -const sl=0 --gridresolution 12 -javamaxmem 32g -maxiters 1000000

Parsing model file "../models/grid/4x4grid-sl.prism"...

Parsing properties file "../models/grid/grid.props"...

1 property:
(1) Rmin=? [ F "goal" ]

Type:        POMDP
Modules:     grid 
Variables:   (x) (y) o 

Switching to explicit engine

---------------------------------------------------------------------

Model checking: Rmin=? [ F "goal" ]
Model constants: sl=0

Building model...
Model constants: sl=0

Computing reachable states...
 17 states
Reachable states exploration and model construction done in 0.008 secs.
Sorting reachable states list...

Time for model construction: 0.023 seconds.

Type:        POMDP
States:        17 (1 initial)
Transitions:   76
Choices:       62
Max/avg:       4/3.65
Observables:   3
Unobservables: 16
Building reward structure...

Starting expected reachability (min)...
Starting fixed-resolution grid approximation (min)...
Grid statistics: resolution=12, points=9657702, unknown points=9657701
Building belief space approximation...

##############################Output to stderr##############################
Picked up JAVA_TOOL_OPTIONS: -Xmx2048m
../prism-ext/prism/bin/prism: line 115: 187761 Killed                  "$PRISM_JAVA" $PRISM_JAVA_ARG1 $PRISM_JAVA_ARG2 $PRISM_JAVA_DEBUG $PRISM_JAVAMAXMEM $PRISM_JAVASTACKSIZE -Djava.awt.headless=$PRISM_HEADLESS -Djava.library.path="$JAVA_LIBRARY_PATH" -classpath "$PRISM_CLASSPATH" $PRISM_MAINCLASS "$@"
