COMMAND: ../storm/build/bin/storm-pomdp --prism ../models/maze2/maze2-sl.prism --prop ../models/maze2/maze2.props --constants sl=0 --belief-exploration unfold --exploration-time 3600 --gap-threshold 0 -tm --signal-timeout 600
WALLTIME (seconds): 0.07035088539123535

############################## LOG ##############################
Storm-pomdp 1.5.2 (dev)

Date: Mon May 11 11:14:45 2020
Command line arguments: --prism ../models/maze2/maze2-sl.prism --prop ../models/maze2/maze2.props --constants sl=0 --belief-exploration unfold --exploration-time 3600 --gap-threshold 0 -tm --signal-timeout 600
Current working directory: .s

Time for model input parsing: 0.003s.

Time for model construction: 0.017s.

-------------------------------------------------------------- 
Model type: 	POMDP (sparse)
States: 	15
Transitions: 	66
Choices: 	54
Observations: 	8
Reward Models:  (default)
State Labels: 	3 labels
   * deadlock -> 0 item(s)
   * goal -> 1 item(s)
   * init -> 1 item(s)
Choice Labels: 	4 labels
   * west -> 13 item(s)
   * north -> 13 item(s)
   * east -> 13 item(s)
   * south -> 13 item(s)
-------------------------------------------------------------- 
Analyzing property 'R[exp]min=? [F "goal"]'
Exploring the belief MDP... Keeping scheduler guesses bit vector(3/7) [0 4 6 ]
Initial value bounds are [5.076923077, 15.80769231]
Detected that the belief MDP is finite.
Explored and checked Under-Approximation MDP:
-------------------------------------------------------------- 
Model type: 	MDP (sparse)
States: 	26
Transitions: 	119
Choices: 	95
Reward Models:  default
State Labels: 	3 labels
   * init -> 1 item(s)
   * truncated -> 0 item(s)
   * target -> 2 item(s)
Choice Labels: 	none
-------------------------------------------------------------- 
##### Grid Approximation Statistics ######
# Input model: 
-------------------------------------------------------------- 
Model type: 	POMDP (sparse)
States: 	15
Transitions: 	66
Choices: 	54
Observations: 	8
Reward Models:  (default)
State Labels: 	3 labels
   * deadlock -> 0 item(s)
   * goal -> 1 item(s)
   * init -> 1 item(s)
Choice Labels: 	none
-------------------------------------------------------------- 
# Max. Number of states with same observation: 6
# Total check time: 0.001s
# Number of states in the grid MDP for the under-approximation: 26
# Time spend for building the under-approx grid MDP(s): 0.000s
# Time spend for checking the under-approx grid MDP(s): 0.000s
##########################################

Result: ≤ 5.692307692
Time for POMDP analysis: 0.001s.
