COMMAND: ../storm/build/bin/storm-pomdp --prism ../models/network/network3.prism --prop ../models/network/network.props --constants T=8,K=20 --belief-exploration discretize --refine 0 --timeout 60 --triangulationmode static -tm --signal-timeout 600
WALLTIME (seconds): 61.86834692955017

############################## LOG ##############################
Storm-pomdp 1.5.2 (dev)

Date: Mon May 11 13:56:31 2020
Command line arguments: --prism ../models/network/network3.prism --prop ../models/network/network.props --constants 'T=8,K=20' --belief-exploration discretize --refine 0 --timeout 60 --triangulationmode static -tm --signal-timeout 600
Current working directory: .s

Time for model input parsing: 0.003s.

Time for model construction: 0.175s.

-------------------------------------------------------------- 
Model type: 	POMDP (sparse)
States: 	17253
Transitions: 	93128
Choices: 	30597
Observations: 	2205
Reward Models:  dropped_packets
State Labels: 	3 labels
   * deadlock -> 0 item(s)
   * (((sched = 0) & (t = (8 - 1))) & (k = (20 - 1))) -> 64 item(s)
   * init -> 1 item(s)
Choice Labels: 	5 labels
   * idle -> 8256 item(s)
   * send2 -> 4448 item(s)
   * slot -> 8933 item(s)
   * send3 -> 4448 item(s)
   * send1 -> 4448 item(s)
-------------------------------------------------------------- 
Analyzing property 'R[exp]{"dropped_packets"}min=? [F (((sched = 0) & (t = (8 - 1))) & (k = (20 - 1)))]'
Exploring the belief MDP... Keeping scheduler guesses bit vector(6/7) [0 1 3 4 5 6 ]
Initial value bounds are [3.879758422, 12.40589219]
Detected that the belief MDP is finite.
Over-approx result for refinement improved after 2.743s seconds in refinement step #0. New value is '4.919674546'.
Completed iteration #0. Current checktime is 2.743s. Over-approx MDP has size 134372. Current result is ≥4.919674546.
 WARN (ApproximatePOMDPModelchecker.cpp:322): No termination criterion for refinement given. Consider to specify a steplimit, a non-zero precisionlimit, or a timeout
Over-approx result for refinement improved after 12.768s in refinement step #1. New value is '5.640503308'.
Completed iteration #1. Current checktime is 12.768s. Over-approx MDP has size 460416. Current result is ≥5.640503308.
Over-approx result for refinement improved after 55.609s in refinement step #2. New value is '6.256875278'.
Completed iteration #2. Current checktime is 55.609s. Over-approx MDP has size 1726503. Current result is ≥6.256875278.
##### Grid Approximation Statistics ######
# Input model: 
-------------------------------------------------------------- 
Model type: 	POMDP (sparse)
States: 	17253
Transitions: 	93128
Choices: 	30597
Observations: 	2205
Reward Models:  dropped_packets
State Labels: 	3 labels
   * deadlock -> 0 item(s)
   * (((sched = 0) & (t = (8 - 1))) & (k = (20 - 1))) -> 64 item(s)
   * init -> 1 item(s)
Choice Labels: 	none
-------------------------------------------------------------- 
# Max. Number of states with same observation: 8
# Computation aborted early
# Total check time: 61.537s
# Number of refinement steps: 2
# Number of states in the final grid MDP for the over-approximation: 1726503
# Maximal resolution for over-approximation: 24
# Time spend for building the over-approx grid MDP(s): 50.424s
# Time spend for checking the over-approx grid MDP(s): 9.145s
##########################################

Result till abort: ≥ 6.256875278
Time for POMDP analysis: 61.538s.

##############################Output to stderr##############################
ERROR: The program received signal 14 and will be aborted in 600s.
