COMMAND: ../storm/build/bin/storm-pomdp --prism ../models/network/network3.prism --prop ../models/network/network.props --constants T=5,K=2 --belief-exploration unfold --refine 0 --timeout 60 --gap-threshold 0 --size-threshold 0 2 -tm --signal-timeout 600
WALLTIME (seconds): 6.791858434677124

############################## LOG ##############################
Storm-pomdp 1.5.2 (dev)

Date: Mon May 11 11:17:31 2020
Command line arguments: --prism ../models/network/network3.prism --prop ../models/network/network.props --constants 'T=5,K=2' --belief-exploration unfold --refine 0 --timeout 60 --gap-threshold 0 --size-threshold 0 2 -tm --signal-timeout 600
Current working directory: .s

Time for model input parsing: 0.003s.

Time for model construction: 0.024s.

-------------------------------------------------------------- 
Model type: 	POMDP (sparse)
States: 	843
Transitions: 	4280
Choices: 	1515
Observations: 	111
Reward Models:  dropped_packets
State Labels: 	3 labels
   * deadlock -> 0 item(s)
   * (((sched = 0) & (t = (5 - 1))) & (k = (2 - 1))) -> 64 item(s)
   * init -> 1 item(s)
Choice Labels: 	5 labels
   * idle -> 384 item(s)
   * send2 -> 224 item(s)
   * slot -> 395 item(s)
   * send3 -> 224 item(s)
   * send1 -> 224 item(s)
-------------------------------------------------------------- 
Analyzing property 'R[exp]{"dropped_packets"}min=? [F (((sched = 0) & (t = (5 - 1))) & (k = (2 - 1)))]'
Exploring the belief MDP... Keeping scheduler guesses bit vector(6/7) [0 1 3 4 5 6 ]
Initial value bounds are [1.180548687, 2.510328733]
Detected that the belief MDP is finite.
Under-approx result for refinement improved after 0.049s seconds in refinement step #0. New value is '2.212879384'.
Completed iteration #0. Current checktime is 0.049s. Under-approx MDP has size 6744. Current result is ≤2.212879384.
 WARN (ApproximatePOMDPModelchecker.cpp:322): No termination criterion for refinement given. Consider to specify a steplimit, a non-zero precisionlimit, or a timeout
Under-approx result for refinement improved after 0.125s in refinement step #1. New value is '2.146779939'.
Completed iteration #1. Current checktime is 0.125s. Under-approx MDP has size 13493. Current result is ≤2.146779939.
Under-approx result for refinement improved after 0.282s in refinement step #2. New value is '2.119274061'.
Completed iteration #2. Current checktime is 0.282s. Under-approx MDP has size 26986. Current result is ≤2.119274061.
Under-approx result for refinement improved after 0.641s in refinement step #3. New value is '2.07523226'.
Completed iteration #3. Current checktime is 0.641s. Under-approx MDP has size 53972. Current result is ≤2.07523226.
Under-approx result for refinement improved after 1.485s in refinement step #4. New value is '1.990510127'.
Completed iteration #4. Current checktime is 1.485s. Under-approx MDP has size 107944. Current result is ≤1.990510127.
Under-approx result for refinement improved after 3.137s in refinement step #5. New value is '1.90325385'.
Completed iteration #5. Current checktime is 3.138s. Under-approx MDP has size 215888. Current result is ≤1.90325385.
Under-approx result for refinement improved after 5.091s in refinement step #6. New value is '1.901171776'.
Completed iteration #6. Current checktime is 5.091s. Under-approx MDP has size 387960. Current result is ≤1.901171776.
Completed iteration #7. Current checktime is 6.287s. Under-approx MDP has size 387960. Current result is ≤1.901171776.
Refinement fixpoint reached after 7 iterations.
##### Grid Approximation Statistics ######
# Input model: 
-------------------------------------------------------------- 
Model type: 	POMDP (sparse)
States: 	843
Transitions: 	4280
Choices: 	1515
Observations: 	111
Reward Models:  dropped_packets
State Labels: 	3 labels
   * deadlock -> 0 item(s)
   * (((sched = 0) & (t = (5 - 1))) & (k = (2 - 1))) -> 64 item(s)
   * init -> 1 item(s)
Choice Labels: 	none
-------------------------------------------------------------- 
# Max. Number of states with same observation: 8
# Total check time: 6.697s
# Number of refinement steps: 7
# Number of states in the final grid MDP for the under-approximation: 387960
# Exploration state limit for under-approximation: 775920
# Time spend for building the under-approx grid MDP(s): 4.210s
# Time spend for checking the under-approx grid MDP(s): 2.066s
##########################################

Result: ≤ 1.901171776
Time for POMDP analysis: 6.697s.
