COMMAND: ../prism-ext/prism/bin/prism ../models/network/network2.prism ../models/network/network.props -const T=8,K=20 --gridresolution 12 -javamaxmem 32g -maxiters 1000000
WALLTIME (seconds): 521.4710674285889

############################## LOG ##############################
PRISM
=====

Version: 4.4.pomdps
Date: Mon May 11 10:17:31 GMT+01:00 2020
Hostname: nihm018
Memory limits: cudd=1g, java(heap)=28.4g
Command line: prism ../models/network/network2.prism ../models/network/network.props -const 'T=8,K=20' --gridresolution 12 -javamaxmem 32g -maxiters 1000000

Parsing model file "../models/network/network2.prism"...

Parsing properties file "../models/network/network.props"...

1 property:
(1) R{"dropped_packets"}min=? [ F sched=0&t=T-1&k=K-1 ]

Type:        POMDP
Modules:     scheduler packet1 packet2 channel1 channel2 
Variables:   k t sched packet1 packet2 (chan1) (chan2) 

Switching to explicit engine

---------------------------------------------------------------------

Model checking: R{"dropped_packets"}min=? [ F sched=0&t=T-1&k=K-1 ]
Model constants: K=20,T=8

Building model...
Model constants: K=20,T=8

Computing reachable states...
 4589 states
Reachable states exploration and model construction done in 0.084 secs.
Sorting reachable states list...

Time for model construction: 0.195 seconds.

Type:        POMDP
States:        4589 (1 initial)
Transitions:   14020
Choices:       6973
Max/avg:       3/1.52
Observables:   1173
Unobservables: 4
Building reward structure...

Starting expected reachability (min)...
Starting fixed-resolution grid approximation (min)...
Grid statistics: resolution=12, points=508301, unknown points=506481
Building belief space approximation...
Solving belief space approximation...
initialBelief: {0},[1.0, 0.0, 0.0, 0.0]

Strategy DTMC:
States:      10158 (1 initial)
Transitions: 13053
Choices:     10104
Max/avg:     1/0.99

Starting expected reachability (min)...
Starting Prob1 (max)...
Prob1 (max) took 319 iterations and 0.409 seconds.
target=54, inf=0, rest=10104
For Rmin, checking for zero-reward ECs...
Time for checking for zero-reward ECs: 0.085 seconds, no zero-reward ECs found, proceeding normally.
Starting value iteration (min, with Power method)...
Value iteration (min, with Power method) took 319 iterations, 4163907 multiplications and 0.297 seconds.
Expected reachability took 0.799 seconds.
Outer bound: 3.1690475226074124
Inner bound: 3.198957659949549
Fixed-resolution grid approximation (min) took 319 iterations and 520.803 seconds.
Expected reachability took 520.803 seconds.

Value in the initial state: 3.1690475226074124

Time for model checking: 520.826 seconds.

Result: 3.1690475226074124 (value in the initial state)


##############################Output to stderr##############################
Picked up JAVA_TOOL_OPTIONS: -Xmx2048m
