COMMAND: ../storm/build/bin/storm-pomdp --prism ../models/network/network3.prism --prop ../models/network/network.props --constants T=8,K=20 --belief-exploration unfold --refine 0 --timeout 60 --gap-threshold 0 --size-threshold 0 2 -tm --signal-timeout 600
WALLTIME (seconds): 62.96991586685181

############################## LOG ##############################
Storm-pomdp 1.5.2 (dev)

Date: Mon May 11 11:18:37 2020
Command line arguments: --prism ../models/network/network3.prism --prop ../models/network/network.props --constants 'T=8,K=20' --belief-exploration unfold --refine 0 --timeout 60 --gap-threshold 0 --size-threshold 0 2 -tm --signal-timeout 600
Current working directory: .s

Time for model input parsing: 0.003s.

Time for model construction: 0.172s.

-------------------------------------------------------------- 
Model type: 	POMDP (sparse)
States: 	17253
Transitions: 	93128
Choices: 	30597
Observations: 	2205
Reward Models:  dropped_packets
State Labels: 	3 labels
   * deadlock -> 0 item(s)
   * (((sched = 0) & (t = (8 - 1))) & (k = (20 - 1))) -> 64 item(s)
   * init -> 1 item(s)
Choice Labels: 	5 labels
   * idle -> 8256 item(s)
   * send2 -> 4448 item(s)
   * slot -> 8933 item(s)
   * send3 -> 4448 item(s)
   * send1 -> 4448 item(s)
-------------------------------------------------------------- 
Analyzing property 'R[exp]{"dropped_packets"}min=? [F (((sched = 0) & (t = (8 - 1))) & (k = (20 - 1)))]'
Exploring the belief MDP... Keeping scheduler guesses bit vector(6/7) [0 1 3 4 5 6 ]
Initial value bounds are [3.879758422, 12.40589219]
Detected that the belief MDP is finite.
Under-approx result for refinement improved after 2.366s seconds in refinement step #0. New value is '12.1205653'.
Completed iteration #0. Current checktime is 2.366s. Under-approx MDP has size 138024. Current result is ≤12.1205653.
 WARN (ApproximatePOMDPModelchecker.cpp:322): No termination criterion for refinement given. Consider to specify a steplimit, a non-zero precisionlimit, or a timeout
Under-approx result for refinement improved after 6.615s in refinement step #1. New value is '12.09014905'.
Completed iteration #1. Current checktime is 6.615s. Under-approx MDP has size 276052. Current result is ≤12.09014905.
Under-approx result for refinement improved after 15.728s in refinement step #2. New value is '12.04469697'.
Completed iteration #2. Current checktime is 15.728s. Under-approx MDP has size 552105. Current result is ≤12.04469697.
Under-approx result for refinement improved after 33.689s in refinement step #3. New value is '11.96440521'.
Completed iteration #3. Current checktime is 33.689s. Under-approx MDP has size 1104210. Current result is ≤11.96440521.
##### Grid Approximation Statistics ######
# Input model: 
-------------------------------------------------------------- 
Model type: 	POMDP (sparse)
States: 	17253
Transitions: 	93128
Choices: 	30597
Observations: 	2205
Reward Models:  dropped_packets
State Labels: 	3 labels
   * deadlock -> 0 item(s)
   * (((sched = 0) & (t = (8 - 1))) & (k = (20 - 1))) -> 64 item(s)
   * init -> 1 item(s)
Choice Labels: 	none
-------------------------------------------------------------- 
# Max. Number of states with same observation: 8
# Computation aborted early
# Total check time: 62.699s
# Number of refinement steps: 3
# Number of states in the final grid MDP for the under-approximation: 1104210
# Exploration state limit for under-approximation: 2208420
# Time spend for building the under-approx grid MDP(s): 54.238s
# Time spend for checking the under-approx grid MDP(s): 5.340s
##########################################

Result till abort: ≤ 11.96440521
Time for POMDP analysis: 62.700s.

##############################Output to stderr##############################
ERROR: The program received signal 14 and will be aborted in 600s.
