COMMAND: ../prism-ext/prism/bin/prism ../models/network-priorities/network-priorities2.prism ../models/network-priorities/network-priorities.props -const T=8,K=20 --gridresolution 4 -javamaxmem 32g -maxiters 1000000
WALLTIME (seconds): 503.2546308040619

############################## LOG ##############################
PRISM
=====

Version: 4.4.pomdps
Date: Mon May 11 10:18:36 GMT+01:00 2020
Hostname: nihm022
Memory limits: cudd=1g, java(heap)=28.4g
Command line: prism ../models/network-priorities/network-priorities2.prism ../models/network-priorities/network-priorities.props -const 'T=8,K=20' --gridresolution 4 -javamaxmem 32g -maxiters 1000000

Parsing model file "../models/network-priorities/network-priorities2.prism"...

Parsing properties file "../models/network-priorities/network-priorities.props"...

1 property:
(1) R{"priority"}max=? [ F sched=0&t=T-1&k=K-1 ]

Type:        POMDP
Modules:     scheduler packet1 packet2 priority1 priority2 channel1 channel2 
Variables:   k t sched packet1 packet2 priority1 priority2 (chan1) (chan2) 

Switching to explicit engine

---------------------------------------------------------------------

Model checking: R{"priority"}max=? [ F sched=0&t=T-1&k=K-1 ]
Model constants: K=20,T=8

Building model...
Model constants: K=20,T=8

Computing reachable states...
 19373 states
Reachable states exploration and model construction done in 0.258 secs.
Sorting reachable states list...

Time for model construction: 0.788 seconds.

Type:        POMDP
States:        19373 (1 initial)
Transitions:   102420
Choices:       34157
Max/avg:       3/1.76
Observables:   4909
Unobservables: 4
Building reward structure...

Starting expected reachability (max)...
Starting fixed-resolution grid approximation (max)...
Grid statistics: resolution=4, points=167781, unknown points=167221
Building belief space approximation...
Solving belief space approximation...
initialBelief: {0},[1.0, 0.0, 0.0, 0.0]

Strategy DTMC:
States:      73694 (1 initial)
Transitions: 146501
Choices:     73495
Max/avg:     1/1.00

Starting expected reachability (min)...
Starting Prob1 (max)...
Prob1 (max) took 319 iterations and 3.903 seconds.
target=199, inf=0, rest=73495
For Rmin, checking for zero-reward ECs...
Time for checking for zero-reward ECs: 0.139 seconds, no zero-reward ECs found, proceeding normally.
Starting value iteration (min, with Power method)...
Value iteration (min, with Power method) took 319 iterations, 46733819 multiplications and 3.481 seconds.
Expected reachability took 7.539 seconds.
Outer bound: 558.9643910797975
Inner bound: 556.6800841805479
Fixed-resolution grid approximation (max) took 319 iterations and 501.416 seconds.
Expected reachability took 501.417 seconds.

Value in the initial state: 558.9643910797975

Time for model checking: 501.488 seconds.

Result: 558.9643910797975 (value in the initial state)


##############################Output to stderr##############################
Picked up JAVA_TOOL_OPTIONS: -Xmx2048m
