COMMAND: ../storm/build/bin/storm-pomdp --prism ../models/network-priorities/network-priorities3.prism --prop ../models/network-priorities/network-priorities.props --constants T=5,K=2 --belief-exploration discretize --resolution 12 --gap-threshold 0 --triangulationmode static -tm --signal-timeout 600
WALLTIME (seconds): 26.270503997802734

############################## LOG ##############################
Storm-pomdp 1.5.2 (dev)

Date: Mon May 11 11:18:36 2020
Command line arguments: --prism ../models/network-priorities/network-priorities3.prism --prop ../models/network-priorities/network-priorities.props --constants 'T=5,K=2' --belief-exploration discretize --resolution 12 --gap-threshold 0 --triangulationmode static -tm --signal-timeout 600
Current working directory: .s

Time for model input parsing: 0.007s.

Time for model construction: 0.175s.

-------------------------------------------------------------- 
Model type: 	POMDP (sparse)
States: 	8019
Transitions: 	149608
Choices: 	17235
Observations: 	1035
Reward Models:  priority
State Labels: 	3 labels
   * deadlock -> 0 item(s)
   * (((sched = 0) & (t = (5 - 1))) & (k = (2 - 1))) -> 512 item(s)
   * init -> 1 item(s)
Choice Labels: 	5 labels
   * idle -> 3840 item(s)
   * send2 -> 3072 item(s)
   * slot -> 3667 item(s)
   * send3 -> 3072 item(s)
   * send1 -> 3072 item(s)
-------------------------------------------------------------- 
Analyzing property 'R[exp]{"priority"}max=? [F (((sched = 0) & (t = (5 - 1))) & (k = (2 - 1)))]'
Exploring the belief MDP... Keeping scheduler guesses bit vector(7/7) [0 1 2 3 4 5 6 ]
Initial value bounds are [57.92225868, 73.57187011]
Detected that the belief MDP is finite.
Explored and checked Over-Approximation MDP:
-------------------------------------------------------------- 
Model type: 	MDP (sparse)
States: 	442537
Transitions: 	11619261
Choices: 	792775
Reward Models:  default
State Labels: 	3 labels
   * init -> 1 item(s)
   * truncated -> 228 item(s)
   * target -> 56198 item(s)
Choice Labels: 	none
-------------------------------------------------------------- 
##### Grid Approximation Statistics ######
# Input model: 
-------------------------------------------------------------- 
Model type: 	POMDP (sparse)
States: 	8019
Transitions: 	149608
Choices: 	17235
Observations: 	1035
Reward Models:  priority
State Labels: 	3 labels
   * deadlock -> 0 item(s)
   * (((sched = 0) & (t = (5 - 1))) & (k = (2 - 1))) -> 512 item(s)
   * init -> 1 item(s)
Choice Labels: 	none
-------------------------------------------------------------- 
# Max. Number of states with same observation: 8
# Total check time: 25.868s
# Number of states in the grid MDP for the over-approximation: 442537
# Maximal resolution for over-approximation: 12
# Time spend for building the over-approx grid MDP(s): 22.729s
# Time spend for checking the over-approx grid MDP(s): 1.855s
##########################################

Result: ≤ 65.31326275
Time for POMDP analysis: 25.868s.
