COMMAND: ../prism-ext/prism/bin/prism ../models/network/network3.prism ../models/network/network.props -const T=8,K=20 --gridresolution 4 -javamaxmem 32g -maxiters 1000000
WALLTIME (seconds): 1776.7488987445831

############################## LOG ##############################
PRISM
=====

Version: 4.4.pomdps
Date: Mon May 11 10:18:36 GMT+01:00 2020
Hostname: nihm017
Memory limits: cudd=1g, java(heap)=28.4g
Command line: prism ../models/network/network3.prism ../models/network/network.props -const 'T=8,K=20' --gridresolution 4 -javamaxmem 32g -maxiters 1000000

Parsing model file "../models/network/network3.prism"...

Parsing properties file "../models/network/network.props"...

1 property:
(1) R{"dropped_packets"}min=? [ F sched=0&t=T-1&k=K-1 ]

Type:        POMDP
Modules:     scheduler packet1 packet2 packet3 channel1 channel2 channel3 
Variables:   k t sched packet1 packet2 packet3 (chan1) (chan2) (chan3) 

Switching to explicit engine

---------------------------------------------------------------------

Model checking: R{"dropped_packets"}min=? [ F sched=0&t=T-1&k=K-1 ]
Model constants: K=20,T=8

Building model...
Model constants: K=20,T=8

Computing reachable states...
 17253 states
Reachable states exploration and model construction done in 0.238 secs.
Sorting reachable states list...

Time for model construction: 0.509 seconds.

Type:        POMDP
States:        17253 (1 initial)
Transitions:   93128
Choices:       30597
Max/avg:       4/1.77
Observables:   2205
Unobservables: 8
Building reward structure...

Starting expected reachability (min)...
Starting fixed-resolution grid approximation (min)...
Grid statistics: resolution=4, points=694981, unknown points=692341
Building belief space approximation...
Solving belief space approximation...
initialBelief: {0},[1.0, 0.0, 0.0, 0.0, 0.0, 0.0, 0.0, 0.0]

Strategy DTMC:
States:      63809 (1 initial)
Transitions: 87520
Choices:     63496
Max/avg:     1/1.00

Starting expected reachability (min)...
Starting Prob1 (max)...
Prob1 (max) took 319 iterations and 2.426 seconds.
target=313, inf=0, rest=63496
For Rmin, checking for zero-reward ECs...
Time for checking for zero-reward ECs: 0.21 seconds, no zero-reward ECs found, proceeding normally.
Starting value iteration (min, with Power method)...
Value iteration (min, with Power method) took 319 iterations, 27918880 multiplications and 1.882 seconds.
Expected reachability took 4.531 seconds.
Outer bound: 5.540949957815088
Inner bound: 6.766572249663295
Fixed-resolution grid approximation (min) took 319 iterations and 1775.573 seconds.
Expected reachability took 1775.574 seconds.

Value in the initial state: 5.540949957815088

Time for model checking: 1775.646 seconds.

Result: 5.540949957815088 (value in the initial state)


##############################Output to stderr##############################
Picked up JAVA_TOOL_OPTIONS: -Xmx2048m
