COMMAND: ../storm/build/bin/storm-pomdp --prism ../models/network/network3.prism --prop ../models/network/network.props --constants T=5,K=2 --belief-exploration discretize --refine 0 --timeout 60 --triangulationmode static -tm --signal-timeout 600
WALLTIME (seconds): 63.87849998474121

############################## LOG ##############################
Storm-pomdp 1.5.2 (dev)

Date: Mon May 11 13:55:25 2020
Command line arguments: --prism ../models/network/network3.prism --prop ../models/network/network.props --constants 'T=5,K=2' --belief-exploration discretize --refine 0 --timeout 60 --triangulationmode static -tm --signal-timeout 600
Current working directory: .s

Time for model input parsing: 0.003s.

Time for model construction: 0.024s.

-------------------------------------------------------------- 
Model type: 	POMDP (sparse)
States: 	843
Transitions: 	4280
Choices: 	1515
Observations: 	111
Reward Models:  dropped_packets
State Labels: 	3 labels
   * deadlock -> 0 item(s)
   * (((sched = 0) & (t = (5 - 1))) & (k = (2 - 1))) -> 64 item(s)
   * init -> 1 item(s)
Choice Labels: 	5 labels
   * idle -> 384 item(s)
   * send2 -> 224 item(s)
   * slot -> 395 item(s)
   * send3 -> 224 item(s)
   * send1 -> 224 item(s)
-------------------------------------------------------------- 
Analyzing property 'R[exp]{"dropped_packets"}min=? [F (((sched = 0) & (t = (5 - 1))) & (k = (2 - 1)))]'
Exploring the belief MDP... Keeping scheduler guesses bit vector(6/7) [0 1 3 4 5 6 ]
Initial value bounds are [1.180548687, 2.510328733]
Detected that the belief MDP is finite.
Over-approx result for refinement improved after 0.058s seconds in refinement step #0. New value is '1.488870765'.
Completed iteration #0. Current checktime is 0.058s. Over-approx MDP has size 6021. Current result is ≥1.488870765.
 WARN (ApproximatePOMDPModelchecker.cpp:322): No termination criterion for refinement given. Consider to specify a steplimit, a non-zero precisionlimit, or a timeout
Over-approx result for refinement improved after 0.217s in refinement step #1. New value is '1.634887365'.
Completed iteration #1. Current checktime is 0.217s. Over-approx MDP has size 16513. Current result is ≥1.634887365.
Over-approx result for refinement improved after 0.909s in refinement step #2. New value is '1.76813923'.
Completed iteration #2. Current checktime is 0.909s. Over-approx MDP has size 53051. Current result is ≥1.76813923.
Over-approx result for refinement improved after 2.847s in refinement step #3. New value is '1.829082655'.
Completed iteration #3. Current checktime is 2.847s. Over-approx MDP has size 133068. Current result is ≥1.829082655.
Over-approx result for refinement improved after 8.142s in refinement step #4. New value is '1.879512365'.
Completed iteration #4. Current checktime is 8.142s. Over-approx MDP has size 313661. Current result is ≥1.879512365.
Over-approx result for refinement improved after 18.853s in refinement step #5. New value is '1.893043803'.
Completed iteration #5. Current checktime is 18.853s. Over-approx MDP has size 637480. Current result is ≥1.893043803.
Over-approx result for refinement improved after 46.848s in refinement step #6. New value is '1.900303653'.
Completed iteration #6. Current checktime is 46.848s. Over-approx MDP has size 1423230. Current result is ≥1.900303653.
##### Grid Approximation Statistics ######
# Input model: 
-------------------------------------------------------------- 
Model type: 	POMDP (sparse)
States: 	843
Transitions: 	4280
Choices: 	1515
Observations: 	111
Reward Models:  dropped_packets
State Labels: 	3 labels
   * deadlock -> 0 item(s)
   * (((sched = 0) & (t = (5 - 1))) & (k = (2 - 1))) -> 64 item(s)
   * init -> 1 item(s)
Choice Labels: 	none
-------------------------------------------------------------- 
# Max. Number of states with same observation: 8
# Computation aborted early
# Total check time: 63.761s
# Number of refinement steps: 6
# Number of states in the final grid MDP for the over-approximation: 1423230
# Maximal resolution for over-approximation: 384
# Time spend for building the over-approx grid MDP(s): 47.366s
# Time spend for checking the over-approx grid MDP(s): 12.586s
##########################################

Result till abort: ≥ 1.900303653
Time for POMDP analysis: 63.761s.

##############################Output to stderr##############################
ERROR: The program received signal 14 and will be aborted in 600s.
