COMMAND: ../storm/build/bin/storm-pomdp --prism ../models/network-priorities/network-priorities3.prism --prop ../models/network-priorities/network-priorities.props --constants T=5,K=2 --belief-exploration discretize --refine 0 --timeout 1800 --triangulationmode static -tm --signal-timeout 600
WALLTIME (seconds): 1072.782234430313
ERROR: -9
############################## LOG ##############################
Storm-pomdp 1.5.2 (dev)

Date: Mon May 11 13:56:30 2020
Command line arguments: --prism ../models/network-priorities/network-priorities3.prism --prop ../models/network-priorities/network-priorities.props --constants 'T=5,K=2' --belief-exploration discretize --refine 0 --timeout 1800 --triangulationmode static -tm --signal-timeout 600
Current working directory: .s

Time for model input parsing: 0.005s.

Time for model construction: 0.171s.

-------------------------------------------------------------- 
Model type: 	POMDP (sparse)
States: 	8019
Transitions: 	149608
Choices: 	17235
Observations: 	1035
Reward Models:  priority
State Labels: 	3 labels
   * deadlock -> 0 item(s)
   * (((sched = 0) & (t = (5 - 1))) & (k = (2 - 1))) -> 512 item(s)
   * init -> 1 item(s)
Choice Labels: 	5 labels
   * idle -> 3840 item(s)
   * send2 -> 3072 item(s)
   * slot -> 3667 item(s)
   * send3 -> 3072 item(s)
   * send1 -> 3072 item(s)
-------------------------------------------------------------- 
Analyzing property 'R[exp]{"priority"}max=? [F (((sched = 0) & (t = (5 - 1))) & (k = (2 - 1)))]'
Exploring the belief MDP... Keeping scheduler guesses bit vector(7/7) [0 1 2 3 4 5 6 ]
Initial value bounds are [57.92225868, 73.57187011]
Detected that the belief MDP is finite.
Over-approx result for refinement improved after 2.087s seconds in refinement step #0. New value is '69.24648866'.
Completed iteration #0. Current checktime is 2.087s. Over-approx MDP has size 57993. Current result is ≤69.24648866.
 WARN (ApproximatePOMDPModelchecker.cpp:322): No termination criterion for refinement given. Consider to specify a steplimit, a non-zero precisionlimit, or a timeout
Over-approx result for refinement improved after 9.477s in refinement step #1. New value is '67.24955786'.
Completed iteration #1. Current checktime is 9.477s. Over-approx MDP has size 168541. Current result is ≤67.24955786.
Over-approx result for refinement improved after 38.007s in refinement step #2. New value is '65.68400154'.
Completed iteration #2. Current checktime is 38.007s. Over-approx MDP has size 557347. Current result is ≤65.68400154.
Over-approx result for refinement improved after 107.567s in refinement step #3. New value is '65.01408628'.
Completed iteration #3. Current checktime is 107.567s. Over-approx MDP has size 1573696. Current result is ≤65.01408628.
Over-approx result for refinement improved after 279.200s in refinement step #4. New value is '64.42633103'.
Completed iteration #4. Current checktime is 279.200s. Over-approx MDP has size 4177962. Current result is ≤64.42633103.
Over-approx result for refinement improved after 637.071s in refinement step #5. New value is '64.34233258'.
Completed iteration #5. Current checktime is 637.071s. Over-approx MDP has size 10188773. Current result is ≤64.34233258.
