COMMAND: ../storm/build/bin/storm-pomdp --prism ../models/nrp/nrp.prism --prop ../models/nrp/nrp.props --constants K=8 --belief-exploration discretize --refine 0 --timeout 1800 --triangulationmode static -tm --signal-timeout 600
WALLTIME (seconds): 0.3513369560241699

############################## LOG ##############################
Storm-pomdp 1.5.2 (dev)

Date: Mon May 11 13:58:00 2020
Command line arguments: --prism ../models/nrp/nrp.prism --prop ../models/nrp/nrp.props --constants K=8 --belief-exploration discretize --refine 0 --timeout 1800 --triangulationmode static -tm --signal-timeout 600
Current working directory: .s

Time for model input parsing: 0.008s.

Time for model construction: 0.019s.

-------------------------------------------------------------- 
Model type: 	POMDP (sparse)
States: 	125
Transitions: 	168
Choices: 	161
Observations: 	41
Reward Models:  none
State Labels: 	3 labels
   * deadlock -> 0 item(s)
   * unfair -> 8 item(s)
   * init -> 1 item(s)
Choice Labels: 	5 labels
   * message -> 36 item(s)
   * req -> 1 item(s)
   * ack -> 36 item(s)
   * done -> 8 item(s)
   * stop -> 36 item(s)
-------------------------------------------------------------- 
Analyzing property 'Pmax=? [F "unfair"]'
Exploring the belief MDP... Keeping scheduler guesses bit vector(4/7) [3 4 5 6 ]
Initial value bounds are [0.125, 1]
Detected that the belief MDP is finite.
Over-approx result for refinement improved after 0.002s seconds in refinement step #0. New value is '0.4444444444'.
Completed iteration #0. Current checktime is 0.002s. Over-approx MDP has size 182. Current result is ≤0.4444444444.
 WARN (ApproximatePOMDPModelchecker.cpp:322): No termination criterion for refinement given. Consider to specify a steplimit, a non-zero precisionlimit, or a timeout
Over-approx result for refinement improved after 0.003s in refinement step #1. New value is '0.4444444444'.
Completed iteration #1. Current checktime is 0.003s. Over-approx MDP has size 174. Current result is ≤0.4444444444.
Over-approx result for refinement improved after 0.004s in refinement step #2. New value is '0.3055555556'.
Completed iteration #2. Current checktime is 0.004s. Over-approx MDP has size 345. Current result is ≤0.3055555556.
Over-approx result for refinement improved after 0.007s in refinement step #3. New value is '0.2750771605'.
Completed iteration #3. Current checktime is 0.007s. Over-approx MDP has size 657. Current result is ≤0.2750771605.
Over-approx result for refinement improved after 0.012s in refinement step #4. New value is '0.2240976509'.
Completed iteration #4. Current checktime is 0.012s. Over-approx MDP has size 885. Current result is ≤0.2240976509.
Over-approx result for refinement improved after 0.018s in refinement step #5. New value is '0.1897230528'.
Completed iteration #5. Current checktime is 0.018s. Over-approx MDP has size 1095. Current result is ≤0.1897230528.
Over-approx result for refinement improved after 0.022s in refinement step #6. New value is '0.1415708565'.
Completed iteration #6. Current checktime is 0.022s. Over-approx MDP has size 601. Current result is ≤0.1415708565.
Over-approx result for refinement improved after 0.026s in refinement step #7. New value is '0.1344402428'.
Completed iteration #7. Current checktime is 0.026s. Over-approx MDP has size 699. Current result is ≤0.1344402428.
Over-approx result for refinement improved after 0.030s in refinement step #8. New value is '0.1298213687'.
Completed iteration #8. Current checktime is 0.030s. Over-approx MDP has size 609. Current result is ≤0.1298213687.
Over-approx result for refinement improved after 0.033s in refinement step #9. New value is '0.1269375301'.
Completed iteration #9. Current checktime is 0.033s. Over-approx MDP has size 573. Current result is ≤0.1269375301.
Over-approx result for refinement improved after 0.037s in refinement step #10. New value is '0.1261656375'.
Completed iteration #10. Current checktime is 0.037s. Over-approx MDP has size 631. Current result is ≤0.1261656375.
Over-approx result for refinement improved after 0.041s in refinement step #11. New value is '0.1255855562'.
Completed iteration #11. Current checktime is 0.041s. Over-approx MDP has size 621. Current result is ≤0.1255855562.
Over-approx result for refinement improved after 0.044s in refinement step #12. New value is '0.1252607584'.
Completed iteration #12. Current checktime is 0.044s. Over-approx MDP has size 576. Current result is ≤0.1252607584.
Over-approx result for refinement improved after 0.048s in refinement step #13. New value is '0.1251400724'.
Completed iteration #13. Current checktime is 0.048s. Over-approx MDP has size 662. Current result is ≤0.1251400724.
Over-approx result for refinement improved after 0.051s in refinement step #14. New value is '0.1250696546'.
Completed iteration #14. Current checktime is 0.051s. Over-approx MDP has size 654. Current result is ≤0.1250696546.
Over-approx result for refinement improved after 0.055s in refinement step #15. New value is '0.1250316714'.
Completed iteration #15. Current checktime is 0.055s. Over-approx MDP has size 569. Current result is ≤0.1250316714.
Over-approx result for refinement improved after 0.059s in refinement step #16. New value is '0.1250185733'.
Completed iteration #16. Current checktime is 0.059s. Over-approx MDP has size 621. Current result is ≤0.1250185733.
Over-approx result for refinement improved after 0.063s in refinement step #17. New value is '0.1250082157'.
Completed iteration #17. Current checktime is 0.063s. Over-approx MDP has size 683. Current result is ≤0.1250082157.
Over-approx result for refinement improved after 0.066s in refinement step #18. New value is '0.1250040317'.
Completed iteration #18. Current checktime is 0.066s. Over-approx MDP has size 564. Current result is ≤0.1250040317.
Over-approx result for refinement improved after 0.071s in refinement step #19. New value is '0.1250022895'.
Completed iteration #19. Current checktime is 0.071s. Over-approx MDP has size 691. Current result is ≤0.1250022895.
Over-approx result for refinement improved after 0.074s in refinement step #20. New value is '0.1250011302'.
Completed iteration #20. Current checktime is 0.074s. Over-approx MDP has size 600. Current result is ≤0.1250011302.
Over-approx result for refinement improved after 0.078s in refinement step #21. New value is '0.125000473'.
Completed iteration #21. Current checktime is 0.078s. Over-approx MDP has size 566. Current result is ≤0.125000473.
Over-approx result for refinement improved after 0.082s in refinement step #22. New value is '0.1250002806'.
Completed iteration #22. Current checktime is 0.082s. Over-approx MDP has size 623. Current result is ≤0.1250002806.
Over-approx result for refinement improved after 0.085s in refinement step #23. New value is '0.1250001363'.
Completed iteration #23. Current checktime is 0.085s. Over-approx MDP has size 611. Current result is ≤0.1250001363.
Over-approx result for refinement improved after 0.089s in refinement step #24. New value is '0.1250000636'.
Completed iteration #24. Current checktime is 0.089s. Over-approx MDP has size 647. Current result is ≤0.1250000636.
Over-approx result for refinement improved after 0.094s in refinement step #25. New value is '0.1250000338'.
Completed iteration #25. Current checktime is 0.094s. Over-approx MDP has size 860. Current result is ≤0.1250000338.
Over-approx result for refinement improved after 0.099s in refinement step #26. New value is '0.1250000169'.
Completed iteration #26. Current checktime is 0.099s. Over-approx MDP has size 740. Current result is ≤0.1250000169.
Over-approx result for refinement improved after 0.106s in refinement step #27. New value is '0.1250000077'.
Completed iteration #27. Current checktime is 0.106s. Over-approx MDP has size 1063. Current result is ≤0.1250000077.
Over-approx result for refinement improved after 0.112s in refinement step #28. New value is '0.1250000045'.
Completed iteration #28. Current checktime is 0.112s. Over-approx MDP has size 959. Current result is ≤0.1250000045.
Over-approx result for refinement improved after 0.117s in refinement step #29. New value is '0.125000002'.
Completed iteration #29. Current checktime is 0.117s. Over-approx MDP has size 877. Current result is ≤0.125000002.
Over-approx result for refinement improved after 0.121s in refinement step #30. New value is '0.125000001'.
Completed iteration #30. Current checktime is 0.121s. Over-approx MDP has size 681. Current result is ≤0.125000001.
Over-approx result for refinement improved after 0.127s in refinement step #31. New value is '0.1250000006'.
Completed iteration #31. Current checktime is 0.127s. Over-approx MDP has size 919. Current result is ≤0.1250000006.
Over-approx result for refinement improved after 0.133s in refinement step #32. New value is '0.1250000003'.
Completed iteration #32. Current checktime is 0.133s. Over-approx MDP has size 937. Current result is ≤0.1250000003.
Over-approx result for refinement improved after 0.140s in refinement step #33. New value is '0.1250000001'.
Completed iteration #33. Current checktime is 0.140s. Over-approx MDP has size 1151. Current result is ≤0.1250000001.
Over-approx result for refinement improved after 0.146s in refinement step #34. New value is '0.1250000001'.
Completed iteration #34. Current checktime is 0.146s. Over-approx MDP has size 1005. Current result is ≤0.1250000001.
Over-approx result for refinement improved after 0.152s in refinement step #35. New value is '0.125'.
Completed iteration #35. Current checktime is 0.152s. Over-approx MDP has size 881. Current result is ≤0.125.
Over-approx result for refinement improved after 0.156s in refinement step #36. New value is '0.125'.
Completed iteration #36. Current checktime is 0.156s. Over-approx MDP has size 696. Current result is ≤0.125.
Over-approx result for refinement improved after 0.162s in refinement step #37. New value is '0.125'.
Completed iteration #37. Current checktime is 0.162s. Over-approx MDP has size 926. Current result is ≤0.125.
Over-approx result for refinement improved after 0.167s in refinement step #38. New value is '0.125'.
Completed iteration #38. Current checktime is 0.167s. Over-approx MDP has size 941. Current result is ≤0.125.
Over-approx result for refinement improved after 0.174s in refinement step #39. New value is '0.125'.
Completed iteration #39. Current checktime is 0.174s. Over-approx MDP has size 1062. Current result is ≤0.125.
Over-approx result for refinement improved after 0.180s in refinement step #40. New value is '0.125'.
Completed iteration #40. Current checktime is 0.180s. Over-approx MDP has size 952. Current result is ≤0.125.
Over-approx result for refinement improved after 0.185s in refinement step #41. New value is '0.125'.
Completed iteration #41. Current checktime is 0.185s. Over-approx MDP has size 877. Current result is ≤0.125.
Over-approx result for refinement improved after 0.191s in refinement step #42. New value is '0.125'.
Completed iteration #42. Current checktime is 0.191s. Over-approx MDP has size 681. Current result is ≤0.125.
Over-approx result for refinement improved after 0.196s in refinement step #43. New value is '0.125'.
Completed iteration #43. Current checktime is 0.196s. Over-approx MDP has size 918. Current result is ≤0.125.
Over-approx result for refinement improved after 0.202s in refinement step #44. New value is '0.125'.
Completed iteration #44. Current checktime is 0.202s. Over-approx MDP has size 929. Current result is ≤0.125.
Over-approx result for refinement improved after 0.209s in refinement step #45. New value is '0.125'.
Completed iteration #45. Current checktime is 0.209s. Over-approx MDP has size 1151. Current result is ≤0.125.
Over-approx result for refinement improved after 0.216s in refinement step #46. New value is '0.125'.
Completed iteration #46. Current checktime is 0.216s. Over-approx MDP has size 1004. Current result is ≤0.125.
Over-approx result for refinement improved after 0.222s in refinement step #47. New value is '0.125'.
Completed iteration #47. Current checktime is 0.222s. Over-approx MDP has size 867. Current result is ≤0.125.
Over-approx result for refinement improved after 0.227s in refinement step #48. New value is '0.125'.
Completed iteration #48. Current checktime is 0.227s. Over-approx MDP has size 696. Current result is ≤0.125.
Over-approx result for refinement improved after 0.233s in refinement step #49. New value is '0.125'.
Completed iteration #49. Current checktime is 0.233s. Over-approx MDP has size 912. Current result is ≤0.125.
Over-approx result for refinement improved after 0.238s in refinement step #50. New value is '0.125'.
Completed iteration #50. Current checktime is 0.238s. Over-approx MDP has size 795. Current result is ≤0.125.
Over-approx result for refinement improved after 0.245s in refinement step #51. New value is '0.125'.
Completed iteration #51. Current checktime is 0.245s. Over-approx MDP has size 939. Current result is ≤0.125.
Over-approx result for refinement improved after 0.248s in refinement step #52. New value is '0.125'.
Completed iteration #52. Current checktime is 0.248s. Over-approx MDP has size 580. Current result is ≤0.125.
Over-approx result for refinement improved after 0.251s in refinement step #53. New value is '0.125'.
Completed iteration #53. Current checktime is 0.251s. Over-approx MDP has size 314. Current result is ≤0.125.
Completed iteration #54. Current checktime is 0.251s. Over-approx MDP has size 77. Current result is ≤0.125.
Completed iteration #55. Current checktime is 0.252s. Over-approx MDP has size 39. Current result is ≤0.125.
Completed iteration #56. Current checktime is 0.252s. Over-approx MDP has size 38. Current result is ≤0.125.
Completed iteration #57. Current checktime is 0.252s. Over-approx MDP has size 38. Current result is ≤0.125.
Completed iteration #58. Current checktime is 0.253s. Over-approx MDP has size 38. Current result is ≤0.125.
Completed iteration #59. Current checktime is 0.253s. Over-approx MDP has size 38. Current result is ≤0.125.
Completed iteration #60. Current checktime is 0.253s. Over-approx MDP has size 36. Current result is ≤0.125.
Completed iteration #61. Current checktime is 0.254s. Over-approx MDP has size 34. Current result is ≤0.125.
Completed iteration #62. Current checktime is 0.254s. Over-approx MDP has size 33. Current result is ≤0.125.
Completed iteration #63. Current checktime is 0.254s. Over-approx MDP has size 32. Current result is ≤0.125.
Completed iteration #64. Current checktime is 0.254s. Over-approx MDP has size 32. Current result is ≤0.125.
Completed iteration #65. Current checktime is 0.255s. Over-approx MDP has size 32. Current result is ≤0.125.
Completed iteration #66. Current checktime is 0.255s. Over-approx MDP has size 32. Current result is ≤0.125.
Completed iteration #67. Current checktime is 0.255s. Over-approx MDP has size 32. Current result is ≤0.125.
Completed iteration #68. Current checktime is 0.255s. Over-approx MDP has size 32. Current result is ≤0.125.
Completed iteration #69. Current checktime is 0.256s. Over-approx MDP has size 32. Current result is ≤0.125.
Refinement fixpoint reached after 69 iterations.
##### Grid Approximation Statistics ######
# Input model: 
-------------------------------------------------------------- 
Model type: 	POMDP (sparse)
States: 	125
Transitions: 	168
Choices: 	161
Observations: 	41
Reward Models:  none
State Labels: 	3 labels
   * deadlock -> 0 item(s)
   * unfair -> 8 item(s)
   * init -> 1 item(s)
Choice Labels: 	none
-------------------------------------------------------------- 
# Max. Number of states with same observation: 8
# Total check time: 0.268s
# Number of refinement steps: 69
# Number of states in the final grid MDP for the over-approximation: 32
# Maximal resolution for over-approximation: 5.404319553e+16
# Time spend for building the over-approx grid MDP(s): 0.210s
# Time spend for checking the over-approx grid MDP(s): 0.042s
##########################################

Result: ≤ 0.125
Time for POMDP analysis: 0.268s.
