COMMAND: ../storm/build/bin/storm-pomdp --prism ../models/refuel/refuel.prism --prop ../models/refuel/refuel.props --constants N=8 --belief-exploration discretize --refine 0 --timeout 1800 --triangulationmode static -tm --signal-timeout 600
WALLTIME (seconds): 314.5452492237091
ERROR: -9
############################## LOG ##############################
Storm-pomdp 1.5.2 (dev)

Date: Mon May 11 13:57:59 2020
Command line arguments: --prism ../models/refuel/refuel.prism --prop ../models/refuel/refuel.props --constants N=8 --belief-exploration discretize --refine 0 --timeout 1800 --triangulationmode static -tm --signal-timeout 600
Current working directory: .s

Time for model input parsing: 0.004s.

Time for model construction: 0.022s.

-------------------------------------------------------------- 
Model type: 	POMDP (sparse)
States: 	470
Transitions: 	2599
Choices: 	1431
Observations: 	66
Reward Models:  none
State Labels: 	4 labels
   * deadlock -> 0 item(s)
   * init -> 1 item(s)
   * goal -> 4 item(s)
   * notbad -> 387 item(s)
Choice Labels: 	6 labels
   * west -> 328 item(s)
   * south -> 335 item(s)
   * east -> 335 item(s)
   * refuel -> 18 item(s)
   * placement -> 1 item(s)
   * north -> 328 item(s)
-------------------------------------------------------------- 
Analyzing property 'Pmax=? ["notbad" U "goal"]'
Exploring the belief MDP... Keeping scheduler guesses bit vector(3/7) [4 5 6 ]
Initial value bounds are [0.05336014696, 0.9885266954]
Over-approx result for refinement improved after 0.447s seconds in refinement step #0. New value is '0.793258663'.
Completed iteration #0. Current checktime is 0.447s. Over-approx MDP has size 22434. Current result is ≤0.793258663.
 WARN (ApproximatePOMDPModelchecker.cpp:322): No termination criterion for refinement given. Consider to specify a steplimit, a non-zero precisionlimit, or a timeout
Over-approx result for refinement improved after 12.167s in refinement step #1. New value is '0.7483922888'.
Completed iteration #1. Current checktime is 12.168s. Over-approx MDP has size 122915. Current result is ≤0.7483922888.
Over-approx result for refinement improved after 70.760s in refinement step #2. New value is '0.5796941443'.
Completed iteration #2. Current checktime is 70.760s. Over-approx MDP has size 1224090. Current result is ≤0.5796941443.
