COMMAND: ../prism-ext/prism/bin/prism ../models/refuel/refuel10_explicit.prism ../models/refuel/refuel.props --gridresolution 12 -javamaxmem 32g -maxiters 1000000
WALLTIME (seconds): 595.2912783622742
ERROR: 137
############################## LOG ##############################
PRISM
=====

Version: 4.4.pomdps
Date: Mon May 11 20:10:04 GMT+01:00 2020
Hostname: nihm020
Memory limits: cudd=1g, java(heap)=28.4g
Command line: prism ../models/refuel/refuel10_explicit.prism ../models/refuel/refuel.props --gridresolution 12 -javamaxmem 32g -maxiters 1000000

Parsing model file "../models/refuel/refuel10_explicit.prism"...

Parsing properties file "../models/refuel/refuel.props"...

1 property:
(1) Pmax=? [ "notbad" U "goal" ]

Type:        POMDP
Modules:     model 
Variables:   (s) o 

Switching to explicit engine

---------------------------------------------------------------------

Model checking: Pmax=? [ "notbad" U "goal" ]

Building model...

Computing reachable states...
 892 states
Reachable states exploration and model construction done in 0.168 secs.
Sorting reachable states list...

Time for model construction: 0.224 seconds.

Type:        POMDP
States:        892 (1 initial)
Transitions:   5392
Choices:       2894
Max/avg:       4/3.24
Observables:   84
Unobservables: 892

Starting probabilistic reachability (max)...
Starting fixed-resolution grid approximation (max)...

##############################Output to stderr##############################
Picked up JAVA_TOOL_OPTIONS: -Xmx2048m
../prism-ext/prism/bin/prism: line 115: 71503 Killed                  "$PRISM_JAVA" $PRISM_JAVA_ARG1 $PRISM_JAVA_ARG2 $PRISM_JAVA_DEBUG $PRISM_JAVAMAXMEM $PRISM_JAVASTACKSIZE -Djava.awt.headless=$PRISM_HEADLESS -Djava.library.path="$JAVA_LIBRARY_PATH" -classpath "$PRISM_CLASSPATH" $PRISM_MAINCLASS "$@"
