COMMAND: ../storm/build/bin/storm-pomdp --prism ../models/refuel/refuel.prism --prop ../models/refuel/refuel.props --constants N=10 --belief-exploration unfold --refine 0 --timeout 60 --gap-threshold 0 --size-threshold 0 2 -tm --signal-timeout 600
WALLTIME (seconds): 65.74604535102844

############################## LOG ##############################
Storm-pomdp 1.5.2 (dev)

Date: Mon May 11 11:23:03 2020
Command line arguments: --prism ../models/refuel/refuel.prism --prop ../models/refuel/refuel.props --constants N=10 --belief-exploration unfold --refine 0 --timeout 60 --gap-threshold 0 --size-threshold 0 2 -tm --signal-timeout 600
Current working directory: .s

Time for model input parsing: 0.003s.

Time for model construction: 0.027s.

-------------------------------------------------------------- 
Model type: 	POMDP (sparse)
States: 	892
Transitions: 	5367
Choices: 	2879
Observations: 	84
Reward Models:  none
State Labels: 	4 labels
   * deadlock -> 0 item(s)
   * init -> 1 item(s)
   * goal -> 6 item(s)
   * notbad -> 769 item(s)
Choice Labels: 	6 labels
   * west -> 678 item(s)
   * south -> 685 item(s)
   * east -> 685 item(s)
   * refuel -> 24 item(s)
   * placement -> 1 item(s)
   * north -> 678 item(s)
-------------------------------------------------------------- 
Analyzing property 'Pmax=? ["notbad" U "goal"]'
Exploring the belief MDP... Keeping scheduler guesses bit vector(2/7) [4 6 ]
Initial value bounds are [0.0380720579, 0.9979593674]
Under-approx result for refinement improved after 0.491s seconds in refinement step #0. New value is '0.2754423205'.
Completed iteration #0. Current checktime is 0.491s. Under-approx MDP has size 69577. Current result is ≥0.2754423205.
 WARN (ApproximatePOMDPModelchecker.cpp:322): No termination criterion for refinement given. Consider to specify a steplimit, a non-zero precisionlimit, or a timeout
Under-approx result for refinement improved after 2.124s in refinement step #1. New value is '0.3552591468'.
Completed iteration #1. Current checktime is 2.124s. Under-approx MDP has size 139155. Current result is ≥0.3552591468.
Under-approx result for refinement improved after 7.132s in refinement step #2. New value is '0.4114063422'.
Completed iteration #2. Current checktime is 7.132s. Under-approx MDP has size 278311. Current result is ≥0.4114063422.
Under-approx result for refinement improved after 16.804s in refinement step #3. New value is '0.4201453616'.
Completed iteration #3. Current checktime is 16.804s. Under-approx MDP has size 556622. Current result is ≥0.4201453616.
Under-approx result for refinement improved after 41.448s in refinement step #4. New value is '0.429737137'.
Completed iteration #4. Current checktime is 41.448s. Under-approx MDP has size 1113246. Current result is ≥0.429737137.
##### Grid Approximation Statistics ######
# Input model: 
-------------------------------------------------------------- 
Model type: 	POMDP (sparse)
States: 	892
Transitions: 	5367
Choices: 	2879
Observations: 	84
Reward Models:  none
State Labels: 	4 labels
   * deadlock -> 0 item(s)
   * init -> 1 item(s)
   * goal -> 6 item(s)
   * notbad -> 769 item(s)
Choice Labels: 	none
-------------------------------------------------------------- 
# Max. Number of states with same observation: 78
# Computation aborted early
# Total check time: 65.503s
# Number of refinement steps: 4
# Number of states in the final grid MDP for the under-approximation: 1113246
# Exploration state limit for under-approximation: 2226492
# Time spend for building the under-approx grid MDP(s): 48.032s
# Time spend for checking the under-approx grid MDP(s): 11.915s
##########################################

Result till abort: ≥ 0.429737137
Time for POMDP analysis: 65.504s.

##############################Output to stderr##############################
ERROR: The program received signal 14 and will be aborted in 600s.
