COMMAND: ../prism-ext/prism/bin/prism ../models/samplerocks/samplerocks08_explicit.prism ../models/samplerocks/samplerocks.props --gridresolution 12 -javamaxmem 32g -maxiters 1000000
WALLTIME (seconds): 85.40694236755371
ERROR: 137
############################## LOG ##############################
PRISM
=====

Version: 4.4.pomdps
Date: Mon May 11 20:11:07 GMT+01:00 2020
Hostname: nihm022
Memory limits: cudd=1g, java(heap)=28.4g
Command line: prism ../models/samplerocks/samplerocks08_explicit.prism ../models/samplerocks/samplerocks.props --gridresolution 12 -javamaxmem 32g -maxiters 1000000

Parsing model file "../models/samplerocks/samplerocks08_explicit.prism"...

Parsing properties file "../models/samplerocks/samplerocks.props"...

1 property:
(1) Rmin=? [ F "goal" ]

Type:        POMDP
Modules:     model 
Variables:   (s) o 

Switching to explicit engine

---------------------------------------------------------------------

Model checking: Rmin=? [ F "goal" ]

Building model...

Computing reachable states...
 2696 3241 states
Reachable states exploration and model construction done in 3.351 secs.
Sorting reachable states list...

Time for model construction: 3.491 seconds.

Type:        POMDP
States:        3241 (1 initial)
Transitions:   19348
Choices:       15073
Max/avg:       7/4.65
Observables:   817
Unobservables: 3241
Building reward structure...

Starting expected reachability (min)...
Starting fixed-resolution grid approximation (min)...
Grid statistics: resolution=12, points=365977, unknown points=329122
Building belief space approximation...

##############################Output to stderr##############################
Picked up JAVA_TOOL_OPTIONS: -Xmx2048m
../prism-ext/prism/bin/prism: line 115: 223688 Killed                  "$PRISM_JAVA" $PRISM_JAVA_ARG1 $PRISM_JAVA_ARG2 $PRISM_JAVA_DEBUG $PRISM_JAVAMAXMEM $PRISM_JAVASTACKSIZE -Djava.awt.headless=$PRISM_HEADLESS -Djava.library.path="$JAVA_LIBRARY_PATH" -classpath "$PRISM_CLASSPATH" $PRISM_MAINCLASS "$@"
