COMMAND: ../storm/build/bin/storm-pomdp --prism ../models/samplerocks/samplerocks.prism --prop ../models/samplerocks/samplerocks.props --constants N=16 --belief-exploration unfold --refine 0 --timeout 60 --gap-threshold 0 --size-threshold 0 2 -tm --signal-timeout 600
WALLTIME (seconds): 64.89326667785645

############################## LOG ##############################
Storm-pomdp 1.5.2 (dev)

Date: Mon May 11 11:26:22 2020
Command line arguments: --prism ../models/samplerocks/samplerocks.prism --prop ../models/samplerocks/samplerocks.props --constants N=16 --belief-exploration unfold --refine 0 --timeout 60 --gap-threshold 0 --size-threshold 0 2 -tm --signal-timeout 600
Current working directory: .s

Time for model input parsing: 0.003s.

Time for model construction: 0.206s.

-------------------------------------------------------------- 
Model type: 	POMDP (sparse)
States: 	11017
Transitions: 	68116
Choices: 	54289
Observations: 	2761
Reward Models:  cost
State Labels: 	3 labels
   * deadlock -> 0 item(s)
   * goal -> 612 item(s)
   * init -> 1 item(s)
Choice Labels: 	10 labels
   * west -> 9792 item(s)
   * east -> 9792 item(s)
   * r2sample -> 18 item(s)
   * r1sample -> 18 item(s)
   * south -> 9792 item(s)
   * r2sense -> 6930 item(s)
   * finish -> 612 item(s)
   * north -> 9792 item(s)
   * placement -> 1 item(s)
   * r1sense -> 6930 item(s)
-------------------------------------------------------------- 
Analyzing property 'R[exp]min=? [F "goal"]'
Exploring the belief MDP... Keeping scheduler guesses bit vector(3/7) [4 5 6 ]
Initial value bounds are [22, 44]
Completed iteration #0. Current checktime is 1.164s. Under-approx MDP has size 44070. Current result is ≤44.
 WARN (ApproximatePOMDPModelchecker.cpp:322): No termination criterion for refinement given. Consider to specify a steplimit, a non-zero precisionlimit, or a timeout
Completed iteration #1. Current checktime is 3.132s. Under-approx MDP has size 88144. Current result is ≤44.
Completed iteration #2. Current checktime is 7.409s. Under-approx MDP has size 176290. Current result is ≤44.
Completed iteration #3. Current checktime is 17.696s. Under-approx MDP has size 352586. Current result is ≤44.
Completed iteration #4. Current checktime is 43.054s. Under-approx MDP has size 705172. Current result is ≤44.
##### Grid Approximation Statistics ######
# Input model: 
-------------------------------------------------------------- 
Model type: 	POMDP (sparse)
States: 	11017
Transitions: 	68116
Choices: 	54289
Observations: 	2761
Reward Models:  cost
State Labels: 	3 labels
   * deadlock -> 0 item(s)
   * goal -> 612 item(s)
   * init -> 1 item(s)
Choice Labels: 	none
-------------------------------------------------------------- 
# Max. Number of states with same observation: 4
# Computation aborted early
# Total check time: 64.564s
# Number of refinement steps: 4
# Number of states in the final grid MDP for the under-approximation: 705172
# Exploration state limit for under-approximation: 1410344
# Time spend for building the under-approx grid MDP(s): 39.460s
# Time spend for checking the under-approx grid MDP(s): 20.057s
##########################################

Result till abort: ≤ 44
Time for POMDP analysis: 64.566s.

##############################Output to stderr##############################
ERROR: The program received signal 14 and will be aborted in 600s.
