COMMAND: ../storm/build/bin/storm-pomdp --prism ../models/samplerocks/samplerocks.prism --prop ../models/samplerocks/samplerocks.props --constants N=16 --belief-exploration discretize --refine 0 --timeout 1800 --triangulationmode static -tm --signal-timeout 600
WALLTIME (seconds): 1813.3763327598572

############################## LOG ##############################
Storm-pomdp 1.5.2 (dev)

Date: Mon May 11 13:58:00 2020
Command line arguments: --prism ../models/samplerocks/samplerocks.prism --prop ../models/samplerocks/samplerocks.props --constants N=16 --belief-exploration discretize --refine 0 --timeout 1800 --triangulationmode static -tm --signal-timeout 600
Current working directory: .s

Time for model input parsing: 0.003s.

Time for model construction: 0.205s.

-------------------------------------------------------------- 
Model type: 	POMDP (sparse)
States: 	11017
Transitions: 	68116
Choices: 	54289
Observations: 	2761
Reward Models:  cost
State Labels: 	3 labels
   * deadlock -> 0 item(s)
   * goal -> 612 item(s)
   * init -> 1 item(s)
Choice Labels: 	10 labels
   * west -> 9792 item(s)
   * east -> 9792 item(s)
   * r2sample -> 18 item(s)
   * r1sample -> 18 item(s)
   * south -> 9792 item(s)
   * r2sense -> 6930 item(s)
   * finish -> 612 item(s)
   * north -> 9792 item(s)
   * placement -> 1 item(s)
   * r1sense -> 6930 item(s)
-------------------------------------------------------------- 
Analyzing property 'R[exp]min=? [F "goal"]'
Exploring the belief MDP... Keeping scheduler guesses bit vector(3/7) [4 5 6 ]
Initial value bounds are [22, 44]
Over-approx result for refinement improved after 1.184s seconds in refinement step #0. New value is '24.85329861'.
Completed iteration #0. Current checktime is 1.184s. Over-approx MDP has size 37503. Current result is ≥24.85329861.
 WARN (ApproximatePOMDPModelchecker.cpp:322): No termination criterion for refinement given. Consider to specify a steplimit, a non-zero precisionlimit, or a timeout
Over-approx result for refinement improved after 1.739s in refinement step #1. New value is '24.90729167'.
Completed iteration #1. Current checktime is 1.739s. Over-approx MDP has size 37794. Current result is ≥24.90729167.
Over-approx result for refinement improved after 2.335s in refinement step #2. New value is '24.98839962'.
Completed iteration #2. Current checktime is 2.335s. Over-approx MDP has size 37984. Current result is ≥24.98839962.
Over-approx result for refinement improved after 2.985s in refinement step #3. New value is '25.52717586'.
Completed iteration #3. Current checktime is 2.985s. Over-approx MDP has size 40552. Current result is ≥25.52717586.
Over-approx result for refinement improved after 3.778s in refinement step #4. New value is '25.61143138'.
Completed iteration #4. Current checktime is 3.778s. Over-approx MDP has size 45199. Current result is ≥25.61143138.
Over-approx result for refinement improved after 5.176s in refinement step #5. New value is '25.67464409'.
Completed iteration #5. Current checktime is 5.176s. Over-approx MDP has size 60972. Current result is ≥25.67464409.
Over-approx result for refinement improved after 7.591s in refinement step #6. New value is '25.75956093'.
Completed iteration #6. Current checktime is 7.591s. Over-approx MDP has size 91976. Current result is ≥25.75956093.
Over-approx result for refinement improved after 25.644s in refinement step #7. New value is '25.88245308'.
Completed iteration #7. Current checktime is 25.644s. Over-approx MDP has size 345816. Current result is ≥25.88245308.
Over-approx result for refinement improved after 175.566s in refinement step #8. New value is '25.9413033'.
Completed iteration #8. Current checktime is 175.566s. Over-approx MDP has size 1818347. Current result is ≥25.9413033.
 WARN (AbstractEquationSolver.cpp:292): Iterative solver was aborted after 1 iterations.
 WARN (TopologicalMinMaxLinearEquationSolver.cpp:99): Topological solver aborted after analyzing 177432/203856 SCCs.
##### Grid Approximation Statistics ######
# Input model: 
-------------------------------------------------------------- 
Model type: 	POMDP (sparse)
States: 	11017
Transitions: 	68116
Choices: 	54289
Observations: 	2761
Reward Models:  cost
State Labels: 	3 labels
   * deadlock -> 0 item(s)
   * goal -> 612 item(s)
   * init -> 1 item(s)
Choice Labels: 	none
-------------------------------------------------------------- 
# Max. Number of states with same observation: 4
# Computation aborted early
# Total check time: 1812.826s
# Number of refinement steps: 8
# Number of states in the final grid MDP for the over-approximation: 1818347
# Maximal resolution for over-approximation: 192
# Time spend for building the over-approx grid MDP(s): 234.437s
# Time spend for checking the over-approx grid MDP(s): 1565.209s
##########################################

Result till abort: ≥ 25.9413033
Time for POMDP analysis: 1812.827s.

##############################Output to stderr##############################
ERROR: The program received signal 14 and will be aborted in 600s.
