COMMAND: ../prism-ext/prism/bin/prism ../models/samplerocks/samplerocks16_explicit.prism ../models/samplerocks/samplerocks.props --gridresolution 12 -javamaxmem 32g -maxiters 1000000
WALLTIME (seconds): 397.31727933883667
ERROR: 137
############################## LOG ##############################
PRISM
=====

Version: 4.4.pomdps
Date: Mon May 11 20:13:18 GMT+01:00 2020
Hostname: nihm023
Memory limits: cudd=1g, java(heap)=28.4g
Command line: prism ../models/samplerocks/samplerocks16_explicit.prism ../models/samplerocks/samplerocks.props --gridresolution 12 -javamaxmem 32g -maxiters 1000000

Parsing model file "../models/samplerocks/samplerocks16_explicit.prism"...

Parsing properties file "../models/samplerocks/samplerocks.props"...

1 property:
(1) Rmin=? [ F "goal" ]

Type:        POMDP
Modules:     model 
Variables:   (s) o 

Switching to explicit engine

---------------------------------------------------------------------

Model checking: Rmin=? [ F "goal" ]

Building model...

Computing reachable states...
 432 856 1345 1905 2416 2946 3512 4057 4619 5171 5640 6113 6627 7203 7783 8365 8933 9516 10106 10698 11017 states
Reachable states exploration and model construction done in 61.684 secs.
Sorting reachable states list...

Time for model construction: 62.948 seconds.

Type:        POMDP
States:        11017 (1 initial)
Transitions:   69204
Choices:       54561
Max/avg:       7/4.95
Observables:   2761
Unobservables: 11017
Building reward structure...

Starting expected reachability (min)...
Starting fixed-resolution grid approximation (min)...

##############################Output to stderr##############################
Picked up JAVA_TOOL_OPTIONS: -Xmx2048m
../prism-ext/prism/bin/prism: line 115: 92420 Killed                  "$PRISM_JAVA" $PRISM_JAVA_ARG1 $PRISM_JAVA_ARG2 $PRISM_JAVA_DEBUG $PRISM_JAVAMAXMEM $PRISM_JAVASTACKSIZE -Djava.awt.headless=$PRISM_HEADLESS -Djava.library.path="$JAVA_LIBRARY_PATH" -classpath "$PRISM_CLASSPATH" $PRISM_MAINCLASS "$@"
