COMMAND: ../storm/build/bin/storm-pomdp --prism ../models/crypt/crypt6.prism --prop ../models/crypt/crypt.props maximum --belief-exploration discretize --refine 0 --timeout 1800 --triangulationmode dynamic --resolution 2 1.4142135624 --obs-threshold 0.1 0.1 --size-threshold 0 4 --gap-threshold 0.1 0.25 --scheduler-threshold 0.001 -tm --signal-timeout 600 --sound
WALLTIME (seconds): 1522.3116104602814

############################## LOG ##############################
Storm-pomdp 1.5.2 (dev)

Date: Tue May 12 00:18:44 2020
Command line arguments: --prism ../models/crypt/crypt6.prism --prop ../models/crypt/crypt.props maximum --belief-exploration discretize --refine 0 --timeout 1800 --triangulationmode dynamic --resolution 2 1.4142135624 --obs-threshold 0.1 0.1 --size-threshold 0 4 --gap-threshold 0.1 0.25 --scheduler-threshold 0.001 -tm --signal-timeout 600 --sound
Current working directory: .s

Time for model input parsing: 0.004s.

Time for model construction: 0.806s.

-------------------------------------------------------------- 
Model type: 	POMDP (sparse)
States: 	72006
Transitions: 	242885
Choices: 	242566
Observations: 	6678
Reward Models:  none
State Labels: 	3 labels
   * deadlock -> 0 item(s)
   * (correct = 1) -> 320 item(s)
   * init -> 1 item(s)
Choice Labels: 	13 labels
   * guess4 -> 10240 item(s)
   * choice6 -> 10240 item(s)
   * choice2 -> 35840 item(s)
   * choice3 -> 35840 item(s)
   * guess3 -> 10240 item(s)
   * flip -> 5 item(s)
   * check -> 1600 item(s)
   * choice5 -> 35840 item(s)
   * guess5 -> 10240 item(s)
   * choice1 -> 35840 item(s)
   * guess1 -> 10240 item(s)
   * guess2 -> 10240 item(s)
   * choice4 -> 35840 item(s)
-------------------------------------------------------------- 
Analyzing property 'Pmax=? [F (correct = 1)]'
Exploring the belief MDP... Keeping scheduler guesses bit vector(2/7) [3 6 ]
Initial value bounds are [0.2, 1]
Detected that the belief MDP is finite.
 WARN (SparseMdpPrctlHelper.cpp:396): A non-empty hint was provided, but its information will be disregarded.
Completed iteration #0. Current checktime is 7.278s. Over-approx MDP has size 80648. Current result is ≤1.
 WARN (ApproximatePOMDPModelchecker.cpp:322): No termination criterion for refinement given. Consider to specify a steplimit, a non-zero precisionlimit, or a timeout
 WARN (SparseMdpPrctlHelper.cpp:396): A non-empty hint was provided, but its information will be disregarded.
Completed iteration #1. Current checktime is 15.570s. Over-approx MDP has size 103688. Current result is ≤1.
 WARN (SparseMdpPrctlHelper.cpp:396): A non-empty hint was provided, but its information will be disregarded.
Completed iteration #2. Current checktime is 22.701s. Over-approx MDP has size 92868. Current result is ≤1.
 WARN (SparseMdpPrctlHelper.cpp:396): A non-empty hint was provided, but its information will be disregarded.
Over-approx result for refinement improved after 32.906s in refinement step #3. New value is '0.9795833333'.
Completed iteration #3. Current checktime is 32.906s. Over-approx MDP has size 123548. Current result is ≤0.9795833333.
 WARN (SparseMdpPrctlHelper.cpp:396): A non-empty hint was provided, but its information will be disregarded.
Over-approx result for refinement improved after 50.138s in refinement step #4. New value is '0.8819212963'.
Completed iteration #4. Current checktime is 50.138s. Over-approx MDP has size 195008. Current result is ≤0.8819212963.
 WARN (SparseMdpPrctlHelper.cpp:396): A non-empty hint was provided, but its information will be disregarded.
Over-approx result for refinement improved after 72.563s in refinement step #5. New value is '0.832037037'.
Completed iteration #5. Current checktime is 72.564s. Over-approx MDP has size 242360. Current result is ≤0.832037037.
 WARN (SparseMdpPrctlHelper.cpp:396): A non-empty hint was provided, but its information will be disregarded.
Over-approx result for refinement improved after 141.681s in refinement step #6. New value is '0.8084987745'.
Completed iteration #6. Current checktime is 141.681s. Over-approx MDP has size 697812. Current result is ≤0.8084987745.
 WARN (SparseMdpPrctlHelper.cpp:396): A non-empty hint was provided, but its information will be disregarded.
Over-approx result for refinement improved after 279.357s in refinement step #7. New value is '0.7189678649'.
Completed iteration #7. Current checktime is 279.357s. Over-approx MDP has size 1307640. Current result is ≤0.7189678649.
 WARN (SparseMdpPrctlHelper.cpp:396): A non-empty hint was provided, but its information will be disregarded.
Over-approx result for refinement improved after 574.628s in refinement step #8. New value is '0.6403367003'.
Completed iteration #8. Current checktime is 574.628s. Over-approx MDP has size 2797372. Current result is ≤0.6403367003.
 WARN (SparseMdpPrctlHelper.cpp:396): A non-empty hint was provided, but its information will be disregarded.
Over-approx result for refinement improved after 756.665s in refinement step #9. New value is '0.5907155797'.
Completed iteration #9. Current checktime is 756.665s. Over-approx MDP has size 1478036. Current result is ≤0.5907155797.
 WARN (SparseMdpPrctlHelper.cpp:396): A non-empty hint was provided, but its information will be disregarded.
Over-approx result for refinement improved after 981.235s in refinement step #10. New value is '0.49947681'.
Completed iteration #10. Current checktime is 981.235s. Over-approx MDP has size 1945616. Current result is ≤0.49947681.
 WARN (SparseMdpPrctlHelper.cpp:396): A non-empty hint was provided, but its information will be disregarded.
Over-approx result for refinement improved after 1030.876s in refinement step #11. New value is '0.4602941176'.
Completed iteration #11. Current checktime is 1030.876s. Over-approx MDP has size 409708. Current result is ≤0.4602941176.
 WARN (SparseMdpPrctlHelper.cpp:396): A non-empty hint was provided, but its information will be disregarded.
Over-approx result for refinement improved after 1075.412s in refinement step #12. New value is '0.4588235294'.
Completed iteration #12. Current checktime is 1075.412s. Over-approx MDP has size 418168. Current result is ≤0.4588235294.
 WARN (SparseMdpPrctlHelper.cpp:396): A non-empty hint was provided, but its information will be disregarded.
Over-approx result for refinement improved after 1120.747s in refinement step #13. New value is '0.4558823529'.
Completed iteration #13. Current checktime is 1120.747s. Over-approx MDP has size 421812. Current result is ≤0.4558823529.
 WARN (SparseMdpPrctlHelper.cpp:396): A non-empty hint was provided, but its information will be disregarded.
Over-approx result for refinement improved after 1166.079s in refinement step #14. New value is '0.4455882353'.
Completed iteration #14. Current checktime is 1166.079s. Over-approx MDP has size 424688. Current result is ≤0.4455882353.
 WARN (SparseMdpPrctlHelper.cpp:396): A non-empty hint was provided, but its information will be disregarded.
Over-approx result for refinement improved after 1212.910s in refinement step #15. New value is '0.4257575758'.
Completed iteration #15. Current checktime is 1212.910s. Over-approx MDP has size 437216. Current result is ≤0.4257575758.
 WARN (SparseMdpPrctlHelper.cpp:396): A non-empty hint was provided, but its information will be disregarded.
Over-approx result for refinement improved after 1259.777s in refinement step #16. New value is '0.4033248082'.
Completed iteration #16. Current checktime is 1259.777s. Over-approx MDP has size 423888. Current result is ≤0.4033248082.
 WARN (SparseMdpPrctlHelper.cpp:396): A non-empty hint was provided, but its information will be disregarded.
Over-approx result for refinement improved after 1306.511s in refinement step #17. New value is '0.347826087'.
Completed iteration #17. Current checktime is 1306.511s. Over-approx MDP has size 427704. Current result is ≤0.347826087.
 WARN (SparseMdpPrctlHelper.cpp:396): A non-empty hint was provided, but its information will be disregarded.
Over-approx result for refinement improved after 1354.398s in refinement step #18. New value is '0.3456521739'.
Completed iteration #18. Current checktime is 1354.398s. Over-approx MDP has size 424288. Current result is ≤0.3456521739.
 WARN (SparseMdpPrctlHelper.cpp:396): A non-empty hint was provided, but its information will be disregarded.
Over-approx result for refinement improved after 1400.665s in refinement step #19. New value is '0.3451086957'.
Completed iteration #19. Current checktime is 1400.665s. Over-approx MDP has size 415032. Current result is ≤0.3451086957.
 WARN (SparseMdpPrctlHelper.cpp:396): A non-empty hint was provided, but its information will be disregarded.
Over-approx result for refinement improved after 1441.444s in refinement step #20. New value is '0.2951251647'.
Completed iteration #20. Current checktime is 1441.444s. Over-approx MDP has size 361012. Current result is ≤0.2951251647.
 WARN (SparseMdpPrctlHelper.cpp:396): A non-empty hint was provided, but its information will be disregarded.
Over-approx result for refinement improved after 1478.126s in refinement step #21. New value is '0.2461538462'.
Completed iteration #21. Current checktime is 1478.126s. Over-approx MDP has size 329352. Current result is ≤0.2461538462.
 WARN (SparseMdpPrctlHelper.cpp:396): A non-empty hint was provided, but its information will be disregarded.
Over-approx result for refinement improved after 1507.452s in refinement step #22. New value is '0.2424242424'.
Completed iteration #22. Current checktime is 1507.452s. Over-approx MDP has size 262108. Current result is ≤0.2424242424.
 WARN (SparseMdpPrctlHelper.cpp:396): A non-empty hint was provided, but its information will be disregarded.
Over-approx result for refinement improved after 1512.981s in refinement step #23. New value is '0.2212121212'.
Completed iteration #23. Current checktime is 1512.981s. Over-approx MDP has size 42388. Current result is ≤0.2212121212.
 WARN (SparseMdpPrctlHelper.cpp:396): A non-empty hint was provided, but its information will be disregarded.
Over-approx result for refinement improved after 1514.454s in refinement step #24. New value is '0.2'.
Completed iteration #24. Current checktime is 1514.454s. Over-approx MDP has size 13152. Current result is ≤0.2.
 WARN (ApproximatePOMDPModelchecker.cpp:42): Upper bound '0.2' is smaller than lower bound '0.2': Difference is -5.63438e-15.
##### Grid Approximation Statistics ######
# Input model: 
-------------------------------------------------------------- 
Model type: 	POMDP (sparse)
States: 	72006
Transitions: 	242885
Choices: 	242566
Observations: 	6678
Reward Models:  none
State Labels: 	3 labels
   * deadlock -> 0 item(s)
   * (correct = 1) -> 320 item(s)
   * init -> 1 item(s)
Choice Labels: 	none
-------------------------------------------------------------- 
# Max. Number of states with same observation: 80
# Total check time: 1521.089s
# Number of refinement steps: 24
# Number of states in the final grid MDP for the over-approximation: 13152
# Maximal resolution for over-approximation: 91
# Time spend for building the over-approx grid MDP(s): 1472.136s
# Time spend for checking the over-approx grid MDP(s): 41.572s
##########################################

Result: ≤ 0.2
Time for POMDP analysis: 1521.096s.
