COMMAND: ../storm/build/bin/storm-pomdp --prism ../models/crypt/crypt4.prism --prop ../models/crypt/crypt.props minimum --belief-exploration discretize --refine 0 --timeout 1800 --triangulationmode dynamic --resolution 2 1.4142135624 --obs-threshold 0.1 0.1 --size-threshold 0 4 --gap-threshold 0.1 0.25 --scheduler-threshold 0.001 -tm --signal-timeout 600 --sound
WALLTIME (seconds): 1.26065993309021

############################## LOG ##############################
Storm-pomdp 1.5.2 (dev)

Date: Tue May 12 00:18:44 2020
Command line arguments: --prism ../models/crypt/crypt4.prism --prop ../models/crypt/crypt.props minimum --belief-exploration discretize --refine 0 --timeout 1800 --triangulationmode dynamic --resolution 2 1.4142135624 --obs-threshold 0.1 0.1 --size-threshold 0 4 --gap-threshold 0.1 0.25 --scheduler-threshold 0.001 -tm --signal-timeout 600 --sound
Current working directory: .s

Time for model input parsing: 0.047s.

Time for model construction: 0.165s.

-------------------------------------------------------------- 
Model type: 	POMDP (sparse)
States: 	1972
Transitions: 	4659
Choices: 	4612
Observations: 	510
Reward Models:  none
State Labels: 	3 labels
   * deadlock -> 0 item(s)
   * (correct = 1) -> 48 item(s)
   * init -> 1 item(s)
Choice Labels: 	9 labels
   * choice3 -> 960 item(s)
   * flip -> 3 item(s)
   * choice4 -> 384 item(s)
   * choice2 -> 960 item(s)
   * guess3 -> 384 item(s)
   * check -> 144 item(s)
   * choice1 -> 960 item(s)
   * guess2 -> 384 item(s)
   * guess1 -> 384 item(s)
-------------------------------------------------------------- 
Analyzing property 'Pmin=? [F (correct = 1)]'
Exploring the belief MDP... Keeping scheduler guesses bit vector(2/7) [0 5 ]
Initial value bounds are [0, 0.3333333333]
Detected that the belief MDP is finite.
Completed iteration #0. Current checktime is 0.029s. Over-approx MDP has size 2166. Current result is ≥0.
 WARN (ApproximatePOMDPModelchecker.cpp:322): No termination criterion for refinement given. Consider to specify a steplimit, a non-zero precisionlimit, or a timeout
Completed iteration #1. Current checktime is 0.036s. Over-approx MDP has size 2036. Current result is ≥0.
Completed iteration #2. Current checktime is 0.059s. Over-approx MDP has size 4304. Current result is ≥0.
Completed iteration #3. Current checktime is 0.075s. Over-approx MDP has size 2404. Current result is ≥0.
Completed iteration #4. Current checktime is 0.083s. Over-approx MDP has size 1212. Current result is ≥0.
Completed iteration #5. Current checktime is 0.106s. Over-approx MDP has size 3968. Current result is ≥0.
Over-approx result for refinement improved after 0.124s in refinement step #6. New value is '0.1111111111'.
Completed iteration #6. Current checktime is 0.124s. Over-approx MDP has size 2272. Current result is ≥0.1111111111.
Over-approx result for refinement improved after 0.137s in refinement step #7. New value is '0.2'.
Completed iteration #7. Current checktime is 0.137s. Over-approx MDP has size 2116. Current result is ≥0.2.
Over-approx result for refinement improved after 0.144s in refinement step #8. New value is '0.3333333333'.
Completed iteration #8. Current checktime is 0.144s. Over-approx MDP has size 980. Current result is ≥0.3333333333.
##### Grid Approximation Statistics ######
# Input model: 
-------------------------------------------------------------- 
Model type: 	POMDP (sparse)
States: 	1972
Transitions: 	4659
Choices: 	4612
Observations: 	510
Reward Models:  none
State Labels: 	3 labels
   * deadlock -> 0 item(s)
   * (correct = 1) -> 48 item(s)
   * init -> 1 item(s)
Choice Labels: 	none
-------------------------------------------------------------- 
# Max. Number of states with same observation: 12
# Total check time: 0.146s
# Number of refinement steps: 8
# Number of states in the final grid MDP for the over-approximation: 980
# Maximal resolution for over-approximation: 12
# Time spend for building the over-approx grid MDP(s): 0.113s
# Time spend for checking the over-approx grid MDP(s): 0.011s
##########################################

Result: ≥ 0.3333333333
Time for POMDP analysis: 0.146s.
