COMMAND: ../storm/build/bin/storm-pomdp --prism ../models/crypt/crypt4.prism --prop ../models/crypt/crypt.props maximum --belief-exploration discretize --refine 0 --timeout 1800 --triangulationmode dynamic --resolution 2 1.4142135624 --obs-threshold 0.1 0.1 --size-threshold 0 4 --gap-threshold 0.1 0.25 --scheduler-threshold 0.001 -tm --signal-timeout 600 --sound
WALLTIME (seconds): 0.3388819694519043

############################## LOG ##############################
Storm-pomdp 1.5.2 (dev)

Date: Tue May 12 00:18:44 2020
Command line arguments: --prism ../models/crypt/crypt4.prism --prop ../models/crypt/crypt.props maximum --belief-exploration discretize --refine 0 --timeout 1800 --triangulationmode dynamic --resolution 2 1.4142135624 --obs-threshold 0.1 0.1 --size-threshold 0 4 --gap-threshold 0.1 0.25 --scheduler-threshold 0.001 -tm --signal-timeout 600 --sound
Current working directory: .s

Time for model input parsing: 0.003s.

Time for model construction: 0.033s.

-------------------------------------------------------------- 
Model type: 	POMDP (sparse)
States: 	1972
Transitions: 	4659
Choices: 	4612
Observations: 	510
Reward Models:  none
State Labels: 	3 labels
   * deadlock -> 0 item(s)
   * (correct = 1) -> 48 item(s)
   * init -> 1 item(s)
Choice Labels: 	9 labels
   * choice3 -> 960 item(s)
   * flip -> 3 item(s)
   * choice4 -> 384 item(s)
   * choice2 -> 960 item(s)
   * guess3 -> 384 item(s)
   * check -> 144 item(s)
   * choice1 -> 960 item(s)
   * guess2 -> 384 item(s)
   * guess1 -> 384 item(s)
-------------------------------------------------------------- 
Analyzing property 'Pmax=? [F (correct = 1)]'
Exploring the belief MDP... Keeping scheduler guesses bit vector(1/7) [6 ]
Initial value bounds are [0.3333333333, 1]
Detected that the belief MDP is finite.
 WARN (SparseMdpPrctlHelper.cpp:396): A non-empty hint was provided, but its information will be disregarded.
Completed iteration #0. Current checktime is 0.026s. Over-approx MDP has size 2166. Current result is ≤1.
 WARN (ApproximatePOMDPModelchecker.cpp:322): No termination criterion for refinement given. Consider to specify a steplimit, a non-zero precisionlimit, or a timeout
 WARN (SparseMdpPrctlHelper.cpp:396): A non-empty hint was provided, but its information will be disregarded.
Completed iteration #1. Current checktime is 0.033s. Over-approx MDP has size 2036. Current result is ≤1.
 WARN (SparseMdpPrctlHelper.cpp:396): A non-empty hint was provided, but its information will be disregarded.
Over-approx result for refinement improved after 0.058s in refinement step #2. New value is '0.8972222222'.
Completed iteration #2. Current checktime is 0.058s. Over-approx MDP has size 4304. Current result is ≤0.8972222222.
 WARN (SparseMdpPrctlHelper.cpp:396): A non-empty hint was provided, but its information will be disregarded.
Completed iteration #3. Current checktime is 0.072s. Over-approx MDP has size 2380. Current result is ≤0.8972222222.
 WARN (SparseMdpPrctlHelper.cpp:396): A non-empty hint was provided, but its information will be disregarded.
Over-approx result for refinement improved after 0.083s in refinement step #4. New value is '0.8055555556'.
Completed iteration #4. Current checktime is 0.083s. Over-approx MDP has size 2332. Current result is ≤0.8055555556.
 WARN (SparseMdpPrctlHelper.cpp:396): A non-empty hint was provided, but its information will be disregarded.
Over-approx result for refinement improved after 0.107s in refinement step #5. New value is '0.7592592593'.
Completed iteration #5. Current checktime is 0.107s. Over-approx MDP has size 4000. Current result is ≤0.7592592593.
 WARN (SparseMdpPrctlHelper.cpp:396): A non-empty hint was provided, but its information will be disregarded.
Over-approx result for refinement improved after 0.132s in refinement step #6. New value is '0.5333333333'.
Completed iteration #6. Current checktime is 0.132s. Over-approx MDP has size 4088. Current result is ≤0.5333333333.
 WARN (SparseMdpPrctlHelper.cpp:396): A non-empty hint was provided, but its information will be disregarded.
Over-approx result for refinement improved after 0.152s in refinement step #7. New value is '0.4777777778'.
Completed iteration #7. Current checktime is 0.152s. Over-approx MDP has size 3996. Current result is ≤0.4777777778.
 WARN (SparseMdpPrctlHelper.cpp:396): A non-empty hint was provided, but its information will be disregarded.
Over-approx result for refinement improved after 0.167s in refinement step #8. New value is '0.4444444444'.
Completed iteration #8. Current checktime is 0.167s. Over-approx MDP has size 2260. Current result is ≤0.4444444444.
 WARN (SparseMdpPrctlHelper.cpp:396): A non-empty hint was provided, but its information will be disregarded.
Over-approx result for refinement improved after 0.175s in refinement step #9. New value is '0.3666666667'.
Completed iteration #9. Current checktime is 0.175s. Over-approx MDP has size 1224. Current result is ≤0.3666666667.
 WARN (SparseMdpPrctlHelper.cpp:396): A non-empty hint was provided, but its information will be disregarded.
Over-approx result for refinement improved after 0.180s in refinement step #10. New value is '0.3333333333'.
Completed iteration #10. Current checktime is 0.180s. Over-approx MDP has size 772. Current result is ≤0.3333333333.
 WARN (SparseMdpPrctlHelper.cpp:396): A non-empty hint was provided, but its information will be disregarded.
Completed iteration #11. Current checktime is 0.184s. Over-approx MDP has size 772. Current result is ≤0.3333333333.
 WARN (SparseMdpPrctlHelper.cpp:396): A non-empty hint was provided, but its information will be disregarded.
Completed iteration #12. Current checktime is 0.189s. Over-approx MDP has size 772. Current result is ≤0.3333333333.
 WARN (SparseMdpPrctlHelper.cpp:396): A non-empty hint was provided, but its information will be disregarded.
Completed iteration #13. Current checktime is 0.193s. Over-approx MDP has size 772. Current result is ≤0.3333333333.
 WARN (SparseMdpPrctlHelper.cpp:396): A non-empty hint was provided, but its information will be disregarded.
Completed iteration #14. Current checktime is 0.198s. Over-approx MDP has size 772. Current result is ≤0.3333333333.
 WARN (SparseMdpPrctlHelper.cpp:396): A non-empty hint was provided, but its information will be disregarded.
Completed iteration #15. Current checktime is 0.202s. Over-approx MDP has size 772. Current result is ≤0.3333333333.
 WARN (SparseMdpPrctlHelper.cpp:396): A non-empty hint was provided, but its information will be disregarded.
Completed iteration #16. Current checktime is 0.206s. Over-approx MDP has size 772. Current result is ≤0.3333333333.
 WARN (SparseMdpPrctlHelper.cpp:396): A non-empty hint was provided, but its information will be disregarded.
Completed iteration #17. Current checktime is 0.211s. Over-approx MDP has size 772. Current result is ≤0.3333333333.
 WARN (SparseMdpPrctlHelper.cpp:396): A non-empty hint was provided, but its information will be disregarded.
Completed iteration #18. Current checktime is 0.215s. Over-approx MDP has size 772. Current result is ≤0.3333333333.
 WARN (SparseMdpPrctlHelper.cpp:396): A non-empty hint was provided, but its information will be disregarded.
Completed iteration #19. Current checktime is 0.220s. Over-approx MDP has size 772. Current result is ≤0.3333333333.
 WARN (SparseMdpPrctlHelper.cpp:396): A non-empty hint was provided, but its information will be disregarded.
Completed iteration #20. Current checktime is 0.224s. Over-approx MDP has size 772. Current result is ≤0.3333333333.
 WARN (SparseMdpPrctlHelper.cpp:396): A non-empty hint was provided, but its information will be disregarded.
Completed iteration #21. Current checktime is 0.229s. Over-approx MDP has size 772. Current result is ≤0.3333333333.
 WARN (SparseMdpPrctlHelper.cpp:396): A non-empty hint was provided, but its information will be disregarded.
Completed iteration #22. Current checktime is 0.233s. Over-approx MDP has size 772. Current result is ≤0.3333333333.
 WARN (SparseMdpPrctlHelper.cpp:396): A non-empty hint was provided, but its information will be disregarded.
Completed iteration #23. Current checktime is 0.238s. Over-approx MDP has size 772. Current result is ≤0.3333333333.
 WARN (SparseMdpPrctlHelper.cpp:396): A non-empty hint was provided, but its information will be disregarded.
Completed iteration #24. Current checktime is 0.242s. Over-approx MDP has size 772. Current result is ≤0.3333333333.
 WARN (SparseMdpPrctlHelper.cpp:396): A non-empty hint was provided, but its information will be disregarded.
Over-approx result for refinement improved after 0.247s in refinement step #25. New value is '0.3333333333'.
Completed iteration #25. Current checktime is 0.247s. Over-approx MDP has size 680. Current result is ≤0.3333333333.
 WARN (ApproximatePOMDPModelchecker.cpp:42): Upper bound '0.333333' is smaller than lower bound '0.333333': Difference is -9.38138e-15.
##### Grid Approximation Statistics ######
# Input model: 
-------------------------------------------------------------- 
Model type: 	POMDP (sparse)
States: 	1972
Transitions: 	4659
Choices: 	4612
Observations: 	510
Reward Models:  none
State Labels: 	3 labels
   * deadlock -> 0 item(s)
   * (correct = 1) -> 48 item(s)
   * init -> 1 item(s)
Choice Labels: 	none
-------------------------------------------------------------- 
# Max. Number of states with same observation: 12
# Total check time: 0.248s
# Number of refinement steps: 25
# Number of states in the final grid MDP for the over-approximation: 680
# Maximal resolution for over-approximation: 2049
# Time spend for building the over-approx grid MDP(s): 0.194s
# Time spend for checking the over-approx grid MDP(s): 0.035s
##########################################

Result: ≤ 0.3333333333
Time for POMDP analysis: 0.249s.
