COMMAND: ../storm/build/bin/storm-pomdp --prism ../models/drone/drone.prism --prop ../models/drone/drone.props --constants N=5,R=3 --belief-exploration discretize --refine 0 --timeout 1800 --triangulationmode dynamic --resolution 2 1.4142135624 --obs-threshold 0.1 0.1 --size-threshold 0 4 --gap-threshold 0.1 0.25 --scheduler-threshold 0.001 -tm --signal-timeout 600 --sound
WALLTIME (seconds): 1586.0783410072327
ERROR: -9
############################## LOG ##############################
Storm-pomdp 1.5.2 (dev)

Date: Tue May 12 00:23:53 2020
Command line arguments: --prism ../models/drone/drone.prism --prop ../models/drone/drone.props --constants 'N=5,R=3' --belief-exploration discretize --refine 0 --timeout 1800 --triangulationmode dynamic --resolution 2 1.4142135624 --obs-threshold 0.1 0.1 --size-threshold 0 4 --gap-threshold 0.1 0.25 --scheduler-threshold 0.001 -tm --signal-timeout 600 --sound
Current working directory: .s

Time for model input parsing: 0.002s.

Time for model construction: 0.037s.

-------------------------------------------------------------- 
Model type: 	POMDP (sparse)
States: 	2557
Transitions: 	13900
Choices: 	6232
Observations: 	1848
Reward Models:  none
State Labels: 	4 labels
   * deadlock -> 0 item(s)
   * init -> 1 item(s)
   * goal -> 36 item(s)
   * notbad -> 2486 item(s)
Choice Labels: 	6 labels
   * east -> 1225 item(s)
   * placement -> 1 item(s)
   * north -> 1225 item(s)
   * west -> 1225 item(s)
   * adv -> 1225 item(s)
   * south -> 1225 item(s)
-------------------------------------------------------------- 
Analyzing property 'Pmax=? ["notbad" U "goal"]'
Exploring the belief MDP... Keeping scheduler guesses bit vector(2/7) [4 6 ]
Initial value bounds are [0.5938569685, 0.9927156761]
 WARN (SparseMdpPrctlHelper.cpp:396): A non-empty hint was provided, but its information will be disregarded.
Over-approx result for refinement improved after 0.263s seconds in refinement step #0. New value is '0.9921933138'.
Completed iteration #0. Current checktime is 0.263s. Over-approx MDP has size 6943. Current result is ≤0.9921933138.
 WARN (ApproximatePOMDPModelchecker.cpp:322): No termination criterion for refinement given. Consider to specify a steplimit, a non-zero precisionlimit, or a timeout
 WARN (SparseMdpPrctlHelper.cpp:396): A non-empty hint was provided, but its information will be disregarded.
Over-approx result for refinement improved after 0.568s in refinement step #1. New value is '0.991899687'.
Completed iteration #1. Current checktime is 0.568s. Over-approx MDP has size 10242. Current result is ≤0.991899687.
 WARN (SparseMdpPrctlHelper.cpp:396): A non-empty hint was provided, but its information will be disregarded.
Over-approx result for refinement improved after 3.112s in refinement step #2. New value is '0.9915940183'.
Completed iteration #2. Current checktime is 3.112s. Over-approx MDP has size 53402. Current result is ≤0.9915940183.
 WARN (SparseMdpPrctlHelper.cpp:396): A non-empty hint was provided, but its information will be disregarded.
Over-approx result for refinement improved after 17.509s in refinement step #3. New value is '0.9913771564'.
Completed iteration #3. Current checktime is 17.509s. Over-approx MDP has size 253754. Current result is ≤0.9913771564.
 WARN (SparseMdpPrctlHelper.cpp:396): A non-empty hint was provided, but its information will be disregarded.
Over-approx result for refinement improved after 123.003s in refinement step #4. New value is '0.9912319856'.
Completed iteration #4. Current checktime is 123.003s. Over-approx MDP has size 1426328. Current result is ≤0.9912319856.
 WARN (SparseMdpPrctlHelper.cpp:396): A non-empty hint was provided, but its information will be disregarded.
Over-approx result for refinement improved after 827.739s in refinement step #5. New value is '0.9911316818'.
Completed iteration #5. Current checktime is 827.739s. Over-approx MDP has size 7841711. Current result is ≤0.9911316818.
