COMMAND: ../storm/build/bin/storm-pomdp --prism ../models/drone/drone.prism --prop ../models/drone/drone.props --constants N=4,R=1 --belief-exploration discretize --refine 0 --timeout 1800 --triangulationmode dynamic --resolution 3 2 --obs-threshold 0.1 0.05 --size-threshold 0 4 --gap-threshold 0.1 0.25 --scheduler-threshold 0.001 -tm --signal-timeout 600 --sound
WALLTIME (seconds): 663.8741464614868
ERROR: -9
############################## LOG ##############################
Storm-pomdp 1.5.2 (dev)

Date: Tue May 12 00:20:02 2020
Command line arguments: --prism ../models/drone/drone.prism --prop ../models/drone/drone.props --constants 'N=4,R=1' --belief-exploration discretize --refine 0 --timeout 1800 --triangulationmode dynamic --resolution 3 2 --obs-threshold 0.1 0.05 --size-threshold 0 4 --gap-threshold 0.1 0.25 --scheduler-threshold 0.001 -tm --signal-timeout 600 --sound
Current working directory: .s

Time for model input parsing: 0.006s.

Time for model construction: 0.027s.

-------------------------------------------------------------- 
Model type: 	POMDP (sparse)
States: 	1226
Transitions: 	6461
Choices: 	2954
Observations: 	384
Reward Models:  none
State Labels: 	4 labels
   * deadlock -> 0 item(s)
   * init -> 1 item(s)
   * goal -> 25 item(s)
   * notbad -> 1177 item(s)
Choice Labels: 	6 labels
   * east -> 576 item(s)
   * placement -> 1 item(s)
   * north -> 576 item(s)
   * west -> 576 item(s)
   * adv -> 576 item(s)
   * south -> 576 item(s)
-------------------------------------------------------------- 
Analyzing property 'Pmax=? ["notbad" U "goal"]'
Exploring the belief MDP... Keeping scheduler guesses bit vector(2/7) [4 6 ]
Initial value bounds are [0.5744746087, 0.9833918945]
 WARN (SparseMdpPrctlHelper.cpp:396): A non-empty hint was provided, but its information will be disregarded.
Over-approx result for refinement improved after 0.740s seconds in refinement step #0. New value is '0.9699288191'.
Completed iteration #0. Current checktime is 0.740s. Over-approx MDP has size 36382. Current result is ≤0.9699288191.
 WARN (ApproximatePOMDPModelchecker.cpp:322): No termination criterion for refinement given. Consider to specify a steplimit, a non-zero precisionlimit, or a timeout
 WARN (SparseMdpPrctlHelper.cpp:396): A non-empty hint was provided, but its information will be disregarded.
Over-approx result for refinement improved after 6.029s in refinement step #1. New value is '0.9634101353'.
Completed iteration #1. Current checktime is 6.029s. Over-approx MDP has size 110899. Current result is ≤0.9634101353.
 WARN (SparseMdpPrctlHelper.cpp:396): A non-empty hint was provided, but its information will be disregarded.
Completed iteration #2. Current checktime is 81.883s. Over-approx MDP has size 1152942. Current result is ≤0.9634101353.
 WARN (SparseMdpPrctlHelper.cpp:396): A non-empty hint was provided, but its information will be disregarded.
