COMMAND: ../storm/build/bin/storm-pomdp --prism ../models/grid/4x4grid-sl.prism --prop ../models/grid/grid.props --constants sl=0 --belief-exploration discretize --refine 0 --timeout 1800 --triangulationmode dynamic --resolution 3 2 --obs-threshold 0.1 0.1 --size-threshold 0 4 --gap-threshold 0.3 0.5 --scheduler-threshold 0.001 -tm --signal-timeout 600 --sound
WALLTIME (seconds): 0.13918185234069824

############################## LOG ##############################
Storm-pomdp 1.5.2 (dev)

Date: Tue May 12 00:26:32 2020
Command line arguments: --prism ../models/grid/4x4grid-sl.prism --prop ../models/grid/grid.props --constants sl=0 --belief-exploration discretize --refine 0 --timeout 1800 --triangulationmode dynamic --resolution 3 2 --obs-threshold 0.1 0.1 --size-threshold 0 4 --gap-threshold 0.3 0.5 --scheduler-threshold 0.001 -tm --signal-timeout 600 --sound
Current working directory: .s

Time for model input parsing: 0.002s.

Time for model construction: 0.017s.

-------------------------------------------------------------- 
Model type: 	POMDP (sparse)
States: 	17
Transitions: 	76
Choices: 	62
Observations: 	3
Reward Models:  (default)
State Labels: 	3 labels
   * deadlock -> 0 item(s)
   * goal -> 1 item(s)
   * init -> 1 item(s)
Choice Labels: 	4 labels
   * west -> 15 item(s)
   * north -> 15 item(s)
   * east -> 15 item(s)
   * south -> 15 item(s)
-------------------------------------------------------------- 
Analyzing property 'R[exp]min=? [F "goal"]'
Exploring the belief MDP... Keeping scheduler guesses bit vector(5/7) [0 1 4 5 6 ]
Initial value bounds are [3.20000002, 5.041666667]
Detected that the belief MDP is finite.
 WARN (SparseMdpPrctlHelper.cpp:396): A non-empty hint was provided, but its information will be disregarded.
Over-approx result for refinement improved after 0.004s seconds in refinement step #0. New value is '3.933333334'.
Completed iteration #0. Current checktime is 0.004s. Over-approx MDP has size 407. Current result is ≥3.933333334.
 WARN (ApproximatePOMDPModelchecker.cpp:322): No termination criterion for refinement given. Consider to specify a steplimit, a non-zero precisionlimit, or a timeout
 WARN (SparseMdpPrctlHelper.cpp:396): A non-empty hint was provided, but its information will be disregarded.
Completed iteration #1. Current checktime is 0.019s. Over-approx MDP has size 1648. Current result is ≥3.933333334.
 WARN (SparseMdpPrctlHelper.cpp:396): A non-empty hint was provided, but its information will be disregarded.
Over-approx result for refinement improved after 0.048s in refinement step #2. New value is '4.083333333'.
Completed iteration #2. Current checktime is 0.048s. Over-approx MDP has size 2880. Current result is ≥4.083333333.
 WARN (SparseMdpPrctlHelper.cpp:396): A non-empty hint was provided, but its information will be disregarded.
Over-approx result for refinement improved after 0.057s in refinement step #3. New value is '4.133333333'.
Completed iteration #3. Current checktime is 0.057s. Over-approx MDP has size 891. Current result is ≥4.133333333.
 WARN (SparseMdpPrctlHelper.cpp:396): A non-empty hint was provided, but its information will be disregarded.
Completed iteration #4. Current checktime is 0.060s. Over-approx MDP has size 891. Current result is ≥4.133333333.
Refinement fixpoint reached after 4 iterations.
##### Grid Approximation Statistics ######
# Input model: 
-------------------------------------------------------------- 
Model type: 	POMDP (sparse)
States: 	17
Transitions: 	76
Choices: 	62
Observations: 	3
Reward Models:  (default)
State Labels: 	3 labels
   * deadlock -> 0 item(s)
   * goal -> 1 item(s)
   * init -> 1 item(s)
Choice Labels: 	none
-------------------------------------------------------------- 
# Max. Number of states with same observation: 15
# Total check time: 0.061s
# Number of refinement steps: 4
# Number of states in the final grid MDP for the over-approximation: 891
# Maximal resolution for over-approximation: 24
# Time spend for building the over-approx grid MDP(s): 0.041s
# Time spend for checking the over-approx grid MDP(s): 0.017s
##########################################

Result: ≥ 4.133333333
Time for POMDP analysis: 0.061s.
