COMMAND: ../storm/build/bin/storm-pomdp --prism ../models/grid/4x4grid-sl.prism --prop ../models/grid/grid.props --constants sl=0 --belief-exploration discretize --refine 0 --timeout 1800 --triangulationmode static --resolution 3 2 --obs-threshold 0.1 0.05 --size-threshold 0 4 --gap-threshold 0.1 0.25 --scheduler-threshold 0.001 -tm --signal-timeout 600 --sound
WALLTIME (seconds): 1809.6241397857666

############################## LOG ##############################
Storm-pomdp 1.5.2 (dev)

Date: Tue May 12 00:25:13 2020
Command line arguments: --prism ../models/grid/4x4grid-sl.prism --prop ../models/grid/grid.props --constants sl=0 --belief-exploration discretize --refine 0 --timeout 1800 --triangulationmode static --resolution 3 2 --obs-threshold 0.1 0.05 --size-threshold 0 4 --gap-threshold 0.1 0.25 --scheduler-threshold 0.001 -tm --signal-timeout 600 --sound
Current working directory: .s

Time for model input parsing: 0.002s.

Time for model construction: 0.017s.

-------------------------------------------------------------- 
Model type: 	POMDP (sparse)
States: 	17
Transitions: 	76
Choices: 	62
Observations: 	3
Reward Models:  (default)
State Labels: 	3 labels
   * deadlock -> 0 item(s)
   * goal -> 1 item(s)
   * init -> 1 item(s)
Choice Labels: 	4 labels
   * west -> 15 item(s)
   * north -> 15 item(s)
   * east -> 15 item(s)
   * south -> 15 item(s)
-------------------------------------------------------------- 
Analyzing property 'R[exp]min=? [F "goal"]'
Exploring the belief MDP... Keeping scheduler guesses bit vector(5/7) [0 1 4 5 6 ]
Initial value bounds are [3.20000002, 5.041666667]
Detected that the belief MDP is finite.
 WARN (SparseMdpPrctlHelper.cpp:396): A non-empty hint was provided, but its information will be disregarded.
Over-approx result for refinement improved after 0.004s seconds in refinement step #0. New value is '3.866666668'.
Completed iteration #0. Current checktime is 0.004s. Over-approx MDP has size 349. Current result is ≥3.866666668.
 WARN (ApproximatePOMDPModelchecker.cpp:322): No termination criterion for refinement given. Consider to specify a steplimit, a non-zero precisionlimit, or a timeout
 WARN (SparseMdpPrctlHelper.cpp:396): A non-empty hint was provided, but its information will be disregarded.
Over-approx result for refinement improved after 0.022s in refinement step #1. New value is '3.889814815'.
Completed iteration #1. Current checktime is 0.022s. Over-approx MDP has size 1857. Current result is ≥3.889814815.
 WARN (SparseMdpPrctlHelper.cpp:396): A non-empty hint was provided, but its information will be disregarded.
Over-approx result for refinement improved after 0.130s in refinement step #2. New value is '4.031474248'.
Completed iteration #2. Current checktime is 0.130s. Over-approx MDP has size 7735. Current result is ≥4.031474248.
 WARN (SparseMdpPrctlHelper.cpp:396): A non-empty hint was provided, but its information will be disregarded.
Over-approx result for refinement improved after 0.425s in refinement step #3. New value is '4.071184172'.
Completed iteration #3. Current checktime is 0.425s. Over-approx MDP has size 17967. Current result is ≥4.071184172.
 WARN (SparseMdpPrctlHelper.cpp:396): A non-empty hint was provided, but its information will be disregarded.
Over-approx result for refinement improved after 0.889s in refinement step #4. New value is '4.10956073'.
Completed iteration #4. Current checktime is 0.889s. Over-approx MDP has size 25307. Current result is ≥4.10956073.
 WARN (SparseMdpPrctlHelper.cpp:396): A non-empty hint was provided, but its information will be disregarded.
Over-approx result for refinement improved after 1.584s in refinement step #5. New value is '4.116290658'.
Completed iteration #5. Current checktime is 1.584s. Over-approx MDP has size 35229. Current result is ≥4.116290658.
 WARN (SparseMdpPrctlHelper.cpp:396): A non-empty hint was provided, but its information will be disregarded.
Over-approx result for refinement improved after 2.077s in refinement step #6. New value is '4.127764738'.
Completed iteration #6. Current checktime is 2.077s. Over-approx MDP has size 26592. Current result is ≥4.127764738.
 WARN (SparseMdpPrctlHelper.cpp:396): A non-empty hint was provided, but its information will be disregarded.
Over-approx result for refinement improved after 2.685s in refinement step #7. New value is '4.12964365'.
Completed iteration #7. Current checktime is 2.685s. Over-approx MDP has size 31266. Current result is ≥4.12964365.
 WARN (SparseMdpPrctlHelper.cpp:396): A non-empty hint was provided, but its information will be disregarded.
Over-approx result for refinement improved after 3.250s in refinement step #8. New value is '4.13188556'.
Completed iteration #8. Current checktime is 3.250s. Over-approx MDP has size 28966. Current result is ≥4.13188556.
 WARN (SparseMdpPrctlHelper.cpp:396): A non-empty hint was provided, but its information will be disregarded.
Over-approx result for refinement improved after 3.840s in refinement step #9. New value is '4.132380126'.
Completed iteration #9. Current checktime is 3.840s. Over-approx MDP has size 30713. Current result is ≥4.132380126.
 WARN (SparseMdpPrctlHelper.cpp:396): A non-empty hint was provided, but its information will be disregarded.
Over-approx result for refinement improved after 4.417s in refinement step #10. New value is '4.132976015'.
Completed iteration #10. Current checktime is 4.417s. Over-approx MDP has size 29435. Current result is ≥4.132976015.
 WARN (SparseMdpPrctlHelper.cpp:396): A non-empty hint was provided, but its information will be disregarded.
Over-approx result for refinement improved after 5.040s in refinement step #11. New value is '4.133093447'.
Completed iteration #11. Current checktime is 5.040s. Over-approx MDP has size 32285. Current result is ≥4.133093447.
 WARN (SparseMdpPrctlHelper.cpp:396): A non-empty hint was provided, but its information will be disregarded.
Over-approx result for refinement improved after 5.809s in refinement step #12. New value is '4.133215238'.
Completed iteration #12. Current checktime is 5.809s. Over-approx MDP has size 36625. Current result is ≥4.133215238.
 WARN (SparseMdpPrctlHelper.cpp:396): A non-empty hint was provided, but its information will be disregarded.
Over-approx result for refinement improved after 6.606s in refinement step #13. New value is '4.133276895'.
Completed iteration #13. Current checktime is 6.606s. Over-approx MDP has size 39305. Current result is ≥4.133276895.
 WARN (SparseMdpPrctlHelper.cpp:396): A non-empty hint was provided, but its information will be disregarded.
Over-approx result for refinement improved after 7.073s in refinement step #14. New value is '4.133311907'.
Completed iteration #14. Current checktime is 7.073s. Over-approx MDP has size 26005. Current result is ≥4.133311907.
 WARN (SparseMdpPrctlHelper.cpp:396): A non-empty hint was provided, but its information will be disregarded.
Over-approx result for refinement improved after 7.537s in refinement step #15. New value is '4.133318222'.
Completed iteration #15. Current checktime is 7.537s. Over-approx MDP has size 24751. Current result is ≥4.133318222.
 WARN (SparseMdpPrctlHelper.cpp:396): A non-empty hint was provided, but its information will be disregarded.
Over-approx result for refinement improved after 8.077s in refinement step #16. New value is '4.13332752'.
Completed iteration #16. Current checktime is 8.077s. Over-approx MDP has size 29490. Current result is ≥4.13332752.
 WARN (SparseMdpPrctlHelper.cpp:396): A non-empty hint was provided, but its information will be disregarded.
Over-approx result for refinement improved after 8.829s in refinement step #17. New value is '4.133329157'.
Completed iteration #17. Current checktime is 8.829s. Over-approx MDP has size 38274. Current result is ≥4.133329157.
 WARN (SparseMdpPrctlHelper.cpp:396): A non-empty hint was provided, but its information will be disregarded.
Over-approx result for refinement improved after 9.311s in refinement step #18. New value is '4.133331971'.
Completed iteration #18. Current checktime is 9.311s. Over-approx MDP has size 27178. Current result is ≥4.133331971.
 WARN (SparseMdpPrctlHelper.cpp:396): A non-empty hint was provided, but its information will be disregarded.
Over-approx result for refinement improved after 9.904s in refinement step #19. New value is '4.133332426'.
Completed iteration #19. Current checktime is 9.905s. Over-approx MDP has size 31437. Current result is ≥4.133332426.
 WARN (SparseMdpPrctlHelper.cpp:396): A non-empty hint was provided, but its information will be disregarded.
Over-approx result for refinement improved after 10.444s in refinement step #20. New value is '4.13333297'.
Completed iteration #20. Current checktime is 10.444s. Over-approx MDP has size 28988. Current result is ≥4.13333297.
 WARN (SparseMdpPrctlHelper.cpp:396): A non-empty hint was provided, but its information will be disregarded.
Over-approx result for refinement improved after 11.093s in refinement step #21. New value is '4.133333087'.
Completed iteration #21. Current checktime is 11.093s. Over-approx MDP has size 32988. Current result is ≥4.133333087.
 WARN (SparseMdpPrctlHelper.cpp:396): A non-empty hint was provided, but its information will be disregarded.
Over-approx result for refinement improved after 11.726s in refinement step #22. New value is '4.133333228'.
Completed iteration #22. Current checktime is 11.726s. Over-approx MDP has size 32353. Current result is ≥4.133333228.
 WARN (SparseMdpPrctlHelper.cpp:396): A non-empty hint was provided, but its information will be disregarded.
Over-approx result for refinement improved after 12.886s in refinement step #23. New value is '4.133333263'.
Completed iteration #23. Current checktime is 12.886s. Over-approx MDP has size 47258. Current result is ≥4.133333263.
 WARN (SparseMdpPrctlHelper.cpp:396): A non-empty hint was provided, but its information will be disregarded.
Over-approx result for refinement improved after 20.983s in refinement step #24. New value is '4.133333304'.
Completed iteration #24. Current checktime is 20.983s. Over-approx MDP has size 200683. Current result is ≥4.133333304.
 WARN (SparseMdpPrctlHelper.cpp:396): A non-empty hint was provided, but its information will be disregarded.
Over-approx result for refinement improved after 167.962s in refinement step #25. New value is '4.13333332'.
Completed iteration #25. Current checktime is 167.962s. Over-approx MDP has size 891558. Current result is ≥4.13333332.
 WARN (SparseMdpPrctlHelper.cpp:396): A non-empty hint was provided, but its information will be disregarded.
 WARN (AbstractEquationSolver.cpp:292): Iterative solver was aborted after 1 iterations.
 WARN (TopologicalMinMaxLinearEquationSolver.cpp:99): Topological solver aborted after analyzing 402172/742885 SCCs.
##### Grid Approximation Statistics ######
# Input model: 
-------------------------------------------------------------- 
Model type: 	POMDP (sparse)
States: 	17
Transitions: 	76
Choices: 	62
Observations: 	3
Reward Models:  (default)
State Labels: 	3 labels
   * deadlock -> 0 item(s)
   * goal -> 1 item(s)
   * init -> 1 item(s)
Choice Labels: 	none
-------------------------------------------------------------- 
# Max. Number of states with same observation: 15
# Computation aborted early
# Total check time: 1809.376s
# Number of refinement steps: 25
# Number of states in the final grid MDP for the over-approximation: 891558
# Maximal resolution for over-approximation: 201326592
# Time spend for building the over-approx grid MDP(s): 80.715s
# Time spend for checking the over-approx grid MDP(s): 1719.751s
##########################################

Result till abort: ≥ 4.13333332
Time for POMDP analysis: 1809.376s.

##############################Output to stderr##############################
ERROR: The program received signal 14 and will be aborted in 600s.
