COMMAND: ../storm/build/bin/storm-pomdp --prism ../models/grid-avoid/4x4grid-avoid-sl.prism --prop ../models/grid-avoid/grid-avoid.props --constants sl=0 --belief-exploration discretize --refine 0 --timeout 1800 --triangulationmode dynamic --resolution 2 1.4142135624 --obs-threshold 0.1 0.1 --size-threshold 0 4 --gap-threshold 0.1 0.25 --scheduler-threshold 0.001 -tm --signal-timeout 600 --sound
WALLTIME (seconds): 0.1954364776611328

############################## LOG ##############################
Storm-pomdp 1.5.2 (dev)

Date: Tue May 12 00:37:13 2020
Command line arguments: --prism ../models/grid-avoid/4x4grid-avoid-sl.prism --prop ../models/grid-avoid/grid-avoid.props --constants sl=0 --belief-exploration discretize --refine 0 --timeout 1800 --triangulationmode dynamic --resolution 2 1.4142135624 --obs-threshold 0.1 0.1 --size-threshold 0 4 --gap-threshold 0.1 0.25 --scheduler-threshold 0.001 -tm --signal-timeout 600 --sound
Current working directory: .s

Time for model input parsing: 0.003s.

Time for model construction: 0.017s.

-------------------------------------------------------------- 
Model type: 	POMDP (sparse)
States: 	17
Transitions: 	72
Choices: 	59
Observations: 	4
Reward Models:  none
State Labels: 	4 labels
   * deadlock -> 0 item(s)
   * bad -> 1 item(s)
   * init -> 1 item(s)
   * goal -> 1 item(s)
Choice Labels: 	5 labels
   * west -> 14 item(s)
   * north -> 14 item(s)
   * east -> 14 item(s)
   * south -> 14 item(s)
   * bad -> 1 item(s)
-------------------------------------------------------------- 
Analyzing property 'Pmax=? [!("bad") U "goal"]'
Exploring the belief MDP... Keeping scheduler guesses bit vector(1/7) [4 ]
Initial value bounds are [0.4510712162, 1]
Detected that the belief MDP is finite.
Completed iteration #0. Current checktime is 0.002s. Over-approx MDP has size 55. Current result is ≤1.
 WARN (ApproximatePOMDPModelchecker.cpp:322): No termination criterion for refinement given. Consider to specify a steplimit, a non-zero precisionlimit, or a timeout
Completed iteration #1. Current checktime is 0.003s. Over-approx MDP has size 292. Current result is ≤1.
Completed iteration #2. Current checktime is 0.012s. Over-approx MDP has size 1252. Current result is ≤1.
 WARN (SparseMdpPrctlHelper.cpp:396): A non-empty hint was provided, but its information will be disregarded.
Completed iteration #3. Current checktime is 0.019s. Over-approx MDP has size 1032. Current result is ≤1.
 WARN (SparseMdpPrctlHelper.cpp:396): A non-empty hint was provided, but its information will be disregarded.
Over-approx result for refinement improved after 0.054s in refinement step #4. New value is '0.9841269841'.
Completed iteration #4. Current checktime is 0.054s. Over-approx MDP has size 4143. Current result is ≤0.9841269841.
 WARN (SparseMdpPrctlHelper.cpp:396): A non-empty hint was provided, but its information will be disregarded.
Over-approx result for refinement improved after 0.090s in refinement step #5. New value is '0.9404761905'.
Completed iteration #5. Current checktime is 0.090s. Over-approx MDP has size 4942. Current result is ≤0.9404761905.
 WARN (SparseMdpPrctlHelper.cpp:396): A non-empty hint was provided, but its information will be disregarded.
Over-approx result for refinement improved after 0.106s in refinement step #6. New value is '0.9285714286'.
Completed iteration #6. Current checktime is 0.106s. Over-approx MDP has size 3016. Current result is ≤0.9285714286.
 WARN (SparseMdpPrctlHelper.cpp:396): A non-empty hint was provided, but its information will be disregarded.
Completed iteration #7. Current checktime is 0.114s. Over-approx MDP has size 3016. Current result is ≤0.9285714286.
 WARN (SparseMdpPrctlHelper.cpp:396): A non-empty hint was provided, but its information will be disregarded.
Completed iteration #8. Current checktime is 0.122s. Over-approx MDP has size 3016. Current result is ≤0.9285714286.
Refinement fixpoint reached after 8 iterations.
##### Grid Approximation Statistics ######
# Input model: 
-------------------------------------------------------------- 
Model type: 	POMDP (sparse)
States: 	17
Transitions: 	72
Choices: 	59
Observations: 	4
Reward Models:  none
State Labels: 	4 labels
   * deadlock -> 0 item(s)
   * bad -> 1 item(s)
   * init -> 1 item(s)
   * goal -> 1 item(s)
Choice Labels: 	none
-------------------------------------------------------------- 
# Max. Number of states with same observation: 14
# Total check time: 0.124s
# Number of refinement steps: 8
# Number of states in the final grid MDP for the over-approximation: 3016
# Maximal resolution for over-approximation: 17
# Time spend for building the over-approx grid MDP(s): 0.104s
# Time spend for checking the over-approx grid MDP(s): 0.015s
##########################################

Result: ≤ 0.9285714286
Time for POMDP analysis: 0.124s.
