COMMAND: ../storm/build/bin/storm-pomdp --prism ../models/grid-avoid/4x4grid-avoid-sl.prism --prop ../models/grid-avoid/grid-avoid.props --constants sl=0 --belief-exploration discretize --refine 0 --timeout 1800 --triangulationmode static --resolution 3 2 --obs-threshold 0.1 0.1 --size-threshold 0 4 --gap-threshold 0.1 0.25 --scheduler-threshold 0.5 -tm --signal-timeout 600 --sound
WALLTIME (seconds): 888.8101830482483
ERROR: -9
############################## LOG ##############################
Storm-pomdp 1.5.2 (dev)

Date: Tue May 12 00:37:14 2020
Command line arguments: --prism ../models/grid-avoid/4x4grid-avoid-sl.prism --prop ../models/grid-avoid/grid-avoid.props --constants sl=0 --belief-exploration discretize --refine 0 --timeout 1800 --triangulationmode static --resolution 3 2 --obs-threshold 0.1 0.1 --size-threshold 0 4 --gap-threshold 0.1 0.25 --scheduler-threshold 0.5 -tm --signal-timeout 600 --sound
Current working directory: .s

Time for model input parsing: 0.003s.

Time for model construction: 0.017s.

-------------------------------------------------------------- 
Model type: 	POMDP (sparse)
States: 	17
Transitions: 	72
Choices: 	59
Observations: 	4
Reward Models:  none
State Labels: 	4 labels
   * deadlock -> 0 item(s)
   * bad -> 1 item(s)
   * init -> 1 item(s)
   * goal -> 1 item(s)
Choice Labels: 	5 labels
   * west -> 14 item(s)
   * north -> 14 item(s)
   * east -> 14 item(s)
   * south -> 14 item(s)
   * bad -> 1 item(s)
-------------------------------------------------------------- 
Analyzing property 'Pmax=? [!("bad") U "goal"]'
Exploring the belief MDP... Keeping scheduler guesses bit vector(1/7) [4 ]
Initial value bounds are [0.4510712162, 1]
Detected that the belief MDP is finite.
Completed iteration #0. Current checktime is 0.003s. Over-approx MDP has size 331. Current result is ≤1.
 WARN (ApproximatePOMDPModelchecker.cpp:322): No termination criterion for refinement given. Consider to specify a steplimit, a non-zero precisionlimit, or a timeout
 WARN (SparseMdpPrctlHelper.cpp:396): A non-empty hint was provided, but its information will be disregarded.
Completed iteration #1. Current checktime is 0.020s. Over-approx MDP has size 1988. Current result is ≤1.
 WARN (SparseMdpPrctlHelper.cpp:396): A non-empty hint was provided, but its information will be disregarded.
Over-approx result for refinement improved after 0.325s in refinement step #2. New value is '0.941468254'.
Completed iteration #2. Current checktime is 0.325s. Over-approx MDP has size 19847. Current result is ≤0.941468254.
 WARN (SparseMdpPrctlHelper.cpp:396): A non-empty hint was provided, but its information will be disregarded.
Over-approx result for refinement improved after 2.547s in refinement step #3. New value is '0.9345238095'.
Completed iteration #3. Current checktime is 2.547s. Over-approx MDP has size 122605. Current result is ≤0.9345238095.
 WARN (SparseMdpPrctlHelper.cpp:396): A non-empty hint was provided, but its information will be disregarded.
Over-approx result for refinement improved after 9.417s in refinement step #4. New value is '0.9345238095'.
Completed iteration #4. Current checktime is 9.417s. Over-approx MDP has size 357340. Current result is ≤0.9345238095.
 WARN (SparseMdpPrctlHelper.cpp:396): A non-empty hint was provided, but its information will be disregarded.
Over-approx result for refinement improved after 18.512s in refinement step #5. New value is '0.9300595238'.
Completed iteration #5. Current checktime is 18.512s. Over-approx MDP has size 430223. Current result is ≤0.9300595238.
 WARN (SparseMdpPrctlHelper.cpp:396): A non-empty hint was provided, but its information will be disregarded.
Over-approx result for refinement improved after 29.938s in refinement step #6. New value is '0.9293154762'.
Completed iteration #6. Current checktime is 29.938s. Over-approx MDP has size 540531. Current result is ≤0.9293154762.
 WARN (SparseMdpPrctlHelper.cpp:396): A non-empty hint was provided, but its information will be disregarded.
Over-approx result for refinement improved after 44.038s in refinement step #7. New value is '0.9293154762'.
Completed iteration #7. Current checktime is 44.038s. Over-approx MDP has size 677802. Current result is ≤0.9293154762.
 WARN (SparseMdpPrctlHelper.cpp:396): A non-empty hint was provided, but its information will be disregarded.
Over-approx result for refinement improved after 56.393s in refinement step #8. New value is '0.9287574405'.
Completed iteration #8. Current checktime is 56.393s. Over-approx MDP has size 548143. Current result is ≤0.9287574405.
 WARN (SparseMdpPrctlHelper.cpp:396): A non-empty hint was provided, but its information will be disregarded.
Over-approx result for refinement improved after 69.451s in refinement step #9. New value is '0.9286644345'.
Completed iteration #9. Current checktime is 69.451s. Over-approx MDP has size 612524. Current result is ≤0.9286644345.
 WARN (SparseMdpPrctlHelper.cpp:396): A non-empty hint was provided, but its information will be disregarded.
Over-approx result for refinement improved after 83.583s in refinement step #10. New value is '0.9286644345'.
Completed iteration #10. Current checktime is 83.583s. Over-approx MDP has size 647375. Current result is ≤0.9286644345.
 WARN (SparseMdpPrctlHelper.cpp:396): A non-empty hint was provided, but its information will be disregarded.
Over-approx result for refinement improved after 95.529s in refinement step #11. New value is '0.92859468'.
Completed iteration #11. Current checktime is 95.529s. Over-approx MDP has size 529023. Current result is ≤0.92859468.
 WARN (SparseMdpPrctlHelper.cpp:396): A non-empty hint was provided, but its information will be disregarded.
Over-approx result for refinement improved after 109.653s in refinement step #12. New value is '0.9285830543'.
Completed iteration #12. Current checktime is 109.653s. Over-approx MDP has size 613197. Current result is ≤0.9285830543.
 WARN (SparseMdpPrctlHelper.cpp:396): A non-empty hint was provided, but its information will be disregarded.
Over-approx result for refinement improved after 124.339s in refinement step #13. New value is '0.9285830543'.
Completed iteration #13. Current checktime is 124.339s. Over-approx MDP has size 679252. Current result is ≤0.9285830543.
 WARN (SparseMdpPrctlHelper.cpp:396): A non-empty hint was provided, but its information will be disregarded.
Over-approx result for refinement improved after 134.789s in refinement step #14. New value is '0.9285743349'.
Completed iteration #14. Current checktime is 134.789s. Over-approx MDP has size 440967. Current result is ≤0.9285743349.
 WARN (SparseMdpPrctlHelper.cpp:396): A non-empty hint was provided, but its information will be disregarded.
Over-approx result for refinement improved after 145.502s in refinement step #15. New value is '0.9285728816'.
Completed iteration #15. Current checktime is 145.502s. Over-approx MDP has size 495810. Current result is ≤0.9285728816.
 WARN (SparseMdpPrctlHelper.cpp:396): A non-empty hint was provided, but its information will be disregarded.
Over-approx result for refinement improved after 158.292s in refinement step #16. New value is '0.9285728814'.
Completed iteration #16. Current checktime is 158.292s. Over-approx MDP has size 580112. Current result is ≤0.9285728814.
 WARN (SparseMdpPrctlHelper.cpp:396): A non-empty hint was provided, but its information will be disregarded.
Over-approx result for refinement improved after 171.065s in refinement step #17. New value is '0.9285717911'.
Completed iteration #17. Current checktime is 171.066s. Over-approx MDP has size 552340. Current result is ≤0.9285717911.
 WARN (SparseMdpPrctlHelper.cpp:396): A non-empty hint was provided, but its information will be disregarded.
Over-approx result for refinement improved after 184.163s in refinement step #18. New value is '0.9285716087'.
Completed iteration #18. Current checktime is 184.163s. Over-approx MDP has size 570095. Current result is ≤0.9285716087.
 WARN (SparseMdpPrctlHelper.cpp:396): A non-empty hint was provided, but its information will be disregarded.
Over-approx result for refinement improved after 197.325s in refinement step #19. New value is '0.9285716072'.
Completed iteration #19. Current checktime is 197.325s. Over-approx MDP has size 593958. Current result is ≤0.9285716072.
 WARN (SparseMdpPrctlHelper.cpp:396): A non-empty hint was provided, but its information will be disregarded.
Over-approx result for refinement improved after 208.684s in refinement step #20. New value is '0.9285714681'.
Completed iteration #20. Current checktime is 208.684s. Over-approx MDP has size 503152. Current result is ≤0.9285714681.
 WARN (SparseMdpPrctlHelper.cpp:396): A non-empty hint was provided, but its information will be disregarded.
Over-approx result for refinement improved after 225.286s in refinement step #21. New value is '0.9285714512'.
Completed iteration #21. Current checktime is 225.286s. Over-approx MDP has size 690610. Current result is ≤0.9285714512.
 WARN (SparseMdpPrctlHelper.cpp:396): A non-empty hint was provided, but its information will be disregarded.
Completed iteration #22. Current checktime is 243.881s. Over-approx MDP has size 835861. Current result is ≤0.9285714512.
 WARN (SparseMdpPrctlHelper.cpp:396): A non-empty hint was provided, but its information will be disregarded.
Over-approx result for refinement improved after 259.298s in refinement step #23. New value is '0.9285714342'.
Completed iteration #23. Current checktime is 259.298s. Over-approx MDP has size 647818. Current result is ≤0.9285714342.
 WARN (SparseMdpPrctlHelper.cpp:396): A non-empty hint was provided, but its information will be disregarded.
Over-approx result for refinement improved after 301.629s in refinement step #24. New value is '0.9285714314'.
Completed iteration #24. Current checktime is 301.629s. Over-approx MDP has size 2595781. Current result is ≤0.9285714314.
 WARN (SparseMdpPrctlHelper.cpp:396): A non-empty hint was provided, but its information will be disregarded.
Over-approx result for refinement improved after 520.283s in refinement step #25. New value is '0.9285714314'.
Completed iteration #25. Current checktime is 520.283s. Over-approx MDP has size 11305647. Current result is ≤0.9285714314.
