COMMAND: ../storm/build/bin/storm-pomdp --prism ../models/maze2/maze2-sl.prism --prop ../models/maze2/maze2.props --constants sl=0.3 --belief-exploration discretize --refine 0 --timeout 1800 --triangulationmode dynamic -tm --signal-timeout 600 --sound
WALLTIME (seconds): 1817.1680252552032

############################## LOG ##############################
Storm-pomdp 1.5.2 (dev)

Date: Tue May 12 00:49:08 2020
Command line arguments: --prism ../models/maze2/maze2-sl.prism --prop ../models/maze2/maze2.props --constants sl=0.3 --belief-exploration discretize --refine 0 --timeout 1800 --triangulationmode dynamic -tm --signal-timeout 600 --sound
Current working directory: .s

Time for model input parsing: 0.004s.

Time for model construction: 0.018s.

-------------------------------------------------------------- 
Model type: 	POMDP (sparse)
States: 	15
Transitions: 	91
Choices: 	54
Observations: 	8
Reward Models:  (default)
State Labels: 	3 labels
   * deadlock -> 0 item(s)
   * goal -> 1 item(s)
   * init -> 1 item(s)
Choice Labels: 	4 labels
   * west -> 13 item(s)
   * north -> 13 item(s)
   * east -> 13 item(s)
   * south -> 13 item(s)
-------------------------------------------------------------- 
Analyzing property 'R[exp]min=? [F "goal"]'
Exploring the belief MDP... Keeping scheduler guesses bit vector(3/7) [0 4 6 ]
Initial value bounds are [7.252747188, 22.58242082]
 WARN (SparseMdpPrctlHelper.cpp:396): A non-empty hint was provided, but its information will be disregarded.
Over-approx result for refinement improved after 0.005s seconds in refinement step #0. New value is '7.943485071'.
Completed iteration #0. Current checktime is 0.005s. Over-approx MDP has size 53. Current result is ≥7.943485071.
 WARN (ApproximatePOMDPModelchecker.cpp:322): No termination criterion for refinement given. Consider to specify a steplimit, a non-zero precisionlimit, or a timeout
 WARN (SparseMdpPrctlHelper.cpp:396): A non-empty hint was provided, but its information will be disregarded.
Over-approx result for refinement improved after 0.009s in refinement step #1. New value is '8.117651279'.
Completed iteration #1. Current checktime is 0.009s. Over-approx MDP has size 269. Current result is ≥8.117651279.
 WARN (SparseMdpPrctlHelper.cpp:396): A non-empty hint was provided, but its information will be disregarded.
Over-approx result for refinement improved after 0.041s in refinement step #2. New value is '8.131621166'.
Completed iteration #2. Current checktime is 0.041s. Over-approx MDP has size 1666. Current result is ≥8.131621166.
 WARN (SparseMdpPrctlHelper.cpp:396): A non-empty hint was provided, but its information will be disregarded.
Over-approx result for refinement improved after 0.333s in refinement step #3. New value is '8.131866658'.
Completed iteration #3. Current checktime is 0.333s. Over-approx MDP has size 11959. Current result is ≥8.131866658.
 WARN (SparseMdpPrctlHelper.cpp:396): A non-empty hint was provided, but its information will be disregarded.
Over-approx result for refinement improved after 3.404s in refinement step #4. New value is '8.131866663'.
Completed iteration #4. Current checktime is 3.404s. Over-approx MDP has size 100918. Current result is ≥8.131866663.
 WARN (SparseMdpPrctlHelper.cpp:396): A non-empty hint was provided, but its information will be disregarded.
Completed iteration #5. Current checktime is 34.300s. Over-approx MDP has size 831167. Current result is ≥8.131866663.
 WARN (SparseMdpPrctlHelper.cpp:396): A non-empty hint was provided, but its information will be disregarded.
 WARN (AbstractEquationSolver.cpp:292): Iterative solver was aborted after 3084 iterations.
 WARN (TopologicalMinMaxLinearEquationSolver.cpp:99): Topological solver aborted after analyzing 417940/417949 SCCs.
##### Grid Approximation Statistics ######
# Input model: 
-------------------------------------------------------------- 
Model type: 	POMDP (sparse)
States: 	15
Transitions: 	91
Choices: 	54
Observations: 	8
Reward Models:  (default)
State Labels: 	3 labels
   * deadlock -> 0 item(s)
   * goal -> 1 item(s)
   * init -> 1 item(s)
Choice Labels: 	none
-------------------------------------------------------------- 
# Max. Number of states with same observation: 6
# Computation aborted early
# Total check time: 1811.326s
# Number of refinement steps: 5
# Number of states in the final grid MDP for the over-approximation: 831167
# Maximal resolution for over-approximation: 192
# Time spend for building the over-approx grid MDP(s): 224.822s
# Time spend for checking the over-approx grid MDP(s): 1575.929s
##########################################

Result till abort: ≥ 8.131866663
Time for POMDP analysis: 1816.643s.

##############################Output to stderr##############################
ERROR: The program received signal 14 and will be aborted in 600s.
