COMMAND: ../storm/build/bin/storm-pomdp --prism ../models/maze2/maze2-sl.prism --prop ../models/maze2/maze2.props --constants sl=0.3 --belief-exploration discretize --refine 0 --timeout 1800 --triangulationmode dynamic --resolution 3 2 --obs-threshold 0.1 0.1 --size-threshold 0 4 --gap-threshold 0.1 0.25 --scheduler-threshold 0.5 -tm --signal-timeout 600 --sound
WALLTIME (seconds): 1802.0108535289764

############################## LOG ##############################
Storm-pomdp 1.5.2 (dev)

Date: Tue May 12 00:49:09 2020
Command line arguments: --prism ../models/maze2/maze2-sl.prism --prop ../models/maze2/maze2.props --constants sl=0.3 --belief-exploration discretize --refine 0 --timeout 1800 --triangulationmode dynamic --resolution 3 2 --obs-threshold 0.1 0.1 --size-threshold 0 4 --gap-threshold 0.1 0.25 --scheduler-threshold 0.5 -tm --signal-timeout 600 --sound
Current working directory: .s

Time for model input parsing: 0.012s.

Time for model construction: 0.018s.

-------------------------------------------------------------- 
Model type: 	POMDP (sparse)
States: 	15
Transitions: 	91
Choices: 	54
Observations: 	8
Reward Models:  (default)
State Labels: 	3 labels
   * deadlock -> 0 item(s)
   * goal -> 1 item(s)
   * init -> 1 item(s)
Choice Labels: 	4 labels
   * west -> 13 item(s)
   * north -> 13 item(s)
   * east -> 13 item(s)
   * south -> 13 item(s)
-------------------------------------------------------------- 
Analyzing property 'R[exp]min=? [F "goal"]'
Exploring the belief MDP... Keeping scheduler guesses bit vector(3/7) [0 4 6 ]
Initial value bounds are [7.252747188, 22.58242082]
 WARN (SparseMdpPrctlHelper.cpp:396): A non-empty hint was provided, but its information will be disregarded.
Over-approx result for refinement improved after 0.005s seconds in refinement step #0. New value is '7.943485071'.
Completed iteration #0. Current checktime is 0.005s. Over-approx MDP has size 53. Current result is ≥7.943485071.
 WARN (ApproximatePOMDPModelchecker.cpp:322): No termination criterion for refinement given. Consider to specify a steplimit, a non-zero precisionlimit, or a timeout
 WARN (SparseMdpPrctlHelper.cpp:396): A non-empty hint was provided, but its information will be disregarded.
Over-approx result for refinement improved after 0.010s in refinement step #1. New value is '8.117678628'.
Completed iteration #1. Current checktime is 0.010s. Over-approx MDP has size 270. Current result is ≥8.117678628.
 WARN (SparseMdpPrctlHelper.cpp:396): A non-empty hint was provided, but its information will be disregarded.
Over-approx result for refinement improved after 0.042s in refinement step #2. New value is '8.131611861'.
Completed iteration #2. Current checktime is 0.042s. Over-approx MDP has size 1580. Current result is ≥8.131611861.
 WARN (SparseMdpPrctlHelper.cpp:396): A non-empty hint was provided, but its information will be disregarded.
Over-approx result for refinement improved after 0.315s in refinement step #3. New value is '8.131867138'.
Completed iteration #3. Current checktime is 0.315s. Over-approx MDP has size 10722. Current result is ≥8.131867138.
 WARN (SparseMdpPrctlHelper.cpp:396): A non-empty hint was provided, but its information will be disregarded.
Over-approx result for refinement improved after 2.792s in refinement step #4. New value is '8.131868112'.
Completed iteration #4. Current checktime is 2.792s. Over-approx MDP has size 78455. Current result is ≥8.131868112.
 WARN (SparseMdpPrctlHelper.cpp:396): A non-empty hint was provided, but its information will be disregarded.
 WARN (AbstractEquationSolver.cpp:292): Iterative solver was aborted after 40121 iterations.
 WARN (TopologicalMinMaxLinearEquationSolver.cpp:99): Topological solver aborted after analyzing 20416/20423 SCCs.
##### Grid Approximation Statistics ######
# Input model: 
-------------------------------------------------------------- 
Model type: 	POMDP (sparse)
States: 	15
Transitions: 	91
Choices: 	54
Observations: 	8
Reward Models:  (default)
State Labels: 	3 labels
   * deadlock -> 0 item(s)
   * goal -> 1 item(s)
   * init -> 1 item(s)
Choice Labels: 	none
-------------------------------------------------------------- 
# Max. Number of states with same observation: 6
# Computation aborted early
# Total check time: 1801.466s
# Number of refinement steps: 4
# Number of states in the final grid MDP for the over-approximation: 78455
# Maximal resolution for over-approximation: 96
# Time spend for building the over-approx grid MDP(s): 19.700s
# Time spend for checking the over-approx grid MDP(s): 1780.257s
##########################################

Result till abort: ≥ 8.131868112
Time for POMDP analysis: 1801.466s.

##############################Output to stderr##############################
ERROR: The program received signal 14 and will be aborted in 600s.
