COMMAND: ../storm/build/bin/storm-pomdp --prism ../models/maze2/maze2-sl.prism --prop ../models/maze2/maze2.props --constants sl=0.3 --belief-exploration discretize --refine 0 --timeout 1800 --triangulationmode dynamic --resolution 2 1.4142135624 --obs-threshold 0.1 0.1 --size-threshold 0 4 --gap-threshold 0.1 0.25 --scheduler-threshold 0.001 -tm --signal-timeout 600 --sound
WALLTIME (seconds): 818.8380675315857
ERROR: -9
############################## LOG ##############################
Storm-pomdp 1.5.2 (dev)

Date: Tue May 12 00:49:08 2020
Command line arguments: --prism ../models/maze2/maze2-sl.prism --prop ../models/maze2/maze2.props --constants sl=0.3 --belief-exploration discretize --refine 0 --timeout 1800 --triangulationmode dynamic --resolution 2 1.4142135624 --obs-threshold 0.1 0.1 --size-threshold 0 4 --gap-threshold 0.1 0.25 --scheduler-threshold 0.001 -tm --signal-timeout 600 --sound
Current working directory: .s

Time for model input parsing: 0.004s.

Time for model construction: 0.018s.

-------------------------------------------------------------- 
Model type: 	POMDP (sparse)
States: 	15
Transitions: 	91
Choices: 	54
Observations: 	8
Reward Models:  (default)
State Labels: 	3 labels
   * deadlock -> 0 item(s)
   * goal -> 1 item(s)
   * init -> 1 item(s)
Choice Labels: 	4 labels
   * west -> 13 item(s)
   * north -> 13 item(s)
   * east -> 13 item(s)
   * south -> 13 item(s)
-------------------------------------------------------------- 
Analyzing property 'R[exp]min=? [F "goal"]'
Exploring the belief MDP... Keeping scheduler guesses bit vector(3/7) [0 4 6 ]
Initial value bounds are [7.252747188, 22.58242082]
 WARN (SparseMdpPrctlHelper.cpp:396): A non-empty hint was provided, but its information will be disregarded.
Over-approx result for refinement improved after 0.005s seconds in refinement step #0. New value is '7.4725274'.
Completed iteration #0. Current checktime is 0.005s. Over-approx MDP has size 20. Current result is ≥7.4725274.
 WARN (ApproximatePOMDPModelchecker.cpp:322): No termination criterion for refinement given. Consider to specify a steplimit, a non-zero precisionlimit, or a timeout
 WARN (SparseMdpPrctlHelper.cpp:396): A non-empty hint was provided, but its information will be disregarded.
Over-approx result for refinement improved after 0.006s in refinement step #1. New value is '7.943485029'.
Completed iteration #1. Current checktime is 0.006s. Over-approx MDP has size 55. Current result is ≥7.943485029.
 WARN (SparseMdpPrctlHelper.cpp:396): A non-empty hint was provided, but its information will be disregarded.
Over-approx result for refinement improved after 0.009s in refinement step #2. New value is '8.087771035'.
Completed iteration #2. Current checktime is 0.009s. Over-approx MDP has size 200. Current result is ≥8.087771035.
 WARN (SparseMdpPrctlHelper.cpp:396): A non-empty hint was provided, but its information will be disregarded.
Over-approx result for refinement improved after 0.013s in refinement step #3. New value is '8.117678588'.
Completed iteration #3. Current checktime is 0.013s. Over-approx MDP has size 377. Current result is ≥8.117678588.
 WARN (SparseMdpPrctlHelper.cpp:396): A non-empty hint was provided, but its information will be disregarded.
Over-approx result for refinement improved after 0.032s in refinement step #4. New value is '8.129975452'.
Completed iteration #4. Current checktime is 0.032s. Over-approx MDP has size 1146. Current result is ≥8.129975452.
 WARN (SparseMdpPrctlHelper.cpp:396): A non-empty hint was provided, but its information will be disregarded.
Over-approx result for refinement improved after 0.077s in refinement step #5. New value is '8.131626587'.
Completed iteration #5. Current checktime is 0.077s. Over-approx MDP has size 2697. Current result is ≥8.131626587.
 WARN (SparseMdpPrctlHelper.cpp:396): A non-empty hint was provided, but its information will be disregarded.
Over-approx result for refinement improved after 0.262s in refinement step #6. New value is '8.131815844'.
Completed iteration #6. Current checktime is 0.262s. Over-approx MDP has size 9216. Current result is ≥8.131815844.
 WARN (SparseMdpPrctlHelper.cpp:396): A non-empty hint was provided, but its information will be disregarded.
Over-approx result for refinement improved after 1.036s in refinement step #7. New value is '8.131862456'.
Completed iteration #7. Current checktime is 1.036s. Over-approx MDP has size 32866. Current result is ≥8.131862456.
 WARN (SparseMdpPrctlHelper.cpp:396): A non-empty hint was provided, but its information will be disregarded.
Over-approx result for refinement improved after 3.574s in refinement step #8. New value is '8.131868113'.
Completed iteration #8. Current checktime is 3.574s. Over-approx MDP has size 97970. Current result is ≥8.131868113.
 WARN (SparseMdpPrctlHelper.cpp:396): A non-empty hint was provided, but its information will be disregarded.
Over-approx result for refinement improved after 14.376s in refinement step #9. New value is '8.131868126'.
Completed iteration #9. Current checktime is 14.376s. Over-approx MDP has size 350919. Current result is ≥8.131868126.
 WARN (SparseMdpPrctlHelper.cpp:396): A non-empty hint was provided, but its information will be disregarded.
Over-approx result for refinement improved after 56.919s in refinement step #10. New value is '8.13186813'.
Completed iteration #10. Current checktime is 56.919s. Over-approx MDP has size 1287134. Current result is ≥8.13186813.
 WARN (SparseMdpPrctlHelper.cpp:396): A non-empty hint was provided, but its information will be disregarded.
Over-approx result for refinement improved after 243.003s in refinement step #11. New value is '8.13186813'.
Completed iteration #11. Current checktime is 243.003s. Over-approx MDP has size 4855886. Current result is ≥8.13186813.
