COMMAND: ../storm/build/bin/storm-pomdp --prism ../models/maze2/maze2-sl.prism --prop ../models/maze2/maze2.props --constants sl=0.1 --belief-exploration discretize --refine 0 --timeout 1800 --triangulationmode dynamic --resolution 3 2 --obs-threshold 0.1 0.1 --size-threshold 0 2 --gap-threshold 0.1 0.25 --scheduler-threshold 0.001 -tm --signal-timeout 600 --sound
WALLTIME (seconds): 1807.1915674209595

############################## LOG ##############################
Storm-pomdp 1.5.2 (dev)

Date: Tue May 12 00:46:33 2020
Command line arguments: --prism ../models/maze2/maze2-sl.prism --prop ../models/maze2/maze2.props --constants sl=0.1 --belief-exploration discretize --refine 0 --timeout 1800 --triangulationmode dynamic --resolution 3 2 --obs-threshold 0.1 0.1 --size-threshold 0 2 --gap-threshold 0.1 0.25 --scheduler-threshold 0.001 -tm --signal-timeout 600 --sound
Current working directory: .s

Time for model input parsing: 0.004s.

Time for model construction: 0.018s.

-------------------------------------------------------------- 
Model type: 	POMDP (sparse)
States: 	15
Transitions: 	91
Choices: 	54
Observations: 	8
Reward Models:  (default)
State Labels: 	3 labels
   * deadlock -> 0 item(s)
   * goal -> 1 item(s)
   * init -> 1 item(s)
Choice Labels: 	4 labels
   * west -> 13 item(s)
   * north -> 13 item(s)
   * east -> 13 item(s)
   * south -> 13 item(s)
-------------------------------------------------------------- 
Analyzing property 'R[exp]min=? [F "goal"]'
Exploring the belief MDP... Keeping scheduler guesses bit vector(3/7) [0 4 6 ]
Initial value bounds are [5.641025661, 17.56410712]
 WARN (SparseMdpPrctlHelper.cpp:396): A non-empty hint was provided, but its information will be disregarded.
Over-approx result for refinement improved after 0.004s seconds in refinement step #0. New value is '6.201243203'.
Completed iteration #0. Current checktime is 0.004s. Over-approx MDP has size 55. Current result is ≥6.201243203.
 WARN (ApproximatePOMDPModelchecker.cpp:322): No termination criterion for refinement given. Consider to specify a steplimit, a non-zero precisionlimit, or a timeout
 WARN (SparseMdpPrctlHelper.cpp:396): A non-empty hint was provided, but its information will be disregarded.
Over-approx result for refinement improved after 0.007s in refinement step #1. New value is '6.317559464'.
Completed iteration #1. Current checktime is 0.007s. Over-approx MDP has size 241. Current result is ≥6.317559464.
 WARN (SparseMdpPrctlHelper.cpp:396): A non-empty hint was provided, but its information will be disregarded.
Over-approx result for refinement improved after 0.024s in refinement step #2. New value is '6.321233825'.
Completed iteration #2. Current checktime is 0.024s. Over-approx MDP has size 1043. Current result is ≥6.321233825.
 WARN (SparseMdpPrctlHelper.cpp:396): A non-empty hint was provided, but its information will be disregarded.
Over-approx result for refinement improved after 0.134s in refinement step #3. New value is '6.324722817'.
Completed iteration #3. Current checktime is 0.134s. Over-approx MDP has size 5629. Current result is ≥6.324722817.
 WARN (SparseMdpPrctlHelper.cpp:396): A non-empty hint was provided, but its information will be disregarded.
Over-approx result for refinement improved after 0.897s in refinement step #4. New value is '6.324785801'.
Completed iteration #4. Current checktime is 0.897s. Over-approx MDP has size 30902. Current result is ≥6.324785801.
 WARN (SparseMdpPrctlHelper.cpp:396): A non-empty hint was provided, but its information will be disregarded.
Over-approx result for refinement improved after 5.067s in refinement step #5. New value is '6.324786326'.
Completed iteration #5. Current checktime is 5.067s. Over-approx MDP has size 138371. Current result is ≥6.324786326.
 WARN (SparseMdpPrctlHelper.cpp:396): A non-empty hint was provided, but its information will be disregarded.
Completed iteration #6. Current checktime is 25.779s. Over-approx MDP has size 562218. Current result is ≥6.324786326.
 WARN (SparseMdpPrctlHelper.cpp:396): A non-empty hint was provided, but its information will be disregarded.
 WARN (AbstractEquationSolver.cpp:292): Iterative solver was aborted after 10756 iterations.
 WARN (TopologicalMinMaxLinearEquationSolver.cpp:99): Topological solver aborted after analyzing 326937/326940 SCCs.
##### Grid Approximation Statistics ######
# Input model: 
-------------------------------------------------------------- 
Model type: 	POMDP (sparse)
States: 	15
Transitions: 	91
Choices: 	54
Observations: 	8
Reward Models:  (default)
State Labels: 	3 labels
   * deadlock -> 0 item(s)
   * goal -> 1 item(s)
   * init -> 1 item(s)
Choice Labels: 	none
-------------------------------------------------------------- 
# Max. Number of states with same observation: 6
# Computation aborted early
# Total check time: 1804.759s
# Number of refinement steps: 6
# Number of states in the final grid MDP for the over-approximation: 562218
# Maximal resolution for over-approximation: 384
# Time spend for building the over-approx grid MDP(s): 115.530s
# Time spend for checking the over-approx grid MDP(s): 1684.732s
##########################################

Result till abort: ≥ 6.324786326
Time for POMDP analysis: 1807.012s.

##############################Output to stderr##############################
ERROR: The program received signal 14 and will be aborted in 600s.
