COMMAND: ../storm/build/bin/storm-pomdp --prism ../models/maze2/maze2-sl.prism --prop ../models/maze2/maze2.props --constants sl=0 --belief-exploration discretize --refine 0 --timeout 1800 --triangulationmode static --resolution 2 1.4142135624 --obs-threshold 0.1 0.1 --size-threshold 0 4 --gap-threshold 0.1 0.25 --scheduler-threshold 0.001 -tm --signal-timeout 600 --sound
WALLTIME (seconds): 666.7617042064667
ERROR: -9
############################## LOG ##############################
Storm-pomdp 1.5.2 (dev)

Date: Tue May 12 00:43:52 2020
Command line arguments: --prism ../models/maze2/maze2-sl.prism --prop ../models/maze2/maze2.props --constants sl=0 --belief-exploration discretize --refine 0 --timeout 1800 --triangulationmode static --resolution 2 1.4142135624 --obs-threshold 0.1 0.1 --size-threshold 0 4 --gap-threshold 0.1 0.25 --scheduler-threshold 0.001 -tm --signal-timeout 600 --sound
Current working directory: .s

Time for model input parsing: 0.003s.

Time for model construction: 0.017s.

-------------------------------------------------------------- 
Model type: 	POMDP (sparse)
States: 	15
Transitions: 	66
Choices: 	54
Observations: 	8
Reward Models:  (default)
State Labels: 	3 labels
   * deadlock -> 0 item(s)
   * goal -> 1 item(s)
   * init -> 1 item(s)
Choice Labels: 	4 labels
   * west -> 13 item(s)
   * north -> 13 item(s)
   * east -> 13 item(s)
   * south -> 13 item(s)
-------------------------------------------------------------- 
Analyzing property 'R[exp]min=? [F "goal"]'
Exploring the belief MDP... Keeping scheduler guesses bit vector(3/7) [0 4 6 ]
Initial value bounds are [5.07692316, 15.80769438]
Detected that the belief MDP is finite.
 WARN (SparseMdpPrctlHelper.cpp:396): A non-empty hint was provided, but its information will be disregarded.
Over-approx result for refinement improved after 0.003s seconds in refinement step #0. New value is '5.230769271'.
Completed iteration #0. Current checktime is 0.003s. Over-approx MDP has size 20. Current result is ≥5.230769271.
 WARN (ApproximatePOMDPModelchecker.cpp:322): No termination criterion for refinement given. Consider to specify a steplimit, a non-zero precisionlimit, or a timeout
 WARN (SparseMdpPrctlHelper.cpp:396): A non-empty hint was provided, but its information will be disregarded.
Completed iteration #1. Current checktime is 0.003s. Over-approx MDP has size 23. Current result is ≥5.230769271.
 WARN (SparseMdpPrctlHelper.cpp:396): A non-empty hint was provided, but its information will be disregarded.
Over-approx result for refinement improved after 0.004s in refinement step #2. New value is '5.538461564'.
Completed iteration #2. Current checktime is 0.004s. Over-approx MDP has size 24. Current result is ≥5.538461564.
 WARN (SparseMdpPrctlHelper.cpp:396): A non-empty hint was provided, but its information will be disregarded.
Over-approx result for refinement improved after 0.004s in refinement step #3. New value is '5.692307722'.
Completed iteration #3. Current checktime is 0.004s. Over-approx MDP has size 42. Current result is ≥5.692307722.
 WARN (SparseMdpPrctlHelper.cpp:396): A non-empty hint was provided, but its information will be disregarded.
Completed iteration #4. Current checktime is 0.004s. Over-approx MDP has size 23. Current result is ≥5.692307722.
 WARN (SparseMdpPrctlHelper.cpp:396): A non-empty hint was provided, but its information will be disregarded.
Completed iteration #5. Current checktime is 0.005s. Over-approx MDP has size 30. Current result is ≥5.692307722.
 WARN (SparseMdpPrctlHelper.cpp:396): A non-empty hint was provided, but its information will be disregarded.
Completed iteration #6. Current checktime is 0.005s. Over-approx MDP has size 32. Current result is ≥5.692307722.
 WARN (SparseMdpPrctlHelper.cpp:396): A non-empty hint was provided, but its information will be disregarded.
Completed iteration #7. Current checktime is 0.006s. Over-approx MDP has size 43. Current result is ≥5.692307722.
 WARN (SparseMdpPrctlHelper.cpp:396): A non-empty hint was provided, but its information will be disregarded.
Completed iteration #8. Current checktime is 0.006s. Over-approx MDP has size 23. Current result is ≥5.692307722.
 WARN (SparseMdpPrctlHelper.cpp:396): A non-empty hint was provided, but its information will be disregarded.
Completed iteration #9. Current checktime is 0.006s. Over-approx MDP has size 36. Current result is ≥5.692307722.
 WARN (SparseMdpPrctlHelper.cpp:396): A non-empty hint was provided, but its information will be disregarded.
Completed iteration #10. Current checktime is 0.007s. Over-approx MDP has size 59. Current result is ≥5.692307722.
 WARN (SparseMdpPrctlHelper.cpp:396): A non-empty hint was provided, but its information will be disregarded.
Completed iteration #11. Current checktime is 0.008s. Over-approx MDP has size 102. Current result is ≥5.692307722.
 WARN (SparseMdpPrctlHelper.cpp:396): A non-empty hint was provided, but its information will be disregarded.
Completed iteration #12. Current checktime is 0.009s. Over-approx MDP has size 118. Current result is ≥5.692307722.
 WARN (SparseMdpPrctlHelper.cpp:396): A non-empty hint was provided, but its information will be disregarded.
Completed iteration #13. Current checktime is 0.010s. Over-approx MDP has size 149. Current result is ≥5.692307722.
 WARN (SparseMdpPrctlHelper.cpp:396): A non-empty hint was provided, but its information will be disregarded.
Completed iteration #14. Current checktime is 0.012s. Over-approx MDP has size 214. Current result is ≥5.692307722.
 WARN (SparseMdpPrctlHelper.cpp:396): A non-empty hint was provided, but its information will be disregarded.
Completed iteration #15. Current checktime is 0.013s. Over-approx MDP has size 231. Current result is ≥5.692307722.
 WARN (SparseMdpPrctlHelper.cpp:396): A non-empty hint was provided, but its information will be disregarded.
Completed iteration #16. Current checktime is 0.015s. Over-approx MDP has size 247. Current result is ≥5.692307722.
 WARN (SparseMdpPrctlHelper.cpp:396): A non-empty hint was provided, but its information will be disregarded.
Completed iteration #17. Current checktime is 0.016s. Over-approx MDP has size 252. Current result is ≥5.692307722.
 WARN (SparseMdpPrctlHelper.cpp:396): A non-empty hint was provided, but its information will be disregarded.
Completed iteration #18. Current checktime is 0.017s. Over-approx MDP has size 282. Current result is ≥5.692307722.
 WARN (SparseMdpPrctlHelper.cpp:396): A non-empty hint was provided, but its information will be disregarded.
Completed iteration #19. Current checktime is 0.024s. Over-approx MDP has size 1012. Current result is ≥5.692307722.
 WARN (SparseMdpPrctlHelper.cpp:396): A non-empty hint was provided, but its information will be disregarded.
Completed iteration #20. Current checktime is 0.031s. Over-approx MDP has size 1468. Current result is ≥5.692307722.
 WARN (SparseMdpPrctlHelper.cpp:396): A non-empty hint was provided, but its information will be disregarded.
Completed iteration #21. Current checktime is 0.041s. Over-approx MDP has size 2126. Current result is ≥5.692307722.
 WARN (SparseMdpPrctlHelper.cpp:396): A non-empty hint was provided, but its information will be disregarded.
Completed iteration #22. Current checktime is 0.049s. Over-approx MDP has size 2236. Current result is ≥5.692307722.
 WARN (SparseMdpPrctlHelper.cpp:396): A non-empty hint was provided, but its information will be disregarded.
Completed iteration #23. Current checktime is 0.058s. Over-approx MDP has size 2382. Current result is ≥5.692307722.
 WARN (SparseMdpPrctlHelper.cpp:396): A non-empty hint was provided, but its information will be disregarded.
Completed iteration #24. Current checktime is 0.070s. Over-approx MDP has size 2994. Current result is ≥5.692307722.
 WARN (SparseMdpPrctlHelper.cpp:396): A non-empty hint was provided, but its information will be disregarded.
Completed iteration #25. Current checktime is 0.098s. Over-approx MDP has size 5614. Current result is ≥5.692307722.
 WARN (SparseMdpPrctlHelper.cpp:396): A non-empty hint was provided, but its information will be disregarded.
Completed iteration #26. Current checktime is 0.181s. Over-approx MDP has size 11130. Current result is ≥5.692307722.
 WARN (SparseMdpPrctlHelper.cpp:396): A non-empty hint was provided, but its information will be disregarded.
Completed iteration #27. Current checktime is 0.309s. Over-approx MDP has size 15712. Current result is ≥5.692307722.
 WARN (SparseMdpPrctlHelper.cpp:396): A non-empty hint was provided, but its information will be disregarded.
Completed iteration #28. Current checktime is 0.436s. Over-approx MDP has size 23098. Current result is ≥5.692307722.
 WARN (SparseMdpPrctlHelper.cpp:396): A non-empty hint was provided, but its information will be disregarded.
Completed iteration #29. Current checktime is 0.538s. Over-approx MDP has size 23101. Current result is ≥5.692307722.
 WARN (SparseMdpPrctlHelper.cpp:396): A non-empty hint was provided, but its information will be disregarded.
Completed iteration #30. Current checktime is 0.633s. Over-approx MDP has size 23140. Current result is ≥5.692307722.
 WARN (SparseMdpPrctlHelper.cpp:396): A non-empty hint was provided, but its information will be disregarded.
Completed iteration #31. Current checktime is 0.676s. Over-approx MDP has size 2208. Current result is ≥5.692307722.
 WARN (SparseMdpPrctlHelper.cpp:396): A non-empty hint was provided, but its information will be disregarded.
Completed iteration #32. Current checktime is 0.699s. Over-approx MDP has size 3096. Current result is ≥5.692307722.
 WARN (SparseMdpPrctlHelper.cpp:396): A non-empty hint was provided, but its information will be disregarded.
Completed iteration #33. Current checktime is 0.795s. Over-approx MDP has size 12398. Current result is ≥5.692307722.
 WARN (SparseMdpPrctlHelper.cpp:396): A non-empty hint was provided, but its information will be disregarded.
Completed iteration #34. Current checktime is 1.208s. Over-approx MDP has size 49608. Current result is ≥5.692307722.
 WARN (SparseMdpPrctlHelper.cpp:396): A non-empty hint was provided, but its information will be disregarded.
Completed iteration #35. Current checktime is 2.936s. Over-approx MDP has size 198448. Current result is ≥5.692307722.
 WARN (SparseMdpPrctlHelper.cpp:396): A non-empty hint was provided, but its information will be disregarded.
Completed iteration #36. Current checktime is 4.994s. Over-approx MDP has size 316727. Current result is ≥5.692307722.
 WARN (SparseMdpPrctlHelper.cpp:396): A non-empty hint was provided, but its information will be disregarded.
Completed iteration #37. Current checktime is 6.538s. Over-approx MDP has size 316735. Current result is ≥5.692307722.
 WARN (SparseMdpPrctlHelper.cpp:396): A non-empty hint was provided, but its information will be disregarded.
Completed iteration #38. Current checktime is 8.025s. Over-approx MDP has size 316765. Current result is ≥5.692307722.
 WARN (SparseMdpPrctlHelper.cpp:396): A non-empty hint was provided, but its information will be disregarded.
Completed iteration #39. Current checktime is 9.542s. Over-approx MDP has size 316759. Current result is ≥5.692307722.
 WARN (SparseMdpPrctlHelper.cpp:396): A non-empty hint was provided, but its information will be disregarded.
Completed iteration #40. Current checktime is 11.086s. Over-approx MDP has size 316765. Current result is ≥5.692307722.
 WARN (SparseMdpPrctlHelper.cpp:396): A non-empty hint was provided, but its information will be disregarded.
Completed iteration #41. Current checktime is 12.577s. Over-approx MDP has size 316763. Current result is ≥5.692307722.
 WARN (SparseMdpPrctlHelper.cpp:396): A non-empty hint was provided, but its information will be disregarded.
Completed iteration #42. Current checktime is 14.077s. Over-approx MDP has size 316791. Current result is ≥5.692307722.
 WARN (SparseMdpPrctlHelper.cpp:396): A non-empty hint was provided, but its information will be disregarded.
Completed iteration #43. Current checktime is 25.310s. Over-approx MDP has size 1267178. Current result is ≥5.692307722.
 WARN (SparseMdpPrctlHelper.cpp:396): A non-empty hint was provided, but its information will be disregarded.
Completed iteration #44. Current checktime is 71.484s. Over-approx MDP has size 5068728. Current result is ≥5.692307722.
 WARN (SparseMdpPrctlHelper.cpp:396): A non-empty hint was provided, but its information will be disregarded.
Completed iteration #45. Current checktime is 122.836s. Over-approx MDP has size 7744986. Current result is ≥5.692307722.
 WARN (SparseMdpPrctlHelper.cpp:396): A non-empty hint was provided, but its information will be disregarded.
Completed iteration #46. Current checktime is 197.970s. Over-approx MDP has size 11529800. Current result is ≥5.692307722.
 WARN (SparseMdpPrctlHelper.cpp:396): A non-empty hint was provided, but its information will be disregarded.
Completed iteration #47. Current checktime is 257.894s. Over-approx MDP has size 11529791. Current result is ≥5.692307722.
 WARN (SparseMdpPrctlHelper.cpp:396): A non-empty hint was provided, but its information will be disregarded.
Completed iteration #48. Current checktime is 319.205s. Over-approx MDP has size 11529818. Current result is ≥5.692307722.
 WARN (SparseMdpPrctlHelper.cpp:396): A non-empty hint was provided, but its information will be disregarded.
Completed iteration #49. Current checktime is 380.521s. Over-approx MDP has size 11529822. Current result is ≥5.692307722.
 WARN (SparseMdpPrctlHelper.cpp:396): A non-empty hint was provided, but its information will be disregarded.
Completed iteration #50. Current checktime is 441.819s. Over-approx MDP has size 11529852. Current result is ≥5.692307722.
