COMMAND: ../storm/build/bin/storm-pomdp --prism ../models/maze2/maze2-sl.prism --prop ../models/maze2/maze2.props --constants sl=0.1 --belief-exploration discretize --refine 0 --timeout 1800 --triangulationmode dynamic --resolution 2 1.4142135624 --obs-threshold 0.1 0.1 --size-threshold 0 4 --gap-threshold 0.1 0.25 --scheduler-threshold 0.001 -tm --signal-timeout 600 --sound
WALLTIME (seconds): 807.3279142379761
ERROR: -9
############################## LOG ##############################
Storm-pomdp 1.5.2 (dev)

Date: Tue May 12 00:46:30 2020
Command line arguments: --prism ../models/maze2/maze2-sl.prism --prop ../models/maze2/maze2.props --constants sl=0.1 --belief-exploration discretize --refine 0 --timeout 1800 --triangulationmode dynamic --resolution 2 1.4142135624 --obs-threshold 0.1 0.1 --size-threshold 0 4 --gap-threshold 0.1 0.25 --scheduler-threshold 0.001 -tm --signal-timeout 600 --sound
Current working directory: .s

Time for model input parsing: 0.004s.

Time for model construction: 0.018s.

-------------------------------------------------------------- 
Model type: 	POMDP (sparse)
States: 	15
Transitions: 	91
Choices: 	54
Observations: 	8
Reward Models:  (default)
State Labels: 	3 labels
   * deadlock -> 0 item(s)
   * goal -> 1 item(s)
   * init -> 1 item(s)
Choice Labels: 	4 labels
   * west -> 13 item(s)
   * north -> 13 item(s)
   * east -> 13 item(s)
   * south -> 13 item(s)
-------------------------------------------------------------- 
Analyzing property 'R[exp]min=? [F "goal"]'
Exploring the belief MDP... Keeping scheduler guesses bit vector(3/7) [0 4 6 ]
Initial value bounds are [5.641025661, 17.56410712]
 WARN (SparseMdpPrctlHelper.cpp:396): A non-empty hint was provided, but its information will be disregarded.
Over-approx result for refinement improved after 0.003s seconds in refinement step #0. New value is '5.811965813'.
Completed iteration #0. Current checktime is 0.003s. Over-approx MDP has size 20. Current result is ≥5.811965813.
 WARN (ApproximatePOMDPModelchecker.cpp:322): No termination criterion for refinement given. Consider to specify a steplimit, a non-zero precisionlimit, or a timeout
 WARN (SparseMdpPrctlHelper.cpp:396): A non-empty hint was provided, but its information will be disregarded.
Over-approx result for refinement improved after 0.004s in refinement step #1. New value is '5.811965815'.
Completed iteration #1. Current checktime is 0.004s. Over-approx MDP has size 23. Current result is ≥5.811965815.
 WARN (SparseMdpPrctlHelper.cpp:396): A non-empty hint was provided, but its information will be disregarded.
Over-approx result for refinement improved after 0.005s in refinement step #2. New value is '6.201243208'.
Completed iteration #2. Current checktime is 0.005s. Over-approx MDP has size 56. Current result is ≥6.201243208.
 WARN (SparseMdpPrctlHelper.cpp:396): A non-empty hint was provided, but its information will be disregarded.
Over-approx result for refinement improved after 0.006s in refinement step #3. New value is '6.309005074'.
Completed iteration #3. Current checktime is 0.006s. Over-approx MDP has size 128. Current result is ≥6.309005074.
 WARN (SparseMdpPrctlHelper.cpp:396): A non-empty hint was provided, but its information will be disregarded.
Over-approx result for refinement improved after 0.010s in refinement step #4. New value is '6.317560625'.
Completed iteration #4. Current checktime is 0.010s. Over-approx MDP has size 296. Current result is ≥6.317560625.
 WARN (SparseMdpPrctlHelper.cpp:396): A non-empty hint was provided, but its information will be disregarded.
Over-approx result for refinement improved after 0.019s in refinement step #5. New value is '6.322417423'.
Completed iteration #5. Current checktime is 0.019s. Over-approx MDP has size 769. Current result is ≥6.322417423.
 WARN (SparseMdpPrctlHelper.cpp:396): A non-empty hint was provided, but its information will be disregarded.
Completed iteration #6. Current checktime is 0.041s. Over-approx MDP has size 1682. Current result is ≥6.322417423.
 WARN (SparseMdpPrctlHelper.cpp:396): A non-empty hint was provided, but its information will be disregarded.
Over-approx result for refinement improved after 0.125s in refinement step #7. New value is '6.323488282'.
Completed iteration #7. Current checktime is 0.125s. Over-approx MDP has size 5264. Current result is ≥6.323488282.
 WARN (SparseMdpPrctlHelper.cpp:396): A non-empty hint was provided, but its information will be disregarded.
Over-approx result for refinement improved after 0.286s in refinement step #8. New value is '6.324682423'.
Completed iteration #8. Current checktime is 0.286s. Over-approx MDP has size 10485. Current result is ≥6.324682423.
 WARN (SparseMdpPrctlHelper.cpp:396): A non-empty hint was provided, but its information will be disregarded.
Over-approx result for refinement improved after 1.005s in refinement step #9. New value is '6.324780266'.
Completed iteration #9. Current checktime is 1.005s. Over-approx MDP has size 34667. Current result is ≥6.324780266.
 WARN (SparseMdpPrctlHelper.cpp:396): A non-empty hint was provided, but its information will be disregarded.
Over-approx result for refinement improved after 5.095s in refinement step #10. New value is '6.324785769'.
Completed iteration #10. Current checktime is 5.095s. Over-approx MDP has size 155257. Current result is ≥6.324785769.
 WARN (SparseMdpPrctlHelper.cpp:396): A non-empty hint was provided, but its information will be disregarded.
Over-approx result for refinement improved after 16.098s in refinement step #11. New value is '6.324786323'.
Completed iteration #11. Current checktime is 16.098s. Over-approx MDP has size 422032. Current result is ≥6.324786323.
 WARN (SparseMdpPrctlHelper.cpp:396): A non-empty hint was provided, but its information will be disregarded.
Over-approx result for refinement improved after 64.833s in refinement step #12. New value is '6.324786325'.
Completed iteration #12. Current checktime is 64.833s. Over-approx MDP has size 1567602. Current result is ≥6.324786325.
 WARN (SparseMdpPrctlHelper.cpp:396): A non-empty hint was provided, but its information will be disregarded.
Completed iteration #13. Current checktime is 252.466s. Over-approx MDP has size 5424904. Current result is ≥6.324786325.
