COMMAND: ../storm/build/bin/storm-pomdp --prism ../models/network/network2.prism --prop ../models/network/network.props --constants T=8,K=20 --belief-exploration discretize --refine 0 --timeout 1800 --triangulationmode dynamic --resolution 3 2 --obs-threshold 0.1 0.1 --size-threshold 0 2 --gap-threshold 0.1 0.25 --scheduler-threshold 0.001 -tm --signal-timeout 600 --sound
WALLTIME (seconds): 1845.9803762435913

############################## LOG ##############################
Storm-pomdp 1.5.2 (dev)

Date: Tue May 12 00:50:29 2020
Command line arguments: --prism ../models/network/network2.prism --prop ../models/network/network.props --constants 'T=8,K=20' --belief-exploration discretize --refine 0 --timeout 1800 --triangulationmode dynamic --resolution 3 2 --obs-threshold 0.1 0.1 --size-threshold 0 2 --gap-threshold 0.1 0.25 --scheduler-threshold 0.001 -tm --signal-timeout 600 --sound
Current working directory: .s

Time for model input parsing: 0.003s.

Time for model construction: 0.046s.

-------------------------------------------------------------- 
Model type: 	POMDP (sparse)
States: 	4589
Transitions: 	14020
Choices: 	6973
Observations: 	1173
Reward Models:  dropped_packets
State Labels: 	3 labels
   * deadlock -> 0 item(s)
   * (((sched = 0) & (t = (8 - 1))) & (k = (20 - 1))) -> 16 item(s)
   * init -> 1 item(s)
Choice Labels: 	4 labels
   * idle -> 2224 item(s)
   * send2 -> 1192 item(s)
   * send1 -> 1192 item(s)
   * slot -> 2349 item(s)
-------------------------------------------------------------- 
Analyzing property 'R[exp]{"dropped_packets"}min=? [F (((sched = 0) & (t = (8 - 1))) & (k = (20 - 1)))]'
Exploring the belief MDP... Keeping scheduler guesses bit vector(7/7) [0 1 2 3 4 5 6 ]
Initial value bounds are [2.556618378, 7.056088766]
Detected that the belief MDP is finite.
 WARN (SparseMdpPrctlHelper.cpp:396): A non-empty hint was provided, but its information will be disregarded.
Over-approx result for refinement improved after 0.140s seconds in refinement step #0. New value is '2.918894781'.
Completed iteration #0. Current checktime is 0.140s. Over-approx MDP has size 14838. Current result is ≥2.918894781.
 WARN (ApproximatePOMDPModelchecker.cpp:322): No termination criterion for refinement given. Consider to specify a steplimit, a non-zero precisionlimit, or a timeout
 WARN (SparseMdpPrctlHelper.cpp:396): A non-empty hint was provided, but its information will be disregarded.
Over-approx result for refinement improved after 0.288s in refinement step #1. New value is '3.021825503'.
Completed iteration #1. Current checktime is 0.288s. Over-approx MDP has size 21165. Current result is ≥3.021825503.
 WARN (SparseMdpPrctlHelper.cpp:396): A non-empty hint was provided, but its information will be disregarded.
Over-approx result for refinement improved after 0.719s in refinement step #2. New value is '3.159908149'.
Completed iteration #2. Current checktime is 0.719s. Over-approx MDP has size 47234. Current result is ≥3.159908149.
 WARN (SparseMdpPrctlHelper.cpp:396): A non-empty hint was provided, but its information will be disregarded.
Over-approx result for refinement improved after 1.700s in refinement step #3. New value is '3.185671822'.
Completed iteration #3. Current checktime is 1.700s. Over-approx MDP has size 104951. Current result is ≥3.185671822.
 WARN (SparseMdpPrctlHelper.cpp:396): A non-empty hint was provided, but its information will be disregarded.
Over-approx result for refinement improved after 3.958s in refinement step #4. New value is '3.197443058'.
Completed iteration #4. Current checktime is 3.958s. Over-approx MDP has size 228715. Current result is ≥3.197443058.
 WARN (SparseMdpPrctlHelper.cpp:396): A non-empty hint was provided, but its information will be disregarded.
Over-approx result for refinement improved after 9.044s in refinement step #5. New value is '3.198605815'.
Completed iteration #5. Current checktime is 9.044s. Over-approx MDP has size 498179. Current result is ≥3.198605815.
 WARN (SparseMdpPrctlHelper.cpp:396): A non-empty hint was provided, but its information will be disregarded.
Over-approx result for refinement improved after 20.137s in refinement step #6. New value is '3.198609534'.
Completed iteration #6. Current checktime is 20.137s. Over-approx MDP has size 1020960. Current result is ≥3.198609534.
 WARN (SparseMdpPrctlHelper.cpp:396): A non-empty hint was provided, but its information will be disregarded.
Over-approx result for refinement improved after 46.466s in refinement step #7. New value is '3.198957741'.
Completed iteration #7. Current checktime is 46.466s. Over-approx MDP has size 2140725. Current result is ≥3.198957741.
 WARN (SparseMdpPrctlHelper.cpp:396): A non-empty hint was provided, but its information will be disregarded.
Completed iteration #8. Current checktime is 104.470s. Over-approx MDP has size 4034175. Current result is ≥3.198957741.
 WARN (SparseMdpPrctlHelper.cpp:396): A non-empty hint was provided, but its information will be disregarded.
Over-approx result for refinement improved after 237.943s in refinement step #9. New value is '3.198957741'.
Completed iteration #9. Current checktime is 237.943s. Over-approx MDP has size 7056548. Current result is ≥3.198957741.
 WARN (SparseMdpPrctlHelper.cpp:396): A non-empty hint was provided, but its information will be disregarded.
Completed iteration #10. Current checktime is 655.569s. Over-approx MDP has size 13441176. Current result is ≥3.198957741.
##### Grid Approximation Statistics ######
# Input model: 
-------------------------------------------------------------- 
Model type: 	POMDP (sparse)
States: 	4589
Transitions: 	14020
Choices: 	6973
Observations: 	1173
Reward Models:  dropped_packets
State Labels: 	3 labels
   * deadlock -> 0 item(s)
   * (((sched = 0) & (t = (8 - 1))) & (k = (20 - 1))) -> 16 item(s)
   * init -> 1 item(s)
Choice Labels: 	none
-------------------------------------------------------------- 
# Max. Number of states with same observation: 4
# Computation aborted early
# Total check time: 1845.662s
# Number of refinement steps: 10
# Number of states in the final grid MDP for the over-approximation: 13441176
# Maximal resolution for over-approximation: 6144
# Time spend for building the over-approx grid MDP(s): 1743.373s
# Time spend for checking the over-approx grid MDP(s): 56.481s
##########################################

Result till abort: ≥ 3.198957741
Time for POMDP analysis: 1845.662s.

##############################Output to stderr##############################
ERROR: The program received signal 14 and will be aborted in 600s.
