COMMAND: ../storm/build/bin/storm-pomdp --prism ../models/network-priorities/network-priorities3.prism --prop ../models/network-priorities/network-priorities.props --constants T=5,K=2 --belief-exploration discretize --refine 0 --timeout 1800 --triangulationmode static --resolution 2 1.4142135624 --obs-threshold 0.1 0.1 --size-threshold 0 4 --gap-threshold 0.1 0.25 --scheduler-threshold 0.001 -tm --signal-timeout 600 --sound
WALLTIME (seconds): 1837.309731721878

############################## LOG ##############################
Storm-pomdp 1.5.2 (dev)

Date: Tue May 12 00:58:53 2020
Command line arguments: --prism ../models/network-priorities/network-priorities3.prism --prop ../models/network-priorities/network-priorities.props --constants 'T=5,K=2' --belief-exploration discretize --refine 0 --timeout 1800 --triangulationmode static --resolution 2 1.4142135624 --obs-threshold 0.1 0.1 --size-threshold 0 4 --gap-threshold 0.1 0.25 --scheduler-threshold 0.001 -tm --signal-timeout 600 --sound
Current working directory: .s

Time for model input parsing: 0.004s.

Time for model construction: 0.171s.

-------------------------------------------------------------- 
Model type: 	POMDP (sparse)
States: 	8019
Transitions: 	149608
Choices: 	17235
Observations: 	1035
Reward Models:  priority
State Labels: 	3 labels
   * deadlock -> 0 item(s)
   * (((sched = 0) & (t = (5 - 1))) & (k = (2 - 1))) -> 512 item(s)
   * init -> 1 item(s)
Choice Labels: 	5 labels
   * idle -> 3840 item(s)
   * send2 -> 3072 item(s)
   * slot -> 3667 item(s)
   * send3 -> 3072 item(s)
   * send1 -> 3072 item(s)
-------------------------------------------------------------- 
Analyzing property 'R[exp]{"priority"}max=? [F (((sched = 0) & (t = (5 - 1))) & (k = (2 - 1)))]'
Exploring the belief MDP... Keeping scheduler guesses bit vector(7/7) [0 1 2 3 4 5 6 ]
Initial value bounds are [57.92225868, 73.57187011]
Detected that the belief MDP is finite.
Over-approx result for refinement improved after 0.742s seconds in refinement step #0. New value is '72.5287804'.
Completed iteration #0. Current checktime is 0.742s. Over-approx MDP has size 20400. Current result is ≤72.5287804.
 WARN (ApproximatePOMDPModelchecker.cpp:322): No termination criterion for refinement given. Consider to specify a steplimit, a non-zero precisionlimit, or a timeout
Over-approx result for refinement improved after 1.266s in refinement step #1. New value is '70.86095857'.
Completed iteration #1. Current checktime is 1.266s. Over-approx MDP has size 29947. Current result is ≤70.86095857.
Over-approx result for refinement improved after 2.931s in refinement step #2. New value is '68.8051194'.
Completed iteration #2. Current checktime is 2.931s. Over-approx MDP has size 58353. Current result is ≤68.8051194.
Over-approx result for refinement improved after 9.136s in refinement step #3. New value is '67.22197894'.
Completed iteration #3. Current checktime is 9.136s. Over-approx MDP has size 125777. Current result is ≤67.22197894.
Over-approx result for refinement improved after 23.501s in refinement step #4. New value is '66.03620712'.
Completed iteration #4. Current checktime is 23.501s. Over-approx MDP has size 275622. Current result is ≤66.03620712.
Over-approx result for refinement improved after 54.820s in refinement step #5. New value is '65.39711268'.
Completed iteration #5. Current checktime is 54.820s. Over-approx MDP has size 543654. Current result is ≤65.39711268.
Over-approx result for refinement improved after 112.532s in refinement step #6. New value is '64.90842022'.
Completed iteration #6. Current checktime is 112.532s. Over-approx MDP has size 940222. Current result is ≤64.90842022.
Over-approx result for refinement improved after 224.759s in refinement step #7. New value is '64.58061902'.
Completed iteration #7. Current checktime is 224.759s. Over-approx MDP has size 1713756. Current result is ≤64.58061902.
Over-approx result for refinement improved after 383.834s in refinement step #8. New value is '64.45793373'.
Completed iteration #8. Current checktime is 383.834s. Over-approx MDP has size 2607902. Current result is ≤64.45793373.
Over-approx result for refinement improved after 602.749s in refinement step #9. New value is '64.40138307'.
Completed iteration #9. Current checktime is 602.749s. Over-approx MDP has size 3583474. Current result is ≤64.40138307.
Over-approx result for refinement improved after 908.458s in refinement step #10. New value is '64.34853126'.
Completed iteration #10. Current checktime is 908.458s. Over-approx MDP has size 5191012. Current result is ≤64.34853126.
Over-approx result for refinement improved after 1351.161s in refinement step #11. New value is '64.32031175'.
Completed iteration #11. Current checktime is 1351.161s. Over-approx MDP has size 7837279. Current result is ≤64.32031175.
##### Grid Approximation Statistics ######
# Input model: 
-------------------------------------------------------------- 
Model type: 	POMDP (sparse)
States: 	8019
Transitions: 	149608
Choices: 	17235
Observations: 	1035
Reward Models:  priority
State Labels: 	3 labels
   * deadlock -> 0 item(s)
   * (((sched = 0) & (t = (5 - 1))) & (k = (2 - 1))) -> 512 item(s)
   * init -> 1 item(s)
Choice Labels: 	none
-------------------------------------------------------------- 
# Max. Number of states with same observation: 8
# Computation aborted early
# Total check time: 1835.956s
# Number of refinement steps: 11
# Number of states in the final grid MDP for the over-approximation: 7837279
# Maximal resolution for over-approximation: 129
# Time spend for building the over-approx grid MDP(s): 1666.445s
# Time spend for checking the over-approx grid MDP(s): 133.080s
##########################################

Result till abort: ≤ 64.32031175
Time for POMDP analysis: 1835.957s.

##############################Output to stderr##############################
ERROR: The program received signal 14 and will be aborted in 600s.
