COMMAND: ../storm/build/bin/storm-pomdp --prism ../models/network/network3.prism --prop ../models/network/network.props --constants T=8,K=20 --belief-exploration discretize --refine 0 --timeout 1800 --triangulationmode static --resolution 2 1.4142135624 --obs-threshold 0.1 0.1 --size-threshold 0 4 --gap-threshold 0.1 0.25 --scheduler-threshold 0.001 -tm --signal-timeout 600 --sound
WALLTIME (seconds): 1368.7105503082275
ERROR: -9
############################## LOG ##############################
Storm-pomdp 1.5.2 (dev)

Date: Tue May 12 00:54:24 2020
Command line arguments: --prism ../models/network/network3.prism --prop ../models/network/network.props --constants 'T=8,K=20' --belief-exploration discretize --refine 0 --timeout 1800 --triangulationmode static --resolution 2 1.4142135624 --obs-threshold 0.1 0.1 --size-threshold 0 4 --gap-threshold 0.1 0.25 --scheduler-threshold 0.001 -tm --signal-timeout 600 --sound
Current working directory: .s

Time for model input parsing: 0.003s.

Time for model construction: 0.167s.

-------------------------------------------------------------- 
Model type: 	POMDP (sparse)
States: 	17253
Transitions: 	93128
Choices: 	30597
Observations: 	2205
Reward Models:  dropped_packets
State Labels: 	3 labels
   * deadlock -> 0 item(s)
   * (((sched = 0) & (t = (8 - 1))) & (k = (20 - 1))) -> 64 item(s)
   * init -> 1 item(s)
Choice Labels: 	5 labels
   * idle -> 8256 item(s)
   * send2 -> 4448 item(s)
   * slot -> 8933 item(s)
   * send3 -> 4448 item(s)
   * send1 -> 4448 item(s)
-------------------------------------------------------------- 
Analyzing property 'R[exp]{"dropped_packets"}min=? [F (((sched = 0) & (t = (8 - 1))) & (k = (20 - 1)))]'
Exploring the belief MDP... Keeping scheduler guesses bit vector(6/7) [0 1 3 4 5 6 ]
Initial value bounds are [3.879758422, 12.40589219]
Detected that the belief MDP is finite.
 WARN (SparseMdpPrctlHelper.cpp:396): A non-empty hint was provided, but its information will be disregarded.
Over-approx result for refinement improved after 0.993s seconds in refinement step #0. New value is '4.307326934'.
Completed iteration #0. Current checktime is 0.993s. Over-approx MDP has size 49369. Current result is ≥4.307326934.
 WARN (ApproximatePOMDPModelchecker.cpp:322): No termination criterion for refinement given. Consider to specify a steplimit, a non-zero precisionlimit, or a timeout
 WARN (SparseMdpPrctlHelper.cpp:396): A non-empty hint was provided, but its information will be disregarded.
Over-approx result for refinement improved after 2.285s in refinement step #1. New value is '4.488200096'.
Completed iteration #1. Current checktime is 2.285s. Over-approx MDP has size 81397. Current result is ≥4.488200096.
 WARN (SparseMdpPrctlHelper.cpp:396): A non-empty hint was provided, but its information will be disregarded.
Over-approx result for refinement improved after 6.023s in refinement step #2. New value is '5.06496846'.
Completed iteration #2. Current checktime is 6.023s. Over-approx MDP has size 187264. Current result is ≥5.06496846.
 WARN (SparseMdpPrctlHelper.cpp:396): A non-empty hint was provided, but its information will be disregarded.
Over-approx result for refinement improved after 17.155s in refinement step #3. New value is '5.660596875'.
Completed iteration #3. Current checktime is 17.155s. Over-approx MDP has size 517866. Current result is ≥5.660596875.
 WARN (SparseMdpPrctlHelper.cpp:396): A non-empty hint was provided, but its information will be disregarded.
Over-approx result for refinement improved after 40.073s in refinement step #4. New value is '6.026790899'.
Completed iteration #4. Current checktime is 40.073s. Over-approx MDP has size 1026961. Current result is ≥6.026790899.
 WARN (SparseMdpPrctlHelper.cpp:396): A non-empty hint was provided, but its information will be disregarded.
Over-approx result for refinement improved after 91.137s in refinement step #5. New value is '6.278474377'.
Completed iteration #5. Current checktime is 91.137s. Over-approx MDP has size 2221060. Current result is ≥6.278474377.
 WARN (SparseMdpPrctlHelper.cpp:396): A non-empty hint was provided, but its information will be disregarded.
Over-approx result for refinement improved after 198.799s in refinement step #6. New value is '6.473632453'.
Completed iteration #6. Current checktime is 198.799s. Over-approx MDP has size 4311488. Current result is ≥6.473632453.
 WARN (SparseMdpPrctlHelper.cpp:396): A non-empty hint was provided, but its information will be disregarded.
Over-approx result for refinement improved after 416.265s in refinement step #7. New value is '6.610975021'.
Completed iteration #7. Current checktime is 416.265s. Over-approx MDP has size 8149245. Current result is ≥6.610975021.
 WARN (SparseMdpPrctlHelper.cpp:396): A non-empty hint was provided, but its information will be disregarded.
Over-approx result for refinement improved after 777.035s in refinement step #8. New value is '6.676266364'.
Completed iteration #8. Current checktime is 777.035s. Over-approx MDP has size 13072981. Current result is ≥6.676266364.
 WARN (SparseMdpPrctlHelper.cpp:396): A non-empty hint was provided, but its information will be disregarded.
