COMMAND: ../storm/build/bin/storm-pomdp --prism ../models/network-priorities/network-priorities2.prism --prop ../models/network-priorities/network-priorities.props --constants T=8,K=20 --belief-exploration discretize --refine 0 --timeout 1800 --triangulationmode static --resolution 3 2 --obs-threshold 0.1 0.1 --size-threshold 0 4 --gap-threshold 0.3 0.5 --scheduler-threshold 0.001 -tm --signal-timeout 600 --sound
WALLTIME (seconds): 1834.9373180866241

############################## LOG ##############################
Storm-pomdp 1.5.2 (dev)

Date: Tue May 12 00:57:35 2020
Command line arguments: --prism ../models/network-priorities/network-priorities2.prism --prop ../models/network-priorities/network-priorities.props --constants 'T=8,K=20' --belief-exploration discretize --refine 0 --timeout 1800 --triangulationmode static --resolution 3 2 --obs-threshold 0.1 0.1 --size-threshold 0 4 --gap-threshold 0.3 0.5 --scheduler-threshold 0.001 -tm --signal-timeout 600 --sound
Current working directory: .s

Time for model input parsing: 0.003s.

Time for model construction: 0.195s.

-------------------------------------------------------------- 
Model type: 	POMDP (sparse)
States: 	19373
Transitions: 	102420
Choices: 	34157
Observations: 	4909
Reward Models:  priority
State Labels: 	3 labels
   * deadlock -> 0 item(s)
   * (((sched = 0) & (t = (8 - 1))) & (k = (20 - 1))) -> 64 item(s)
   * init -> 1 item(s)
Choice Labels: 	4 labels
   * idle -> 9536 item(s)
   * send2 -> 7392 item(s)
   * send1 -> 7392 item(s)
   * slot -> 9773 item(s)
-------------------------------------------------------------- 
Analyzing property 'R[exp]{"priority"}max=? [F (((sched = 0) & (t = (8 - 1))) & (k = (20 - 1)))]'
Exploring the belief MDP... Keeping scheduler guesses bit vector(7/7) [0 1 2 3 4 5 6 ]
Initial value bounds are [534.4444533, 565.6227302]
Detected that the belief MDP is finite.
Over-approx result for refinement improved after 0.248s seconds in refinement step #0. New value is '565.6227302'.
Completed iteration #0. Current checktime is 0.248s. Over-approx MDP has size 2. Current result is ≤565.6227302.
 WARN (ApproximatePOMDPModelchecker.cpp:322): No termination criterion for refinement given. Consider to specify a steplimit, a non-zero precisionlimit, or a timeout
Completed iteration #1. Current checktime is 0.248s. Over-approx MDP has size 2. Current result is ≤565.6227302.
Completed iteration #2. Current checktime is 0.249s. Over-approx MDP has size 2. Current result is ≤565.6227302.
Over-approx result for refinement improved after 0.250s in refinement step #3. New value is '565.5361143'.
Completed iteration #3. Current checktime is 0.250s. Over-approx MDP has size 73. Current result is ≤565.5361143.
Over-approx result for refinement improved after 0.259s in refinement step #4. New value is '565.4628654'.
Completed iteration #4. Current checktime is 0.259s. Over-approx MDP has size 457. Current result is ≤565.4628654.
Over-approx result for refinement improved after 0.297s in refinement step #5. New value is '565.32111'.
Completed iteration #5. Current checktime is 0.297s. Over-approx MDP has size 2036. Current result is ≤565.32111.
Over-approx result for refinement improved after 0.469s in refinement step #6. New value is '564.8044183'.
Completed iteration #6. Current checktime is 0.469s. Over-approx MDP has size 8615. Current result is ≤564.8044183.
Over-approx result for refinement improved after 1.224s in refinement step #7. New value is '562.9575313'.
Completed iteration #7. Current checktime is 1.224s. Over-approx MDP has size 37103. Current result is ≤562.9575313.
Over-approx result for refinement improved after 3.314s in refinement step #8. New value is '559.4282073'.
Completed iteration #8. Current checktime is 3.314s. Over-approx MDP has size 109079. Current result is ≤559.4282073.
Over-approx result for refinement improved after 7.829s in refinement step #9. New value is '557.8806334'.
Completed iteration #9. Current checktime is 7.829s. Over-approx MDP has size 217939. Current result is ≤557.8806334.
Over-approx result for refinement improved after 16.438s in refinement step #10. New value is '557.03067'.
Completed iteration #10. Current checktime is 16.438s. Over-approx MDP has size 412767. Current result is ≤557.03067.
Over-approx result for refinement improved after 32.811s in refinement step #11. New value is '556.8564516'.
Completed iteration #11. Current checktime is 32.811s. Over-approx MDP has size 769123. Current result is ≤556.8564516.
Over-approx result for refinement improved after 61.342s in refinement step #12. New value is '556.7907157'.
Completed iteration #12. Current checktime is 61.342s. Over-approx MDP has size 1352560. Current result is ≤556.7907157.
Over-approx result for refinement improved after 110.299s in refinement step #13. New value is '556.7811003'.
Completed iteration #13. Current checktime is 110.299s. Over-approx MDP has size 2310671. Current result is ≤556.7811003.
Over-approx result for refinement improved after 192.559s in refinement step #14. New value is '556.7795375'.
Completed iteration #14. Current checktime is 192.559s. Over-approx MDP has size 3789924. Current result is ≤556.7795375.
Over-approx result for refinement improved after 323.275s in refinement step #15. New value is '556.7794331'.
Completed iteration #15. Current checktime is 323.275s. Over-approx MDP has size 5897371. Current result is ≤556.7794331.
Over-approx result for refinement improved after 519.904s in refinement step #16. New value is '556.7794073'.
Completed iteration #16. Current checktime is 519.904s. Over-approx MDP has size 8808090. Current result is ≤556.7794073.
Over-approx result for refinement improved after 810.289s in refinement step #17. New value is '556.7794048'.
Completed iteration #17. Current checktime is 810.289s. Over-approx MDP has size 12574410. Current result is ≤556.7794048.
Over-approx result for refinement improved after 1217.625s in refinement step #18. New value is '556.7794044'.
Completed iteration #18. Current checktime is 1217.625s. Over-approx MDP has size 17190263. Current result is ≤556.7794044.
Over-approx result for refinement improved after 1769.747s in refinement step #19. New value is '556.7794043'.
Completed iteration #19. Current checktime is 1769.747s. Over-approx MDP has size 22707886. Current result is ≤556.7794043.
##### Grid Approximation Statistics ######
# Input model: 
-------------------------------------------------------------- 
Model type: 	POMDP (sparse)
States: 	19373
Transitions: 	102420
Choices: 	34157
Observations: 	4909
Reward Models:  priority
State Labels: 	3 labels
   * deadlock -> 0 item(s)
   * (((sched = 0) & (t = (8 - 1))) & (k = (20 - 1))) -> 64 item(s)
   * init -> 1 item(s)
Choice Labels: 	none
-------------------------------------------------------------- 
# Max. Number of states with same observation: 4
# Computation aborted early
# Total check time: 1833.660s
# Number of refinement steps: 19
# Number of states in the final grid MDP for the over-approximation: 22707886
# Maximal resolution for over-approximation: 196608
# Time spend for building the over-approx grid MDP(s): 1634.163s
# Time spend for checking the over-approx grid MDP(s): 165.249s
##########################################

Result till abort: ≤ 556.7794043
Time for POMDP analysis: 1833.662s.

##############################Output to stderr##############################
ERROR: The program received signal 14 and will be aborted in 600s.
