COMMAND: ../storm/build/bin/storm-pomdp --prism ../models/network-priorities/network-priorities2.prism --prop ../models/network-priorities/network-priorities.props --constants T=8,K=20 --belief-exploration discretize --refine 0 --timeout 1800 --triangulationmode dynamic --resolution 3 2 --obs-threshold 0.1 0.1 --size-threshold 0 2 --gap-threshold 0.1 0.25 --scheduler-threshold 0.001 -tm --signal-timeout 600 --sound
WALLTIME (seconds): 1847.74937748909

############################## LOG ##############################
Storm-pomdp 1.5.2 (dev)

Date: Tue May 12 00:57:36 2020
Command line arguments: --prism ../models/network-priorities/network-priorities2.prism --prop ../models/network-priorities/network-priorities.props --constants 'T=8,K=20' --belief-exploration discretize --refine 0 --timeout 1800 --triangulationmode dynamic --resolution 3 2 --obs-threshold 0.1 0.1 --size-threshold 0 2 --gap-threshold 0.1 0.25 --scheduler-threshold 0.001 -tm --signal-timeout 600 --sound
Current working directory: .s

Time for model input parsing: 0.003s.

Time for model construction: 0.222s.

-------------------------------------------------------------- 
Model type: 	POMDP (sparse)
States: 	19373
Transitions: 	102420
Choices: 	34157
Observations: 	4909
Reward Models:  priority
State Labels: 	3 labels
   * deadlock -> 0 item(s)
   * (((sched = 0) & (t = (8 - 1))) & (k = (20 - 1))) -> 64 item(s)
   * init -> 1 item(s)
Choice Labels: 	4 labels
   * idle -> 9536 item(s)
   * send2 -> 7392 item(s)
   * send1 -> 7392 item(s)
   * slot -> 9773 item(s)
-------------------------------------------------------------- 
Analyzing property 'R[exp]{"priority"}max=? [F (((sched = 0) & (t = (8 - 1))) & (k = (20 - 1)))]'
Exploring the belief MDP... Keeping scheduler guesses bit vector(7/7) [0 1 2 3 4 5 6 ]
Initial value bounds are [534.4444533, 565.6227302]
Detected that the belief MDP is finite.
Over-approx result for refinement improved after 0.249s seconds in refinement step #0. New value is '565.6227302'.
Completed iteration #0. Current checktime is 0.249s. Over-approx MDP has size 2. Current result is ≤565.6227302.
 WARN (ApproximatePOMDPModelchecker.cpp:322): No termination criterion for refinement given. Consider to specify a steplimit, a non-zero precisionlimit, or a timeout
Over-approx result for refinement improved after 0.251s in refinement step #1. New value is '565.5361143'.
Completed iteration #1. Current checktime is 0.251s. Over-approx MDP has size 50. Current result is ≤565.5361143.
Over-approx result for refinement improved after 0.255s in refinement step #2. New value is '565.4818046'.
Completed iteration #2. Current checktime is 0.255s. Over-approx MDP has size 214. Current result is ≤565.4818046.
Over-approx result for refinement improved after 0.268s in refinement step #3. New value is '565.4135138'.
Completed iteration #3. Current checktime is 0.268s. Over-approx MDP has size 661. Current result is ≤565.4135138.
Over-approx result for refinement improved after 0.298s in refinement step #4. New value is '565.3297243'.
Completed iteration #4. Current checktime is 0.298s. Over-approx MDP has size 1619. Current result is ≤565.3297243.
Over-approx result for refinement improved after 0.366s in refinement step #5. New value is '565.2669027'.
Completed iteration #5. Current checktime is 0.366s. Over-approx MDP has size 3700. Current result is ≤565.2669027.
Over-approx result for refinement improved after 0.531s in refinement step #6. New value is '565.0045684'.
Completed iteration #6. Current checktime is 0.531s. Over-approx MDP has size 8757. Current result is ≤565.0045684.
Over-approx result for refinement improved after 0.943s in refinement step #7. New value is '564.684368'.
Completed iteration #7. Current checktime is 0.943s. Over-approx MDP has size 20721. Current result is ≤564.684368.
Over-approx result for refinement improved after 1.894s in refinement step #8. New value is '563.7599247'.
Completed iteration #8. Current checktime is 1.894s. Over-approx MDP has size 48912. Current result is ≤563.7599247.
Over-approx result for refinement improved after 4.196s in refinement step #9. New value is '562.1852967'.
Completed iteration #9. Current checktime is 4.196s. Over-approx MDP has size 114840. Current result is ≤562.1852967.
Over-approx result for refinement improved after 9.617s in refinement step #10. New value is '559.156262'.
Completed iteration #10. Current checktime is 9.617s. Over-approx MDP has size 265188. Current result is ≤559.156262.
Over-approx result for refinement improved after 21.082s in refinement step #11. New value is '557.8821214'.
Completed iteration #11. Current checktime is 21.082s. Over-approx MDP has size 540591. Current result is ≤557.8821214.
Over-approx result for refinement improved after 45.406s in refinement step #12. New value is '556.9845765'.
Completed iteration #12. Current checktime is 45.406s. Over-approx MDP has size 1101641. Current result is ≤556.9845765.
Over-approx result for refinement improved after 97.119s in refinement step #13. New value is '556.8438752'.
Completed iteration #13. Current checktime is 97.119s. Over-approx MDP has size 2282772. Current result is ≤556.8438752.
Over-approx result for refinement improved after 208.366s in refinement step #14. New value is '556.7890864'.
Completed iteration #14. Current checktime is 208.366s. Over-approx MDP has size 4552155. Current result is ≤556.7890864.
Over-approx result for refinement improved after 449.102s in refinement step #15. New value is '556.782126'.
Completed iteration #15. Current checktime is 449.102s. Over-approx MDP has size 8884592. Current result is ≤556.782126.
Completed iteration #16. Current checktime is 998.967s. Over-approx MDP has size 16766782. Current result is ≤556.782126.
##### Grid Approximation Statistics ######
# Input model: 
-------------------------------------------------------------- 
Model type: 	POMDP (sparse)
States: 	19373
Transitions: 	102420
Choices: 	34157
Observations: 	4909
Reward Models:  priority
State Labels: 	3 labels
   * deadlock -> 0 item(s)
   * (((sched = 0) & (t = (8 - 1))) & (k = (20 - 1))) -> 64 item(s)
   * init -> 1 item(s)
Choice Labels: 	none
-------------------------------------------------------------- 
# Max. Number of states with same observation: 4
# Computation aborted early
# Total check time: 1847.147s
# Number of refinement steps: 16
# Number of states in the final grid MDP for the over-approximation: 16766782
# Maximal resolution for over-approximation: 24576
# Time spend for building the over-approx grid MDP(s): 1730.445s
# Time spend for checking the over-approx grid MDP(s): 69.003s
##########################################

Result till abort: ≤ 556.782126
Time for POMDP analysis: 1847.149s.

##############################Output to stderr##############################
ERROR: The program received signal 14 and will be aborted in 600s.
