COMMAND: ../storm/build/bin/storm-pomdp --prism ../models/network/network3.prism --prop ../models/network/network.props --constants T=5,K=2 --belief-exploration discretize --refine 0 --timeout 1800 --triangulationmode static --resolution 3 2 --obs-threshold 0.1 0.1 --size-threshold 0 2 --gap-threshold 0.1 0.25 --scheduler-threshold 0.001 -tm --signal-timeout 600 --sound
WALLTIME (seconds): 1837.3335967063904

############################## LOG ##############################
Storm-pomdp 1.5.2 (dev)

Date: Tue May 12 00:51:49 2020
Command line arguments: --prism ../models/network/network3.prism --prop ../models/network/network.props --constants 'T=5,K=2' --belief-exploration discretize --refine 0 --timeout 1800 --triangulationmode static --resolution 3 2 --obs-threshold 0.1 0.1 --size-threshold 0 2 --gap-threshold 0.1 0.25 --scheduler-threshold 0.001 -tm --signal-timeout 600 --sound
Current working directory: .s

Time for model input parsing: 0.003s.

Time for model construction: 0.025s.

-------------------------------------------------------------- 
Model type: 	POMDP (sparse)
States: 	843
Transitions: 	4280
Choices: 	1515
Observations: 	111
Reward Models:  dropped_packets
State Labels: 	3 labels
   * deadlock -> 0 item(s)
   * (((sched = 0) & (t = (5 - 1))) & (k = (2 - 1))) -> 64 item(s)
   * init -> 1 item(s)
Choice Labels: 	5 labels
   * idle -> 384 item(s)
   * send2 -> 224 item(s)
   * slot -> 395 item(s)
   * send3 -> 224 item(s)
   * send1 -> 224 item(s)
-------------------------------------------------------------- 
Analyzing property 'R[exp]{"dropped_packets"}min=? [F (((sched = 0) & (t = (5 - 1))) & (k = (2 - 1)))]'
Exploring the belief MDP... Keeping scheduler guesses bit vector(6/7) [0 1 3 4 5 6 ]
Initial value bounds are [1.180548687, 2.510328733]
Detected that the belief MDP is finite.
 WARN (SparseMdpPrctlHelper.cpp:396): A non-empty hint was provided, but its information will be disregarded.
Over-approx result for refinement improved after 0.055s seconds in refinement step #0. New value is '1.488870765'.
Completed iteration #0. Current checktime is 0.055s. Over-approx MDP has size 6021. Current result is ≥1.488870765.
 WARN (ApproximatePOMDPModelchecker.cpp:322): No termination criterion for refinement given. Consider to specify a steplimit, a non-zero precisionlimit, or a timeout
 WARN (SparseMdpPrctlHelper.cpp:396): A non-empty hint was provided, but its information will be disregarded.
Over-approx result for refinement improved after 0.205s in refinement step #1. New value is '1.634887365'.
Completed iteration #1. Current checktime is 0.205s. Over-approx MDP has size 15717. Current result is ≥1.634887365.
 WARN (SparseMdpPrctlHelper.cpp:396): A non-empty hint was provided, but its information will be disregarded.
Over-approx result for refinement improved after 0.806s in refinement step #2. New value is '1.767357989'.
Completed iteration #2. Current checktime is 0.806s. Over-approx MDP has size 44905. Current result is ≥1.767357989.
 WARN (SparseMdpPrctlHelper.cpp:396): A non-empty hint was provided, but its information will be disregarded.
Over-approx result for refinement improved after 2.605s in refinement step #3. New value is '1.829072635'.
Completed iteration #3. Current checktime is 2.605s. Over-approx MDP has size 126926. Current result is ≥1.829072635.
 WARN (SparseMdpPrctlHelper.cpp:396): A non-empty hint was provided, but its information will be disregarded.
Over-approx result for refinement improved after 7.527s in refinement step #4. New value is '1.879512357'.
Completed iteration #4. Current checktime is 7.527s. Over-approx MDP has size 307309. Current result is ≥1.879512357.
 WARN (SparseMdpPrctlHelper.cpp:396): A non-empty hint was provided, but its information will be disregarded.
Over-approx result for refinement improved after 17.281s in refinement step #5. New value is '1.893043803'.
Completed iteration #5. Current checktime is 17.281s. Over-approx MDP has size 630299. Current result is ≥1.893043803.
 WARN (SparseMdpPrctlHelper.cpp:396): A non-empty hint was provided, but its information will be disregarded.
Over-approx result for refinement improved after 42.472s in refinement step #6. New value is '1.900303653'.
Completed iteration #6. Current checktime is 42.472s. Over-approx MDP has size 1416244. Current result is ≥1.900303653.
 WARN (SparseMdpPrctlHelper.cpp:396): A non-empty hint was provided, but its information will be disregarded.
Over-approx result for refinement improved after 84.638s in refinement step #7. New value is '1.901119947'.
Completed iteration #7. Current checktime is 84.638s. Over-approx MDP has size 2552857. Current result is ≥1.901119947.
 WARN (SparseMdpPrctlHelper.cpp:396): A non-empty hint was provided, but its information will be disregarded.
Over-approx result for refinement improved after 132.265s in refinement step #8. New value is '1.90116018'.
Completed iteration #8. Current checktime is 132.265s. Over-approx MDP has size 3563702. Current result is ≥1.90116018.
 WARN (SparseMdpPrctlHelper.cpp:396): A non-empty hint was provided, but its information will be disregarded.
Over-approx result for refinement improved after 192.469s in refinement step #9. New value is '1.901171522'.
Completed iteration #9. Current checktime is 192.469s. Over-approx MDP has size 4717050. Current result is ≥1.901171522.
 WARN (SparseMdpPrctlHelper.cpp:396): A non-empty hint was provided, but its information will be disregarded.
Over-approx result for refinement improved after 266.662s in refinement step #10. New value is '1.901171773'.
Completed iteration #10. Current checktime is 266.662s. Over-approx MDP has size 5986521. Current result is ≥1.901171773.
 WARN (SparseMdpPrctlHelper.cpp:396): A non-empty hint was provided, but its information will be disregarded.
Over-approx result for refinement improved after 356.706s in refinement step #11. New value is '1.901171776'.
Completed iteration #11. Current checktime is 356.706s. Over-approx MDP has size 7331222. Current result is ≥1.901171776.
 WARN (SparseMdpPrctlHelper.cpp:396): A non-empty hint was provided, but its information will be disregarded.
Completed iteration #12. Current checktime is 462.540s. Over-approx MDP has size 8740908. Current result is ≥1.901171776.
 WARN (SparseMdpPrctlHelper.cpp:396): A non-empty hint was provided, but its information will be disregarded.
Completed iteration #13. Current checktime is 581.444s. Over-approx MDP has size 9986012. Current result is ≥1.901171776.
 WARN (SparseMdpPrctlHelper.cpp:396): A non-empty hint was provided, but its information will be disregarded.
Completed iteration #14. Current checktime is 714.876s. Over-approx MDP has size 11400170. Current result is ≥1.901171776.
 WARN (SparseMdpPrctlHelper.cpp:396): A non-empty hint was provided, but its information will be disregarded.
Completed iteration #15. Current checktime is 862.749s. Over-approx MDP has size 12722691. Current result is ≥1.901171776.
 WARN (SparseMdpPrctlHelper.cpp:396): A non-empty hint was provided, but its information will be disregarded.
Completed iteration #16. Current checktime is 1023.390s. Over-approx MDP has size 14013643. Current result is ≥1.901171776.
 WARN (SparseMdpPrctlHelper.cpp:396): A non-empty hint was provided, but its information will be disregarded.
Completed iteration #17. Current checktime is 1195.322s. Over-approx MDP has size 14768144. Current result is ≥1.901171776.
 WARN (SparseMdpPrctlHelper.cpp:396): A non-empty hint was provided, but its information will be disregarded.
Completed iteration #18. Current checktime is 1379.347s. Over-approx MDP has size 15900195. Current result is ≥1.901171776.
 WARN (SparseMdpPrctlHelper.cpp:396): A non-empty hint was provided, but its information will be disregarded.
Completed iteration #19. Current checktime is 1569.828s. Over-approx MDP has size 16490823. Current result is ≥1.901171776.
 WARN (SparseMdpPrctlHelper.cpp:396): A non-empty hint was provided, but its information will be disregarded.
Completed iteration #20. Current checktime is 1769.384s. Over-approx MDP has size 17695125. Current result is ≥1.901171776.
##### Grid Approximation Statistics ######
# Input model: 
-------------------------------------------------------------- 
Model type: 	POMDP (sparse)
States: 	843
Transitions: 	4280
Choices: 	1515
Observations: 	111
Reward Models:  dropped_packets
State Labels: 	3 labels
   * deadlock -> 0 item(s)
   * (((sched = 0) & (t = (5 - 1))) & (k = (2 - 1))) -> 64 item(s)
   * init -> 1 item(s)
Choice Labels: 	none
-------------------------------------------------------------- 
# Max. Number of states with same observation: 8
# Computation aborted early
# Total check time: 1836.177s
# Number of refinement steps: 20
# Number of states in the final grid MDP for the over-approximation: 17695125
# Maximal resolution for over-approximation: 6291456
# Time spend for building the over-approx grid MDP(s): 1335.322s
# Time spend for checking the over-approx grid MDP(s): 464.393s
##########################################

Result till abort: ≥ 1.901171776
Time for POMDP analysis: 1836.178s.

##############################Output to stderr##############################
ERROR: The program received signal 14 and will be aborted in 600s.
