COMMAND: ../storm/build/bin/storm-pomdp --prism ../models/network/network3.prism --prop ../models/network/network.props --constants T=5,K=2 --belief-exploration discretize --refine 0 --timeout 1800 --triangulationmode dynamic --resolution 3 2 --obs-threshold 0.1 0.1 --size-threshold 0 2 --gap-threshold 0.1 0.25 --scheduler-threshold 0.001 -tm --signal-timeout 600 --sound
WALLTIME (seconds): 1830.891201019287

############################## LOG ##############################
Storm-pomdp 1.5.2 (dev)

Date: Tue May 12 00:53:05 2020
Command line arguments: --prism ../models/network/network3.prism --prop ../models/network/network.props --constants 'T=5,K=2' --belief-exploration discretize --refine 0 --timeout 1800 --triangulationmode dynamic --resolution 3 2 --obs-threshold 0.1 0.1 --size-threshold 0 2 --gap-threshold 0.1 0.25 --scheduler-threshold 0.001 -tm --signal-timeout 600 --sound
Current working directory: .s

Time for model input parsing: 0.004s.

Time for model construction: 0.026s.

-------------------------------------------------------------- 
Model type: 	POMDP (sparse)
States: 	843
Transitions: 	4280
Choices: 	1515
Observations: 	111
Reward Models:  dropped_packets
State Labels: 	3 labels
   * deadlock -> 0 item(s)
   * (((sched = 0) & (t = (5 - 1))) & (k = (2 - 1))) -> 64 item(s)
   * init -> 1 item(s)
Choice Labels: 	5 labels
   * idle -> 384 item(s)
   * send2 -> 224 item(s)
   * slot -> 395 item(s)
   * send3 -> 224 item(s)
   * send1 -> 224 item(s)
-------------------------------------------------------------- 
Analyzing property 'R[exp]{"dropped_packets"}min=? [F (((sched = 0) & (t = (5 - 1))) & (k = (2 - 1)))]'
Exploring the belief MDP... Keeping scheduler guesses bit vector(6/7) [0 1 3 4 5 6 ]
Initial value bounds are [1.180548687, 2.510328733]
Detected that the belief MDP is finite.
 WARN (SparseMdpPrctlHelper.cpp:396): A non-empty hint was provided, but its information will be disregarded.
Over-approx result for refinement improved after 0.048s seconds in refinement step #0. New value is '1.494649406'.
Completed iteration #0. Current checktime is 0.048s. Over-approx MDP has size 5180. Current result is ≥1.494649406.
 WARN (ApproximatePOMDPModelchecker.cpp:322): No termination criterion for refinement given. Consider to specify a steplimit, a non-zero precisionlimit, or a timeout
 WARN (SparseMdpPrctlHelper.cpp:396): A non-empty hint was provided, but its information will be disregarded.
Over-approx result for refinement improved after 0.147s in refinement step #1. New value is '1.623544936'.
Completed iteration #1. Current checktime is 0.147s. Over-approx MDP has size 9813. Current result is ≥1.623544936.
 WARN (SparseMdpPrctlHelper.cpp:396): A non-empty hint was provided, but its information will be disregarded.
Over-approx result for refinement improved after 0.546s in refinement step #2. New value is '1.72937294'.
Completed iteration #2. Current checktime is 0.546s. Over-approx MDP has size 27063. Current result is ≥1.72937294.
 WARN (SparseMdpPrctlHelper.cpp:396): A non-empty hint was provided, but its information will be disregarded.
Over-approx result for refinement improved after 1.859s in refinement step #3. New value is '1.763260956'.
Completed iteration #3. Current checktime is 1.859s. Over-approx MDP has size 77223. Current result is ≥1.763260956.
 WARN (SparseMdpPrctlHelper.cpp:396): A non-empty hint was provided, but its information will be disregarded.
Over-approx result for refinement improved after 6.235s in refinement step #4. New value is '1.893743705'.
Completed iteration #4. Current checktime is 6.235s. Over-approx MDP has size 215188. Current result is ≥1.893743705.
 WARN (SparseMdpPrctlHelper.cpp:396): A non-empty hint was provided, but its information will be disregarded.
Over-approx result for refinement improved after 15.164s in refinement step #5. New value is '1.898686886'.
Completed iteration #5. Current checktime is 15.164s. Over-approx MDP has size 457265. Current result is ≥1.898686886.
 WARN (SparseMdpPrctlHelper.cpp:396): A non-empty hint was provided, but its information will be disregarded.
Over-approx result for refinement improved after 50.524s in refinement step #6. New value is '1.900939223'.
Completed iteration #6. Current checktime is 50.525s. Over-approx MDP has size 1384667. Current result is ≥1.900939223.
 WARN (SparseMdpPrctlHelper.cpp:396): A non-empty hint was provided, but its information will be disregarded.
Over-approx result for refinement improved after 120.125s in refinement step #7. New value is '1.90110603'.
Completed iteration #7. Current checktime is 120.125s. Over-approx MDP has size 2808728. Current result is ≥1.90110603.
 WARN (SparseMdpPrctlHelper.cpp:396): A non-empty hint was provided, but its information will be disregarded.
Over-approx result for refinement improved after 238.461s in refinement step #8. New value is '1.901159293'.
Completed iteration #8. Current checktime is 238.461s. Over-approx MDP has size 4811794. Current result is ≥1.901159293.
 WARN (SparseMdpPrctlHelper.cpp:396): A non-empty hint was provided, but its information will be disregarded.
Over-approx result for refinement improved after 441.870s in refinement step #9. New value is '1.901170777'.
Completed iteration #9. Current checktime is 441.870s. Over-approx MDP has size 7166284. Current result is ≥1.901170777.
 WARN (SparseMdpPrctlHelper.cpp:396): A non-empty hint was provided, but its information will be disregarded.
Over-approx result for refinement improved after 801.009s in refinement step #10. New value is '1.90117177'.
Completed iteration #10. Current checktime is 801.009s. Over-approx MDP has size 10146437. Current result is ≥1.90117177.
 WARN (SparseMdpPrctlHelper.cpp:396): A non-empty hint was provided, but its information will be disregarded.
Over-approx result for refinement improved after 1568.816s in refinement step #11. New value is '1.901171776'.
Completed iteration #11. Current checktime is 1568.816s. Over-approx MDP has size 13620291. Current result is ≥1.901171776.
##### Grid Approximation Statistics ######
# Input model: 
-------------------------------------------------------------- 
Model type: 	POMDP (sparse)
States: 	843
Transitions: 	4280
Choices: 	1515
Observations: 	111
Reward Models:  dropped_packets
State Labels: 	3 labels
   * deadlock -> 0 item(s)
   * (((sched = 0) & (t = (5 - 1))) & (k = (2 - 1))) -> 64 item(s)
   * init -> 1 item(s)
Choice Labels: 	none
-------------------------------------------------------------- 
# Max. Number of states with same observation: 8
# Computation aborted early
# Total check time: 1830.049s
# Number of refinement steps: 11
# Number of states in the final grid MDP for the over-approximation: 13620291
# Maximal resolution for over-approximation: 12288
# Time spend for building the over-approx grid MDP(s): 1685.089s
# Time spend for checking the over-approx grid MDP(s): 114.801s
##########################################

Result till abort: ≥ 1.901171776
Time for POMDP analysis: 1830.049s.

##############################Output to stderr##############################
ERROR: The program received signal 14 and will be aborted in 600s.
