COMMAND: ../storm/build/bin/storm-pomdp --prism ../models/network-priorities/network-priorities3.prism --prop ../models/network-priorities/network-priorities.props --constants T=8,K=20 --belief-exploration discretize --refine 0 --timeout 1800 --triangulationmode dynamic --resolution 3 2 --obs-threshold 0.1 0.1 --size-threshold 0 4 --gap-threshold 0.3 0.5 --scheduler-threshold 0.001 -tm --signal-timeout 600 --sound
WALLTIME (seconds): 1805.3855650424957

############################## LOG ##############################
Storm-pomdp 1.5.2 (dev)

Date: Tue May 12 01:16:08 2020
Command line arguments: --prism ../models/network-priorities/network-priorities3.prism --prop ../models/network-priorities/network-priorities.props --constants 'T=8,K=20' --belief-exploration discretize --refine 0 --timeout 1800 --triangulationmode dynamic --resolution 3 2 --obs-threshold 0.1 0.1 --size-threshold 0 4 --gap-threshold 0.3 0.5 --scheduler-threshold 0.001 -tm --signal-timeout 600 --sound
Current working directory: .s

Time for model input parsing: 0.004s.

Time for model construction: 2.983s.

-------------------------------------------------------------- 
Model type: 	POMDP (sparse)
States: 	150837
Transitions: 	2882296
Choices: 	322485
Observations: 	19173
Reward Models:  priority
State Labels: 	3 labels
   * deadlock -> 0 item(s)
   * (((sched = 0) & (t = (8 - 1))) & (k = (20 - 1))) -> 512 item(s)
   * init -> 1 item(s)
Choice Labels: 	5 labels
   * idle -> 73728 item(s)
   * send2 -> 57216 item(s)
   * slot -> 76597 item(s)
   * send3 -> 57216 item(s)
   * send1 -> 57216 item(s)
-------------------------------------------------------------- 
Analyzing property 'R[exp]{"priority"}max=? [F (((sched = 0) & (t = (8 - 1))) & (k = (20 - 1)))]'
Exploring the belief MDP... Keeping scheduler guesses bit vector(7/7) [0 1 2 3 4 5 6 ]
Initial value bounds are [765.4278054, 848.903004]
Detected that the belief MDP is finite.
Over-approx result for refinement improved after 5.094s seconds in refinement step #0. New value is '848.903004'.
Completed iteration #0. Current checktime is 5.094s. Over-approx MDP has size 2. Current result is ≤848.903004.
 WARN (ApproximatePOMDPModelchecker.cpp:322): No termination criterion for refinement given. Consider to specify a steplimit, a non-zero precisionlimit, or a timeout
Completed iteration #1. Current checktime is 5.095s. Over-approx MDP has size 2. Current result is ≤848.903004.
Over-approx result for refinement improved after 5.168s in refinement step #2. New value is '848.6678725'.
Completed iteration #2. Current checktime is 5.168s. Over-approx MDP has size 255. Current result is ≤848.6678725.
Over-approx result for refinement improved after 5.788s in refinement step #3. New value is '848.4659036'.
Completed iteration #3. Current checktime is 5.788s. Over-approx MDP has size 2351. Current result is ≤848.4659036.
Over-approx result for refinement improved after 9.239s in refinement step #4. New value is '848.1010676'.
Completed iteration #4. Current checktime is 9.239s. Over-approx MDP has size 13532. Current result is ≤848.1010676.
Over-approx result for refinement improved after 25.546s in refinement step #5. New value is '847.4416374'.
Completed iteration #5. Current checktime is 25.546s. Over-approx MDP has size 58929. Current result is ≤847.4416374.
Over-approx result for refinement improved after 98.427s in refinement step #6. New value is '845.8152846'.
Completed iteration #6. Current checktime is 98.427s. Over-approx MDP has size 251674. Current result is ≤845.8152846.
Over-approx result for refinement improved after 419.792s in refinement step #7. New value is '841.2337495'.
Completed iteration #7. Current checktime is 419.792s. Over-approx MDP has size 1089793. Current result is ≤841.2337495.
Over-approx result for refinement improved after 1689.265s in refinement step #8. New value is '832.3856064'.
Completed iteration #8. Current checktime is 1689.265s. Over-approx MDP has size 4181640. Current result is ≤832.3856064.
##### Grid Approximation Statistics ######
# Input model: 
-------------------------------------------------------------- 
Model type: 	POMDP (sparse)
States: 	150837
Transitions: 	2882296
Choices: 	322485
Observations: 	19173
Reward Models:  priority
State Labels: 	3 labels
   * deadlock -> 0 item(s)
   * (((sched = 0) & (t = (8 - 1))) & (k = (20 - 1))) -> 512 item(s)
   * init -> 1 item(s)
Choice Labels: 	none
-------------------------------------------------------------- 
# Max. Number of states with same observation: 8
# Computation aborted early
# Total check time: 1801.806s
# Number of refinement steps: 8
# Number of states in the final grid MDP for the over-approximation: 4181640
# Maximal resolution for over-approximation: 96
# Time spend for building the over-approx grid MDP(s): 1766.580s
# Time spend for checking the over-approx grid MDP(s): 25.117s
##########################################

Result till abort: ≤ 832.3856064
Time for POMDP analysis: 1801.817s.

##############################Output to stderr##############################
ERROR: The program received signal 14 and will be aborted in 600s.
