COMMAND: ../storm/build/bin/storm-pomdp --prism ../models/network-priorities/network-priorities2.prism --prop ../models/network-priorities/network-priorities.props --constants T=8,K=20 --belief-exploration discretize --refine 0 --timeout 1800 --triangulationmode static --resolution 3 2 --obs-threshold 0.1 0.1 --size-threshold 0 2 --gap-threshold 0.1 0.25 --scheduler-threshold 0.001 -tm --signal-timeout 600 --sound
WALLTIME (seconds): 1851.494735956192

############################## LOG ##############################
Storm-pomdp 1.5.2 (dev)

Date: Tue May 12 00:57:35 2020
Command line arguments: --prism ../models/network-priorities/network-priorities2.prism --prop ../models/network-priorities/network-priorities.props --constants 'T=8,K=20' --belief-exploration discretize --refine 0 --timeout 1800 --triangulationmode static --resolution 3 2 --obs-threshold 0.1 0.1 --size-threshold 0 2 --gap-threshold 0.1 0.25 --scheduler-threshold 0.001 -tm --signal-timeout 600 --sound
Current working directory: .s

Time for model input parsing: 0.003s.

Time for model construction: 0.195s.

-------------------------------------------------------------- 
Model type: 	POMDP (sparse)
States: 	19373
Transitions: 	102420
Choices: 	34157
Observations: 	4909
Reward Models:  priority
State Labels: 	3 labels
   * deadlock -> 0 item(s)
   * (((sched = 0) & (t = (8 - 1))) & (k = (20 - 1))) -> 64 item(s)
   * init -> 1 item(s)
Choice Labels: 	4 labels
   * idle -> 9536 item(s)
   * send2 -> 7392 item(s)
   * send1 -> 7392 item(s)
   * slot -> 9773 item(s)
-------------------------------------------------------------- 
Analyzing property 'R[exp]{"priority"}max=? [F (((sched = 0) & (t = (8 - 1))) & (k = (20 - 1)))]'
Exploring the belief MDP... Keeping scheduler guesses bit vector(7/7) [0 1 2 3 4 5 6 ]
Initial value bounds are [534.4444533, 565.6227302]
Detected that the belief MDP is finite.
Over-approx result for refinement improved after 0.249s seconds in refinement step #0. New value is '565.6227302'.
Completed iteration #0. Current checktime is 0.249s. Over-approx MDP has size 2. Current result is ≤565.6227302.
 WARN (ApproximatePOMDPModelchecker.cpp:322): No termination criterion for refinement given. Consider to specify a steplimit, a non-zero precisionlimit, or a timeout
Over-approx result for refinement improved after 0.250s in refinement step #1. New value is '565.5361143'.
Completed iteration #1. Current checktime is 0.250s. Over-approx MDP has size 54. Current result is ≤565.5361143.
Over-approx result for refinement improved after 0.255s in refinement step #2. New value is '565.4819179'.
Completed iteration #2. Current checktime is 0.255s. Over-approx MDP has size 224. Current result is ≤565.4819179.
Over-approx result for refinement improved after 0.267s in refinement step #3. New value is '565.4068886'.
Completed iteration #3. Current checktime is 0.267s. Over-approx MDP has size 627. Current result is ≤565.4068886.
Over-approx result for refinement improved after 0.295s in refinement step #4. New value is '565.3295824'.
Completed iteration #4. Current checktime is 0.295s. Over-approx MDP has size 1482. Current result is ≤565.3295824.
Over-approx result for refinement improved after 0.355s in refinement step #5. New value is '565.2464591'.
Completed iteration #5. Current checktime is 0.355s. Over-approx MDP has size 3383. Current result is ≤565.2464591.
Over-approx result for refinement improved after 0.503s in refinement step #6. New value is '564.9928029'.
Completed iteration #6. Current checktime is 0.503s. Over-approx MDP has size 7817. Current result is ≤564.9928029.
Over-approx result for refinement improved after 0.857s in refinement step #7. New value is '564.456196'.
Completed iteration #7. Current checktime is 0.857s. Over-approx MDP has size 18287. Current result is ≤564.456196.
Over-approx result for refinement improved after 1.703s in refinement step #8. New value is '563.4331181'.
Completed iteration #8. Current checktime is 1.703s. Over-approx MDP has size 43279. Current result is ≤563.4331181.
Over-approx result for refinement improved after 3.746s in refinement step #9. New value is '561.2623052'.
Completed iteration #9. Current checktime is 3.746s. Over-approx MDP has size 102896. Current result is ≤561.2623052.
Over-approx result for refinement improved after 8.095s in refinement step #10. New value is '558.8590054'.
Completed iteration #10. Current checktime is 8.095s. Over-approx MDP has size 214656. Current result is ≤558.8590054.
Over-approx result for refinement improved after 16.375s in refinement step #11. New value is '557.5399013'.
Completed iteration #11. Current checktime is 16.375s. Over-approx MDP has size 394412. Current result is ≤557.5399013.
Over-approx result for refinement improved after 31.120s in refinement step #12. New value is '556.9504765'.
Completed iteration #12. Current checktime is 31.120s. Over-approx MDP has size 719502. Current result is ≤556.9504765.
Over-approx result for refinement improved after 57.102s in refinement step #13. New value is '556.8280957'.
Completed iteration #13. Current checktime is 57.102s. Over-approx MDP has size 1253974. Current result is ≤556.8280957.
Over-approx result for refinement improved after 101.116s in refinement step #14. New value is '556.7866472'.
Completed iteration #14. Current checktime is 101.116s. Over-approx MDP has size 2096717. Current result is ≤556.7866472.
Over-approx result for refinement improved after 174.724s in refinement step #15. New value is '556.7805306'.
Completed iteration #15. Current checktime is 174.724s. Over-approx MDP has size 3390494. Current result is ≤556.7805306.
Over-approx result for refinement improved after 288.345s in refinement step #16. New value is '556.7795314'.
Completed iteration #16. Current checktime is 288.345s. Over-approx MDP has size 5265951. Current result is ≤556.7795314.
Over-approx result for refinement improved after 458.463s in refinement step #17. New value is '556.7794318'.
Completed iteration #17. Current checktime is 458.463s. Over-approx MDP has size 7838011. Current result is ≤556.7794318.
Over-approx result for refinement improved after 702.079s in refinement step #18. New value is '556.7794066'.
Completed iteration #18. Current checktime is 702.079s. Over-approx MDP has size 11219101. Current result is ≤556.7794066.
Over-approx result for refinement improved after 1052.360s in refinement step #19. New value is '556.7794046'.
Completed iteration #19. Current checktime is 1052.360s. Over-approx MDP has size 15446476. Current result is ≤556.7794046.
Over-approx result for refinement improved after 1546.117s in refinement step #20. New value is '556.7794042'.
Completed iteration #20. Current checktime is 1546.117s. Over-approx MDP has size 20560755. Current result is ≤556.7794042.
##### Grid Approximation Statistics ######
# Input model: 
-------------------------------------------------------------- 
Model type: 	POMDP (sparse)
States: 	19373
Transitions: 	102420
Choices: 	34157
Observations: 	4909
Reward Models:  priority
State Labels: 	3 labels
   * deadlock -> 0 item(s)
   * (((sched = 0) & (t = (8 - 1))) & (k = (20 - 1))) -> 64 item(s)
   * init -> 1 item(s)
Choice Labels: 	none
-------------------------------------------------------------- 
# Max. Number of states with same observation: 4
# Computation aborted early
# Total check time: 1850.202s
# Number of refinement steps: 20
# Number of states in the final grid MDP for the over-approximation: 20560755
# Maximal resolution for over-approximation: 1572864
# Time spend for building the over-approx grid MDP(s): 1649.717s
# Time spend for checking the over-approx grid MDP(s): 149.699s
##########################################

Result till abort: ≤ 556.7794042
Time for POMDP analysis: 1850.204s.

##############################Output to stderr##############################
ERROR: The program received signal 14 and will be aborted in 600s.
