COMMAND: ../storm/build/bin/storm-pomdp --prism ../models/network-priorities/network-priorities2.prism --prop ../models/network-priorities/network-priorities.props --constants T=8,K=20 --belief-exploration discretize --refine 0 --timeout 1800 --triangulationmode static --resolution 3 2 --obs-threshold 0.1 0.05 --size-threshold 0 4 --gap-threshold 0.1 0.25 --scheduler-threshold 0.001 -tm --signal-timeout 600 --sound
WALLTIME (seconds): 1854.2469820976257

############################## LOG ##############################
Storm-pomdp 1.5.2 (dev)

Date: Tue May 12 00:57:35 2020
Command line arguments: --prism ../models/network-priorities/network-priorities2.prism --prop ../models/network-priorities/network-priorities.props --constants 'T=8,K=20' --belief-exploration discretize --refine 0 --timeout 1800 --triangulationmode static --resolution 3 2 --obs-threshold 0.1 0.05 --size-threshold 0 4 --gap-threshold 0.1 0.25 --scheduler-threshold 0.001 -tm --signal-timeout 600 --sound
Current working directory: .s

Time for model input parsing: 0.003s.

Time for model construction: 0.196s.

-------------------------------------------------------------- 
Model type: 	POMDP (sparse)
States: 	19373
Transitions: 	102420
Choices: 	34157
Observations: 	4909
Reward Models:  priority
State Labels: 	3 labels
   * deadlock -> 0 item(s)
   * (((sched = 0) & (t = (8 - 1))) & (k = (20 - 1))) -> 64 item(s)
   * init -> 1 item(s)
Choice Labels: 	4 labels
   * idle -> 9536 item(s)
   * send2 -> 7392 item(s)
   * send1 -> 7392 item(s)
   * slot -> 9773 item(s)
-------------------------------------------------------------- 
Analyzing property 'R[exp]{"priority"}max=? [F (((sched = 0) & (t = (8 - 1))) & (k = (20 - 1)))]'
Exploring the belief MDP... Keeping scheduler guesses bit vector(7/7) [0 1 2 3 4 5 6 ]
Initial value bounds are [534.4444533, 565.6227302]
Detected that the belief MDP is finite.
Over-approx result for refinement improved after 0.253s seconds in refinement step #0. New value is '565.6227302'.
Completed iteration #0. Current checktime is 0.253s. Over-approx MDP has size 2. Current result is ≤565.6227302.
 WARN (ApproximatePOMDPModelchecker.cpp:322): No termination criterion for refinement given. Consider to specify a steplimit, a non-zero precisionlimit, or a timeout
Over-approx result for refinement improved after 0.255s in refinement step #1. New value is '565.5361143'.
Completed iteration #1. Current checktime is 0.255s. Over-approx MDP has size 73. Current result is ≤565.5361143.
Over-approx result for refinement improved after 0.264s in refinement step #2. New value is '565.4628654'.
Completed iteration #2. Current checktime is 0.264s. Over-approx MDP has size 457. Current result is ≤565.4628654.
Over-approx result for refinement improved after 0.303s in refinement step #3. New value is '565.324433'.
Completed iteration #3. Current checktime is 0.303s. Over-approx MDP has size 2037. Current result is ≤565.324433.
Over-approx result for refinement improved after 0.480s in refinement step #4. New value is '564.8169363'.
Completed iteration #4. Current checktime is 0.480s. Over-approx MDP has size 8662. Current result is ≤564.8169363.
Over-approx result for refinement improved after 1.249s in refinement step #5. New value is '562.9488705'.
Completed iteration #5. Current checktime is 1.249s. Over-approx MDP has size 37031. Current result is ≤562.9488705.
Over-approx result for refinement improved after 3.501s in refinement step #6. New value is '559.4208611'.
Completed iteration #6. Current checktime is 3.501s. Over-approx MDP has size 109162. Current result is ≤559.4208611.
Over-approx result for refinement improved after 8.208s in refinement step #7. New value is '557.8776501'.
Completed iteration #7. Current checktime is 8.208s. Over-approx MDP has size 217532. Current result is ≤557.8776501.
Over-approx result for refinement improved after 16.975s in refinement step #8. New value is '557.0305606'.
Completed iteration #8. Current checktime is 16.975s. Over-approx MDP has size 412431. Current result is ≤557.0305606.
Over-approx result for refinement improved after 33.177s in refinement step #9. New value is '556.8562752'.
Completed iteration #9. Current checktime is 33.177s. Over-approx MDP has size 769318. Current result is ≤556.8562752.
Over-approx result for refinement improved after 62.123s in refinement step #10. New value is '556.7906916'.
Completed iteration #10. Current checktime is 62.123s. Over-approx MDP has size 1352894. Current result is ≤556.7906916.
Over-approx result for refinement improved after 110.723s in refinement step #11. New value is '556.7811001'.
Completed iteration #11. Current checktime is 110.723s. Over-approx MDP has size 2312613. Current result is ≤556.7811001.
Over-approx result for refinement improved after 192.742s in refinement step #12. New value is '556.7795375'.
Completed iteration #12. Current checktime is 192.742s. Over-approx MDP has size 3793422. Current result is ≤556.7795375.
Over-approx result for refinement improved after 323.816s in refinement step #13. New value is '556.7794331'.
Completed iteration #13. Current checktime is 323.816s. Over-approx MDP has size 5902223. Current result is ≤556.7794331.
Over-approx result for refinement improved after 528.409s in refinement step #14. New value is '556.7794073'.
Completed iteration #14. Current checktime is 528.409s. Over-approx MDP has size 8818715. Current result is ≤556.7794073.
Over-approx result for refinement improved after 825.382s in refinement step #15. New value is '556.7794048'.
Completed iteration #15. Current checktime is 825.382s. Over-approx MDP has size 12594403. Current result is ≤556.7794048.
Over-approx result for refinement improved after 1231.476s in refinement step #16. New value is '556.7794044'.
Completed iteration #16. Current checktime is 1231.476s. Over-approx MDP has size 17213082. Current result is ≤556.7794044.
Over-approx result for refinement improved after 1789.380s in refinement step #17. New value is '556.7794043'.
Completed iteration #17. Current checktime is 1789.380s. Over-approx MDP has size 22736883. Current result is ≤556.7794043.
##### Grid Approximation Statistics ######
# Input model: 
-------------------------------------------------------------- 
Model type: 	POMDP (sparse)
States: 	19373
Transitions: 	102420
Choices: 	34157
Observations: 	4909
Reward Models:  priority
State Labels: 	3 labels
   * deadlock -> 0 item(s)
   * (((sched = 0) & (t = (8 - 1))) & (k = (20 - 1))) -> 64 item(s)
   * init -> 1 item(s)
Choice Labels: 	none
-------------------------------------------------------------- 
# Max. Number of states with same observation: 4
# Computation aborted early
# Total check time: 1852.883s
# Number of refinement steps: 17
# Number of states in the final grid MDP for the over-approximation: 22736883
# Maximal resolution for over-approximation: 196608
# Time spend for building the over-approx grid MDP(s): 1651.622s
# Time spend for checking the over-approx grid MDP(s): 167.732s
##########################################

Result till abort: ≤ 556.7794043
Time for POMDP analysis: 1852.885s.

##############################Output to stderr##############################
ERROR: The program received signal 14 and will be aborted in 600s.
