COMMAND: ../storm/build/bin/storm-pomdp --prism ../models/network/network2.prism --prop ../models/network/network.props --constants T=8,K=20 --belief-exploration discretize --refine 0 --timeout 1800 --triangulationmode dynamic --resolution 3 2 --obs-threshold 0.1 0.05 --size-threshold 0 4 --gap-threshold 0.1 0.25 --scheduler-threshold 0.001 -tm --signal-timeout 600 --sound
WALLTIME (seconds): 1839.4792914390564

############################## LOG ##############################
Storm-pomdp 1.5.2 (dev)

Date: Tue May 12 00:50:29 2020
Command line arguments: --prism ../models/network/network2.prism --prop ../models/network/network.props --constants 'T=8,K=20' --belief-exploration discretize --refine 0 --timeout 1800 --triangulationmode dynamic --resolution 3 2 --obs-threshold 0.1 0.05 --size-threshold 0 4 --gap-threshold 0.1 0.25 --scheduler-threshold 0.001 -tm --signal-timeout 600 --sound
Current working directory: .s

Time for model input parsing: 0.003s.

Time for model construction: 0.047s.

-------------------------------------------------------------- 
Model type: 	POMDP (sparse)
States: 	4589
Transitions: 	14020
Choices: 	6973
Observations: 	1173
Reward Models:  dropped_packets
State Labels: 	3 labels
   * deadlock -> 0 item(s)
   * (((sched = 0) & (t = (8 - 1))) & (k = (20 - 1))) -> 16 item(s)
   * init -> 1 item(s)
Choice Labels: 	4 labels
   * idle -> 2224 item(s)
   * send2 -> 1192 item(s)
   * send1 -> 1192 item(s)
   * slot -> 2349 item(s)
-------------------------------------------------------------- 
Analyzing property 'R[exp]{"dropped_packets"}min=? [F (((sched = 0) & (t = (8 - 1))) & (k = (20 - 1)))]'
Exploring the belief MDP... Keeping scheduler guesses bit vector(7/7) [0 1 2 3 4 5 6 ]
Initial value bounds are [2.556618378, 7.056088766]
Detected that the belief MDP is finite.
 WARN (SparseMdpPrctlHelper.cpp:396): A non-empty hint was provided, but its information will be disregarded.
Over-approx result for refinement improved after 0.139s seconds in refinement step #0. New value is '2.918894781'.
Completed iteration #0. Current checktime is 0.139s. Over-approx MDP has size 14838. Current result is ≥2.918894781.
 WARN (ApproximatePOMDPModelchecker.cpp:322): No termination criterion for refinement given. Consider to specify a steplimit, a non-zero precisionlimit, or a timeout
 WARN (SparseMdpPrctlHelper.cpp:396): A non-empty hint was provided, but its information will be disregarded.
Over-approx result for refinement improved after 0.284s in refinement step #1. New value is '3.021825503'.
Completed iteration #1. Current checktime is 0.284s. Over-approx MDP has size 21165. Current result is ≥3.021825503.
 WARN (SparseMdpPrctlHelper.cpp:396): A non-empty hint was provided, but its information will be disregarded.
Over-approx result for refinement improved after 0.506s in refinement step #2. New value is '3.095381405'.
Completed iteration #2. Current checktime is 0.506s. Over-approx MDP has size 28514. Current result is ≥3.095381405.
 WARN (SparseMdpPrctlHelper.cpp:396): A non-empty hint was provided, but its information will be disregarded.
Over-approx result for refinement improved after 1.172s in refinement step #3. New value is '3.173784831'.
Completed iteration #3. Current checktime is 1.172s. Over-approx MDP has size 68033. Current result is ≥3.173784831.
 WARN (SparseMdpPrctlHelper.cpp:396): A non-empty hint was provided, but its information will be disregarded.
Over-approx result for refinement improved after 2.639s in refinement step #4. New value is '3.194818855'.
Completed iteration #4. Current checktime is 2.639s. Over-approx MDP has size 145665. Current result is ≥3.194818855.
 WARN (SparseMdpPrctlHelper.cpp:396): A non-empty hint was provided, but its information will be disregarded.
Over-approx result for refinement improved after 5.845s in refinement step #5. New value is '3.198499376'.
Completed iteration #5. Current checktime is 5.845s. Over-approx MDP has size 313504. Current result is ≥3.198499376.
 WARN (SparseMdpPrctlHelper.cpp:396): A non-empty hint was provided, but its information will be disregarded.
Over-approx result for refinement improved after 12.985s in refinement step #6. New value is '3.198885468'.
Completed iteration #6. Current checktime is 12.985s. Over-approx MDP has size 645011. Current result is ≥3.198885468.
 WARN (SparseMdpPrctlHelper.cpp:396): A non-empty hint was provided, but its information will be disregarded.
Over-approx result for refinement improved after 28.418s in refinement step #7. New value is '3.198957608'.
Completed iteration #7. Current checktime is 28.418s. Over-approx MDP has size 1280044. Current result is ≥3.198957608.
 WARN (SparseMdpPrctlHelper.cpp:396): A non-empty hint was provided, but its information will be disregarded.
Over-approx result for refinement improved after 62.782s in refinement step #8. New value is '3.198957734'.
Completed iteration #8. Current checktime is 62.782s. Over-approx MDP has size 2492215. Current result is ≥3.198957734.
 WARN (SparseMdpPrctlHelper.cpp:396): A non-empty hint was provided, but its information will be disregarded.
Over-approx result for refinement improved after 138.211s in refinement step #9. New value is '3.198957741'.
Completed iteration #9. Current checktime is 138.211s. Over-approx MDP has size 4418098. Current result is ≥3.198957741.
 WARN (SparseMdpPrctlHelper.cpp:396): A non-empty hint was provided, but its information will be disregarded.
Completed iteration #10. Current checktime is 316.903s. Over-approx MDP has size 7601996. Current result is ≥3.198957741.
 WARN (SparseMdpPrctlHelper.cpp:396): A non-empty hint was provided, but its information will be disregarded.
Completed iteration #11. Current checktime is 865.125s. Over-approx MDP has size 13895167. Current result is ≥3.198957741.
##### Grid Approximation Statistics ######
# Input model: 
-------------------------------------------------------------- 
Model type: 	POMDP (sparse)
States: 	4589
Transitions: 	14020
Choices: 	6973
Observations: 	1173
Reward Models:  dropped_packets
State Labels: 	3 labels
   * deadlock -> 0 item(s)
   * (((sched = 0) & (t = (8 - 1))) & (k = (20 - 1))) -> 16 item(s)
   * init -> 1 item(s)
Choice Labels: 	none
-------------------------------------------------------------- 
# Max. Number of states with same observation: 4
# Computation aborted early
# Total check time: 1838.933s
# Number of refinement steps: 11
# Number of states in the final grid MDP for the over-approximation: 13895167
# Maximal resolution for over-approximation: 12288
# Time spend for building the over-approx grid MDP(s): 1734.344s
# Time spend for checking the over-approx grid MDP(s): 65.506s
##########################################

Result till abort: ≥ 3.198957741
Time for POMDP analysis: 1838.934s.

##############################Output to stderr##############################
ERROR: The program received signal 14 and will be aborted in 600s.
