COMMAND: ../storm/build/bin/storm-pomdp --prism ../models/network-priorities/network-priorities2.prism --prop ../models/network-priorities/network-priorities.props --constants T=8,K=20 --belief-exploration discretize --refine 0 --timeout 1800 --triangulationmode dynamic --resolution 3 2 --obs-threshold 0.1 0.1 --size-threshold 0 4 --gap-threshold 0.3 0.5 --scheduler-threshold 0.001 -tm --signal-timeout 600 --sound
WALLTIME (seconds): 1852.5528926849365

############################## LOG ##############################
Storm-pomdp 1.5.2 (dev)

Date: Tue May 12 00:57:36 2020
Command line arguments: --prism ../models/network-priorities/network-priorities2.prism --prop ../models/network-priorities/network-priorities.props --constants 'T=8,K=20' --belief-exploration discretize --refine 0 --timeout 1800 --triangulationmode dynamic --resolution 3 2 --obs-threshold 0.1 0.1 --size-threshold 0 4 --gap-threshold 0.3 0.5 --scheduler-threshold 0.001 -tm --signal-timeout 600 --sound
Current working directory: .s

Time for model input parsing: 0.003s.

Time for model construction: 0.196s.

-------------------------------------------------------------- 
Model type: 	POMDP (sparse)
States: 	19373
Transitions: 	102420
Choices: 	34157
Observations: 	4909
Reward Models:  priority
State Labels: 	3 labels
   * deadlock -> 0 item(s)
   * (((sched = 0) & (t = (8 - 1))) & (k = (20 - 1))) -> 64 item(s)
   * init -> 1 item(s)
Choice Labels: 	4 labels
   * idle -> 9536 item(s)
   * send2 -> 7392 item(s)
   * send1 -> 7392 item(s)
   * slot -> 9773 item(s)
-------------------------------------------------------------- 
Analyzing property 'R[exp]{"priority"}max=? [F (((sched = 0) & (t = (8 - 1))) & (k = (20 - 1)))]'
Exploring the belief MDP... Keeping scheduler guesses bit vector(7/7) [0 1 2 3 4 5 6 ]
Initial value bounds are [534.4444533, 565.6227302]
Detected that the belief MDP is finite.
Over-approx result for refinement improved after 0.248s seconds in refinement step #0. New value is '565.6227302'.
Completed iteration #0. Current checktime is 0.248s. Over-approx MDP has size 2. Current result is ≤565.6227302.
 WARN (ApproximatePOMDPModelchecker.cpp:322): No termination criterion for refinement given. Consider to specify a steplimit, a non-zero precisionlimit, or a timeout
Completed iteration #1. Current checktime is 0.249s. Over-approx MDP has size 2. Current result is ≤565.6227302.
Completed iteration #2. Current checktime is 0.249s. Over-approx MDP has size 2. Current result is ≤565.6227302.
Over-approx result for refinement improved after 0.251s in refinement step #3. New value is '565.5361143'.
Completed iteration #3. Current checktime is 0.251s. Over-approx MDP has size 65. Current result is ≤565.5361143.
Over-approx result for refinement improved after 0.259s in refinement step #4. New value is '565.4567916'.
Completed iteration #4. Current checktime is 0.259s. Over-approx MDP has size 421. Current result is ≤565.4567916.
Over-approx result for refinement improved after 0.295s in refinement step #5. New value is '565.3347211'.
Completed iteration #5. Current checktime is 0.295s. Over-approx MDP has size 1944. Current result is ≤565.3347211.
Over-approx result for refinement improved after 0.463s in refinement step #6. New value is '564.9177175'.
Completed iteration #6. Current checktime is 0.463s. Over-approx MDP has size 8366. Current result is ≤564.9177175.
Over-approx result for refinement improved after 1.187s in refinement step #7. New value is '563.3909669'.
Completed iteration #7. Current checktime is 1.187s. Over-approx MDP has size 36001. Current result is ≤563.3909669.
Over-approx result for refinement improved after 3.667s in refinement step #8. New value is '559.6718198'.
Completed iteration #8. Current checktime is 3.667s. Over-approx MDP has size 124796. Current result is ≤559.6718198.
Over-approx result for refinement improved after 9.276s in refinement step #9. New value is '558.1550442'.
Completed iteration #9. Current checktime is 9.276s. Over-approx MDP has size 277451. Current result is ≤558.1550442.
Over-approx result for refinement improved after 21.214s in refinement step #10. New value is '557.0265026'.
Completed iteration #10. Current checktime is 21.214s. Over-approx MDP has size 564154. Current result is ≤557.0265026.
Over-approx result for refinement improved after 46.109s in refinement step #11. New value is '556.8616927'.
Completed iteration #11. Current checktime is 46.109s. Over-approx MDP has size 1180205. Current result is ≤556.8616927.
Over-approx result for refinement improved after 100.209s in refinement step #12. New value is '556.7899846'.
Completed iteration #12. Current checktime is 100.209s. Over-approx MDP has size 2456395. Current result is ≤556.7899846.
Over-approx result for refinement improved after 223.312s in refinement step #13. New value is '556.7831518'.
Completed iteration #13. Current checktime is 223.312s. Over-approx MDP has size 5166504. Current result is ≤556.7831518.
Completed iteration #14. Current checktime is 510.833s. Over-approx MDP has size 10718089. Current result is ≤556.7831518.
Over-approx result for refinement improved after 1161.175s in refinement step #15. New value is '556.779439'.
Completed iteration #15. Current checktime is 1161.175s. Over-approx MDP has size 20680614. Current result is ≤556.779439.
##### Grid Approximation Statistics ######
# Input model: 
-------------------------------------------------------------- 
Model type: 	POMDP (sparse)
States: 	19373
Transitions: 	102420
Choices: 	34157
Observations: 	4909
Reward Models:  priority
State Labels: 	3 labels
   * deadlock -> 0 item(s)
   * (((sched = 0) & (t = (8 - 1))) & (k = (20 - 1))) -> 64 item(s)
   * init -> 1 item(s)
Choice Labels: 	none
-------------------------------------------------------------- 
# Max. Number of states with same observation: 4
# Computation aborted early
# Total check time: 1851.559s
# Number of refinement steps: 15
# Number of states in the final grid MDP for the over-approximation: 20680614
# Maximal resolution for over-approximation: 6144
# Time spend for building the over-approx grid MDP(s): 1716.917s
# Time spend for checking the over-approx grid MDP(s): 82.554s
##########################################

Result till abort: ≤ 556.779439
Time for POMDP analysis: 1851.561s.

##############################Output to stderr##############################
ERROR: The program received signal 14 and will be aborted in 600s.
