COMMAND: ../storm/build/bin/storm-pomdp --prism ../models/network-priorities/network-priorities3.prism --prop ../models/network-priorities/network-priorities.props --constants T=5,K=2 --belief-exploration discretize --refine 0 --timeout 1800 --triangulationmode static --resolution 3 2 --obs-threshold 0.1 0.1 --size-threshold 0 2 --gap-threshold 0.1 0.25 --scheduler-threshold 0.001 -tm --signal-timeout 600 --sound
WALLTIME (seconds): 1173.0213890075684
ERROR: -9
############################## LOG ##############################
Storm-pomdp 1.5.2 (dev)

Date: Tue May 12 01:00:12 2020
Command line arguments: --prism ../models/network-priorities/network-priorities3.prism --prop ../models/network-priorities/network-priorities.props --constants 'T=5,K=2' --belief-exploration discretize --refine 0 --timeout 1800 --triangulationmode static --resolution 3 2 --obs-threshold 0.1 0.1 --size-threshold 0 2 --gap-threshold 0.1 0.25 --scheduler-threshold 0.001 -tm --signal-timeout 600 --sound
Current working directory: .s

Time for model input parsing: 0.005s.

Time for model construction: 0.171s.

-------------------------------------------------------------- 
Model type: 	POMDP (sparse)
States: 	8019
Transitions: 	149608
Choices: 	17235
Observations: 	1035
Reward Models:  priority
State Labels: 	3 labels
   * deadlock -> 0 item(s)
   * (((sched = 0) & (t = (5 - 1))) & (k = (2 - 1))) -> 512 item(s)
   * init -> 1 item(s)
Choice Labels: 	5 labels
   * idle -> 3840 item(s)
   * send2 -> 3072 item(s)
   * slot -> 3667 item(s)
   * send3 -> 3072 item(s)
   * send1 -> 3072 item(s)
-------------------------------------------------------------- 
Analyzing property 'R[exp]{"priority"}max=? [F (((sched = 0) & (t = (5 - 1))) & (k = (2 - 1)))]'
Exploring the belief MDP... Keeping scheduler guesses bit vector(7/7) [0 1 2 3 4 5 6 ]
Initial value bounds are [57.92225868, 73.57187011]
Detected that the belief MDP is finite.
Over-approx result for refinement improved after 2.151s seconds in refinement step #0. New value is '69.24648866'.
Completed iteration #0. Current checktime is 2.151s. Over-approx MDP has size 57993. Current result is ≤69.24648866.
 WARN (ApproximatePOMDPModelchecker.cpp:322): No termination criterion for refinement given. Consider to specify a steplimit, a non-zero precisionlimit, or a timeout
Over-approx result for refinement improved after 9.678s in refinement step #1. New value is '67.24976287'.
Completed iteration #1. Current checktime is 9.678s. Over-approx MDP has size 153104. Current result is ≤67.24976287.
Over-approx result for refinement improved after 37.155s in refinement step #2. New value is '66.51866505'.
Completed iteration #2. Current checktime is 37.155s. Over-approx MDP has size 437999. Current result is ≤66.51866505.
Over-approx result for refinement improved after 107.699s in refinement step #3. New value is '65.33561106'.
Completed iteration #3. Current checktime is 107.699s. Over-approx MDP has size 1290348. Current result is ≤65.33561106.
Over-approx result for refinement improved after 288.488s in refinement step #4. New value is '64.42926945'.
Completed iteration #4. Current checktime is 288.488s. Over-approx MDP has size 3562551. Current result is ≤64.42926945.
Over-approx result for refinement improved after 710.060s in refinement step #5. New value is '64.34241108'.
Completed iteration #5. Current checktime is 710.060s. Over-approx MDP has size 9555954. Current result is ≤64.34241108.
