COMMAND: ../storm/build/bin/storm-pomdp --prism ../models/network-priorities/network-priorities3.prism --prop ../models/network-priorities/network-priorities.props --constants T=5,K=2 --belief-exploration discretize --refine 0 --timeout 1800 --triangulationmode static --resolution 3 2 --obs-threshold 0.1 0.1 --size-threshold 0 4 --gap-threshold 0.1 0.25 --scheduler-threshold 0.5 -tm --signal-timeout 600 --sound
WALLTIME (seconds): 1855.9859688282013

############################## LOG ##############################
Storm-pomdp 1.5.2 (dev)

Date: Tue May 12 01:00:13 2020
Command line arguments: --prism ../models/network-priorities/network-priorities3.prism --prop ../models/network-priorities/network-priorities.props --constants 'T=5,K=2' --belief-exploration discretize --refine 0 --timeout 1800 --triangulationmode static --resolution 3 2 --obs-threshold 0.1 0.1 --size-threshold 0 4 --gap-threshold 0.1 0.25 --scheduler-threshold 0.5 -tm --signal-timeout 600 --sound
Current working directory: .s

Time for model input parsing: 0.004s.

Time for model construction: 0.171s.

-------------------------------------------------------------- 
Model type: 	POMDP (sparse)
States: 	8019
Transitions: 	149608
Choices: 	17235
Observations: 	1035
Reward Models:  priority
State Labels: 	3 labels
   * deadlock -> 0 item(s)
   * (((sched = 0) & (t = (5 - 1))) & (k = (2 - 1))) -> 512 item(s)
   * init -> 1 item(s)
Choice Labels: 	5 labels
   * idle -> 3840 item(s)
   * send2 -> 3072 item(s)
   * slot -> 3667 item(s)
   * send3 -> 3072 item(s)
   * send1 -> 3072 item(s)
-------------------------------------------------------------- 
Analyzing property 'R[exp]{"priority"}max=? [F (((sched = 0) & (t = (5 - 1))) & (k = (2 - 1)))]'
Exploring the belief MDP... Keeping scheduler guesses bit vector(7/7) [0 1 2 3 4 5 6 ]
Initial value bounds are [57.92225868, 73.57187011]
Detected that the belief MDP is finite.
Over-approx result for refinement improved after 2.134s seconds in refinement step #0. New value is '69.24648866'.
Completed iteration #0. Current checktime is 2.134s. Over-approx MDP has size 57993. Current result is ≤69.24648866.
 WARN (ApproximatePOMDPModelchecker.cpp:322): No termination criterion for refinement given. Consider to specify a steplimit, a non-zero precisionlimit, or a timeout
Over-approx result for refinement improved after 9.623s in refinement step #1. New value is '66.91312635'.
Completed iteration #1. Current checktime is 9.623s. Over-approx MDP has size 145008. Current result is ≤66.91312635.
Over-approx result for refinement improved after 36.707s in refinement step #2. New value is '65.39945767'.
Completed iteration #2. Current checktime is 36.707s. Over-approx MDP has size 447527. Current result is ≤65.39945767.
Over-approx result for refinement improved after 93.838s in refinement step #3. New value is '64.8071435'.
Completed iteration #3. Current checktime is 93.838s. Over-approx MDP has size 912541. Current result is ≤64.8071435.
Over-approx result for refinement improved after 214.973s in refinement step #4. New value is '64.3617711'.
Completed iteration #4. Current checktime is 214.973s. Over-approx MDP has size 1977170. Current result is ≤64.3617711.
Over-approx result for refinement improved after 438.660s in refinement step #5. New value is '64.31028235'.
Completed iteration #5. Current checktime is 438.660s. Over-approx MDP has size 3764818. Current result is ≤64.31028235.
Over-approx result for refinement improved after 827.472s in refinement step #6. New value is '64.30345378'.
Completed iteration #6. Current checktime is 827.472s. Over-approx MDP has size 7013166. Current result is ≤64.30345378.
Over-approx result for refinement improved after 1426.229s in refinement step #7. New value is '64.30158938'.
Completed iteration #7. Current checktime is 1426.229s. Over-approx MDP has size 10727473. Current result is ≤64.30158938.
##### Grid Approximation Statistics ######
# Input model: 
-------------------------------------------------------------- 
Model type: 	POMDP (sparse)
States: 	8019
Transitions: 	149608
Choices: 	17235
Observations: 	1035
Reward Models:  priority
State Labels: 	3 labels
   * deadlock -> 0 item(s)
   * (((sched = 0) & (t = (5 - 1))) & (k = (2 - 1))) -> 512 item(s)
   * init -> 1 item(s)
Choice Labels: 	none
-------------------------------------------------------------- 
# Max. Number of states with same observation: 8
# Computation aborted early
# Total check time: 1854.588s
# Number of refinement steps: 7
# Number of states in the final grid MDP for the over-approximation: 10727473
# Maximal resolution for over-approximation: 768
# Time spend for building the over-approx grid MDP(s): 1681.854s
# Time spend for checking the over-approx grid MDP(s): 117.678s
##########################################

Result till abort: ≤ 64.30158938
Time for POMDP analysis: 1854.589s.

##############################Output to stderr##############################
ERROR: The program received signal 14 and will be aborted in 600s.
