COMMAND: ../storm/build/bin/storm-pomdp --prism ../models/network-priorities/network-priorities3.prism --prop ../models/network-priorities/network-priorities.props --constants T=5,K=2 --belief-exploration discretize --refine 0 --timeout 1800 --triangulationmode dynamic --resolution 3 2 --obs-threshold 0.1 0.1 --size-threshold 0 4 --gap-threshold 0.3 0.5 --scheduler-threshold 0.001 -tm --signal-timeout 600 --sound
WALLTIME (seconds): 1316.1801478862762
ERROR: -9
############################## LOG ##############################
Storm-pomdp 1.5.2 (dev)

Date: Tue May 12 01:01:31 2020
Command line arguments: --prism ../models/network-priorities/network-priorities3.prism --prop ../models/network-priorities/network-priorities.props --constants 'T=5,K=2' --belief-exploration discretize --refine 0 --timeout 1800 --triangulationmode dynamic --resolution 3 2 --obs-threshold 0.1 0.1 --size-threshold 0 4 --gap-threshold 0.3 0.5 --scheduler-threshold 0.001 -tm --signal-timeout 600 --sound
Current working directory: .s

Time for model input parsing: 0.004s.

Time for model construction: 0.171s.

-------------------------------------------------------------- 
Model type: 	POMDP (sparse)
States: 	8019
Transitions: 	149608
Choices: 	17235
Observations: 	1035
Reward Models:  priority
State Labels: 	3 labels
   * deadlock -> 0 item(s)
   * (((sched = 0) & (t = (5 - 1))) & (k = (2 - 1))) -> 512 item(s)
   * init -> 1 item(s)
Choice Labels: 	5 labels
   * idle -> 3840 item(s)
   * send2 -> 3072 item(s)
   * slot -> 3667 item(s)
   * send3 -> 3072 item(s)
   * send1 -> 3072 item(s)
-------------------------------------------------------------- 
Analyzing property 'R[exp]{"priority"}max=? [F (((sched = 0) & (t = (5 - 1))) & (k = (2 - 1)))]'
Exploring the belief MDP... Keeping scheduler guesses bit vector(7/7) [0 1 2 3 4 5 6 ]
Initial value bounds are [57.92225868, 73.57187011]
Detected that the belief MDP is finite.
Completed iteration #0. Current checktime is 0.236s. Over-approx MDP has size 2. Current result is ≤73.57187011.
 WARN (ApproximatePOMDPModelchecker.cpp:322): No termination criterion for refinement given. Consider to specify a steplimit, a non-zero precisionlimit, or a timeout
Over-approx result for refinement improved after 0.240s in refinement step #1. New value is '72.90287218'.
Completed iteration #1. Current checktime is 0.240s. Over-approx MDP has size 255. Current result is ≤72.90287218.
Over-approx result for refinement improved after 0.267s in refinement step #2. New value is '72.32606785'.
Completed iteration #2. Current checktime is 0.267s. Over-approx MDP has size 2351. Current result is ≤72.32606785.
Over-approx result for refinement improved after 0.423s in refinement step #3. New value is '71.28512036'.
Completed iteration #3. Current checktime is 0.423s. Over-approx MDP has size 13221. Current result is ≤71.28512036.
Over-approx result for refinement improved after 2.436s in refinement step #4. New value is '68.29906279'.
Completed iteration #4. Current checktime is 2.436s. Over-approx MDP has size 60034. Current result is ≤68.29906279.
Over-approx result for refinement improved after 10.458s in refinement step #5. New value is '66.6303789'.
Completed iteration #5. Current checktime is 10.458s. Over-approx MDP has size 184727. Current result is ≤66.6303789.
Over-approx result for refinement improved after 37.354s in refinement step #6. New value is '65.10987904'.
Completed iteration #6. Current checktime is 37.354s. Over-approx MDP has size 545435. Current result is ≤65.10987904.
Over-approx result for refinement improved after 105.551s in refinement step #7. New value is '64.46618107'.
Completed iteration #7. Current checktime is 105.551s. Over-approx MDP has size 1500475. Current result is ≤64.46618107.
Over-approx result for refinement improved after 265.906s in refinement step #8. New value is '64.35116086'.
Completed iteration #8. Current checktime is 265.906s. Over-approx MDP has size 4198890. Current result is ≤64.35116086.
Over-approx result for refinement improved after 681.433s in refinement step #9. New value is '64.31149526'.
Completed iteration #9. Current checktime is 681.433s. Over-approx MDP has size 11534729. Current result is ≤64.31149526.
