COMMAND: ../storm/build/bin/storm-pomdp --prism ../models/network-priorities/network-priorities3.prism --prop ../models/network-priorities/network-priorities.props --constants T=8,K=20 --belief-exploration discretize --refine 0 --timeout 1800 --triangulationmode dynamic --resolution 2 1.4142135624 --obs-threshold 0.1 0.1 --size-threshold 0 4 --gap-threshold 0.1 0.25 --scheduler-threshold 0.001 -tm --signal-timeout 600 --sound
WALLTIME (seconds): 1806.2418835163116

############################## LOG ##############################
Storm-pomdp 1.5.2 (dev)

Date: Tue May 12 01:06:47 2020
Command line arguments: --prism ../models/network-priorities/network-priorities3.prism --prop ../models/network-priorities/network-priorities.props --constants 'T=8,K=20' --belief-exploration discretize --refine 0 --timeout 1800 --triangulationmode dynamic --resolution 2 1.4142135624 --obs-threshold 0.1 0.1 --size-threshold 0 4 --gap-threshold 0.1 0.25 --scheduler-threshold 0.001 -tm --signal-timeout 600 --sound
Current working directory: .s

Time for model input parsing: 0.004s.

Time for model construction: 2.998s.

-------------------------------------------------------------- 
Model type: 	POMDP (sparse)
States: 	150837
Transitions: 	2882296
Choices: 	322485
Observations: 	19173
Reward Models:  priority
State Labels: 	3 labels
   * deadlock -> 0 item(s)
   * (((sched = 0) & (t = (8 - 1))) & (k = (20 - 1))) -> 512 item(s)
   * init -> 1 item(s)
Choice Labels: 	5 labels
   * idle -> 73728 item(s)
   * send2 -> 57216 item(s)
   * slot -> 76597 item(s)
   * send3 -> 57216 item(s)
   * send1 -> 57216 item(s)
-------------------------------------------------------------- 
Analyzing property 'R[exp]{"priority"}max=? [F (((sched = 0) & (t = (8 - 1))) & (k = (20 - 1)))]'
Exploring the belief MDP... Keeping scheduler guesses bit vector(7/7) [0 1 2 3 4 5 6 ]
Initial value bounds are [765.4278054, 848.903004]
Detected that the belief MDP is finite.
Over-approx result for refinement improved after 124.658s seconds in refinement step #0. New value is '844.5609143'.
Completed iteration #0. Current checktime is 124.659s. Over-approx MDP has size 430055. Current result is ≤844.5609143.
 WARN (ApproximatePOMDPModelchecker.cpp:322): No termination criterion for refinement given. Consider to specify a steplimit, a non-zero precisionlimit, or a timeout
Over-approx result for refinement improved after 310.561s in refinement step #1. New value is '839.4238909'.
Completed iteration #1. Current checktime is 310.561s. Over-approx MDP has size 709092. Current result is ≤839.4238909.
Over-approx result for refinement improved after 754.692s in refinement step #2. New value is '830.6240008'.
Completed iteration #2. Current checktime is 754.692s. Over-approx MDP has size 1575840. Current result is ≤830.6240008.
Over-approx result for refinement improved after 1620.150s in refinement step #3. New value is '823.8198371'.
Completed iteration #3. Current checktime is 1620.150s. Over-approx MDP has size 3027787. Current result is ≤823.8198371.
##### Grid Approximation Statistics ######
# Input model: 
-------------------------------------------------------------- 
Model type: 	POMDP (sparse)
States: 	150837
Transitions: 	2882296
Choices: 	322485
Observations: 	19173
Reward Models:  priority
State Labels: 	3 labels
   * deadlock -> 0 item(s)
   * (((sched = 0) & (t = (8 - 1))) & (k = (20 - 1))) -> 512 item(s)
   * init -> 1 item(s)
Choice Labels: 	none
-------------------------------------------------------------- 
# Max. Number of states with same observation: 8
# Computation aborted early
# Total check time: 1802.717s
# Number of refinement steps: 3
# Number of states in the final grid MDP for the over-approximation: 3027787
# Maximal resolution for over-approximation: 9
# Time spend for building the over-approx grid MDP(s): 1771.507s
# Time spend for checking the over-approx grid MDP(s): 20.072s
##########################################

Result till abort: ≤ 823.8198371
Time for POMDP analysis: 1802.728s.

##############################Output to stderr##############################
ERROR: The program received signal 14 and will be aborted in 600s.
