COMMAND: ../storm/build/bin/storm-pomdp --prism ../models/network/network3.prism --prop ../models/network/network.props --constants T=5,K=2 --belief-exploration discretize --refine 0 --timeout 1800 --triangulationmode dynamic --resolution 3 2 --obs-threshold 0.1 0.1 --size-threshold 0 4 --gap-threshold 0.3 0.5 --scheduler-threshold 0.001 -tm --signal-timeout 600 --sound
WALLTIME (seconds): 1833.3426294326782

############################## LOG ##############################
Storm-pomdp 1.5.2 (dev)

Date: Tue May 12 00:53:06 2020
Command line arguments: --prism ../models/network/network3.prism --prop ../models/network/network.props --constants 'T=5,K=2' --belief-exploration discretize --refine 0 --timeout 1800 --triangulationmode dynamic --resolution 3 2 --obs-threshold 0.1 0.1 --size-threshold 0 4 --gap-threshold 0.3 0.5 --scheduler-threshold 0.001 -tm --signal-timeout 600 --sound
Current working directory: .s

Time for model input parsing: 0.003s.

Time for model construction: 0.026s.

-------------------------------------------------------------- 
Model type: 	POMDP (sparse)
States: 	843
Transitions: 	4280
Choices: 	1515
Observations: 	111
Reward Models:  dropped_packets
State Labels: 	3 labels
   * deadlock -> 0 item(s)
   * (((sched = 0) & (t = (5 - 1))) & (k = (2 - 1))) -> 64 item(s)
   * init -> 1 item(s)
Choice Labels: 	5 labels
   * idle -> 384 item(s)
   * send2 -> 224 item(s)
   * slot -> 395 item(s)
   * send3 -> 224 item(s)
   * send1 -> 224 item(s)
-------------------------------------------------------------- 
Analyzing property 'R[exp]{"dropped_packets"}min=? [F (((sched = 0) & (t = (5 - 1))) & (k = (2 - 1)))]'
Exploring the belief MDP... Keeping scheduler guesses bit vector(6/7) [0 1 3 4 5 6 ]
Initial value bounds are [1.180548687, 2.510328733]
Detected that the belief MDP is finite.
 WARN (SparseMdpPrctlHelper.cpp:396): A non-empty hint was provided, but its information will be disregarded.
Over-approx result for refinement improved after 0.044s seconds in refinement step #0. New value is '1.451535829'.
Completed iteration #0. Current checktime is 0.044s. Over-approx MDP has size 4446. Current result is ≥1.451535829.
 WARN (ApproximatePOMDPModelchecker.cpp:322): No termination criterion for refinement given. Consider to specify a steplimit, a non-zero precisionlimit, or a timeout
 WARN (SparseMdpPrctlHelper.cpp:396): A non-empty hint was provided, but its information will be disregarded.
Over-approx result for refinement improved after 0.136s in refinement step #1. New value is '1.611846904'.
Completed iteration #1. Current checktime is 0.136s. Over-approx MDP has size 9086. Current result is ≥1.611846904.
 WARN (SparseMdpPrctlHelper.cpp:396): A non-empty hint was provided, but its information will be disregarded.
Over-approx result for refinement improved after 0.606s in refinement step #2. New value is '1.804854167'.
Completed iteration #2. Current checktime is 0.606s. Over-approx MDP has size 32272. Current result is ≥1.804854167.
 WARN (SparseMdpPrctlHelper.cpp:396): A non-empty hint was provided, but its information will be disregarded.
Over-approx result for refinement improved after 2.091s in refinement step #3. New value is '1.857072568'.
Completed iteration #3. Current checktime is 2.091s. Over-approx MDP has size 91308. Current result is ≥1.857072568.
 WARN (SparseMdpPrctlHelper.cpp:396): A non-empty hint was provided, but its information will be disregarded.
Over-approx result for refinement improved after 6.553s in refinement step #4. New value is '1.893439168'.
Completed iteration #4. Current checktime is 6.553s. Over-approx MDP has size 241410. Current result is ≥1.893439168.
 WARN (SparseMdpPrctlHelper.cpp:396): A non-empty hint was provided, but its information will be disregarded.
Over-approx result for refinement improved after 14.546s in refinement step #5. New value is '1.898561091'.
Completed iteration #5. Current checktime is 14.546s. Over-approx MDP has size 480554. Current result is ≥1.898561091.
 WARN (SparseMdpPrctlHelper.cpp:396): A non-empty hint was provided, but its information will be disregarded.
Over-approx result for refinement improved after 48.448s in refinement step #6. New value is '1.90091297'.
Completed iteration #6. Current checktime is 48.448s. Over-approx MDP has size 1454461. Current result is ≥1.90091297.
 WARN (SparseMdpPrctlHelper.cpp:396): A non-empty hint was provided, but its information will be disregarded.
Over-approx result for refinement improved after 104.847s in refinement step #7. New value is '1.901104019'.
Completed iteration #7. Current checktime is 104.847s. Over-approx MDP has size 2805799. Current result is ≥1.901104019.
 WARN (SparseMdpPrctlHelper.cpp:396): A non-empty hint was provided, but its information will be disregarded.
Over-approx result for refinement improved after 201.674s in refinement step #8. New value is '1.901159293'.
Completed iteration #8. Current checktime is 201.674s. Over-approx MDP has size 4688382. Current result is ≥1.901159293.
 WARN (SparseMdpPrctlHelper.cpp:396): A non-empty hint was provided, but its information will be disregarded.
Over-approx result for refinement improved after 365.537s in refinement step #9. New value is '1.901170777'.
Completed iteration #9. Current checktime is 365.537s. Over-approx MDP has size 6869642. Current result is ≥1.901170777.
 WARN (SparseMdpPrctlHelper.cpp:396): A non-empty hint was provided, but its information will be disregarded.
Over-approx result for refinement improved after 641.614s in refinement step #10. New value is '1.90117177'.
Completed iteration #10. Current checktime is 641.614s. Over-approx MDP has size 9578554. Current result is ≥1.90117177.
 WARN (SparseMdpPrctlHelper.cpp:396): A non-empty hint was provided, but its information will be disregarded.
Over-approx result for refinement improved after 1218.613s in refinement step #11. New value is '1.901171776'.
Completed iteration #11. Current checktime is 1218.613s. Over-approx MDP has size 12614762. Current result is ≥1.901171776.
##### Grid Approximation Statistics ######
# Input model: 
-------------------------------------------------------------- 
Model type: 	POMDP (sparse)
States: 	843
Transitions: 	4280
Choices: 	1515
Observations: 	111
Reward Models:  dropped_packets
State Labels: 	3 labels
   * deadlock -> 0 item(s)
   * (((sched = 0) & (t = (5 - 1))) & (k = (2 - 1))) -> 64 item(s)
   * init -> 1 item(s)
Choice Labels: 	none
-------------------------------------------------------------- 
# Max. Number of states with same observation: 8
# Computation aborted early
# Total check time: 1832.641s
# Number of refinement steps: 11
# Number of states in the final grid MDP for the over-approximation: 12614762
# Maximal resolution for over-approximation: 12288
# Time spend for building the over-approx grid MDP(s): 1695.528s
# Time spend for checking the over-approx grid MDP(s): 104.365s
##########################################

Result till abort: ≥ 1.901171776
Time for POMDP analysis: 1832.641s.

##############################Output to stderr##############################
ERROR: The program received signal 14 and will be aborted in 600s.
