COMMAND: ../storm/build/bin/storm-pomdp --prism ../models/network-priorities/network-priorities2.prism --prop ../models/network-priorities/network-priorities.props --constants T=8,K=20 --belief-exploration discretize --refine 0 --timeout 1800 --triangulationmode static -tm --signal-timeout 600 --sound
WALLTIME (seconds): 1844.771507024765

############################## LOG ##############################
Storm-pomdp 1.5.2 (dev)

Date: Tue May 12 00:57:34 2020
Command line arguments: --prism ../models/network-priorities/network-priorities2.prism --prop ../models/network-priorities/network-priorities.props --constants 'T=8,K=20' --belief-exploration discretize --refine 0 --timeout 1800 --triangulationmode static -tm --signal-timeout 600 --sound
Current working directory: .s

Time for model input parsing: 0.004s.

Time for model construction: 0.195s.

-------------------------------------------------------------- 
Model type: 	POMDP (sparse)
States: 	19373
Transitions: 	102420
Choices: 	34157
Observations: 	4909
Reward Models:  priority
State Labels: 	3 labels
   * deadlock -> 0 item(s)
   * (((sched = 0) & (t = (8 - 1))) & (k = (20 - 1))) -> 64 item(s)
   * init -> 1 item(s)
Choice Labels: 	4 labels
   * idle -> 9536 item(s)
   * send2 -> 7392 item(s)
   * send1 -> 7392 item(s)
   * slot -> 9773 item(s)
-------------------------------------------------------------- 
Analyzing property 'R[exp]{"priority"}max=? [F (((sched = 0) & (t = (8 - 1))) & (k = (20 - 1)))]'
Exploring the belief MDP... Keeping scheduler guesses bit vector(7/7) [0 1 2 3 4 5 6 ]
Initial value bounds are [534.4444533, 565.6227302]
Detected that the belief MDP is finite.
Over-approx result for refinement improved after 0.249s seconds in refinement step #0. New value is '565.6227302'.
Completed iteration #0. Current checktime is 0.249s. Over-approx MDP has size 2. Current result is ≤565.6227302.
 WARN (ApproximatePOMDPModelchecker.cpp:322): No termination criterion for refinement given. Consider to specify a steplimit, a non-zero precisionlimit, or a timeout
Over-approx result for refinement improved after 0.251s in refinement step #1. New value is '565.5361143'.
Completed iteration #1. Current checktime is 0.251s. Over-approx MDP has size 73. Current result is ≤565.5361143.
Over-approx result for refinement improved after 0.260s in refinement step #2. New value is '565.4628654'.
Completed iteration #2. Current checktime is 0.260s. Over-approx MDP has size 457. Current result is ≤565.4628654.
Over-approx result for refinement improved after 0.299s in refinement step #3. New value is '565.32111'.
Completed iteration #3. Current checktime is 0.299s. Over-approx MDP has size 2036. Current result is ≤565.32111.
Over-approx result for refinement improved after 0.472s in refinement step #4. New value is '564.8041636'.
Completed iteration #4. Current checktime is 0.472s. Over-approx MDP has size 8621. Current result is ≤564.8041636.
Over-approx result for refinement improved after 1.236s in refinement step #5. New value is '562.9563698'.
Completed iteration #5. Current checktime is 1.236s. Over-approx MDP has size 37115. Current result is ≤562.9563698.
Over-approx result for refinement improved after 3.483s in refinement step #6. New value is '559.4282073'.
Completed iteration #6. Current checktime is 3.483s. Over-approx MDP has size 109114. Current result is ≤559.4282073.
Over-approx result for refinement improved after 8.180s in refinement step #7. New value is '557.8806334'.
Completed iteration #7. Current checktime is 8.180s. Over-approx MDP has size 218008. Current result is ≤557.8806334.
Over-approx result for refinement improved after 17.254s in refinement step #8. New value is '557.03067'.
Completed iteration #8. Current checktime is 17.254s. Over-approx MDP has size 412880. Current result is ≤557.03067.
Over-approx result for refinement improved after 34.111s in refinement step #9. New value is '556.8564516'.
Completed iteration #9. Current checktime is 34.111s. Over-approx MDP has size 769276. Current result is ≤556.8564516.
Over-approx result for refinement improved after 63.880s in refinement step #10. New value is '556.7907157'.
Completed iteration #10. Current checktime is 63.880s. Over-approx MDP has size 1352799. Current result is ≤556.7907157.
Over-approx result for refinement improved after 114.563s in refinement step #11. New value is '556.7811003'.
Completed iteration #11. Current checktime is 114.563s. Over-approx MDP has size 2311018. Current result is ≤556.7811003.
Over-approx result for refinement improved after 196.682s in refinement step #12. New value is '556.7795375'.
Completed iteration #12. Current checktime is 196.682s. Over-approx MDP has size 3790409. Current result is ≤556.7795375.
Over-approx result for refinement improved after 330.436s in refinement step #13. New value is '556.7794331'.
Completed iteration #13. Current checktime is 330.436s. Over-approx MDP has size 5898084. Current result is ≤556.7794331.
Over-approx result for refinement improved after 532.367s in refinement step #14. New value is '556.7794073'.
Completed iteration #14. Current checktime is 532.367s. Over-approx MDP has size 8809060. Current result is ≤556.7794073.
Over-approx result for refinement improved after 819.660s in refinement step #15. New value is '556.7794048'.
Completed iteration #15. Current checktime is 819.660s. Over-approx MDP has size 12575713. Current result is ≤556.7794048.
Over-approx result for refinement improved after 1228.834s in refinement step #16. New value is '556.7794044'.
Completed iteration #16. Current checktime is 1228.834s. Over-approx MDP has size 17191972. Current result is ≤556.7794044.
Over-approx result for refinement improved after 1782.311s in refinement step #17. New value is '556.7794043'.
Completed iteration #17. Current checktime is 1782.311s. Over-approx MDP has size 22710194. Current result is ≤556.7794043.
##### Grid Approximation Statistics ######
# Input model: 
-------------------------------------------------------------- 
Model type: 	POMDP (sparse)
States: 	19373
Transitions: 	102420
Choices: 	34157
Observations: 	4909
Reward Models:  priority
State Labels: 	3 labels
   * deadlock -> 0 item(s)
   * (((sched = 0) & (t = (8 - 1))) & (k = (20 - 1))) -> 64 item(s)
   * init -> 1 item(s)
Choice Labels: 	none
-------------------------------------------------------------- 
# Max. Number of states with same observation: 4
# Computation aborted early
# Total check time: 1843.377s
# Number of refinement steps: 17
# Number of states in the final grid MDP for the over-approximation: 22710194
# Maximal resolution for over-approximation: 196608
# Time spend for building the over-approx grid MDP(s): 1641.514s
# Time spend for checking the over-approx grid MDP(s): 169.372s
##########################################

Result till abort: ≤ 556.7794043
Time for POMDP analysis: 1843.379s.

##############################Output to stderr##############################
ERROR: The program received signal 14 and will be aborted in 600s.
