COMMAND: ../storm/build/bin/storm-pomdp --prism ../models/network/network3.prism --prop ../models/network/network.props --constants T=5,K=2 --belief-exploration discretize --refine 0 --timeout 1800 --triangulationmode dynamic --resolution 3 2 --obs-threshold 0.1 0.1 --size-threshold 0 4 --gap-threshold 0.1 0.25 --scheduler-threshold 0.5 -tm --signal-timeout 600 --sound
WALLTIME (seconds): 1836.6662378311157

############################## LOG ##############################
Storm-pomdp 1.5.2 (dev)

Date: Tue May 12 00:53:05 2020
Command line arguments: --prism ../models/network/network3.prism --prop ../models/network/network.props --constants 'T=5,K=2' --belief-exploration discretize --refine 0 --timeout 1800 --triangulationmode dynamic --resolution 3 2 --obs-threshold 0.1 0.1 --size-threshold 0 4 --gap-threshold 0.1 0.25 --scheduler-threshold 0.5 -tm --signal-timeout 600 --sound
Current working directory: .s

Time for model input parsing: 0.004s.

Time for model construction: 0.025s.

-------------------------------------------------------------- 
Model type: 	POMDP (sparse)
States: 	843
Transitions: 	4280
Choices: 	1515
Observations: 	111
Reward Models:  dropped_packets
State Labels: 	3 labels
   * deadlock -> 0 item(s)
   * (((sched = 0) & (t = (5 - 1))) & (k = (2 - 1))) -> 64 item(s)
   * init -> 1 item(s)
Choice Labels: 	5 labels
   * idle -> 384 item(s)
   * send2 -> 224 item(s)
   * slot -> 395 item(s)
   * send3 -> 224 item(s)
   * send1 -> 224 item(s)
-------------------------------------------------------------- 
Analyzing property 'R[exp]{"dropped_packets"}min=? [F (((sched = 0) & (t = (5 - 1))) & (k = (2 - 1)))]'
Exploring the belief MDP... Keeping scheduler guesses bit vector(6/7) [0 1 3 4 5 6 ]
Initial value bounds are [1.180548687, 2.510328733]
Detected that the belief MDP is finite.
 WARN (SparseMdpPrctlHelper.cpp:396): A non-empty hint was provided, but its information will be disregarded.
Over-approx result for refinement improved after 0.047s seconds in refinement step #0. New value is '1.494649406'.
Completed iteration #0. Current checktime is 0.047s. Over-approx MDP has size 5180. Current result is ≥1.494649406.
 WARN (ApproximatePOMDPModelchecker.cpp:322): No termination criterion for refinement given. Consider to specify a steplimit, a non-zero precisionlimit, or a timeout
 WARN (SparseMdpPrctlHelper.cpp:396): A non-empty hint was provided, but its information will be disregarded.
Over-approx result for refinement improved after 0.152s in refinement step #1. New value is '1.656168715'.
Completed iteration #1. Current checktime is 0.152s. Over-approx MDP has size 9670. Current result is ≥1.656168715.
 WARN (SparseMdpPrctlHelper.cpp:396): A non-empty hint was provided, but its information will be disregarded.
Over-approx result for refinement improved after 0.557s in refinement step #2. New value is '1.838335'.
Completed iteration #2. Current checktime is 0.557s. Over-approx MDP has size 28023. Current result is ≥1.838335.
 WARN (SparseMdpPrctlHelper.cpp:396): A non-empty hint was provided, but its information will be disregarded.
Over-approx result for refinement improved after 1.554s in refinement step #3. New value is '1.878527685'.
Completed iteration #3. Current checktime is 1.554s. Over-approx MDP has size 59440. Current result is ≥1.878527685.
 WARN (SparseMdpPrctlHelper.cpp:396): A non-empty hint was provided, but its information will be disregarded.
Over-approx result for refinement improved after 4.518s in refinement step #4. New value is '1.898059482'.
Completed iteration #4. Current checktime is 4.518s. Over-approx MDP has size 157842. Current result is ≥1.898059482.
 WARN (SparseMdpPrctlHelper.cpp:396): A non-empty hint was provided, but its information will be disregarded.
Over-approx result for refinement improved after 12.103s in refinement step #5. New value is '1.900604585'.
Completed iteration #5. Current checktime is 12.103s. Over-approx MDP has size 357005. Current result is ≥1.900604585.
 WARN (SparseMdpPrctlHelper.cpp:396): A non-empty hint was provided, but its information will be disregarded.
Over-approx result for refinement improved after 35.042s in refinement step #6. New value is '1.900956855'.
Completed iteration #6. Current checktime is 35.042s. Over-approx MDP has size 944600. Current result is ≥1.900956855.
 WARN (SparseMdpPrctlHelper.cpp:396): A non-empty hint was provided, but its information will be disregarded.
Over-approx result for refinement improved after 91.689s in refinement step #7. New value is '1.90111958'.
Completed iteration #7. Current checktime is 91.689s. Over-approx MDP has size 1940077. Current result is ≥1.90111958.
 WARN (SparseMdpPrctlHelper.cpp:396): A non-empty hint was provided, but its information will be disregarded.
Over-approx result for refinement improved after 228.051s in refinement step #8. New value is '1.901161253'.
Completed iteration #8. Current checktime is 228.051s. Over-approx MDP has size 3640554. Current result is ≥1.901161253.
 WARN (SparseMdpPrctlHelper.cpp:396): A non-empty hint was provided, but its information will be disregarded.
Over-approx result for refinement improved after 517.516s in refinement step #9. New value is '1.901171052'.
Completed iteration #9. Current checktime is 517.516s. Over-approx MDP has size 5465472. Current result is ≥1.901171052.
 WARN (SparseMdpPrctlHelper.cpp:396): A non-empty hint was provided, but its information will be disregarded.
Over-approx result for refinement improved after 1210.362s in refinement step #10. New value is '1.90117177'.
Completed iteration #10. Current checktime is 1210.362s. Over-approx MDP has size 8336204. Current result is ≥1.90117177.
##### Grid Approximation Statistics ######
# Input model: 
-------------------------------------------------------------- 
Model type: 	POMDP (sparse)
States: 	843
Transitions: 	4280
Choices: 	1515
Observations: 	111
Reward Models:  dropped_packets
State Labels: 	3 labels
   * deadlock -> 0 item(s)
   * (((sched = 0) & (t = (5 - 1))) & (k = (2 - 1))) -> 64 item(s)
   * init -> 1 item(s)
Choice Labels: 	none
-------------------------------------------------------------- 
# Max. Number of states with same observation: 8
# Computation aborted early
# Total check time: 1836.067s
# Number of refinement steps: 10
# Number of states in the final grid MDP for the over-approximation: 8336204
# Maximal resolution for over-approximation: 6144
# Time spend for building the over-approx grid MDP(s): 1753.122s
# Time spend for checking the over-approx grid MDP(s): 46.798s
##########################################

Result till abort: ≥ 1.90117177
Time for POMDP analysis: 1836.067s.

##############################Output to stderr##############################
ERROR: The program received signal 14 and will be aborted in 600s.
