COMMAND: ../storm/build/bin/storm-pomdp --prism ../models/network/network2.prism --prop ../models/network/network.props --constants T=8,K=20 --belief-exploration discretize --refine 0 --timeout 1800 --triangulationmode static --resolution 3 2 --obs-threshold 0.1 0.1 --size-threshold 0 4 --gap-threshold 0.3 0.5 --scheduler-threshold 0.001 -tm --signal-timeout 600 --sound
WALLTIME (seconds): 1855.1599366664886

############################## LOG ##############################
Storm-pomdp 1.5.2 (dev)

Date: Tue May 12 00:50:28 2020
Command line arguments: --prism ../models/network/network2.prism --prop ../models/network/network.props --constants 'T=8,K=20' --belief-exploration discretize --refine 0 --timeout 1800 --triangulationmode static --resolution 3 2 --obs-threshold 0.1 0.1 --size-threshold 0 4 --gap-threshold 0.3 0.5 --scheduler-threshold 0.001 -tm --signal-timeout 600 --sound
Current working directory: .s

Time for model input parsing: 0.003s.

Time for model construction: 0.048s.

-------------------------------------------------------------- 
Model type: 	POMDP (sparse)
States: 	4589
Transitions: 	14020
Choices: 	6973
Observations: 	1173
Reward Models:  dropped_packets
State Labels: 	3 labels
   * deadlock -> 0 item(s)
   * (((sched = 0) & (t = (8 - 1))) & (k = (20 - 1))) -> 16 item(s)
   * init -> 1 item(s)
Choice Labels: 	4 labels
   * idle -> 2224 item(s)
   * send2 -> 1192 item(s)
   * send1 -> 1192 item(s)
   * slot -> 2349 item(s)
-------------------------------------------------------------- 
Analyzing property 'R[exp]{"dropped_packets"}min=? [F (((sched = 0) & (t = (8 - 1))) & (k = (20 - 1)))]'
Exploring the belief MDP... Keeping scheduler guesses bit vector(7/7) [0 1 2 3 4 5 6 ]
Initial value bounds are [2.556618378, 7.056088766]
Detected that the belief MDP is finite.
 WARN (SparseMdpPrctlHelper.cpp:396): A non-empty hint was provided, but its information will be disregarded.
Over-approx result for refinement improved after 0.134s seconds in refinement step #0. New value is '2.907300634'.
Completed iteration #0. Current checktime is 0.134s. Over-approx MDP has size 13648. Current result is ≥2.907300634.
 WARN (ApproximatePOMDPModelchecker.cpp:322): No termination criterion for refinement given. Consider to specify a steplimit, a non-zero precisionlimit, or a timeout
 WARN (SparseMdpPrctlHelper.cpp:396): A non-empty hint was provided, but its information will be disregarded.
Over-approx result for refinement improved after 0.324s in refinement step #1. New value is '3.045308039'.
Completed iteration #1. Current checktime is 0.324s. Over-approx MDP has size 25969. Current result is ≥3.045308039.
 WARN (SparseMdpPrctlHelper.cpp:396): A non-empty hint was provided, but its information will be disregarded.
Over-approx result for refinement improved after 0.717s in refinement step #2. New value is '3.165954377'.
Completed iteration #2. Current checktime is 0.717s. Over-approx MDP has size 49118. Current result is ≥3.165954377.
 WARN (SparseMdpPrctlHelper.cpp:396): A non-empty hint was provided, but its information will be disregarded.
Over-approx result for refinement improved after 1.460s in refinement step #3. New value is '3.1865749'.
Completed iteration #3. Current checktime is 1.460s. Over-approx MDP has size 89079. Current result is ≥3.1865749.
 WARN (SparseMdpPrctlHelper.cpp:396): A non-empty hint was provided, but its information will be disregarded.
Over-approx result for refinement improved after 2.888s in refinement step #4. New value is '3.196892503'.
Completed iteration #4. Current checktime is 2.888s. Over-approx MDP has size 159955. Current result is ≥3.196892503.
 WARN (SparseMdpPrctlHelper.cpp:396): A non-empty hint was provided, but its information will be disregarded.
Over-approx result for refinement improved after 5.471s in refinement step #5. New value is '3.19854767'.
Completed iteration #5. Current checktime is 5.471s. Over-approx MDP has size 277469. Current result is ≥3.19854767.
 WARN (SparseMdpPrctlHelper.cpp:396): A non-empty hint was provided, but its information will be disregarded.
Over-approx result for refinement improved after 9.873s in refinement step #6. New value is '3.1989562'.
Completed iteration #6. Current checktime is 9.873s. Over-approx MDP has size 475808. Current result is ≥3.1989562.
 WARN (SparseMdpPrctlHelper.cpp:396): A non-empty hint was provided, but its information will be disregarded.
Over-approx result for refinement improved after 16.822s in refinement step #7. New value is '3.198957741'.
Completed iteration #7. Current checktime is 16.822s. Over-approx MDP has size 758905. Current result is ≥3.198957741.
 WARN (SparseMdpPrctlHelper.cpp:396): A non-empty hint was provided, but its information will be disregarded.
Completed iteration #8. Current checktime is 27.318s. Over-approx MDP has size 1138193. Current result is ≥3.198957741.
 WARN (SparseMdpPrctlHelper.cpp:396): A non-empty hint was provided, but its information will be disregarded.
Completed iteration #9. Current checktime is 42.056s. Over-approx MDP has size 1625250. Current result is ≥3.198957741.
 WARN (SparseMdpPrctlHelper.cpp:396): A non-empty hint was provided, but its information will be disregarded.
Completed iteration #10. Current checktime is 61.885s. Over-approx MDP has size 2224136. Current result is ≥3.198957741.
 WARN (SparseMdpPrctlHelper.cpp:396): A non-empty hint was provided, but its information will be disregarded.
Completed iteration #11. Current checktime is 88.144s. Over-approx MDP has size 2920749. Current result is ≥3.198957741.
 WARN (SparseMdpPrctlHelper.cpp:396): A non-empty hint was provided, but its information will be disregarded.
Completed iteration #12. Current checktime is 122.090s. Over-approx MDP has size 3729144. Current result is ≥3.198957741.
 WARN (SparseMdpPrctlHelper.cpp:396): A non-empty hint was provided, but its information will be disregarded.
Completed iteration #13. Current checktime is 165.106s. Over-approx MDP has size 4695119. Current result is ≥3.198957741.
 WARN (SparseMdpPrctlHelper.cpp:396): A non-empty hint was provided, but its information will be disregarded.
Completed iteration #14. Current checktime is 217.904s. Over-approx MDP has size 5748082. Current result is ≥3.198957741.
 WARN (SparseMdpPrctlHelper.cpp:396): A non-empty hint was provided, but its information will be disregarded.
Completed iteration #15. Current checktime is 283.052s. Over-approx MDP has size 6942511. Current result is ≥3.198957741.
 WARN (SparseMdpPrctlHelper.cpp:396): A non-empty hint was provided, but its information will be disregarded.
Completed iteration #16. Current checktime is 362.468s. Over-approx MDP has size 8279813. Current result is ≥3.198957741.
 WARN (SparseMdpPrctlHelper.cpp:396): A non-empty hint was provided, but its information will be disregarded.
Completed iteration #17. Current checktime is 454.844s. Over-approx MDP has size 9704926. Current result is ≥3.198957741.
 WARN (SparseMdpPrctlHelper.cpp:396): A non-empty hint was provided, but its information will be disregarded.
Completed iteration #18. Current checktime is 564.667s. Over-approx MDP has size 11343868. Current result is ≥3.198957741.
 WARN (SparseMdpPrctlHelper.cpp:396): A non-empty hint was provided, but its information will be disregarded.
Completed iteration #19. Current checktime is 692.070s. Over-approx MDP has size 13131448. Current result is ≥3.198957741.
 WARN (SparseMdpPrctlHelper.cpp:396): A non-empty hint was provided, but its information will be disregarded.
Completed iteration #20. Current checktime is 841.646s. Over-approx MDP has size 15131285. Current result is ≥3.198957741.
 WARN (SparseMdpPrctlHelper.cpp:396): A non-empty hint was provided, but its information will be disregarded.
Completed iteration #21. Current checktime is 1012.746s. Over-approx MDP has size 17205084. Current result is ≥3.198957741.
 WARN (SparseMdpPrctlHelper.cpp:396): A non-empty hint was provided, but its information will be disregarded.
Completed iteration #22. Current checktime is 1212.000s. Over-approx MDP has size 19649210. Current result is ≥3.198957741.
 WARN (SparseMdpPrctlHelper.cpp:396): A non-empty hint was provided, but its information will be disregarded.
Completed iteration #23. Current checktime is 1444.700s. Over-approx MDP has size 22653719. Current result is ≥3.198957741.
 WARN (SparseMdpPrctlHelper.cpp:396): A non-empty hint was provided, but its information will be disregarded.
Completed iteration #24. Current checktime is 1712.449s. Over-approx MDP has size 25931128. Current result is ≥3.198957741.
##### Grid Approximation Statistics ######
# Input model: 
-------------------------------------------------------------- 
Model type: 	POMDP (sparse)
States: 	4589
Transitions: 	14020
Choices: 	6973
Observations: 	1173
Reward Models:  dropped_packets
State Labels: 	3 labels
   * deadlock -> 0 item(s)
   * (((sched = 0) & (t = (8 - 1))) & (k = (20 - 1))) -> 16 item(s)
   * init -> 1 item(s)
Choice Labels: 	none
-------------------------------------------------------------- 
# Max. Number of states with same observation: 4
# Computation aborted early
# Total check time: 1853.898s
# Number of refinement steps: 24
# Number of states in the final grid MDP for the over-approximation: 25931128
# Maximal resolution for over-approximation: 100663296
# Time spend for building the over-approx grid MDP(s): 1446.246s
# Time spend for checking the over-approx grid MDP(s): 353.360s
##########################################

Result till abort: ≥ 3.198957741
Time for POMDP analysis: 1853.898s.

##############################Output to stderr##############################
ERROR: The program received signal 14 and will be aborted in 600s.
