COMMAND: ../storm/build/bin/storm-pomdp --prism ../models/network-priorities/network-priorities3.prism --prop ../models/network-priorities/network-priorities.props --constants T=5,K=2 --belief-exploration discretize --refine 0 --timeout 1800 --triangulationmode static --resolution 3 2 --obs-threshold 0.1 0.1 --size-threshold 0 4 --gap-threshold 0.3 0.5 --scheduler-threshold 0.001 -tm --signal-timeout 600 --sound
WALLTIME (seconds): 1060.9861853122711
ERROR: -9
############################## LOG ##############################
Storm-pomdp 1.5.2 (dev)

Date: Tue May 12 01:00:13 2020
Command line arguments: --prism ../models/network-priorities/network-priorities3.prism --prop ../models/network-priorities/network-priorities.props --constants 'T=5,K=2' --belief-exploration discretize --refine 0 --timeout 1800 --triangulationmode static --resolution 3 2 --obs-threshold 0.1 0.1 --size-threshold 0 4 --gap-threshold 0.3 0.5 --scheduler-threshold 0.001 -tm --signal-timeout 600 --sound
Current working directory: .s

Time for model input parsing: 0.004s.

Time for model construction: 0.171s.

-------------------------------------------------------------- 
Model type: 	POMDP (sparse)
States: 	8019
Transitions: 	149608
Choices: 	17235
Observations: 	1035
Reward Models:  priority
State Labels: 	3 labels
   * deadlock -> 0 item(s)
   * (((sched = 0) & (t = (5 - 1))) & (k = (2 - 1))) -> 512 item(s)
   * init -> 1 item(s)
Choice Labels: 	5 labels
   * idle -> 3840 item(s)
   * send2 -> 3072 item(s)
   * slot -> 3667 item(s)
   * send3 -> 3072 item(s)
   * send1 -> 3072 item(s)
-------------------------------------------------------------- 
Analyzing property 'R[exp]{"priority"}max=? [F (((sched = 0) & (t = (5 - 1))) & (k = (2 - 1)))]'
Exploring the belief MDP... Keeping scheduler guesses bit vector(7/7) [0 1 2 3 4 5 6 ]
Initial value bounds are [57.92225868, 73.57187011]
Detected that the belief MDP is finite.
Completed iteration #0. Current checktime is 0.234s. Over-approx MDP has size 2. Current result is ≤73.57187011.
 WARN (ApproximatePOMDPModelchecker.cpp:322): No termination criterion for refinement given. Consider to specify a steplimit, a non-zero precisionlimit, or a timeout
Over-approx result for refinement improved after 0.238s in refinement step #1. New value is '72.90287218'.
Completed iteration #1. Current checktime is 0.238s. Over-approx MDP has size 270. Current result is ≤72.90287218.
Over-approx result for refinement improved after 0.269s in refinement step #2. New value is '72.33552853'.
Completed iteration #2. Current checktime is 0.269s. Over-approx MDP has size 2632. Current result is ≤72.33552853.
Over-approx result for refinement improved after 0.442s in refinement step #3. New value is '71.35125638'.
Completed iteration #3. Current checktime is 0.442s. Over-approx MDP has size 14541. Current result is ≤71.35125638.
Over-approx result for refinement improved after 2.677s in refinement step #4. New value is '68.39119081'.
Completed iteration #4. Current checktime is 2.677s. Over-approx MDP has size 67260. Current result is ≤68.39119081.
Over-approx result for refinement improved after 10.312s in refinement step #5. New value is '66.3152388'.
Completed iteration #5. Current checktime is 10.312s. Over-approx MDP has size 177230. Current result is ≤66.3152388.
Over-approx result for refinement improved after 35.143s in refinement step #6. New value is '65.07149797'.
Completed iteration #6. Current checktime is 35.143s. Over-approx MDP has size 508084. Current result is ≤65.07149797.
Over-approx result for refinement improved after 97.302s in refinement step #7. New value is '64.52400598'.
Completed iteration #7. Current checktime is 97.302s. Over-approx MDP has size 1369932. Current result is ≤64.52400598.
Over-approx result for refinement improved after 246.005s in refinement step #8. New value is '64.37913855'.
Completed iteration #8. Current checktime is 246.005s. Over-approx MDP has size 3647259. Current result is ≤64.37913855.
Over-approx result for refinement improved after 579.896s in refinement step #9. New value is '64.31527113'.
Completed iteration #9. Current checktime is 579.896s. Over-approx MDP has size 8932563. Current result is ≤64.31527113.
