COMMAND: ../storm/build/bin/storm-pomdp --prism ../models/network-priorities/network-priorities2.prism --prop ../models/network-priorities/network-priorities.props --constants T=8,K=20 --belief-exploration discretize --refine 0 --timeout 1800 --triangulationmode dynamic --resolution 2 1.4142135624 --obs-threshold 0.1 0.1 --size-threshold 0 4 --gap-threshold 0.1 0.25 --scheduler-threshold 0.001 -tm --signal-timeout 600 --sound
WALLTIME (seconds): 1843.742378950119

############################## LOG ##############################
Storm-pomdp 1.5.2 (dev)

Date: Tue May 12 00:57:35 2020
Command line arguments: --prism ../models/network-priorities/network-priorities2.prism --prop ../models/network-priorities/network-priorities.props --constants 'T=8,K=20' --belief-exploration discretize --refine 0 --timeout 1800 --triangulationmode dynamic --resolution 2 1.4142135624 --obs-threshold 0.1 0.1 --size-threshold 0 4 --gap-threshold 0.1 0.25 --scheduler-threshold 0.001 -tm --signal-timeout 600 --sound
Current working directory: .s

Time for model input parsing: 0.003s.

Time for model construction: 0.196s.

-------------------------------------------------------------- 
Model type: 	POMDP (sparse)
States: 	19373
Transitions: 	102420
Choices: 	34157
Observations: 	4909
Reward Models:  priority
State Labels: 	3 labels
   * deadlock -> 0 item(s)
   * (((sched = 0) & (t = (8 - 1))) & (k = (20 - 1))) -> 64 item(s)
   * init -> 1 item(s)
Choice Labels: 	4 labels
   * idle -> 9536 item(s)
   * send2 -> 7392 item(s)
   * send1 -> 7392 item(s)
   * slot -> 9773 item(s)
-------------------------------------------------------------- 
Analyzing property 'R[exp]{"priority"}max=? [F (((sched = 0) & (t = (8 - 1))) & (k = (20 - 1)))]'
Exploring the belief MDP... Keeping scheduler guesses bit vector(7/7) [0 1 2 3 4 5 6 ]
Initial value bounds are [534.4444533, 565.6227302]
Detected that the belief MDP is finite.
Completed iteration #0. Current checktime is 0.252s. Over-approx MDP has size 2. Current result is ≤565.6227302.
 WARN (ApproximatePOMDPModelchecker.cpp:322): No termination criterion for refinement given. Consider to specify a steplimit, a non-zero precisionlimit, or a timeout
Over-approx result for refinement improved after 0.253s in refinement step #1. New value is '565.5483641'.
Completed iteration #1. Current checktime is 0.253s. Over-approx MDP has size 41. Current result is ≤565.5483641.
Over-approx result for refinement improved after 0.258s in refinement step #2. New value is '565.528274'.
Completed iteration #2. Current checktime is 0.258s. Over-approx MDP has size 287. Current result is ≤565.528274.
Over-approx result for refinement improved after 0.283s in refinement step #3. New value is '565.5111557'.
Completed iteration #3. Current checktime is 0.283s. Over-approx MDP has size 1400. Current result is ≤565.5111557.
Over-approx result for refinement improved after 0.401s in refinement step #4. New value is '565.1667663'.
Completed iteration #4. Current checktime is 0.401s. Over-approx MDP has size 6070. Current result is ≤565.1667663.
Over-approx result for refinement improved after 0.913s in refinement step #5. New value is '564.0118654'.
Completed iteration #5. Current checktime is 0.913s. Over-approx MDP has size 26560. Current result is ≤564.0118654.
Over-approx result for refinement improved after 2.153s in refinement step #6. New value is '561.9513619'.
Completed iteration #6. Current checktime is 2.153s. Over-approx MDP has size 61983. Current result is ≤561.9513619.
Over-approx result for refinement improved after 4.223s in refinement step #7. New value is '559.6983886'.
Completed iteration #7. Current checktime is 4.223s. Over-approx MDP has size 109179. Current result is ≤559.6983886.
Over-approx result for refinement improved after 7.783s in refinement step #8. New value is '558.2885812'.
Completed iteration #8. Current checktime is 7.783s. Over-approx MDP has size 177518. Current result is ≤558.2885812.
Over-approx result for refinement improved after 13.273s in refinement step #9. New value is '557.7842612'.
Completed iteration #9. Current checktime is 13.273s. Over-approx MDP has size 273555. Current result is ≤557.7842612.
Over-approx result for refinement improved after 21.263s in refinement step #10. New value is '557.2866035'.
Completed iteration #10. Current checktime is 21.263s. Over-approx MDP has size 409158. Current result is ≤557.2866035.
Over-approx result for refinement improved after 34.088s in refinement step #11. New value is '556.9928073'.
Completed iteration #11. Current checktime is 34.088s. Over-approx MDP has size 623651. Current result is ≤556.9928073.
Over-approx result for refinement improved after 52.612s in refinement step #12. New value is '556.9094599'.
Completed iteration #12. Current checktime is 52.612s. Over-approx MDP has size 953515. Current result is ≤556.9094599.
Over-approx result for refinement improved after 82.068s in refinement step #13. New value is '556.8451517'.
Completed iteration #13. Current checktime is 82.068s. Over-approx MDP has size 1433864. Current result is ≤556.8451517.
Over-approx result for refinement improved after 126.143s in refinement step #14. New value is '556.8047635'.
Completed iteration #14. Current checktime is 126.143s. Over-approx MDP has size 2126714. Current result is ≤556.8047635.
Over-approx result for refinement improved after 189.098s in refinement step #15. New value is '556.7920398'.
Completed iteration #15. Current checktime is 189.098s. Over-approx MDP has size 3002680. Current result is ≤556.7920398.
Over-approx result for refinement improved after 285.090s in refinement step #16. New value is '556.7846624'.
Completed iteration #16. Current checktime is 285.090s. Over-approx MDP has size 4412043. Current result is ≤556.7846624.
Completed iteration #17. Current checktime is 435.242s. Over-approx MDP has size 6443123. Current result is ≤556.7846624.
Completed iteration #18. Current checktime is 668.695s. Over-approx MDP has size 9391190. Current result is ≤556.7846624.
Over-approx result for refinement improved after 1017.728s in refinement step #19. New value is '556.7794842'.
Completed iteration #19. Current checktime is 1017.728s. Over-approx MDP has size 13528583. Current result is ≤556.7794842.
Completed iteration #20. Current checktime is 1577.970s. Over-approx MDP has size 19735403. Current result is ≤556.7794842.
##### Grid Approximation Statistics ######
# Input model: 
-------------------------------------------------------------- 
Model type: 	POMDP (sparse)
States: 	19373
Transitions: 	102420
Choices: 	34157
Observations: 	4909
Reward Models:  priority
State Labels: 	3 labels
   * deadlock -> 0 item(s)
   * (((sched = 0) & (t = (8 - 1))) & (k = (20 - 1))) -> 64 item(s)
   * init -> 1 item(s)
Choice Labels: 	none
-------------------------------------------------------------- 
# Max. Number of states with same observation: 4
# Computation aborted early
# Total check time: 1842.587s
# Number of refinement steps: 20
# Number of states in the final grid MDP for the over-approximation: 19735403
# Maximal resolution for over-approximation: 1025
# Time spend for building the over-approx grid MDP(s): 1667.319s
# Time spend for checking the over-approx grid MDP(s): 132.105s
##########################################

Result till abort: ≤ 556.7794842
Time for POMDP analysis: 1842.589s.

##############################Output to stderr##############################
ERROR: The program received signal 14 and will be aborted in 600s.
