COMMAND: ../storm/build/bin/storm-pomdp --prism ../models/network-priorities/network-priorities2.prism --prop ../models/network-priorities/network-priorities.props --constants T=8,K=20 --belief-exploration discretize --refine 0 --timeout 1800 --triangulationmode dynamic --resolution 3 2 --obs-threshold 0.1 0.1 --size-threshold 0 4 --gap-threshold 0.1 0.25 --scheduler-threshold 0.5 -tm --signal-timeout 600 --sound
WALLTIME (seconds): 1836.2628185749054

############################## LOG ##############################
Storm-pomdp 1.5.2 (dev)

Date: Tue May 12 00:57:35 2020
Command line arguments: --prism ../models/network-priorities/network-priorities2.prism --prop ../models/network-priorities/network-priorities.props --constants 'T=8,K=20' --belief-exploration discretize --refine 0 --timeout 1800 --triangulationmode dynamic --resolution 3 2 --obs-threshold 0.1 0.1 --size-threshold 0 4 --gap-threshold 0.1 0.25 --scheduler-threshold 0.5 -tm --signal-timeout 600 --sound
Current working directory: .s

Time for model input parsing: 0.003s.

Time for model construction: 0.185s.

-------------------------------------------------------------- 
Model type: 	POMDP (sparse)
States: 	19373
Transitions: 	102420
Choices: 	34157
Observations: 	4909
Reward Models:  priority
State Labels: 	3 labels
   * deadlock -> 0 item(s)
   * (((sched = 0) & (t = (8 - 1))) & (k = (20 - 1))) -> 64 item(s)
   * init -> 1 item(s)
Choice Labels: 	4 labels
   * idle -> 9536 item(s)
   * send2 -> 7392 item(s)
   * send1 -> 7392 item(s)
   * slot -> 9773 item(s)
-------------------------------------------------------------- 
Analyzing property 'R[exp]{"priority"}max=? [F (((sched = 0) & (t = (8 - 1))) & (k = (20 - 1)))]'
Exploring the belief MDP... Keeping scheduler guesses bit vector(7/7) [0 1 2 3 4 5 6 ]
Initial value bounds are [534.4444533, 565.6227302]
Detected that the belief MDP is finite.
Over-approx result for refinement improved after 0.251s seconds in refinement step #0. New value is '565.6227302'.
Completed iteration #0. Current checktime is 0.251s. Over-approx MDP has size 2. Current result is ≤565.6227302.
 WARN (ApproximatePOMDPModelchecker.cpp:322): No termination criterion for refinement given. Consider to specify a steplimit, a non-zero precisionlimit, or a timeout
Over-approx result for refinement improved after 0.253s in refinement step #1. New value is '565.5361143'.
Completed iteration #1. Current checktime is 0.253s. Over-approx MDP has size 65. Current result is ≤565.5361143.
Over-approx result for refinement improved after 0.262s in refinement step #2. New value is '565.4567916'.
Completed iteration #2. Current checktime is 0.262s. Over-approx MDP has size 421. Current result is ≤565.4567916.
Over-approx result for refinement improved after 0.298s in refinement step #3. New value is '565.3347211'.
Completed iteration #3. Current checktime is 0.298s. Over-approx MDP has size 1925. Current result is ≤565.3347211.
Over-approx result for refinement improved after 0.466s in refinement step #4. New value is '564.84145'.
Completed iteration #4. Current checktime is 0.466s. Over-approx MDP has size 7929. Current result is ≤564.84145.
Over-approx result for refinement improved after 1.158s in refinement step #5. New value is '563.5515754'.
Completed iteration #5. Current checktime is 1.158s. Over-approx MDP has size 31999. Current result is ≤563.5515754.
Over-approx result for refinement improved after 3.474s in refinement step #6. New value is '559.6431642'.
Completed iteration #6. Current checktime is 3.474s. Over-approx MDP has size 109205. Current result is ≤559.6431642.
Over-approx result for refinement improved after 8.611s in refinement step #7. New value is '557.8349835'.
Completed iteration #7. Current checktime is 8.611s. Over-approx MDP has size 219848. Current result is ≤557.8349835.
Over-approx result for refinement improved after 17.954s in refinement step #8. New value is '557.0236318'.
Completed iteration #8. Current checktime is 17.954s. Over-approx MDP has size 390350. Current result is ≤557.0236318.
Over-approx result for refinement improved after 37.437s in refinement step #9. New value is '556.8650502'.
Completed iteration #9. Current checktime is 37.437s. Over-approx MDP has size 770423. Current result is ≤556.8650502.
Over-approx result for refinement improved after 79.036s in refinement step #10. New value is '556.7889182'.
Completed iteration #10. Current checktime is 79.036s. Over-approx MDP has size 1585859. Current result is ≤556.7889182.
Over-approx result for refinement improved after 168.068s in refinement step #11. New value is '556.7809839'.
Completed iteration #11. Current checktime is 168.068s. Over-approx MDP has size 3023537. Current result is ≤556.7809839.
Over-approx result for refinement improved after 357.210s in refinement step #12. New value is '556.7795246'.
Completed iteration #12. Current checktime is 357.210s. Over-approx MDP has size 5593737. Current result is ≤556.7795246.
Over-approx result for refinement improved after 777.446s in refinement step #13. New value is '556.7794352'.
Completed iteration #13. Current checktime is 777.446s. Over-approx MDP has size 9837306. Current result is ≤556.7794352.
Over-approx result for refinement improved after 1696.239s in refinement step #14. New value is '556.7794062'.
Completed iteration #14. Current checktime is 1696.239s. Over-approx MDP has size 15580127. Current result is ≤556.7794062.
##### Grid Approximation Statistics ######
# Input model: 
-------------------------------------------------------------- 
Model type: 	POMDP (sparse)
States: 	19373
Transitions: 	102420
Choices: 	34157
Observations: 	4909
Reward Models:  priority
State Labels: 	3 labels
   * deadlock -> 0 item(s)
   * (((sched = 0) & (t = (8 - 1))) & (k = (20 - 1))) -> 64 item(s)
   * init -> 1 item(s)
Choice Labels: 	none
-------------------------------------------------------------- 
# Max. Number of states with same observation: 4
# Computation aborted early
# Total check time: 1835.283s
# Number of refinement steps: 14
# Number of states in the final grid MDP for the over-approximation: 15580127
# Maximal resolution for over-approximation: 12288
# Time spend for building the over-approx grid MDP(s): 1723.003s
# Time spend for checking the over-approx grid MDP(s): 76.481s
##########################################

Result till abort: ≤ 556.7794062
Time for POMDP analysis: 1835.286s.

##############################Output to stderr##############################
ERROR: The program received signal 14 and will be aborted in 600s.
