COMMAND: ../storm/build/bin/storm-pomdp --prism ../models/network-priorities/network-priorities3.prism --prop ../models/network-priorities/network-priorities.props --constants T=5,K=2 --belief-exploration discretize --refine 0 --timeout 1800 --triangulationmode static --resolution 3 2 --obs-threshold 0.1 0.05 --size-threshold 0 4 --gap-threshold 0.1 0.25 --scheduler-threshold 0.001 -tm --signal-timeout 600 --sound
WALLTIME (seconds): 1191.2420732975006
ERROR: -9
############################## LOG ##############################
Storm-pomdp 1.5.2 (dev)

Date: Tue May 12 00:58:53 2020
Command line arguments: --prism ../models/network-priorities/network-priorities3.prism --prop ../models/network-priorities/network-priorities.props --constants 'T=5,K=2' --belief-exploration discretize --refine 0 --timeout 1800 --triangulationmode static --resolution 3 2 --obs-threshold 0.1 0.05 --size-threshold 0 4 --gap-threshold 0.1 0.25 --scheduler-threshold 0.001 -tm --signal-timeout 600 --sound
Current working directory: .s

Time for model input parsing: 0.004s.

Time for model construction: 0.171s.

-------------------------------------------------------------- 
Model type: 	POMDP (sparse)
States: 	8019
Transitions: 	149608
Choices: 	17235
Observations: 	1035
Reward Models:  priority
State Labels: 	3 labels
   * deadlock -> 0 item(s)
   * (((sched = 0) & (t = (5 - 1))) & (k = (2 - 1))) -> 512 item(s)
   * init -> 1 item(s)
Choice Labels: 	5 labels
   * idle -> 3840 item(s)
   * send2 -> 3072 item(s)
   * slot -> 3667 item(s)
   * send3 -> 3072 item(s)
   * send1 -> 3072 item(s)
-------------------------------------------------------------- 
Analyzing property 'R[exp]{"priority"}max=? [F (((sched = 0) & (t = (5 - 1))) & (k = (2 - 1)))]'
Exploring the belief MDP... Keeping scheduler guesses bit vector(7/7) [0 1 2 3 4 5 6 ]
Initial value bounds are [57.92225868, 73.57187011]
Detected that the belief MDP is finite.
Over-approx result for refinement improved after 2.150s seconds in refinement step #0. New value is '69.24648866'.
Completed iteration #0. Current checktime is 2.150s. Over-approx MDP has size 57993. Current result is ≤69.24648866.
 WARN (ApproximatePOMDPModelchecker.cpp:322): No termination criterion for refinement given. Consider to specify a steplimit, a non-zero precisionlimit, or a timeout
Over-approx result for refinement improved after 9.793s in refinement step #1. New value is '67.25075546'.
Completed iteration #1. Current checktime is 9.793s. Over-approx MDP has size 172120. Current result is ≤67.25075546.
Over-approx result for refinement improved after 40.837s in refinement step #2. New value is '65.69091478'.
Completed iteration #2. Current checktime is 40.837s. Over-approx MDP has size 565491. Current result is ≤65.69091478.
Over-approx result for refinement improved after 120.790s in refinement step #3. New value is '65.00701795'.
Completed iteration #3. Current checktime is 120.790s. Over-approx MDP has size 1608844. Current result is ≤65.00701795.
Over-approx result for refinement improved after 314.597s in refinement step #4. New value is '64.43062906'.
Completed iteration #4. Current checktime is 314.598s. Over-approx MDP has size 4235664. Current result is ≤64.43062906.
Over-approx result for refinement improved after 703.921s in refinement step #5. New value is '64.34855859'.
Completed iteration #5. Current checktime is 703.921s. Over-approx MDP has size 10062458. Current result is ≤64.34855859.
