COMMAND: ../storm/build/bin/storm-pomdp --prism ../models/network/network3.prism --prop ../models/network/network.props --constants T=8,K=20 --belief-exploration discretize --refine 0 --timeout 1800 --triangulationmode dynamic --resolution 3 2 --obs-threshold 0.1 0.1 --size-threshold 0 2 --gap-threshold 0.1 0.25 --scheduler-threshold 0.001 -tm --signal-timeout 600 --sound
WALLTIME (seconds): 1437.6817467212677
ERROR: -9
############################## LOG ##############################
Storm-pomdp 1.5.2 (dev)

Date: Tue May 12 00:56:17 2020
Command line arguments: --prism ../models/network/network3.prism --prop ../models/network/network.props --constants 'T=8,K=20' --belief-exploration discretize --refine 0 --timeout 1800 --triangulationmode dynamic --resolution 3 2 --obs-threshold 0.1 0.1 --size-threshold 0 2 --gap-threshold 0.1 0.25 --scheduler-threshold 0.001 -tm --signal-timeout 600 --sound
Current working directory: .s

Time for model input parsing: 0.003s.

Time for model construction: 0.170s.

-------------------------------------------------------------- 
Model type: 	POMDP (sparse)
States: 	17253
Transitions: 	93128
Choices: 	30597
Observations: 	2205
Reward Models:  dropped_packets
State Labels: 	3 labels
   * deadlock -> 0 item(s)
   * (((sched = 0) & (t = (8 - 1))) & (k = (20 - 1))) -> 64 item(s)
   * init -> 1 item(s)
Choice Labels: 	5 labels
   * idle -> 8256 item(s)
   * send2 -> 4448 item(s)
   * slot -> 8933 item(s)
   * send3 -> 4448 item(s)
   * send1 -> 4448 item(s)
-------------------------------------------------------------- 
Analyzing property 'R[exp]{"dropped_packets"}min=? [F (((sched = 0) & (t = (8 - 1))) & (k = (20 - 1)))]'
Exploring the belief MDP... Keeping scheduler guesses bit vector(6/7) [0 1 3 4 5 6 ]
Initial value bounds are [3.879758422, 12.40589219]
Detected that the belief MDP is finite.
 WARN (SparseMdpPrctlHelper.cpp:396): A non-empty hint was provided, but its information will be disregarded.
Over-approx result for refinement improved after 2.184s seconds in refinement step #0. New value is '4.936610415'.
Completed iteration #0. Current checktime is 2.184s. Over-approx MDP has size 116922. Current result is ≥4.936610415.
 WARN (ApproximatePOMDPModelchecker.cpp:322): No termination criterion for refinement given. Consider to specify a steplimit, a non-zero precisionlimit, or a timeout
 WARN (SparseMdpPrctlHelper.cpp:396): A non-empty hint was provided, but its information will be disregarded.
Over-approx result for refinement improved after 7.382s in refinement step #1. New value is '5.530340054'.
Completed iteration #1. Current checktime is 7.382s. Over-approx MDP has size 250309. Current result is ≥5.530340054.
 WARN (SparseMdpPrctlHelper.cpp:396): A non-empty hint was provided, but its information will be disregarded.
Completed iteration #2. Current checktime is 22.701s. Over-approx MDP has size 674774. Current result is ≥5.530340054.
 WARN (SparseMdpPrctlHelper.cpp:396): A non-empty hint was provided, but its information will be disregarded.
Completed iteration #3. Current checktime is 68.877s. Over-approx MDP has size 1811408. Current result is ≥5.530340054.
 WARN (SparseMdpPrctlHelper.cpp:396): A non-empty hint was provided, but its information will be disregarded.
Completed iteration #4. Current checktime is 205.960s. Over-approx MDP has size 5053485. Current result is ≥5.530340054.
 WARN (SparseMdpPrctlHelper.cpp:396): A non-empty hint was provided, but its information will be disregarded.
Over-approx result for refinement improved after 634.907s in refinement step #5. New value is '5.554462894'.
Completed iteration #5. Current checktime is 634.907s. Over-approx MDP has size 14280418. Current result is ≥5.554462894.
