COMMAND: ../storm/build/bin/storm-pomdp --prism ../models/refuel/refuel.prism --prop ../models/refuel/refuel.props --constants N=8 --belief-exploration discretize --refine 0 --timeout 1800 --triangulationmode static --resolution 2 1.4142135624 --obs-threshold 0.1 0.1 --size-threshold 0 4 --gap-threshold 0.1 0.25 --scheduler-threshold 0.001 -tm --signal-timeout 600 --sound
WALLTIME (seconds): 779.8497869968414
ERROR: -9
############################## LOG ##############################
Storm-pomdp 1.5.2 (dev)

Date: Tue May 12 01:21:30 2020
Command line arguments: --prism ../models/refuel/refuel.prism --prop ../models/refuel/refuel.props --constants N=8 --belief-exploration discretize --refine 0 --timeout 1800 --triangulationmode static --resolution 2 1.4142135624 --obs-threshold 0.1 0.1 --size-threshold 0 4 --gap-threshold 0.1 0.25 --scheduler-threshold 0.001 -tm --signal-timeout 600 --sound
Current working directory: .s

Time for model input parsing: 0.003s.

Time for model construction: 0.022s.

-------------------------------------------------------------- 
Model type: 	POMDP (sparse)
States: 	470
Transitions: 	2599
Choices: 	1431
Observations: 	66
Reward Models:  none
State Labels: 	4 labels
   * deadlock -> 0 item(s)
   * init -> 1 item(s)
   * goal -> 4 item(s)
   * notbad -> 387 item(s)
Choice Labels: 	6 labels
   * west -> 328 item(s)
   * south -> 335 item(s)
   * east -> 335 item(s)
   * refuel -> 18 item(s)
   * placement -> 1 item(s)
   * north -> 328 item(s)
-------------------------------------------------------------- 
Analyzing property 'Pmax=? ["notbad" U "goal"]'
Exploring the belief MDP... Keeping scheduler guesses bit vector(3/7) [4 5 6 ]
Initial value bounds are [0.05336027586, 0.9885312587]
 WARN (SparseMdpPrctlHelper.cpp:396): A non-empty hint was provided, but its information will be disregarded.
Over-approx result for refinement improved after 0.055s seconds in refinement step #0. New value is '0.8563588976'.
Completed iteration #0. Current checktime is 0.055s. Over-approx MDP has size 3319. Current result is ≤0.8563588976.
 WARN (ApproximatePOMDPModelchecker.cpp:322): No termination criterion for refinement given. Consider to specify a steplimit, a non-zero precisionlimit, or a timeout
 WARN (SparseMdpPrctlHelper.cpp:396): A non-empty hint was provided, but its information will be disregarded.
Over-approx result for refinement improved after 0.085s in refinement step #1. New value is '0.8563588945'.
Completed iteration #1. Current checktime is 0.085s. Over-approx MDP has size 3335. Current result is ≤0.8563588945.
 WARN (SparseMdpPrctlHelper.cpp:396): A non-empty hint was provided, but its information will be disregarded.
Over-approx result for refinement improved after 0.276s in refinement step #2. New value is '0.7944511798'.
Completed iteration #2. Current checktime is 0.276s. Over-approx MDP has size 13929. Current result is ≤0.7944511798.
 WARN (SparseMdpPrctlHelper.cpp:396): A non-empty hint was provided, but its information will be disregarded.
Over-approx result for refinement improved after 1.774s in refinement step #3. New value is '0.7579912835'.
Completed iteration #3. Current checktime is 1.774s. Over-approx MDP has size 67305. Current result is ≤0.7579912835.
 WARN (SparseMdpPrctlHelper.cpp:396): A non-empty hint was provided, but its information will be disregarded.
Over-approx result for refinement improved after 5.585s in refinement step #4. New value is '0.6136782687'.
Completed iteration #4. Current checktime is 5.585s. Over-approx MDP has size 240186. Current result is ≤0.6136782687.
 WARN (SparseMdpPrctlHelper.cpp:396): A non-empty hint was provided, but its information will be disregarded.
Over-approx result for refinement improved after 414.627s in refinement step #5. New value is '0.5094894331'.
Completed iteration #5. Current checktime is 414.627s. Over-approx MDP has size 5256748. Current result is ≤0.5094894331.
