COMMAND: ../storm/build/bin/storm-pomdp --prism ../models/refuel/refuel.prism --prop ../models/refuel/refuel.props --constants N=8 --belief-exploration discretize --refine 0 --timeout 1800 --triangulationmode static --resolution 3 2 --obs-threshold 0.1 0.05 --size-threshold 0 4 --gap-threshold 0.1 0.25 --scheduler-threshold 0.001 -tm --signal-timeout 600 --sound
WALLTIME (seconds): 296.9694890975952
ERROR: -9
############################## LOG ##############################
Storm-pomdp 1.5.2 (dev)

Date: Tue May 12 01:22:50 2020
Command line arguments: --prism ../models/refuel/refuel.prism --prop ../models/refuel/refuel.props --constants N=8 --belief-exploration discretize --refine 0 --timeout 1800 --triangulationmode static --resolution 3 2 --obs-threshold 0.1 0.05 --size-threshold 0 4 --gap-threshold 0.1 0.25 --scheduler-threshold 0.001 -tm --signal-timeout 600 --sound
Current working directory: .s

Time for model input parsing: 0.003s.

Time for model construction: 0.022s.

-------------------------------------------------------------- 
Model type: 	POMDP (sparse)
States: 	470
Transitions: 	2599
Choices: 	1431
Observations: 	66
Reward Models:  none
State Labels: 	4 labels
   * deadlock -> 0 item(s)
   * init -> 1 item(s)
   * goal -> 4 item(s)
   * notbad -> 387 item(s)
Choice Labels: 	6 labels
   * west -> 328 item(s)
   * south -> 335 item(s)
   * east -> 335 item(s)
   * refuel -> 18 item(s)
   * placement -> 1 item(s)
   * north -> 328 item(s)
-------------------------------------------------------------- 
Analyzing property 'Pmax=? ["notbad" U "goal"]'
Exploring the belief MDP... Keeping scheduler guesses bit vector(3/7) [4 5 6 ]
Initial value bounds are [0.05336027586, 0.9885312587]
 WARN (SparseMdpPrctlHelper.cpp:396): A non-empty hint was provided, but its information will be disregarded.
Over-approx result for refinement improved after 0.387s seconds in refinement step #0. New value is '0.7932669067'.
Completed iteration #0. Current checktime is 0.387s. Over-approx MDP has size 22434. Current result is ≤0.7932669067.
 WARN (ApproximatePOMDPModelchecker.cpp:322): No termination criterion for refinement given. Consider to specify a steplimit, a non-zero precisionlimit, or a timeout
 WARN (SparseMdpPrctlHelper.cpp:396): A non-empty hint was provided, but its information will be disregarded.
Over-approx result for refinement improved after 2.605s in refinement step #1. New value is '0.7494712598'.
Completed iteration #1. Current checktime is 2.605s. Over-approx MDP has size 122915. Current result is ≤0.7494712598.
 WARN (SparseMdpPrctlHelper.cpp:396): A non-empty hint was provided, but its information will be disregarded.
Over-approx result for refinement improved after 46.203s in refinement step #2. New value is '0.5797250941'.
Completed iteration #2. Current checktime is 46.203s. Over-approx MDP has size 1224090. Current result is ≤0.5797250941.
