COMMAND: ../storm/build/bin/storm-pomdp --prism ../models/refuel/refuel.prism --prop ../models/refuel/refuel.props --constants N=6 --belief-exploration discretize --refine 0 --timeout 1800 --triangulationmode dynamic --resolution 2 1.4142135624 --obs-threshold 0.1 0.1 --size-threshold 0 4 --gap-threshold 0.1 0.25 --scheduler-threshold 0.001 -tm --signal-timeout 600 --sound
WALLTIME (seconds): 1.109032392501831

############################## LOG ##############################
Storm-pomdp 1.5.2 (dev)

Date: Tue May 12 01:21:30 2020
Command line arguments: --prism ../models/refuel/refuel.prism --prop ../models/refuel/refuel.props --constants N=6 --belief-exploration discretize --refine 0 --timeout 1800 --triangulationmode dynamic --resolution 2 1.4142135624 --obs-threshold 0.1 0.1 --size-threshold 0 4 --gap-threshold 0.1 0.25 --scheduler-threshold 0.001 -tm --signal-timeout 600 --sound
Current working directory: .s

Time for model input parsing: 0.003s.

Time for model construction: 0.020s.

-------------------------------------------------------------- 
Model type: 	POMDP (sparse)
States: 	208
Transitions: 	989
Choices: 	565
Observations: 	50
Reward Models:  none
State Labels: 	4 labels
   * deadlock -> 0 item(s)
   * init -> 1 item(s)
   * goal -> 4 item(s)
   * notbad -> 159 item(s)
Choice Labels: 	6 labels
   * west -> 124 item(s)
   * south -> 126 item(s)
   * east -> 126 item(s)
   * refuel -> 12 item(s)
   * placement -> 1 item(s)
   * north -> 124 item(s)
-------------------------------------------------------------- 
Analyzing property 'Pmax=? ["notbad" U "goal"]'
Exploring the belief MDP... Keeping scheduler guesses bit vector(1/7) [4 ]
Initial value bounds are [0.06395523724, 0.9811000056]
 WARN (SparseMdpPrctlHelper.cpp:396): A non-empty hint was provided, but its information will be disregarded.
Over-approx result for refinement improved after 0.009s seconds in refinement step #0. New value is '0.7842999922'.
Completed iteration #0. Current checktime is 0.009s. Over-approx MDP has size 616. Current result is ≤0.7842999922.
 WARN (ApproximatePOMDPModelchecker.cpp:322): No termination criterion for refinement given. Consider to specify a steplimit, a non-zero precisionlimit, or a timeout
 WARN (SparseMdpPrctlHelper.cpp:396): A non-empty hint was provided, but its information will be disregarded.
Completed iteration #1. Current checktime is 0.011s. Over-approx MDP has size 620. Current result is ≤0.7842999922.
 WARN (SparseMdpPrctlHelper.cpp:396): A non-empty hint was provided, but its information will be disregarded.
Over-approx result for refinement improved after 0.033s in refinement step #2. New value is '0.7403416674'.
Completed iteration #2. Current checktime is 0.033s. Over-approx MDP has size 2381. Current result is ≤0.7403416674.
 WARN (SparseMdpPrctlHelper.cpp:396): A non-empty hint was provided, but its information will be disregarded.
Over-approx result for refinement improved after 0.046s in refinement step #3. New value is '0.6967964'.
Completed iteration #3. Current checktime is 0.046s. Over-approx MDP has size 2464. Current result is ≤0.6967964.
 WARN (SparseMdpPrctlHelper.cpp:396): A non-empty hint was provided, but its information will be disregarded.
Completed iteration #4. Current checktime is 0.080s. Over-approx MDP has size 5493. Current result is ≤0.6967964.
 WARN (SparseMdpPrctlHelper.cpp:396): A non-empty hint was provided, but its information will be disregarded.
Over-approx result for refinement improved after 0.168s in refinement step #5. New value is '0.6954878467'.
Completed iteration #5. Current checktime is 0.168s. Over-approx MDP has size 13340. Current result is ≤0.6954878467.
 WARN (SparseMdpPrctlHelper.cpp:396): A non-empty hint was provided, but its information will be disregarded.
Over-approx result for refinement improved after 0.285s in refinement step #6. New value is '0.6802642899'.
Completed iteration #6. Current checktime is 0.285s. Over-approx MDP has size 20774. Current result is ≤0.6802642899.
 WARN (SparseMdpPrctlHelper.cpp:396): A non-empty hint was provided, but its information will be disregarded.
Over-approx result for refinement improved after 0.394s in refinement step #7. New value is '0.6795767579'.
Completed iteration #7. Current checktime is 0.394s. Over-approx MDP has size 20593. Current result is ≤0.6795767579.
 WARN (SparseMdpPrctlHelper.cpp:396): A non-empty hint was provided, but its information will be disregarded.
Over-approx result for refinement improved after 0.472s in refinement step #8. New value is '0.67219'.
Completed iteration #8. Current checktime is 0.472s. Over-approx MDP has size 13487. Current result is ≤0.67219.
 WARN (SparseMdpPrctlHelper.cpp:396): A non-empty hint was provided, but its information will be disregarded.
Completed iteration #9. Current checktime is 0.535s. Over-approx MDP has size 13746. Current result is ≤0.67219.
 WARN (SparseMdpPrctlHelper.cpp:396): A non-empty hint was provided, but its information will be disregarded.
Over-approx result for refinement improved after 0.595s in refinement step #10. New value is '0.67219'.
Completed iteration #10. Current checktime is 0.595s. Over-approx MDP has size 13803. Current result is ≤0.67219.
 WARN (SparseMdpPrctlHelper.cpp:396): A non-empty hint was provided, but its information will be disregarded.
Over-approx result for refinement improved after 0.659s in refinement step #11. New value is '0.67219'.
Completed iteration #11. Current checktime is 0.659s. Over-approx MDP has size 13894. Current result is ≤0.67219.
 WARN (SparseMdpPrctlHelper.cpp:396): A non-empty hint was provided, but its information will be disregarded.
Over-approx result for refinement improved after 0.724s in refinement step #12. New value is '0.67219'.
Completed iteration #12. Current checktime is 0.724s. Over-approx MDP has size 13768. Current result is ≤0.67219.
 WARN (SparseMdpPrctlHelper.cpp:396): A non-empty hint was provided, but its information will be disregarded.
Over-approx result for refinement improved after 0.788s in refinement step #13. New value is '0.67219'.
Completed iteration #13. Current checktime is 0.788s. Over-approx MDP has size 13758. Current result is ≤0.67219.
 WARN (SparseMdpPrctlHelper.cpp:396): A non-empty hint was provided, but its information will be disregarded.
Over-approx result for refinement improved after 0.848s in refinement step #14. New value is '0.67219'.
Completed iteration #14. Current checktime is 0.848s. Over-approx MDP has size 13550. Current result is ≤0.67219.
 WARN (SparseMdpPrctlHelper.cpp:396): A non-empty hint was provided, but its information will be disregarded.
Over-approx result for refinement improved after 0.905s in refinement step #15. New value is '0.67219'.
Completed iteration #15. Current checktime is 0.905s. Over-approx MDP has size 13550. Current result is ≤0.67219.
 WARN (SparseMdpPrctlHelper.cpp:396): A non-empty hint was provided, but its information will be disregarded.
Completed iteration #16. Current checktime is 0.962s. Over-approx MDP has size 13550. Current result is ≤0.67219.
 WARN (SparseMdpPrctlHelper.cpp:396): A non-empty hint was provided, but its information will be disregarded.
Completed iteration #17. Current checktime is 1.016s. Over-approx MDP has size 13550. Current result is ≤0.67219.
Refinement fixpoint reached after 17 iterations.
##### Grid Approximation Statistics ######
# Input model: 
-------------------------------------------------------------- 
Model type: 	POMDP (sparse)
States: 	208
Transitions: 	989
Choices: 	565
Observations: 	50
Reward Models:  none
State Labels: 	4 labels
   * deadlock -> 0 item(s)
   * init -> 1 item(s)
   * goal -> 4 item(s)
   * notbad -> 159 item(s)
Choice Labels: 	none
-------------------------------------------------------------- 
# Max. Number of states with same observation: 22
# Total check time: 1.031s
# Number of refinement steps: 17
# Number of states in the final grid MDP for the over-approximation: 13550
# Maximal resolution for over-approximation: 182
# Time spend for building the over-approx grid MDP(s): 0.861s
# Time spend for checking the over-approx grid MDP(s): 0.149s
##########################################

Result: ≤ 0.67219
Time for POMDP analysis: 1.031s.
