COMMAND: ../storm/build/bin/storm-pomdp --prism ../models/refuel/refuel.prism --prop ../models/refuel/refuel.props --constants N=6 --belief-exploration discretize --refine 0 --timeout 1800 --triangulationmode static -tm --signal-timeout 600 --sound
WALLTIME (seconds): 18.653505325317383

############################## LOG ##############################
Storm-pomdp 1.5.2 (dev)

Date: Tue May 12 01:21:29 2020
Command line arguments: --prism ../models/refuel/refuel.prism --prop ../models/refuel/refuel.props --constants N=6 --belief-exploration discretize --refine 0 --timeout 1800 --triangulationmode static -tm --signal-timeout 600 --sound
Current working directory: .s

Time for model input parsing: 0.003s.

Time for model construction: 0.019s.

-------------------------------------------------------------- 
Model type: 	POMDP (sparse)
States: 	208
Transitions: 	989
Choices: 	565
Observations: 	50
Reward Models:  none
State Labels: 	4 labels
   * deadlock -> 0 item(s)
   * init -> 1 item(s)
   * goal -> 4 item(s)
   * notbad -> 159 item(s)
Choice Labels: 	6 labels
   * west -> 124 item(s)
   * south -> 126 item(s)
   * east -> 126 item(s)
   * refuel -> 12 item(s)
   * placement -> 1 item(s)
   * north -> 124 item(s)
-------------------------------------------------------------- 
Analyzing property 'Pmax=? ["notbad" U "goal"]'
Exploring the belief MDP... Keeping scheduler guesses bit vector(1/7) [4 ]
Initial value bounds are [0.06395523724, 0.9811000056]
 WARN (SparseMdpPrctlHelper.cpp:396): A non-empty hint was provided, but its information will be disregarded.
Over-approx result for refinement improved after 0.025s seconds in refinement step #0. New value is '0.7222633333'.
Completed iteration #0. Current checktime is 0.025s. Over-approx MDP has size 2213. Current result is ≤0.7222633333.
 WARN (ApproximatePOMDPModelchecker.cpp:322): No termination criterion for refinement given. Consider to specify a steplimit, a non-zero precisionlimit, or a timeout
 WARN (SparseMdpPrctlHelper.cpp:396): A non-empty hint was provided, but its information will be disregarded.
Over-approx result for refinement improved after 0.037s in refinement step #1. New value is '0.69683'.
Completed iteration #1. Current checktime is 0.037s. Over-approx MDP has size 2231. Current result is ≤0.69683.
 WARN (SparseMdpPrctlHelper.cpp:396): A non-empty hint was provided, but its information will be disregarded.
Over-approx result for refinement improved after 0.050s in refinement step #2. New value is '0.69655'.
Completed iteration #2. Current checktime is 0.050s. Over-approx MDP has size 2581. Current result is ≤0.69655.
 WARN (SparseMdpPrctlHelper.cpp:396): A non-empty hint was provided, but its information will be disregarded.
Over-approx result for refinement improved after 0.097s in refinement step #3. New value is '0.68199'.
Completed iteration #3. Current checktime is 0.097s. Over-approx MDP has size 7282. Current result is ≤0.68199.
 WARN (SparseMdpPrctlHelper.cpp:396): A non-empty hint was provided, but its information will be disregarded.
Over-approx result for refinement improved after 0.238s in refinement step #4. New value is '0.6802642889'.
Completed iteration #4. Current checktime is 0.238s. Over-approx MDP has size 20356. Current result is ≤0.6802642889.
 WARN (SparseMdpPrctlHelper.cpp:396): A non-empty hint was provided, but its information will be disregarded.
Over-approx result for refinement improved after 0.399s in refinement step #5. New value is '0.6786621983'.
Completed iteration #5. Current checktime is 0.399s. Over-approx MDP has size 21988. Current result is ≤0.6786621983.
 WARN (SparseMdpPrctlHelper.cpp:396): A non-empty hint was provided, but its information will be disregarded.
Over-approx result for refinement improved after 0.596s in refinement step #6. New value is '0.67415'.
Completed iteration #6. Current checktime is 0.596s. Over-approx MDP has size 27901. Current result is ≤0.67415.
 WARN (SparseMdpPrctlHelper.cpp:396): A non-empty hint was provided, but its information will be disregarded.
Over-approx result for refinement improved after 0.877s in refinement step #7. New value is '0.67366'.
Completed iteration #7. Current checktime is 0.877s. Over-approx MDP has size 38253. Current result is ≤0.67366.
 WARN (SparseMdpPrctlHelper.cpp:396): A non-empty hint was provided, but its information will be disregarded.
Over-approx result for refinement improved after 1.157s in refinement step #8. New value is '0.67268'.
Completed iteration #8. Current checktime is 1.157s. Over-approx MDP has size 41651. Current result is ≤0.67268.
 WARN (SparseMdpPrctlHelper.cpp:396): A non-empty hint was provided, but its information will be disregarded.
Over-approx result for refinement improved after 1.444s in refinement step #9. New value is '0.6725575'.
Completed iteration #9. Current checktime is 1.444s. Over-approx MDP has size 42608. Current result is ≤0.6725575.
 WARN (SparseMdpPrctlHelper.cpp:396): A non-empty hint was provided, but its information will be disregarded.
Over-approx result for refinement improved after 1.723s in refinement step #10. New value is '0.6723125'.
Completed iteration #10. Current checktime is 1.723s. Over-approx MDP has size 40346. Current result is ≤0.6723125.
 WARN (SparseMdpPrctlHelper.cpp:396): A non-empty hint was provided, but its information will be disregarded.
Over-approx result for refinement improved after 2.037s in refinement step #11. New value is '0.672281875'.
Completed iteration #11. Current checktime is 2.037s. Over-approx MDP has size 41921. Current result is ≤0.672281875.
 WARN (SparseMdpPrctlHelper.cpp:396): A non-empty hint was provided, but its information will be disregarded.
Over-approx result for refinement improved after 2.342s in refinement step #12. New value is '0.672220625'.
Completed iteration #12. Current checktime is 2.342s. Over-approx MDP has size 43082. Current result is ≤0.672220625.
 WARN (SparseMdpPrctlHelper.cpp:396): A non-empty hint was provided, but its information will be disregarded.
Over-approx result for refinement improved after 2.643s in refinement step #13. New value is '0.6722129687'.
Completed iteration #13. Current checktime is 2.643s. Over-approx MDP has size 42288. Current result is ≤0.6722129687.
 WARN (SparseMdpPrctlHelper.cpp:396): A non-empty hint was provided, but its information will be disregarded.
Over-approx result for refinement improved after 2.941s in refinement step #14. New value is '0.6721976562'.
Completed iteration #14. Current checktime is 2.941s. Over-approx MDP has size 43461. Current result is ≤0.6721976562.
 WARN (SparseMdpPrctlHelper.cpp:396): A non-empty hint was provided, but its information will be disregarded.
Over-approx result for refinement improved after 3.237s in refinement step #15. New value is '0.6721957422'.
Completed iteration #15. Current checktime is 3.237s. Over-approx MDP has size 42736. Current result is ≤0.6721957422.
 WARN (SparseMdpPrctlHelper.cpp:396): A non-empty hint was provided, but its information will be disregarded.
Over-approx result for refinement improved after 3.523s in refinement step #16. New value is '0.6721919141'.
Completed iteration #16. Current checktime is 3.523s. Over-approx MDP has size 40596. Current result is ≤0.6721919141.
 WARN (SparseMdpPrctlHelper.cpp:396): A non-empty hint was provided, but its information will be disregarded.
Over-approx result for refinement improved after 3.822s in refinement step #17. New value is '0.6721914355'.
Completed iteration #17. Current checktime is 3.822s. Over-approx MDP has size 42427. Current result is ≤0.6721914355.
 WARN (SparseMdpPrctlHelper.cpp:396): A non-empty hint was provided, but its information will be disregarded.
Over-approx result for refinement improved after 4.152s in refinement step #18. New value is '0.6721904785'.
Completed iteration #18. Current checktime is 4.152s. Over-approx MDP has size 44530. Current result is ≤0.6721904785.
 WARN (SparseMdpPrctlHelper.cpp:396): A non-empty hint was provided, but its information will be disregarded.
Over-approx result for refinement improved after 4.468s in refinement step #19. New value is '0.6721903589'.
Completed iteration #19. Current checktime is 4.468s. Over-approx MDP has size 43003. Current result is ≤0.6721903589.
 WARN (SparseMdpPrctlHelper.cpp:396): A non-empty hint was provided, but its information will be disregarded.
Over-approx result for refinement improved after 4.773s in refinement step #20. New value is '0.6721901196'.
Completed iteration #20. Current checktime is 4.773s. Over-approx MDP has size 43807. Current result is ≤0.6721901196.
 WARN (SparseMdpPrctlHelper.cpp:396): A non-empty hint was provided, but its information will be disregarded.
Over-approx result for refinement improved after 5.107s in refinement step #21. New value is '0.6721900897'.
Completed iteration #21. Current checktime is 5.107s. Over-approx MDP has size 42281. Current result is ≤0.6721900897.
 WARN (SparseMdpPrctlHelper.cpp:396): A non-empty hint was provided, but its information will be disregarded.
Over-approx result for refinement improved after 5.398s in refinement step #22. New value is '0.6721900299'.
Completed iteration #22. Current checktime is 5.398s. Over-approx MDP has size 41129. Current result is ≤0.6721900299.
 WARN (SparseMdpPrctlHelper.cpp:396): A non-empty hint was provided, but its information will be disregarded.
Over-approx result for refinement improved after 5.696s in refinement step #23. New value is '0.6721900224'.
Completed iteration #23. Current checktime is 5.696s. Over-approx MDP has size 41699. Current result is ≤0.6721900224.
 WARN (SparseMdpPrctlHelper.cpp:396): A non-empty hint was provided, but its information will be disregarded.
Over-approx result for refinement improved after 6.015s in refinement step #24. New value is '0.6721900075'.
Completed iteration #24. Current checktime is 6.015s. Over-approx MDP has size 44339. Current result is ≤0.6721900075.
 WARN (SparseMdpPrctlHelper.cpp:396): A non-empty hint was provided, but its information will be disregarded.
Over-approx result for refinement improved after 6.363s in refinement step #25. New value is '0.6721900056'.
Completed iteration #25. Current checktime is 6.364s. Over-approx MDP has size 44572. Current result is ≤0.6721900056.
 WARN (SparseMdpPrctlHelper.cpp:396): A non-empty hint was provided, but its information will be disregarded.
Over-approx result for refinement improved after 6.723s in refinement step #26. New value is '0.6721900019'.
Completed iteration #26. Current checktime is 6.723s. Over-approx MDP has size 45901. Current result is ≤0.6721900019.
 WARN (SparseMdpPrctlHelper.cpp:396): A non-empty hint was provided, but its information will be disregarded.
Over-approx result for refinement improved after 7.093s in refinement step #27. New value is '0.6721900014'.
Completed iteration #27. Current checktime is 7.093s. Over-approx MDP has size 46056. Current result is ≤0.6721900014.
 WARN (SparseMdpPrctlHelper.cpp:396): A non-empty hint was provided, but its information will be disregarded.
Over-approx result for refinement improved after 7.511s in refinement step #28. New value is '0.6721900005'.
Completed iteration #28. Current checktime is 7.511s. Over-approx MDP has size 43734. Current result is ≤0.6721900005.
 WARN (SparseMdpPrctlHelper.cpp:396): A non-empty hint was provided, but its information will be disregarded.
Over-approx result for refinement improved after 7.898s in refinement step #29. New value is '0.6721900004'.
Completed iteration #29. Current checktime is 7.898s. Over-approx MDP has size 44050. Current result is ≤0.6721900004.
 WARN (SparseMdpPrctlHelper.cpp:396): A non-empty hint was provided, but its information will be disregarded.
Over-approx result for refinement improved after 8.278s in refinement step #30. New value is '0.6721900001'.
Completed iteration #30. Current checktime is 8.278s. Over-approx MDP has size 45566. Current result is ≤0.6721900001.
 WARN (SparseMdpPrctlHelper.cpp:396): A non-empty hint was provided, but its information will be disregarded.
Over-approx result for refinement improved after 8.737s in refinement step #31. New value is '0.6721900001'.
Completed iteration #31. Current checktime is 8.737s. Over-approx MDP has size 45024. Current result is ≤0.6721900001.
 WARN (SparseMdpPrctlHelper.cpp:396): A non-empty hint was provided, but its information will be disregarded.
Over-approx result for refinement improved after 9.129s in refinement step #32. New value is '0.67219'.
Completed iteration #32. Current checktime is 9.129s. Over-approx MDP has size 46917. Current result is ≤0.67219.
 WARN (SparseMdpPrctlHelper.cpp:396): A non-empty hint was provided, but its information will be disregarded.
Over-approx result for refinement improved after 9.510s in refinement step #33. New value is '0.67219'.
Completed iteration #33. Current checktime is 9.510s. Over-approx MDP has size 45140. Current result is ≤0.67219.
 WARN (SparseMdpPrctlHelper.cpp:396): A non-empty hint was provided, but its information will be disregarded.
Over-approx result for refinement improved after 9.891s in refinement step #34. New value is '0.67219'.
Completed iteration #34. Current checktime is 9.891s. Over-approx MDP has size 44433. Current result is ≤0.67219.
 WARN (SparseMdpPrctlHelper.cpp:396): A non-empty hint was provided, but its information will be disregarded.
Over-approx result for refinement improved after 10.273s in refinement step #35. New value is '0.67219'.
Completed iteration #35. Current checktime is 10.273s. Over-approx MDP has size 44575. Current result is ≤0.67219.
 WARN (SparseMdpPrctlHelper.cpp:396): A non-empty hint was provided, but its information will be disregarded.
Over-approx result for refinement improved after 10.663s in refinement step #36. New value is '0.67219'.
Completed iteration #36. Current checktime is 10.663s. Over-approx MDP has size 46725. Current result is ≤0.67219.
 WARN (SparseMdpPrctlHelper.cpp:396): A non-empty hint was provided, but its information will be disregarded.
Over-approx result for refinement improved after 11.062s in refinement step #37. New value is '0.67219'.
Completed iteration #37. Current checktime is 11.062s. Over-approx MDP has size 45464. Current result is ≤0.67219.
 WARN (SparseMdpPrctlHelper.cpp:396): A non-empty hint was provided, but its information will be disregarded.
Over-approx result for refinement improved after 11.464s in refinement step #38. New value is '0.67219'.
Completed iteration #38. Current checktime is 11.464s. Over-approx MDP has size 47206. Current result is ≤0.67219.
 WARN (SparseMdpPrctlHelper.cpp:396): A non-empty hint was provided, but its information will be disregarded.
Completed iteration #39. Current checktime is 11.854s. Over-approx MDP has size 44995. Current result is ≤0.67219.
 WARN (SparseMdpPrctlHelper.cpp:396): A non-empty hint was provided, but its information will be disregarded.
Over-approx result for refinement improved after 12.239s in refinement step #40. New value is '0.67219'.
Completed iteration #40. Current checktime is 12.239s. Over-approx MDP has size 44058. Current result is ≤0.67219.
 WARN (SparseMdpPrctlHelper.cpp:396): A non-empty hint was provided, but its information will be disregarded.
Over-approx result for refinement improved after 12.680s in refinement step #41. New value is '0.67219'.
Completed iteration #41. Current checktime is 12.680s. Over-approx MDP has size 43787. Current result is ≤0.67219.
 WARN (SparseMdpPrctlHelper.cpp:396): A non-empty hint was provided, but its information will be disregarded.
Over-approx result for refinement improved after 13.085s in refinement step #42. New value is '0.67219'.
Completed iteration #42. Current checktime is 13.085s. Over-approx MDP has size 46865. Current result is ≤0.67219.
 WARN (SparseMdpPrctlHelper.cpp:396): A non-empty hint was provided, but its information will be disregarded.
Over-approx result for refinement improved after 13.473s in refinement step #43. New value is '0.67219'.
Completed iteration #43. Current checktime is 13.473s. Over-approx MDP has size 43876. Current result is ≤0.67219.
 WARN (SparseMdpPrctlHelper.cpp:396): A non-empty hint was provided, but its information will be disregarded.
Over-approx result for refinement improved after 14.013s in refinement step #44. New value is '0.67219'.
Completed iteration #44. Current checktime is 14.013s. Over-approx MDP has size 46129. Current result is ≤0.67219.
 WARN (SparseMdpPrctlHelper.cpp:396): A non-empty hint was provided, but its information will be disregarded.
Over-approx result for refinement improved after 14.408s in refinement step #45. New value is '0.67219'.
Completed iteration #45. Current checktime is 14.408s. Over-approx MDP has size 46050. Current result is ≤0.67219.
 WARN (SparseMdpPrctlHelper.cpp:396): A non-empty hint was provided, but its information will be disregarded.
Over-approx result for refinement improved after 14.791s in refinement step #46. New value is '0.67219'.
Completed iteration #46. Current checktime is 14.791s. Over-approx MDP has size 43248. Current result is ≤0.67219.
 WARN (SparseMdpPrctlHelper.cpp:396): A non-empty hint was provided, but its information will be disregarded.
Over-approx result for refinement improved after 15.166s in refinement step #47. New value is '0.67219'.
Completed iteration #47. Current checktime is 15.166s. Over-approx MDP has size 43664. Current result is ≤0.67219.
 WARN (SparseMdpPrctlHelper.cpp:396): A non-empty hint was provided, but its information will be disregarded.
Over-approx result for refinement improved after 15.542s in refinement step #48. New value is '0.67219'.
Completed iteration #48. Current checktime is 15.542s. Over-approx MDP has size 45015. Current result is ≤0.67219.
 WARN (SparseMdpPrctlHelper.cpp:396): A non-empty hint was provided, but its information will be disregarded.
Completed iteration #49. Current checktime is 15.886s. Over-approx MDP has size 40203. Current result is ≤0.67219.
 WARN (SparseMdpPrctlHelper.cpp:396): A non-empty hint was provided, but its information will be disregarded.
Over-approx result for refinement improved after 16.216s in refinement step #50. New value is '0.67219'.
Completed iteration #50. Current checktime is 16.216s. Over-approx MDP has size 40255. Current result is ≤0.67219.
 WARN (SparseMdpPrctlHelper.cpp:396): A non-empty hint was provided, but its information will be disregarded.
Completed iteration #51. Current checktime is 16.479s. Over-approx MDP has size 31407. Current result is ≤0.67219.
 WARN (SparseMdpPrctlHelper.cpp:396): A non-empty hint was provided, but its information will be disregarded.
Completed iteration #52. Current checktime is 16.692s. Over-approx MDP has size 26753. Current result is ≤0.67219.
 WARN (SparseMdpPrctlHelper.cpp:396): A non-empty hint was provided, but its information will be disregarded.
Completed iteration #53. Current checktime is 16.868s. Over-approx MDP has size 23319. Current result is ≤0.67219.
 WARN (SparseMdpPrctlHelper.cpp:396): A non-empty hint was provided, but its information will be disregarded.
Completed iteration #54. Current checktime is 17.021s. Over-approx MDP has size 21981. Current result is ≤0.67219.
 WARN (SparseMdpPrctlHelper.cpp:396): A non-empty hint was provided, but its information will be disregarded.
Completed iteration #55. Current checktime is 17.153s. Over-approx MDP has size 18636. Current result is ≤0.67219.
 WARN (SparseMdpPrctlHelper.cpp:396): A non-empty hint was provided, but its information will be disregarded.
Completed iteration #56. Current checktime is 17.266s. Over-approx MDP has size 18636. Current result is ≤0.67219.
 WARN (SparseMdpPrctlHelper.cpp:396): A non-empty hint was provided, but its information will be disregarded.
Completed iteration #57. Current checktime is 17.376s. Over-approx MDP has size 18636. Current result is ≤0.67219.
 WARN (SparseMdpPrctlHelper.cpp:396): A non-empty hint was provided, but its information will be disregarded.
Completed iteration #58. Current checktime is 17.488s. Over-approx MDP has size 18636. Current result is ≤0.67219.
Refinement fixpoint reached after 58 iterations.
##### Grid Approximation Statistics ######
# Input model: 
-------------------------------------------------------------- 
Model type: 	POMDP (sparse)
States: 	208
Transitions: 	989
Choices: 	565
Observations: 	50
Reward Models:  none
State Labels: 	4 labels
   * deadlock -> 0 item(s)
   * init -> 1 item(s)
   * goal -> 4 item(s)
   * notbad -> 159 item(s)
Choice Labels: 	none
-------------------------------------------------------------- 
# Max. Number of states with same observation: 22
# Total check time: 18.554s
# Number of refinement steps: 58
# Number of states in the final grid MDP for the over-approximation: 18636
# Maximal resolution for over-approximation: 5.404319553e+16
# Time spend for building the over-approx grid MDP(s): 16.133s
# Time spend for checking the over-approx grid MDP(s): 1.343s
##########################################

Result: ≤ 0.67219
Time for POMDP analysis: 18.554s.
