COMMAND: ../storm/build/bin/storm-pomdp --prism ../models/refuel/refuel.prism --prop ../models/refuel/refuel.props --constants N=8 --belief-exploration discretize --refine 0 --timeout 1800 --triangulationmode static --resolution 3 2 --obs-threshold 0.1 0.1 --size-threshold 0 2 --gap-threshold 0.1 0.25 --scheduler-threshold 0.001 -tm --signal-timeout 600 --sound
WALLTIME (seconds): 281.8670959472656
ERROR: -9
############################## LOG ##############################
Storm-pomdp 1.5.2 (dev)

Date: Tue May 12 01:22:50 2020
Command line arguments: --prism ../models/refuel/refuel.prism --prop ../models/refuel/refuel.props --constants N=8 --belief-exploration discretize --refine 0 --timeout 1800 --triangulationmode static --resolution 3 2 --obs-threshold 0.1 0.1 --size-threshold 0 2 --gap-threshold 0.1 0.25 --scheduler-threshold 0.001 -tm --signal-timeout 600 --sound
Current working directory: .s

Time for model input parsing: 0.003s.

Time for model construction: 0.022s.

-------------------------------------------------------------- 
Model type: 	POMDP (sparse)
States: 	470
Transitions: 	2599
Choices: 	1431
Observations: 	66
Reward Models:  none
State Labels: 	4 labels
   * deadlock -> 0 item(s)
   * init -> 1 item(s)
   * goal -> 4 item(s)
   * notbad -> 387 item(s)
Choice Labels: 	6 labels
   * west -> 328 item(s)
   * south -> 335 item(s)
   * east -> 335 item(s)
   * refuel -> 18 item(s)
   * placement -> 1 item(s)
   * north -> 328 item(s)
-------------------------------------------------------------- 
Analyzing property 'Pmax=? ["notbad" U "goal"]'
Exploring the belief MDP... Keeping scheduler guesses bit vector(3/7) [4 5 6 ]
Initial value bounds are [0.05336027586, 0.9885312587]
 WARN (SparseMdpPrctlHelper.cpp:396): A non-empty hint was provided, but its information will be disregarded.
Over-approx result for refinement improved after 0.390s seconds in refinement step #0. New value is '0.7932669067'.
Completed iteration #0. Current checktime is 0.390s. Over-approx MDP has size 22434. Current result is ≤0.7932669067.
 WARN (ApproximatePOMDPModelchecker.cpp:322): No termination criterion for refinement given. Consider to specify a steplimit, a non-zero precisionlimit, or a timeout
 WARN (SparseMdpPrctlHelper.cpp:396): A non-empty hint was provided, but its information will be disregarded.
Completed iteration #1. Current checktime is 1.754s. Over-approx MDP has size 83942. Current result is ≤0.7932669067.
 WARN (SparseMdpPrctlHelper.cpp:396): A non-empty hint was provided, but its information will be disregarded.
Over-approx result for refinement improved after 3.938s in refinement step #2. New value is '0.6928307146'.
Completed iteration #2. Current checktime is 3.938s. Over-approx MDP has size 233316. Current result is ≤0.6928307146.
 WARN (SparseMdpPrctlHelper.cpp:396): A non-empty hint was provided, but its information will be disregarded.
Over-approx result for refinement improved after 22.803s in refinement step #3. New value is '0.5975187439'.
Completed iteration #3. Current checktime is 22.803s. Over-approx MDP has size 1752081. Current result is ≤0.5975187439.
 WARN (SparseMdpPrctlHelper.cpp:396): A non-empty hint was provided, but its information will be disregarded.
Over-approx result for refinement improved after 79.567s in refinement step #4. New value is '0.5825671991'.
Completed iteration #4. Current checktime is 79.567s. Over-approx MDP has size 4927570. Current result is ≤0.5825671991.
