COMMAND: ../storm/build/bin/storm-pomdp --prism ../models/samplerocks/samplerocks.prism --prop ../models/samplerocks/samplerocks.props --constants N=8 --belief-exploration discretize --refine 0 --timeout 1800 --triangulationmode dynamic --resolution 2 1.4142135624 --obs-threshold 0.1 0.1 --size-threshold 0 4 --gap-threshold 0.1 0.25 --scheduler-threshold 0.001 -tm --signal-timeout 600 --sound
WALLTIME (seconds): 25.864896297454834

############################## LOG ##############################
Storm-pomdp 1.5.2 (dev)

Date: Tue May 12 01:24:11 2020
Command line arguments: --prism ../models/samplerocks/samplerocks.prism --prop ../models/samplerocks/samplerocks.props --constants N=8 --belief-exploration discretize --refine 0 --timeout 1800 --triangulationmode dynamic --resolution 2 1.4142135624 --obs-threshold 0.1 0.1 --size-threshold 0 4 --gap-threshold 0.1 0.25 --scheduler-threshold 0.001 -tm --signal-timeout 600 --sound
Current working directory: .s

Time for model input parsing: 0.003s.

Time for model construction: 0.069s.

-------------------------------------------------------------- 
Model type: 	POMDP (sparse)
States: 	3241
Transitions: 	18772
Choices: 	14929
Observations: 	817
Reward Models:  cost
State Labels: 	3 labels
   * deadlock -> 0 item(s)
   * goal -> 324 item(s)
   * init -> 1 item(s)
Choice Labels: 	10 labels
   * west -> 2592 item(s)
   * east -> 2592 item(s)
   * r2sample -> 18 item(s)
   * r1sample -> 18 item(s)
   * south -> 2592 item(s)
   * r2sense -> 1938 item(s)
   * finish -> 324 item(s)
   * north -> 2592 item(s)
   * placement -> 1 item(s)
   * r1sense -> 1938 item(s)
-------------------------------------------------------------- 
Analyzing property 'R[exp]min=? [F "goal"]'
Exploring the belief MDP... Keeping scheduler guesses bit vector(4/7) [0 4 5 6 ]
Initial value bounds are [11, 32.85185621]
 WARN (SparseMdpPrctlHelper.cpp:396): A non-empty hint was provided, but its information will be disregarded.
Over-approx result for refinement improved after 0.107s seconds in refinement step #0. New value is '12.33333334'.
Completed iteration #0. Current checktime is 0.107s. Over-approx MDP has size 3329. Current result is ≥12.33333334.
 WARN (ApproximatePOMDPModelchecker.cpp:322): No termination criterion for refinement given. Consider to specify a steplimit, a non-zero precisionlimit, or a timeout
 WARN (SparseMdpPrctlHelper.cpp:396): A non-empty hint was provided, but its information will be disregarded.
Completed iteration #1. Current checktime is 0.127s. Over-approx MDP has size 3329. Current result is ≥12.33333334.
 WARN (SparseMdpPrctlHelper.cpp:396): A non-empty hint was provided, but its information will be disregarded.
Over-approx result for refinement improved after 0.147s in refinement step #2. New value is '12.4423077'.
Completed iteration #2. Current checktime is 0.147s. Over-approx MDP has size 3332. Current result is ≥12.4423077.
 WARN (SparseMdpPrctlHelper.cpp:396): A non-empty hint was provided, but its information will be disregarded.
Completed iteration #3. Current checktime is 0.212s. Over-approx MDP has size 5888. Current result is ≥12.4423077.
 WARN (SparseMdpPrctlHelper.cpp:396): A non-empty hint was provided, but its information will be disregarded.
Over-approx result for refinement improved after 0.259s in refinement step #4. New value is '12.51098902'.
Completed iteration #4. Current checktime is 0.259s. Over-approx MDP has size 5975. Current result is ≥12.51098902.
 WARN (SparseMdpPrctlHelper.cpp:396): A non-empty hint was provided, but its information will be disregarded.
Over-approx result for refinement improved after 0.308s in refinement step #5. New value is '12.66429674'.
Completed iteration #5. Current checktime is 0.308s. Over-approx MDP has size 6080. Current result is ≥12.66429674.
 WARN (SparseMdpPrctlHelper.cpp:396): A non-empty hint was provided, but its information will be disregarded.
Over-approx result for refinement improved after 0.372s in refinement step #6. New value is '13.42840585'.
Completed iteration #6. Current checktime is 0.372s. Over-approx MDP has size 6713. Current result is ≥13.42840585.
 WARN (SparseMdpPrctlHelper.cpp:396): A non-empty hint was provided, but its information will be disregarded.
Over-approx result for refinement improved after 0.443s in refinement step #7. New value is '13.54048175'.
Completed iteration #7. Current checktime is 0.444s. Over-approx MDP has size 7164. Current result is ≥13.54048175.
 WARN (SparseMdpPrctlHelper.cpp:396): A non-empty hint was provided, but its information will be disregarded.
Over-approx result for refinement improved after 0.516s in refinement step #8. New value is '13.59805397'.
Completed iteration #8. Current checktime is 0.516s. Over-approx MDP has size 7587. Current result is ≥13.59805397.
 WARN (SparseMdpPrctlHelper.cpp:396): A non-empty hint was provided, but its information will be disregarded.
Over-approx result for refinement improved after 0.584s in refinement step #9. New value is '13.61458334'.
Completed iteration #9. Current checktime is 0.584s. Over-approx MDP has size 7643. Current result is ≥13.61458334.
 WARN (SparseMdpPrctlHelper.cpp:396): A non-empty hint was provided, but its information will be disregarded.
Over-approx result for refinement improved after 0.701s in refinement step #10. New value is '13.66666667'.
Completed iteration #10. Current checktime is 0.701s. Over-approx MDP has size 9632. Current result is ≥13.66666667.
 WARN (SparseMdpPrctlHelper.cpp:396): A non-empty hint was provided, but its information will be disregarded.
Over-approx result for refinement improved after 0.790s in refinement step #11. New value is '13.68061681'.
Completed iteration #11. Current checktime is 0.790s. Over-approx MDP has size 9632. Current result is ≥13.68061681.
 WARN (SparseMdpPrctlHelper.cpp:396): A non-empty hint was provided, but its information will be disregarded.
Over-approx result for refinement improved after 0.953s in refinement step #12. New value is '13.73158811'.
Completed iteration #12. Current checktime is 0.953s. Over-approx MDP has size 12351. Current result is ≥13.73158811.
 WARN (SparseMdpPrctlHelper.cpp:396): A non-empty hint was provided, but its information will be disregarded.
Over-approx result for refinement improved after 1.458s in refinement step #13. New value is '13.87440192'.
Completed iteration #13. Current checktime is 1.458s. Over-approx MDP has size 23950. Current result is ≥13.87440192.
 WARN (SparseMdpPrctlHelper.cpp:396): A non-empty hint was provided, but its information will be disregarded.
Over-approx result for refinement improved after 1.754s in refinement step #14. New value is '13.95744647'.
Completed iteration #14. Current checktime is 1.754s. Over-approx MDP has size 24011. Current result is ≥13.95744647.
 WARN (SparseMdpPrctlHelper.cpp:396): A non-empty hint was provided, but its information will be disregarded.
Over-approx result for refinement improved after 5.481s in refinement step #15. New value is '13.99213891'.
Completed iteration #15. Current checktime is 5.481s. Over-approx MDP has size 104858. Current result is ≥13.99213891.
 WARN (SparseMdpPrctlHelper.cpp:396): A non-empty hint was provided, but its information will be disregarded.
Over-approx result for refinement improved after 9.428s in refinement step #16. New value is '14'.
Completed iteration #16. Current checktime is 9.428s. Over-approx MDP has size 146877. Current result is ≥14.
 WARN (SparseMdpPrctlHelper.cpp:396): A non-empty hint was provided, but its information will be disregarded.
Completed iteration #17. Current checktime is 12.617s. Over-approx MDP has size 146877. Current result is ≥14.
 WARN (SparseMdpPrctlHelper.cpp:396): A non-empty hint was provided, but its information will be disregarded.
Completed iteration #18. Current checktime is 15.766s. Over-approx MDP has size 146877. Current result is ≥14.
 WARN (SparseMdpPrctlHelper.cpp:396): A non-empty hint was provided, but its information will be disregarded.
Completed iteration #19. Current checktime is 18.972s. Over-approx MDP has size 146877. Current result is ≥14.
 WARN (SparseMdpPrctlHelper.cpp:396): A non-empty hint was provided, but its information will be disregarded.
Completed iteration #20. Current checktime is 22.126s. Over-approx MDP has size 146877. Current result is ≥14.
 WARN (SparseMdpPrctlHelper.cpp:396): A non-empty hint was provided, but its information will be disregarded.
Completed iteration #21. Current checktime is 25.346s. Over-approx MDP has size 146877. Current result is ≥14.
Refinement fixpoint reached after 21 iterations.
##### Grid Approximation Statistics ######
# Input model: 
-------------------------------------------------------------- 
Model type: 	POMDP (sparse)
States: 	3241
Transitions: 	18772
Choices: 	14929
Observations: 	817
Reward Models:  cost
State Labels: 	3 labels
   * deadlock -> 0 item(s)
   * goal -> 324 item(s)
   * init -> 1 item(s)
Choice Labels: 	none
-------------------------------------------------------------- 
# Max. Number of states with same observation: 4
# Total check time: 25.713s
# Number of refinement steps: 21
# Number of states in the final grid MDP for the over-approximation: 146877
# Maximal resolution for over-approximation: 33
# Time spend for building the over-approx grid MDP(s): 10.588s
# Time spend for checking the over-approx grid MDP(s): 14.689s
##########################################

Result: ≥ 14
Time for POMDP analysis: 25.713s.
