COMMAND: ../storm/build/bin/storm-pomdp --prism ../models/samplerocks/samplerocks.prism --prop ../models/samplerocks/samplerocks.props --constants N=16 --belief-exploration discretize --refine 0 --timeout 1800 --triangulationmode static --resolution 2 1.4142135624 --obs-threshold 0.1 0.1 --size-threshold 0 4 --gap-threshold 0.1 0.25 --scheduler-threshold 0.001 -tm --signal-timeout 600 --sound
WALLTIME (seconds): 1168.7921872138977
ERROR: -9
############################## LOG ##############################
Storm-pomdp 1.5.2 (dev)

Date: Tue May 12 01:26:48 2020
Command line arguments: --prism ../models/samplerocks/samplerocks.prism --prop ../models/samplerocks/samplerocks.props --constants N=16 --belief-exploration discretize --refine 0 --timeout 1800 --triangulationmode static --resolution 2 1.4142135624 --obs-threshold 0.1 0.1 --size-threshold 0 4 --gap-threshold 0.1 0.25 --scheduler-threshold 0.001 -tm --signal-timeout 600 --sound
Current working directory: .s

Time for model input parsing: 0.003s.

Time for model construction: 0.207s.

-------------------------------------------------------------- 
Model type: 	POMDP (sparse)
States: 	11017
Transitions: 	68116
Choices: 	54289
Observations: 	2761
Reward Models:  cost
State Labels: 	3 labels
   * deadlock -> 0 item(s)
   * goal -> 612 item(s)
   * init -> 1 item(s)
Choice Labels: 	10 labels
   * west -> 9792 item(s)
   * east -> 9792 item(s)
   * r2sample -> 18 item(s)
   * r1sample -> 18 item(s)
   * south -> 9792 item(s)
   * r2sense -> 6930 item(s)
   * finish -> 612 item(s)
   * north -> 9792 item(s)
   * placement -> 1 item(s)
   * r1sense -> 6930 item(s)
-------------------------------------------------------------- 
Analyzing property 'R[exp]min=? [F "goal"]'
Exploring the belief MDP... Keeping scheduler guesses bit vector(3/7) [4 5 6 ]
Initial value bounds are [22, 44]
 WARN (SparseMdpPrctlHelper.cpp:396): A non-empty hint was provided, but its information will be disregarded.
Over-approx result for refinement improved after 0.589s seconds in refinement step #0. New value is '23.33333335'.
Completed iteration #0. Current checktime is 0.589s. Over-approx MDP has size 9697. Current result is ≥23.33333335.
 WARN (ApproximatePOMDPModelchecker.cpp:322): No termination criterion for refinement given. Consider to specify a steplimit, a non-zero precisionlimit, or a timeout
 WARN (SparseMdpPrctlHelper.cpp:396): A non-empty hint was provided, but its information will be disregarded.
Completed iteration #1. Current checktime is 0.711s. Over-approx MDP has size 9697. Current result is ≥23.33333335.
 WARN (SparseMdpPrctlHelper.cpp:396): A non-empty hint was provided, but its information will be disregarded.
Completed iteration #2. Current checktime is 0.841s. Over-approx MDP has size 10032. Current result is ≥23.33333335.
 WARN (SparseMdpPrctlHelper.cpp:396): A non-empty hint was provided, but its information will be disregarded.
Over-approx result for refinement improved after 1.202s in refinement step #3. New value is '23.35265702'.
Completed iteration #3. Current checktime is 1.202s. Over-approx MDP has size 19071. Current result is ≥23.35265702.
 WARN (SparseMdpPrctlHelper.cpp:396): A non-empty hint was provided, but its information will be disregarded.
Over-approx result for refinement improved after 1.482s in refinement step #4. New value is '23.4097542'.
Completed iteration #4. Current checktime is 1.482s. Over-approx MDP has size 19164. Current result is ≥23.4097542.
 WARN (SparseMdpPrctlHelper.cpp:396): A non-empty hint was provided, but its information will be disregarded.
Over-approx result for refinement improved after 1.778s in refinement step #5. New value is '23.56920691'.
Completed iteration #5. Current checktime is 1.778s. Over-approx MDP has size 19416. Current result is ≥23.56920691.
 WARN (SparseMdpPrctlHelper.cpp:396): A non-empty hint was provided, but its information will be disregarded.
Over-approx result for refinement improved after 2.119s in refinement step #6. New value is '24.33336321'.
Completed iteration #6. Current checktime is 2.119s. Over-approx MDP has size 20888. Current result is ≥24.33336321.
 WARN (SparseMdpPrctlHelper.cpp:396): A non-empty hint was provided, but its information will be disregarded.
Over-approx result for refinement improved after 2.510s in refinement step #7. New value is '24.42171148'.
Completed iteration #7. Current checktime is 2.510s. Over-approx MDP has size 24123. Current result is ≥24.42171148.
 WARN (SparseMdpPrctlHelper.cpp:396): A non-empty hint was provided, but its information will be disregarded.
Over-approx result for refinement improved after 2.983s in refinement step #8. New value is '24.99430142'.
Completed iteration #8. Current checktime is 2.983s. Over-approx MDP has size 27291. Current result is ≥24.99430142.
 WARN (SparseMdpPrctlHelper.cpp:396): A non-empty hint was provided, but its information will be disregarded.
Over-approx result for refinement improved after 3.867s in refinement step #9. New value is '25.21824686'.
Completed iteration #9. Current checktime is 3.867s. Over-approx MDP has size 38728. Current result is ≥25.21824686.
 WARN (SparseMdpPrctlHelper.cpp:396): A non-empty hint was provided, but its information will be disregarded.
Over-approx result for refinement improved after 5.736s in refinement step #10. New value is '25.61495739'.
Completed iteration #10. Current checktime is 5.736s. Over-approx MDP has size 64694. Current result is ≥25.61495739.
 WARN (SparseMdpPrctlHelper.cpp:396): A non-empty hint was provided, but its information will be disregarded.
Over-approx result for refinement improved after 10.618s in refinement step #11. New value is '25.93012267'.
Completed iteration #11. Current checktime is 10.618s. Over-approx MDP has size 132467. Current result is ≥25.93012267.
 WARN (SparseMdpPrctlHelper.cpp:396): A non-empty hint was provided, but its information will be disregarded.
Over-approx result for refinement improved after 19.740s in refinement step #12. New value is '25.98971132'.
Completed iteration #12. Current checktime is 19.740s. Over-approx MDP has size 236312. Current result is ≥25.98971132.
 WARN (SparseMdpPrctlHelper.cpp:396): A non-empty hint was provided, but its information will be disregarded.
Over-approx result for refinement improved after 38.432s in refinement step #13. New value is '25.99992465'.
Completed iteration #13. Current checktime is 38.432s. Over-approx MDP has size 457785. Current result is ≥25.99992465.
 WARN (SparseMdpPrctlHelper.cpp:396): A non-empty hint was provided, but its information will be disregarded.
Over-approx result for refinement improved after 116.897s in refinement step #14. New value is '26.00000001'.
Completed iteration #14. Current checktime is 116.897s. Over-approx MDP has size 1100409. Current result is ≥26.00000001.
 WARN (SparseMdpPrctlHelper.cpp:396): A non-empty hint was provided, but its information will be disregarded.
Over-approx result for refinement improved after 253.114s in refinement step #15. New value is '26.00000001'.
Completed iteration #15. Current checktime is 253.114s. Over-approx MDP has size 2195362. Current result is ≥26.00000001.
 WARN (SparseMdpPrctlHelper.cpp:396): A non-empty hint was provided, but its information will be disregarded.
Completed iteration #16. Current checktime is 585.900s. Over-approx MDP has size 5097964. Current result is ≥26.00000001.
