COMMAND: ../storm/build/bin/storm-pomdp --prism ../models/samplerocks/samplerocks.prism --prop ../models/samplerocks/samplerocks.props --constants N=16 --belief-exploration discretize --refine 0 --timeout 1800 --triangulationmode static --resolution 3 2 --obs-threshold 0.1 0.1 --size-threshold 0 2 --gap-threshold 0.1 0.25 --scheduler-threshold 0.001 -tm --signal-timeout 600 --sound
WALLTIME (seconds): 1365.1732058525085
ERROR: -9
############################## LOG ##############################
Storm-pomdp 1.5.2 (dev)

Date: Tue May 12 01:26:48 2020
Command line arguments: --prism ../models/samplerocks/samplerocks.prism --prop ../models/samplerocks/samplerocks.props --constants N=16 --belief-exploration discretize --refine 0 --timeout 1800 --triangulationmode static --resolution 3 2 --obs-threshold 0.1 0.1 --size-threshold 0 2 --gap-threshold 0.1 0.25 --scheduler-threshold 0.001 -tm --signal-timeout 600 --sound
Current working directory: .s

Time for model input parsing: 0.003s.

Time for model construction: 0.205s.

-------------------------------------------------------------- 
Model type: 	POMDP (sparse)
States: 	11017
Transitions: 	68116
Choices: 	54289
Observations: 	2761
Reward Models:  cost
State Labels: 	3 labels
   * deadlock -> 0 item(s)
   * goal -> 612 item(s)
   * init -> 1 item(s)
Choice Labels: 	10 labels
   * west -> 9792 item(s)
   * east -> 9792 item(s)
   * r2sample -> 18 item(s)
   * r1sample -> 18 item(s)
   * south -> 9792 item(s)
   * r2sense -> 6930 item(s)
   * finish -> 612 item(s)
   * north -> 9792 item(s)
   * placement -> 1 item(s)
   * r1sense -> 6930 item(s)
-------------------------------------------------------------- 
Analyzing property 'R[exp]min=? [F "goal"]'
Exploring the belief MDP... Keeping scheduler guesses bit vector(3/7) [4 5 6 ]
Initial value bounds are [22, 44]
 WARN (SparseMdpPrctlHelper.cpp:396): A non-empty hint was provided, but its information will be disregarded.
Over-approx result for refinement improved after 1.355s seconds in refinement step #0. New value is '24.85329864'.
Completed iteration #0. Current checktime is 1.355s. Over-approx MDP has size 37489. Current result is ≥24.85329864.
 WARN (ApproximatePOMDPModelchecker.cpp:322): No termination criterion for refinement given. Consider to specify a steplimit, a non-zero precisionlimit, or a timeout
 WARN (SparseMdpPrctlHelper.cpp:396): A non-empty hint was provided, but its information will be disregarded.
Over-approx result for refinement improved after 1.898s in refinement step #1. New value is '24.90729168'.
Completed iteration #1. Current checktime is 1.898s. Over-approx MDP has size 37780. Current result is ≥24.90729168.
 WARN (SparseMdpPrctlHelper.cpp:396): A non-empty hint was provided, but its information will be disregarded.
Over-approx result for refinement improved after 2.512s in refinement step #2. New value is '24.98839963'.
Completed iteration #2. Current checktime is 2.512s. Over-approx MDP has size 37972. Current result is ≥24.98839963.
 WARN (SparseMdpPrctlHelper.cpp:396): A non-empty hint was provided, but its information will be disregarded.
Over-approx result for refinement improved after 3.207s in refinement step #3. New value is '25.5271758'.
Completed iteration #3. Current checktime is 3.207s. Over-approx MDP has size 40540. Current result is ≥25.5271758.
 WARN (SparseMdpPrctlHelper.cpp:396): A non-empty hint was provided, but its information will be disregarded.
Over-approx result for refinement improved after 4.042s in refinement step #4. New value is '25.61143118'.
Completed iteration #4. Current checktime is 4.042s. Over-approx MDP has size 45190. Current result is ≥25.61143118.
 WARN (SparseMdpPrctlHelper.cpp:396): A non-empty hint was provided, but its information will be disregarded.
Over-approx result for refinement improved after 5.453s in refinement step #5. New value is '25.67464334'.
Completed iteration #5. Current checktime is 5.453s. Over-approx MDP has size 60963. Current result is ≥25.67464334.
 WARN (SparseMdpPrctlHelper.cpp:396): A non-empty hint was provided, but its information will be disregarded.
Over-approx result for refinement improved after 7.885s in refinement step #6. New value is '25.75956093'.
Completed iteration #6. Current checktime is 7.885s. Over-approx MDP has size 91967. Current result is ≥25.75956093.
 WARN (SparseMdpPrctlHelper.cpp:396): A non-empty hint was provided, but its information will be disregarded.
Over-approx result for refinement improved after 22.059s in refinement step #7. New value is '25.88245307'.
Completed iteration #7. Current checktime is 22.059s. Over-approx MDP has size 293344. Current result is ≥25.88245307.
 WARN (SparseMdpPrctlHelper.cpp:396): A non-empty hint was provided, but its information will be disregarded.
Over-approx result for refinement improved after 78.146s in refinement step #8. New value is '25.9116292'.
Completed iteration #8. Current checktime is 78.146s. Over-approx MDP has size 1057271. Current result is ≥25.9116292.
 WARN (SparseMdpPrctlHelper.cpp:396): A non-empty hint was provided, but its information will be disregarded.
Over-approx result for refinement improved after 777.214s in refinement step #9. New value is '25.99088436'.
Completed iteration #9. Current checktime is 777.214s. Over-approx MDP has size 3277154. Current result is ≥25.99088436.
 WARN (SparseMdpPrctlHelper.cpp:396): A non-empty hint was provided, but its information will be disregarded.
