COMMAND: ../storm/build/bin/storm-pomdp --prism ../models/samplerocks/samplerocks.prism --prop ../models/samplerocks/samplerocks.props --constants N=8 --belief-exploration discretize --refine 0 --timeout 1800 --triangulationmode dynamic --resolution 3 2 --obs-threshold 0.1 0.1 --size-threshold 0 4 --gap-threshold 0.1 0.25 --scheduler-threshold 0.5 -tm --signal-timeout 600 --sound
WALLTIME (seconds): 1831.8738951683044

############################## LOG ##############################
Storm-pomdp 1.5.2 (dev)

Date: Tue May 12 01:25:30 2020
Command line arguments: --prism ../models/samplerocks/samplerocks.prism --prop ../models/samplerocks/samplerocks.props --constants N=8 --belief-exploration discretize --refine 0 --timeout 1800 --triangulationmode dynamic --resolution 3 2 --obs-threshold 0.1 0.1 --size-threshold 0 4 --gap-threshold 0.1 0.25 --scheduler-threshold 0.5 -tm --signal-timeout 600 --sound
Current working directory: .s

Time for model input parsing: 0.003s.

Time for model construction: 0.069s.

-------------------------------------------------------------- 
Model type: 	POMDP (sparse)
States: 	3241
Transitions: 	18772
Choices: 	14929
Observations: 	817
Reward Models:  cost
State Labels: 	3 labels
   * deadlock -> 0 item(s)
   * goal -> 324 item(s)
   * init -> 1 item(s)
Choice Labels: 	10 labels
   * west -> 2592 item(s)
   * east -> 2592 item(s)
   * r2sample -> 18 item(s)
   * r1sample -> 18 item(s)
   * south -> 2592 item(s)
   * r2sense -> 1938 item(s)
   * finish -> 324 item(s)
   * north -> 2592 item(s)
   * placement -> 1 item(s)
   * r1sense -> 1938 item(s)
-------------------------------------------------------------- 
Analyzing property 'R[exp]min=? [F "goal"]'
Exploring the belief MDP... Keeping scheduler guesses bit vector(4/7) [0 4 5 6 ]
Initial value bounds are [11, 32.85185621]
 WARN (SparseMdpPrctlHelper.cpp:396): A non-empty hint was provided, but its information will be disregarded.
Over-approx result for refinement improved after 0.281s seconds in refinement step #0. New value is '13.58407738'.
Completed iteration #0. Current checktime is 0.281s. Over-approx MDP has size 13029. Current result is ≥13.58407738.
 WARN (ApproximatePOMDPModelchecker.cpp:322): No termination criterion for refinement given. Consider to specify a steplimit, a non-zero precisionlimit, or a timeout
 WARN (SparseMdpPrctlHelper.cpp:396): A non-empty hint was provided, but its information will be disregarded.
Over-approx result for refinement improved after 1.208s in refinement step #1. New value is '14'.
Completed iteration #1. Current checktime is 1.208s. Over-approx MDP has size 38775. Current result is ≥14.
 WARN (SparseMdpPrctlHelper.cpp:396): A non-empty hint was provided, but its information will be disregarded.
Completed iteration #2. Current checktime is 8.667s. Over-approx MDP has size 209647. Current result is ≥14.
 WARN (SparseMdpPrctlHelper.cpp:396): A non-empty hint was provided, but its information will be disregarded.
Completed iteration #3. Current checktime is 78.307s. Over-approx MDP has size 1266707. Current result is ≥14.
 WARN (SparseMdpPrctlHelper.cpp:396): A non-empty hint was provided, but its information will be disregarded.
 WARN (AbstractEquationSolver.cpp:292): Iterative solver was aborted after 777 iterations.
 WARN (TopologicalMinMaxLinearEquationSolver.cpp:99): Topological solver aborted after analyzing 166829/166830 SCCs.
##### Grid Approximation Statistics ######
# Input model: 
-------------------------------------------------------------- 
Model type: 	POMDP (sparse)
States: 	3241
Transitions: 	18772
Choices: 	14929
Observations: 	817
Reward Models:  cost
State Labels: 	3 labels
   * deadlock -> 0 item(s)
   * goal -> 324 item(s)
   * init -> 1 item(s)
Choice Labels: 	none
-------------------------------------------------------------- 
# Max. Number of states with same observation: 4
# Computation aborted early
# Total check time: 1831.130s
# Number of refinement steps: 3
# Number of states in the final grid MDP for the over-approximation: 1266707
# Maximal resolution for over-approximation: 48
# Time spend for building the over-approx grid MDP(s): 532.633s
# Time spend for checking the over-approx grid MDP(s): 1267.684s
##########################################

Result till abort: ≥ 14
Time for POMDP analysis: 1831.131s.

##############################Output to stderr##############################
ERROR: The program received signal 14 and will be aborted in 600s.
