COMMAND: ../storm/build/bin/storm-pomdp --prism ../models/samplerocks/samplerocks.prism --prop ../models/samplerocks/samplerocks.props --constants N=12 --belief-exploration discretize --refine 0 --timeout 1800 --triangulationmode static --resolution 3 2 --obs-threshold 0.1 0.1 --size-threshold 0 4 --gap-threshold 0.3 0.5 --scheduler-threshold 0.001 -tm --signal-timeout 600 --sound
WALLTIME (seconds): 5.391454219818115

############################## LOG ##############################
Storm-pomdp 1.5.2 (dev)

Date: Tue May 12 01:25:29 2020
Command line arguments: --prism ../models/samplerocks/samplerocks.prism --prop ../models/samplerocks/samplerocks.props --constants N=12 --belief-exploration discretize --refine 0 --timeout 1800 --triangulationmode static --resolution 3 2 --obs-threshold 0.1 0.1 --size-threshold 0 4 --gap-threshold 0.3 0.5 --scheduler-threshold 0.001 -tm --signal-timeout 600 --sound
Current working directory: .s

Time for model input parsing: 0.003s.

Time for model construction: 0.126s.

-------------------------------------------------------------- 
Model type: 	POMDP (sparse)
States: 	6553
Transitions: 	39604
Choices: 	31537
Observations: 	1645
Reward Models:  cost
State Labels: 	3 labels
   * deadlock -> 0 item(s)
   * goal -> 468 item(s)
   * init -> 1 item(s)
Choice Labels: 	10 labels
   * west -> 5616 item(s)
   * east -> 5616 item(s)
   * r2sample -> 18 item(s)
   * r1sample -> 18 item(s)
   * south -> 5616 item(s)
   * r2sense -> 4050 item(s)
   * finish -> 468 item(s)
   * north -> 5616 item(s)
   * placement -> 1 item(s)
   * r1sense -> 4050 item(s)
-------------------------------------------------------------- 
Analyzing property 'R[exp]min=? [F "goal"]'
Exploring the belief MDP... Keeping scheduler guesses bit vector(3/7) [4 5 6 ]
Initial value bounds are [16.5, 38]
 WARN (SparseMdpPrctlHelper.cpp:396): A non-empty hint was provided, but its information will be disregarded.
Over-approx result for refinement improved after 0.624s seconds in refinement step #0. New value is '19.28174604'.
Completed iteration #0. Current checktime is 0.624s. Over-approx MDP has size 22088. Current result is ≥19.28174604.
 WARN (ApproximatePOMDPModelchecker.cpp:322): No termination criterion for refinement given. Consider to specify a steplimit, a non-zero precisionlimit, or a timeout
 WARN (SparseMdpPrctlHelper.cpp:396): A non-empty hint was provided, but its information will be disregarded.
Over-approx result for refinement improved after 0.862s in refinement step #1. New value is '19.3225911'.
Completed iteration #1. Current checktime is 0.862s. Over-approx MDP has size 22298. Current result is ≥19.3225911.
 WARN (SparseMdpPrctlHelper.cpp:396): A non-empty hint was provided, but its information will be disregarded.
Over-approx result for refinement improved after 1.174s in refinement step #2. New value is '19.40092593'.
Completed iteration #2. Current checktime is 1.174s. Over-approx MDP has size 24000. Current result is ≥19.40092593.
 WARN (SparseMdpPrctlHelper.cpp:396): A non-empty hint was provided, but its information will be disregarded.
Over-approx result for refinement improved after 1.501s in refinement step #3. New value is '19.59438101'.
Completed iteration #3. Current checktime is 1.501s. Over-approx MDP has size 25775. Current result is ≥19.59438101.
 WARN (SparseMdpPrctlHelper.cpp:396): A non-empty hint was provided, but its information will be disregarded.
Over-approx result for refinement improved after 1.840s in refinement step #4. New value is '19.88659192'.
Completed iteration #4. Current checktime is 1.840s. Over-approx MDP has size 26733. Current result is ≥19.88659192.
 WARN (SparseMdpPrctlHelper.cpp:396): A non-empty hint was provided, but its information will be disregarded.
Over-approx result for refinement improved after 2.503s in refinement step #5. New value is '19.92921977'.
Completed iteration #5. Current checktime is 2.503s. Over-approx MDP has size 35545. Current result is ≥19.92921977.
 WARN (SparseMdpPrctlHelper.cpp:396): A non-empty hint was provided, but its information will be disregarded.
Over-approx result for refinement improved after 3.553s in refinement step #6. New value is '20'.
Completed iteration #6. Current checktime is 3.553s. Over-approx MDP has size 51012. Current result is ≥20.
 WARN (SparseMdpPrctlHelper.cpp:396): A non-empty hint was provided, but its information will be disregarded.
Completed iteration #7. Current checktime is 4.315s. Over-approx MDP has size 51012. Current result is ≥20.
 WARN (SparseMdpPrctlHelper.cpp:396): A non-empty hint was provided, but its information will be disregarded.
Completed iteration #8. Current checktime is 5.066s. Over-approx MDP has size 51012. Current result is ≥20.
Refinement fixpoint reached after 8 iterations.
##### Grid Approximation Statistics ######
# Input model: 
-------------------------------------------------------------- 
Model type: 	POMDP (sparse)
States: 	6553
Transitions: 	39604
Choices: 	31537
Observations: 	1645
Reward Models:  cost
State Labels: 	3 labels
   * deadlock -> 0 item(s)
   * goal -> 468 item(s)
   * init -> 1 item(s)
Choice Labels: 	none
-------------------------------------------------------------- 
# Max. Number of states with same observation: 4
# Total check time: 5.160s
# Number of refinement steps: 8
# Number of states in the final grid MDP for the over-approximation: 51012
# Maximal resolution for over-approximation: 24
# Time spend for building the over-approx grid MDP(s): 3.050s
# Time spend for checking the over-approx grid MDP(s): 1.835s
##########################################

Result: ≥ 20
Time for POMDP analysis: 5.161s.
