COMMAND: ../storm/build/bin/storm-pomdp --prism ../models/samplerocks/samplerocks.prism --prop ../models/samplerocks/samplerocks.props --constants N=16 --belief-exploration discretize --refine 0 --timeout 1800 --triangulationmode static -tm --signal-timeout 600 --sound
WALLTIME (seconds): 1811.5666229724884

############################## LOG ##############################
Storm-pomdp 1.5.2 (dev)

Date: Tue May 12 01:26:48 2020
Command line arguments: --prism ../models/samplerocks/samplerocks.prism --prop ../models/samplerocks/samplerocks.props --constants N=16 --belief-exploration discretize --refine 0 --timeout 1800 --triangulationmode static -tm --signal-timeout 600 --sound
Current working directory: .s

Time for model input parsing: 0.003s.

Time for model construction: 0.201s.

-------------------------------------------------------------- 
Model type: 	POMDP (sparse)
States: 	11017
Transitions: 	68116
Choices: 	54289
Observations: 	2761
Reward Models:  cost
State Labels: 	3 labels
   * deadlock -> 0 item(s)
   * goal -> 612 item(s)
   * init -> 1 item(s)
Choice Labels: 	10 labels
   * west -> 9792 item(s)
   * east -> 9792 item(s)
   * r2sample -> 18 item(s)
   * r1sample -> 18 item(s)
   * south -> 9792 item(s)
   * r2sense -> 6930 item(s)
   * finish -> 612 item(s)
   * north -> 9792 item(s)
   * placement -> 1 item(s)
   * r1sense -> 6930 item(s)
-------------------------------------------------------------- 
Analyzing property 'R[exp]min=? [F "goal"]'
Exploring the belief MDP... Keeping scheduler guesses bit vector(3/7) [4 5 6 ]
Initial value bounds are [22, 44]
 WARN (SparseMdpPrctlHelper.cpp:396): A non-empty hint was provided, but its information will be disregarded.
Over-approx result for refinement improved after 1.326s seconds in refinement step #0. New value is '24.85329864'.
Completed iteration #0. Current checktime is 1.326s. Over-approx MDP has size 37489. Current result is ≥24.85329864.
 WARN (ApproximatePOMDPModelchecker.cpp:322): No termination criterion for refinement given. Consider to specify a steplimit, a non-zero precisionlimit, or a timeout
 WARN (SparseMdpPrctlHelper.cpp:396): A non-empty hint was provided, but its information will be disregarded.
Over-approx result for refinement improved after 1.852s in refinement step #1. New value is '24.90729168'.
Completed iteration #1. Current checktime is 1.852s. Over-approx MDP has size 37780. Current result is ≥24.90729168.
 WARN (SparseMdpPrctlHelper.cpp:396): A non-empty hint was provided, but its information will be disregarded.
Over-approx result for refinement improved after 2.413s in refinement step #2. New value is '24.98839963'.
Completed iteration #2. Current checktime is 2.414s. Over-approx MDP has size 37972. Current result is ≥24.98839963.
 WARN (SparseMdpPrctlHelper.cpp:396): A non-empty hint was provided, but its information will be disregarded.
Over-approx result for refinement improved after 3.072s in refinement step #3. New value is '25.5271758'.
Completed iteration #3. Current checktime is 3.072s. Over-approx MDP has size 40540. Current result is ≥25.5271758.
 WARN (SparseMdpPrctlHelper.cpp:396): A non-empty hint was provided, but its information will be disregarded.
Over-approx result for refinement improved after 3.858s in refinement step #4. New value is '25.61143118'.
Completed iteration #4. Current checktime is 3.858s. Over-approx MDP has size 45190. Current result is ≥25.61143118.
 WARN (SparseMdpPrctlHelper.cpp:396): A non-empty hint was provided, but its information will be disregarded.
Over-approx result for refinement improved after 5.213s in refinement step #5. New value is '25.67464334'.
Completed iteration #5. Current checktime is 5.213s. Over-approx MDP has size 60963. Current result is ≥25.67464334.
 WARN (SparseMdpPrctlHelper.cpp:396): A non-empty hint was provided, but its information will be disregarded.
Over-approx result for refinement improved after 7.511s in refinement step #6. New value is '25.75956093'.
Completed iteration #6. Current checktime is 7.511s. Over-approx MDP has size 91967. Current result is ≥25.75956093.
 WARN (SparseMdpPrctlHelper.cpp:396): A non-empty hint was provided, but its information will be disregarded.
Over-approx result for refinement improved after 24.420s in refinement step #7. New value is '25.88245307'.
Completed iteration #7. Current checktime is 24.420s. Over-approx MDP has size 345806. Current result is ≥25.88245307.
 WARN (SparseMdpPrctlHelper.cpp:396): A non-empty hint was provided, but its information will be disregarded.
Over-approx result for refinement improved after 167.035s in refinement step #8. New value is '25.9413033'.
Completed iteration #8. Current checktime is 167.035s. Over-approx MDP has size 1818323. Current result is ≥25.9413033.
 WARN (SparseMdpPrctlHelper.cpp:396): A non-empty hint was provided, but its information will be disregarded.
 WARN (AbstractEquationSolver.cpp:292): Iterative solver was aborted after 1 iterations.
 WARN (TopologicalMinMaxLinearEquationSolver.cpp:99): Topological solver aborted after analyzing 178961/203842 SCCs.
##### Grid Approximation Statistics ######
# Input model: 
-------------------------------------------------------------- 
Model type: 	POMDP (sparse)
States: 	11017
Transitions: 	68116
Choices: 	54289
Observations: 	2761
Reward Models:  cost
State Labels: 	3 labels
   * deadlock -> 0 item(s)
   * goal -> 612 item(s)
   * init -> 1 item(s)
Choice Labels: 	none
-------------------------------------------------------------- 
# Max. Number of states with same observation: 4
# Computation aborted early
# Total check time: 1811.130s
# Number of refinement steps: 8
# Number of states in the final grid MDP for the over-approximation: 1818323
# Maximal resolution for over-approximation: 192
# Time spend for building the over-approx grid MDP(s): 224.028s
# Time spend for checking the over-approx grid MDP(s): 1575.462s
##########################################

Result till abort: ≥ 25.9413033
Time for POMDP analysis: 1811.132s.

##############################Output to stderr##############################
ERROR: The program received signal 14 and will be aborted in 600s.
