COMMAND: ../storm/build/bin/storm-pomdp --prism ../models/samplerocks/samplerocks.prism --prop ../models/samplerocks/samplerocks.props --constants N=8 --belief-exploration discretize --refine 0 --timeout 1800 --triangulationmode static --resolution 3 2 --obs-threshold 0.1 0.1 --size-threshold 0 4 --gap-threshold 0.1 0.25 --scheduler-threshold 0.5 -tm --signal-timeout 600 --sound
WALLTIME (seconds): 863.6457281112671
ERROR: -9
############################## LOG ##############################
Storm-pomdp 1.5.2 (dev)

Date: Tue May 12 01:24:10 2020
Command line arguments: --prism ../models/samplerocks/samplerocks.prism --prop ../models/samplerocks/samplerocks.props --constants N=8 --belief-exploration discretize --refine 0 --timeout 1800 --triangulationmode static --resolution 3 2 --obs-threshold 0.1 0.1 --size-threshold 0 4 --gap-threshold 0.1 0.25 --scheduler-threshold 0.5 -tm --signal-timeout 600 --sound
Current working directory: .s

Time for model input parsing: 0.003s.

Time for model construction: 0.069s.

-------------------------------------------------------------- 
Model type: 	POMDP (sparse)
States: 	3241
Transitions: 	18772
Choices: 	14929
Observations: 	817
Reward Models:  cost
State Labels: 	3 labels
   * deadlock -> 0 item(s)
   * goal -> 324 item(s)
   * init -> 1 item(s)
Choice Labels: 	10 labels
   * west -> 2592 item(s)
   * east -> 2592 item(s)
   * r2sample -> 18 item(s)
   * r1sample -> 18 item(s)
   * south -> 2592 item(s)
   * r2sense -> 1938 item(s)
   * finish -> 324 item(s)
   * north -> 2592 item(s)
   * placement -> 1 item(s)
   * r1sense -> 1938 item(s)
-------------------------------------------------------------- 
Analyzing property 'R[exp]min=? [F "goal"]'
Exploring the belief MDP... Keeping scheduler guesses bit vector(4/7) [0 4 5 6 ]
Initial value bounds are [11, 32.85185621]
 WARN (SparseMdpPrctlHelper.cpp:396): A non-empty hint was provided, but its information will be disregarded.
Over-approx result for refinement improved after 0.244s seconds in refinement step #0. New value is '13.58407738'.
Completed iteration #0. Current checktime is 0.244s. Over-approx MDP has size 11052. Current result is ≥13.58407738.
 WARN (ApproximatePOMDPModelchecker.cpp:322): No termination criterion for refinement given. Consider to specify a steplimit, a non-zero precisionlimit, or a timeout
 WARN (SparseMdpPrctlHelper.cpp:396): A non-empty hint was provided, but its information will be disregarded.
Over-approx result for refinement improved after 0.902s in refinement step #1. New value is '14'.
Completed iteration #1. Current checktime is 0.902s. Over-approx MDP has size 28405. Current result is ≥14.
 WARN (SparseMdpPrctlHelper.cpp:396): A non-empty hint was provided, but its information will be disregarded.
Over-approx result for refinement improved after 4.861s in refinement step #2. New value is '14'.
Completed iteration #2. Current checktime is 4.861s. Over-approx MDP has size 135988. Current result is ≥14.
 WARN (SparseMdpPrctlHelper.cpp:396): A non-empty hint was provided, but its information will be disregarded.
Completed iteration #3. Current checktime is 32.285s. Over-approx MDP has size 695537. Current result is ≥14.
 WARN (SparseMdpPrctlHelper.cpp:396): A non-empty hint was provided, but its information will be disregarded.
Completed iteration #4. Current checktime is 226.548s. Over-approx MDP has size 3780850. Current result is ≥14.
