COMMAND: ../storm/build/bin/storm-pomdp --prism ../models/samplerocks/samplerocks.prism --prop ../models/samplerocks/samplerocks.props --constants N=16 --belief-exploration discretize --refine 0 --timeout 1800 --triangulationmode static --resolution 3 2 --obs-threshold 0.1 0.1 --size-threshold 0 4 --gap-threshold 0.3 0.5 --scheduler-threshold 0.001 -tm --signal-timeout 600 --sound
WALLTIME (seconds): 1822.6521971225739

############################## LOG ##############################
Storm-pomdp 1.5.2 (dev)

Date: Tue May 12 01:26:48 2020
Command line arguments: --prism ../models/samplerocks/samplerocks.prism --prop ../models/samplerocks/samplerocks.props --constants N=16 --belief-exploration discretize --refine 0 --timeout 1800 --triangulationmode static --resolution 3 2 --obs-threshold 0.1 0.1 --size-threshold 0 4 --gap-threshold 0.3 0.5 --scheduler-threshold 0.001 -tm --signal-timeout 600 --sound
Current working directory: .s

Time for model input parsing: 0.003s.

Time for model construction: 0.206s.

-------------------------------------------------------------- 
Model type: 	POMDP (sparse)
States: 	11017
Transitions: 	68116
Choices: 	54289
Observations: 	2761
Reward Models:  cost
State Labels: 	3 labels
   * deadlock -> 0 item(s)
   * goal -> 612 item(s)
   * init -> 1 item(s)
Choice Labels: 	10 labels
   * west -> 9792 item(s)
   * east -> 9792 item(s)
   * r2sample -> 18 item(s)
   * r1sample -> 18 item(s)
   * south -> 9792 item(s)
   * r2sense -> 6930 item(s)
   * finish -> 612 item(s)
   * north -> 9792 item(s)
   * placement -> 1 item(s)
   * r1sense -> 6930 item(s)
-------------------------------------------------------------- 
Analyzing property 'R[exp]min=? [F "goal"]'
Exploring the belief MDP... Keeping scheduler guesses bit vector(3/7) [4 5 6 ]
Initial value bounds are [22, 44]
 WARN (SparseMdpPrctlHelper.cpp:396): A non-empty hint was provided, but its information will be disregarded.
Over-approx result for refinement improved after 1.270s seconds in refinement step #0. New value is '24.72873266'.
Completed iteration #0. Current checktime is 1.270s. Over-approx MDP has size 34268. Current result is ≥24.72873266.
 WARN (ApproximatePOMDPModelchecker.cpp:322): No termination criterion for refinement given. Consider to specify a steplimit, a non-zero precisionlimit, or a timeout
 WARN (SparseMdpPrctlHelper.cpp:396): A non-empty hint was provided, but its information will be disregarded.
Over-approx result for refinement improved after 1.801s in refinement step #1. New value is '24.77508682'.
Completed iteration #1. Current checktime is 1.801s. Over-approx MDP has size 34665. Current result is ≥24.77508682.
 WARN (SparseMdpPrctlHelper.cpp:396): A non-empty hint was provided, but its information will be disregarded.
Over-approx result for refinement improved after 2.398s in refinement step #2. New value is '24.87329089'.
Completed iteration #2. Current checktime is 2.398s. Over-approx MDP has size 35090. Current result is ≥24.87329089.
 WARN (SparseMdpPrctlHelper.cpp:396): A non-empty hint was provided, but its information will be disregarded.
Over-approx result for refinement improved after 3.148s in refinement step #3. New value is '25.29069726'.
Completed iteration #3. Current checktime is 3.148s. Over-approx MDP has size 39827. Current result is ≥25.29069726.
 WARN (SparseMdpPrctlHelper.cpp:396): A non-empty hint was provided, but its information will be disregarded.
Over-approx result for refinement improved after 3.948s in refinement step #4. New value is '25.52011871'.
Completed iteration #4. Current checktime is 3.948s. Over-approx MDP has size 43629. Current result is ≥25.52011871.
 WARN (SparseMdpPrctlHelper.cpp:396): A non-empty hint was provided, but its information will be disregarded.
Over-approx result for refinement improved after 7.760s in refinement step #5. New value is '25.64904694'.
Completed iteration #5. Current checktime is 7.760s. Over-approx MDP has size 106326. Current result is ≥25.64904694.
 WARN (SparseMdpPrctlHelper.cpp:396): A non-empty hint was provided, but its information will be disregarded.
Over-approx result for refinement improved after 10.387s in refinement step #6. New value is '25.7465075'.
Completed iteration #6. Current checktime is 10.388s. Over-approx MDP has size 116380. Current result is ≥25.7465075.
 WARN (SparseMdpPrctlHelper.cpp:396): A non-empty hint was provided, but its information will be disregarded.
Over-approx result for refinement improved after 51.182s in refinement step #7. New value is '25.82721764'.
Completed iteration #7. Current checktime is 51.182s. Over-approx MDP has size 602041. Current result is ≥25.82721764.
 WARN (SparseMdpPrctlHelper.cpp:396): A non-empty hint was provided, but its information will be disregarded.
Over-approx result for refinement improved after 649.488s in refinement step #8. New value is '25.9574388'.
Completed iteration #8. Current checktime is 649.488s. Over-approx MDP has size 3042851. Current result is ≥25.9574388.
 WARN (SparseMdpPrctlHelper.cpp:396): A non-empty hint was provided, but its information will be disregarded.
 WARN (AbstractEquationSolver.cpp:292): Iterative solver was aborted after 1 iterations.
 WARN (TopologicalMinMaxLinearEquationSolver.cpp:99): Topological solver aborted after analyzing 108176/161110 SCCs.
##### Grid Approximation Statistics ######
# Input model: 
-------------------------------------------------------------- 
Model type: 	POMDP (sparse)
States: 	11017
Transitions: 	68116
Choices: 	54289
Observations: 	2761
Reward Models:  cost
State Labels: 	3 labels
   * deadlock -> 0 item(s)
   * goal -> 612 item(s)
   * init -> 1 item(s)
Choice Labels: 	none
-------------------------------------------------------------- 
# Max. Number of states with same observation: 4
# Computation aborted early
# Total check time: 1822.014s
# Number of refinement steps: 8
# Number of states in the final grid MDP for the over-approximation: 3042851
# Maximal resolution for over-approximation: 192
# Time spend for building the over-approx grid MDP(s): 360.127s
# Time spend for checking the over-approx grid MDP(s): 1439.346s
##########################################

Result till abort: ≥ 25.9574388
Time for POMDP analysis: 1822.015s.

##############################Output to stderr##############################
ERROR: The program received signal 14 and will be aborted in 600s.
