COMMAND: ../storm/build/bin/storm-pomdp --prism ../models/samplerocks/samplerocks.prism --prop ../models/samplerocks/samplerocks.props --constants N=16 --belief-exploration discretize --refine 0 --timeout 1800 --triangulationmode dynamic --resolution 3 2 --obs-threshold 0.1 0.1 --size-threshold 0 2 --gap-threshold 0.1 0.25 --scheduler-threshold 0.001 -tm --signal-timeout 600 --sound
WALLTIME (seconds): 1819.300846338272

############################## LOG ##############################
Storm-pomdp 1.5.2 (dev)

Date: Tue May 12 01:28:09 2020
Command line arguments: --prism ../models/samplerocks/samplerocks.prism --prop ../models/samplerocks/samplerocks.props --constants N=16 --belief-exploration discretize --refine 0 --timeout 1800 --triangulationmode dynamic --resolution 3 2 --obs-threshold 0.1 0.1 --size-threshold 0 2 --gap-threshold 0.1 0.25 --scheduler-threshold 0.001 -tm --signal-timeout 600 --sound
Current working directory: .s

Time for model input parsing: 0.003s.

Time for model construction: 0.205s.

-------------------------------------------------------------- 
Model type: 	POMDP (sparse)
States: 	11017
Transitions: 	68116
Choices: 	54289
Observations: 	2761
Reward Models:  cost
State Labels: 	3 labels
   * deadlock -> 0 item(s)
   * goal -> 612 item(s)
   * init -> 1 item(s)
Choice Labels: 	10 labels
   * west -> 9792 item(s)
   * east -> 9792 item(s)
   * r2sample -> 18 item(s)
   * r1sample -> 18 item(s)
   * south -> 9792 item(s)
   * r2sense -> 6930 item(s)
   * finish -> 612 item(s)
   * north -> 9792 item(s)
   * placement -> 1 item(s)
   * r1sense -> 6930 item(s)
-------------------------------------------------------------- 
Analyzing property 'R[exp]min=? [F "goal"]'
Exploring the belief MDP... Keeping scheduler guesses bit vector(3/7) [4 5 6 ]
Initial value bounds are [22, 44]
 WARN (SparseMdpPrctlHelper.cpp:396): A non-empty hint was provided, but its information will be disregarded.
Over-approx result for refinement improved after 1.501s seconds in refinement step #0. New value is '24.85329864'.
Completed iteration #0. Current checktime is 1.501s. Over-approx MDP has size 43314. Current result is ≥24.85329864.
 WARN (ApproximatePOMDPModelchecker.cpp:322): No termination criterion for refinement given. Consider to specify a steplimit, a non-zero precisionlimit, or a timeout
 WARN (SparseMdpPrctlHelper.cpp:396): A non-empty hint was provided, but its information will be disregarded.
Over-approx result for refinement improved after 2.183s in refinement step #1. New value is '24.90729168'.
Completed iteration #1. Current checktime is 2.183s. Over-approx MDP has size 43730. Current result is ≥24.90729168.
 WARN (SparseMdpPrctlHelper.cpp:396): A non-empty hint was provided, but its information will be disregarded.
Over-approx result for refinement improved after 2.853s in refinement step #2. New value is '24.98839963'.
Completed iteration #2. Current checktime is 2.853s. Over-approx MDP has size 43903. Current result is ≥24.98839963.
 WARN (SparseMdpPrctlHelper.cpp:396): A non-empty hint was provided, but its information will be disregarded.
Over-approx result for refinement improved after 3.851s in refinement step #3. New value is '25.55601553'.
Completed iteration #3. Current checktime is 3.851s. Over-approx MDP has size 52212. Current result is ≥25.55601553.
 WARN (SparseMdpPrctlHelper.cpp:396): A non-empty hint was provided, but its information will be disregarded.
Over-approx result for refinement improved after 6.291s in refinement step #4. New value is '25.62844341'.
Completed iteration #4. Current checktime is 6.291s. Over-approx MDP has size 85055. Current result is ≥25.62844341.
 WARN (SparseMdpPrctlHelper.cpp:396): A non-empty hint was provided, but its information will be disregarded.
Over-approx result for refinement improved after 10.052s in refinement step #5. New value is '25.70166929'.
Completed iteration #5. Current checktime is 10.052s. Over-approx MDP has size 125180. Current result is ≥25.70166929.
 WARN (SparseMdpPrctlHelper.cpp:396): A non-empty hint was provided, but its information will be disregarded.
Over-approx result for refinement improved after 31.297s in refinement step #6. New value is '25.74281251'.
Completed iteration #6. Current checktime is 31.297s. Over-approx MDP has size 375314. Current result is ≥25.74281251.
 WARN (SparseMdpPrctlHelper.cpp:396): A non-empty hint was provided, but its information will be disregarded.
Over-approx result for refinement improved after 49.982s in refinement step #7. New value is '25.7846465'.
Completed iteration #7. Current checktime is 49.982s. Over-approx MDP has size 449167. Current result is ≥25.7846465.
 WARN (SparseMdpPrctlHelper.cpp:396): A non-empty hint was provided, but its information will be disregarded.
Over-approx result for refinement improved after 199.935s in refinement step #8. New value is '25.83497602'.
Completed iteration #8. Current checktime is 199.935s. Over-approx MDP has size 1616530. Current result is ≥25.83497602.
 WARN (SparseMdpPrctlHelper.cpp:396): A non-empty hint was provided, but its information will be disregarded.
 WARN (TopologicalMinMaxLinearEquationSolver.cpp:99): Topological solver aborted after analyzing 136412/232935 SCCs.
##### Grid Approximation Statistics ######
# Input model: 
-------------------------------------------------------------- 
Model type: 	POMDP (sparse)
States: 	11017
Transitions: 	68116
Choices: 	54289
Observations: 	2761
Reward Models:  cost
State Labels: 	3 labels
   * deadlock -> 0 item(s)
   * goal -> 612 item(s)
   * init -> 1 item(s)
Choice Labels: 	none
-------------------------------------------------------------- 
# Max. Number of states with same observation: 4
# Computation aborted early
# Total check time: 1818.532s
# Number of refinement steps: 8
# Number of states in the final grid MDP for the over-approximation: 1616530
# Maximal resolution for over-approximation: 96
# Time spend for building the over-approx grid MDP(s): 356.831s
# Time spend for checking the over-approx grid MDP(s): 1442.765s
##########################################

Result till abort: ≥ 25.83497602
Time for POMDP analysis: 1818.534s.

##############################Output to stderr##############################
ERROR: The program received signal 14 and will be aborted in 600s.
