COMMAND: ../storm/build/bin/storm-pomdp --prism ../models/samplerocks/samplerocks.prism --prop ../models/samplerocks/samplerocks.props --constants N=12 --belief-exploration discretize --refine 0 --timeout 1800 --triangulationmode static --resolution 2 1.4142135624 --obs-threshold 0.1 0.1 --size-threshold 0 4 --gap-threshold 0.1 0.25 --scheduler-threshold 0.001 -tm --signal-timeout 600 --sound
WALLTIME (seconds): 928.1026933193207
ERROR: -9
############################## LOG ##############################
Storm-pomdp 1.5.2 (dev)

Date: Tue May 12 01:25:29 2020
Command line arguments: --prism ../models/samplerocks/samplerocks.prism --prop ../models/samplerocks/samplerocks.props --constants N=12 --belief-exploration discretize --refine 0 --timeout 1800 --triangulationmode static --resolution 2 1.4142135624 --obs-threshold 0.1 0.1 --size-threshold 0 4 --gap-threshold 0.1 0.25 --scheduler-threshold 0.001 -tm --signal-timeout 600 --sound
Current working directory: .s

Time for model input parsing: 0.003s.

Time for model construction: 0.121s.

-------------------------------------------------------------- 
Model type: 	POMDP (sparse)
States: 	6553
Transitions: 	39604
Choices: 	31537
Observations: 	1645
Reward Models:  cost
State Labels: 	3 labels
   * deadlock -> 0 item(s)
   * goal -> 468 item(s)
   * init -> 1 item(s)
Choice Labels: 	10 labels
   * west -> 5616 item(s)
   * east -> 5616 item(s)
   * r2sample -> 18 item(s)
   * r1sample -> 18 item(s)
   * south -> 5616 item(s)
   * r2sense -> 4050 item(s)
   * finish -> 468 item(s)
   * north -> 5616 item(s)
   * placement -> 1 item(s)
   * r1sense -> 4050 item(s)
-------------------------------------------------------------- 
Analyzing property 'R[exp]min=? [F "goal"]'
Exploring the belief MDP... Keeping scheduler guesses bit vector(3/7) [4 5 6 ]
Initial value bounds are [16.5, 38]
 WARN (SparseMdpPrctlHelper.cpp:396): A non-empty hint was provided, but its information will be disregarded.
Over-approx result for refinement improved after 0.278s seconds in refinement step #0. New value is '17.83333334'.
Completed iteration #0. Current checktime is 0.278s. Over-approx MDP has size 6491. Current result is ≥17.83333334.
 WARN (ApproximatePOMDPModelchecker.cpp:322): No termination criterion for refinement given. Consider to specify a steplimit, a non-zero precisionlimit, or a timeout
 WARN (SparseMdpPrctlHelper.cpp:396): A non-empty hint was provided, but its information will be disregarded.
Completed iteration #1. Current checktime is 0.326s. Over-approx MDP has size 6491. Current result is ≥17.83333334.
 WARN (SparseMdpPrctlHelper.cpp:396): A non-empty hint was provided, but its information will be disregarded.
Completed iteration #2. Current checktime is 0.376s. Over-approx MDP has size 6494. Current result is ≥17.83333334.
 WARN (SparseMdpPrctlHelper.cpp:396): A non-empty hint was provided, but its information will be disregarded.
Over-approx result for refinement improved after 0.536s in refinement step #3. New value is '17.85947714'.
Completed iteration #3. Current checktime is 0.536s. Over-approx MDP has size 11738. Current result is ≥17.85947714.
 WARN (SparseMdpPrctlHelper.cpp:396): A non-empty hint was provided, but its information will be disregarded.
Over-approx result for refinement improved after 0.662s in refinement step #4. New value is '17.90081907'.
Completed iteration #4. Current checktime is 0.662s. Over-approx MDP has size 11831. Current result is ≥17.90081907.
 WARN (SparseMdpPrctlHelper.cpp:396): A non-empty hint was provided, but its information will be disregarded.
Over-approx result for refinement improved after 0.796s in refinement step #5. New value is '18.04762185'.
Completed iteration #5. Current checktime is 0.796s. Over-approx MDP has size 12079. Current result is ≥18.04762185.
 WARN (SparseMdpPrctlHelper.cpp:396): A non-empty hint was provided, but its information will be disregarded.
Over-approx result for refinement improved after 0.972s in refinement step #6. New value is '18.81474799'.
Completed iteration #6. Current checktime is 0.972s. Over-approx MDP has size 13658. Current result is ≥18.81474799.
 WARN (SparseMdpPrctlHelper.cpp:396): A non-empty hint was provided, but its information will be disregarded.
Over-approx result for refinement improved after 1.229s in refinement step #7. New value is '19.36596769'.
Completed iteration #7. Current checktime is 1.229s. Over-approx MDP has size 16734. Current result is ≥19.36596769.
 WARN (SparseMdpPrctlHelper.cpp:396): A non-empty hint was provided, but its information will be disregarded.
Over-approx result for refinement improved after 1.530s in refinement step #8. New value is '19.53506519'.
Completed iteration #8. Current checktime is 1.530s. Over-approx MDP has size 19599. Current result is ≥19.53506519.
 WARN (SparseMdpPrctlHelper.cpp:396): A non-empty hint was provided, but its information will be disregarded.
Over-approx result for refinement improved after 2.204s in refinement step #9. New value is '19.86106506'.
Completed iteration #9. Current checktime is 2.204s. Over-approx MDP has size 30859. Current result is ≥19.86106506.
 WARN (SparseMdpPrctlHelper.cpp:396): A non-empty hint was provided, but its information will be disregarded.
Over-approx result for refinement improved after 3.623s in refinement step #10. New value is '19.98475488'.
Completed iteration #10. Current checktime is 3.623s. Over-approx MDP has size 54278. Current result is ≥19.98475488.
 WARN (SparseMdpPrctlHelper.cpp:396): A non-empty hint was provided, but its information will be disregarded.
Over-approx result for refinement improved after 7.168s in refinement step #11. New value is '19.99806245'.
Completed iteration #11. Current checktime is 7.168s. Over-approx MDP has size 111112. Current result is ≥19.99806245.
 WARN (SparseMdpPrctlHelper.cpp:396): A non-empty hint was provided, but its information will be disregarded.
Over-approx result for refinement improved after 12.018s in refinement step #12. New value is '20'.
Completed iteration #12. Current checktime is 12.018s. Over-approx MDP has size 176622. Current result is ≥20.
 WARN (SparseMdpPrctlHelper.cpp:396): A non-empty hint was provided, but its information will be disregarded.
Over-approx result for refinement improved after 22.757s in refinement step #13. New value is '20.00000001'.
Completed iteration #13. Current checktime is 22.757s. Over-approx MDP has size 349750. Current result is ≥20.00000001.
 WARN (SparseMdpPrctlHelper.cpp:396): A non-empty hint was provided, but its information will be disregarded.
Over-approx result for refinement improved after 50.920s in refinement step #14. New value is '20.00000001'.
Completed iteration #14. Current checktime is 50.920s. Over-approx MDP has size 803478. Current result is ≥20.00000001.
 WARN (SparseMdpPrctlHelper.cpp:396): A non-empty hint was provided, but its information will be disregarded.
Over-approx result for refinement improved after 145.979s in refinement step #15. New value is '20.00000001'.
Completed iteration #15. Current checktime is 145.979s. Over-approx MDP has size 2105727. Current result is ≥20.00000001.
 WARN (SparseMdpPrctlHelper.cpp:396): A non-empty hint was provided, but its information will be disregarded.
Completed iteration #16. Current checktime is 410.220s. Over-approx MDP has size 5547802. Current result is ≥20.00000001.
