COMMAND: ../storm/build/bin/storm-pomdp --prism ../models/samplerocks/samplerocks.prism --prop ../models/samplerocks/samplerocks.props --constants N=8 --belief-exploration discretize --refine 0 --timeout 1800 --triangulationmode dynamic --resolution 3 2 --obs-threshold 0.1 0.1 --size-threshold 0 2 --gap-threshold 0.1 0.25 --scheduler-threshold 0.001 -tm --signal-timeout 600 --sound
WALLTIME (seconds): 1.5335183143615723

############################## LOG ##############################
Storm-pomdp 1.5.2 (dev)

Date: Tue May 12 01:24:11 2020
Command line arguments: --prism ../models/samplerocks/samplerocks.prism --prop ../models/samplerocks/samplerocks.props --constants N=8 --belief-exploration discretize --refine 0 --timeout 1800 --triangulationmode dynamic --resolution 3 2 --obs-threshold 0.1 0.1 --size-threshold 0 2 --gap-threshold 0.1 0.25 --scheduler-threshold 0.001 -tm --signal-timeout 600 --sound
Current working directory: .s

Time for model input parsing: 0.007s.

Time for model construction: 0.068s.

-------------------------------------------------------------- 
Model type: 	POMDP (sparse)
States: 	3241
Transitions: 	18772
Choices: 	14929
Observations: 	817
Reward Models:  cost
State Labels: 	3 labels
   * deadlock -> 0 item(s)
   * goal -> 324 item(s)
   * init -> 1 item(s)
Choice Labels: 	10 labels
   * west -> 2592 item(s)
   * east -> 2592 item(s)
   * r2sample -> 18 item(s)
   * r1sample -> 18 item(s)
   * south -> 2592 item(s)
   * r2sense -> 1938 item(s)
   * finish -> 324 item(s)
   * north -> 2592 item(s)
   * placement -> 1 item(s)
   * r1sense -> 1938 item(s)
-------------------------------------------------------------- 
Analyzing property 'R[exp]min=? [F "goal"]'
Exploring the belief MDP... Keeping scheduler guesses bit vector(4/7) [0 4 5 6 ]
Initial value bounds are [11, 32.85185621]
 WARN (SparseMdpPrctlHelper.cpp:396): A non-empty hint was provided, but its information will be disregarded.
Over-approx result for refinement improved after 0.283s seconds in refinement step #0. New value is '13.58407738'.
Completed iteration #0. Current checktime is 0.283s. Over-approx MDP has size 13029. Current result is ≥13.58407738.
 WARN (ApproximatePOMDPModelchecker.cpp:322): No termination criterion for refinement given. Consider to specify a steplimit, a non-zero precisionlimit, or a timeout
 WARN (SparseMdpPrctlHelper.cpp:396): A non-empty hint was provided, but its information will be disregarded.
Over-approx result for refinement improved after 0.392s in refinement step #1. New value is '13.60250924'.
Completed iteration #1. Current checktime is 0.392s. Over-approx MDP has size 13223. Current result is ≥13.60250924.
 WARN (SparseMdpPrctlHelper.cpp:396): A non-empty hint was provided, but its information will be disregarded.
Over-approx result for refinement improved after 0.560s in refinement step #2. New value is '13.63304228'.
Completed iteration #2. Current checktime is 0.560s. Over-approx MDP has size 14933. Current result is ≥13.63304228.
 WARN (SparseMdpPrctlHelper.cpp:396): A non-empty hint was provided, but its information will be disregarded.
Over-approx result for refinement improved after 0.732s in refinement step #3. New value is '14'.
Completed iteration #3. Current checktime is 0.732s. Over-approx MDP has size 16026. Current result is ≥14.
 WARN (SparseMdpPrctlHelper.cpp:396): A non-empty hint was provided, but its information will be disregarded.
Completed iteration #4. Current checktime is 0.886s. Over-approx MDP has size 16026. Current result is ≥14.
 WARN (SparseMdpPrctlHelper.cpp:396): A non-empty hint was provided, but its information will be disregarded.
Completed iteration #5. Current checktime is 1.038s. Over-approx MDP has size 16026. Current result is ≥14.
 WARN (SparseMdpPrctlHelper.cpp:396): A non-empty hint was provided, but its information will be disregarded.
Completed iteration #6. Current checktime is 1.191s. Over-approx MDP has size 16026. Current result is ≥14.
 WARN (SparseMdpPrctlHelper.cpp:396): A non-empty hint was provided, but its information will be disregarded.
Completed iteration #7. Current checktime is 1.347s. Over-approx MDP has size 16026. Current result is ≥14.
Refinement fixpoint reached after 7 iterations.
##### Grid Approximation Statistics ######
# Input model: 
-------------------------------------------------------------- 
Model type: 	POMDP (sparse)
States: 	3241
Transitions: 	18772
Choices: 	14929
Observations: 	817
Reward Models:  cost
State Labels: 	3 labels
   * deadlock -> 0 item(s)
   * goal -> 324 item(s)
   * init -> 1 item(s)
Choice Labels: 	none
-------------------------------------------------------------- 
# Max. Number of states with same observation: 4
# Total check time: 1.367s
# Number of refinement steps: 7
# Number of states in the final grid MDP for the over-approximation: 16026
# Maximal resolution for over-approximation: 12
# Time spend for building the over-approx grid MDP(s): 0.773s
# Time spend for checking the over-approx grid MDP(s): 0.507s
##########################################

Result: ≥ 14
Time for POMDP analysis: 1.368s.
