COMMAND: ../prism-ext/prism/bin/prism ../models/crypt/crypt6.prism ../models/crypt/crypt.props -prop minimum --gridresolution 4 -javamaxmem 32g -maxiters 1000000
WALLTIME (seconds): 683.0205297470093
ERROR: 137
############################## LOG ##############################
PRISM
=====

Version: 4.4.pomdps
Date: Mon May 11 10:07:06 GMT+01:00 2020
Hostname: nihm022
Memory limits: cudd=1g, java(heap)=28.4g
Command line: prism ../models/crypt/crypt6.prism ../models/crypt/crypt.props -prop minimum --gridresolution 4 -javamaxmem 32g -maxiters 1000000

Parsing model file "../models/crypt/crypt6.prism"...

Parsing properties file "../models/crypt/crypt.props"...

2 properties:
(1) "minimum": Pmin=? [ F correct=1 ]
(2) "maximum": Pmax=? [ F correct=1 ]

Type:        POMDP
Modules:     master crypt1 crypt2 crypt3 crypt4 crypt5 crypt6 
Variables:   m (pay) coin1 s1 agree1 (coin2) s2 agree2 (coin3) s3 agree3 (coin4) s4 agree4 (coin5) s5 agree5 coin6 s6 agree6 guess correct 

Switching to explicit engine

---------------------------------------------------------------------

Model checking: "minimum": Pmin=? [ F correct=1 ]

Building model...

Computing reachable states...
 72006 states
Reachable states exploration and model construction done in 0.718 secs.
Sorting reachable states list...

Time for model construction: 3.153 seconds.

Type:        POMDP
States:        72006 (1 initial)
Transitions:   242885
Choices:       242566
Max/avg:       10/3.37
Observables:   6678
Unobservables: 85

Starting probabilistic reachability (min)...
Starting fixed-resolution grid approximation (min)...

##############################Output to stderr##############################
Picked up JAVA_TOOL_OPTIONS: -Xmx2048m
../prism-ext/prism/bin/prism: line 115: 176492 Killed                  "$PRISM_JAVA" $PRISM_JAVA_ARG1 $PRISM_JAVA_ARG2 $PRISM_JAVA_DEBUG $PRISM_JAVAMAXMEM $PRISM_JAVASTACKSIZE -Djava.awt.headless=$PRISM_HEADLESS -Djava.library.path="$JAVA_LIBRARY_PATH" -classpath "$PRISM_CLASSPATH" $PRISM_MAINCLASS "$@"
