COMMAND: ../storm/build/bin/storm-pomdp --prism ../models/crypt/crypt6.prism --prop ../models/crypt/crypt.props maximum --belief-exploration discretize --refine 0 --timeout 1800 --triangulationmode dynamic -tm --signal-timeout 600
WALLTIME (seconds): 442.4172520637512

############################## LOG ##############################
Storm-pomdp 1.5.2 (dev)

Date: Mon May 11 13:55:24 2020
Command line arguments: --prism ../models/crypt/crypt6.prism --prop ../models/crypt/crypt.props maximum --belief-exploration discretize --refine 0 --timeout 1800 --triangulationmode dynamic -tm --signal-timeout 600
Current working directory: .s

Time for model input parsing: 0.042s.

Time for model construction: 0.940s.

-------------------------------------------------------------- 
Model type: 	POMDP (sparse)
States: 	72006
Transitions: 	242885
Choices: 	242566
Observations: 	6678
Reward Models:  none
State Labels: 	3 labels
   * deadlock -> 0 item(s)
   * (correct = 1) -> 320 item(s)
   * init -> 1 item(s)
Choice Labels: 	13 labels
   * guess4 -> 10240 item(s)
   * choice6 -> 10240 item(s)
   * choice2 -> 35840 item(s)
   * choice3 -> 35840 item(s)
   * guess3 -> 10240 item(s)
   * flip -> 5 item(s)
   * check -> 1600 item(s)
   * choice5 -> 35840 item(s)
   * guess5 -> 10240 item(s)
   * choice1 -> 35840 item(s)
   * guess1 -> 10240 item(s)
   * guess2 -> 10240 item(s)
   * choice4 -> 35840 item(s)
-------------------------------------------------------------- 
Analyzing property 'Pmax=? [F (correct = 1)]'
Exploring the belief MDP... Keeping scheduler guesses bit vector(2/7) [3 6 ]
Initial value bounds are [0.2, 1]
Detected that the belief MDP is finite.
Completed iteration #0. Current checktime is 7.609s. Over-approx MDP has size 85128. Current result is ≤1.
 WARN (ApproximatePOMDPModelchecker.cpp:322): No termination criterion for refinement given. Consider to specify a steplimit, a non-zero precisionlimit, or a timeout
Over-approx result for refinement improved after 18.277s in refinement step #1. New value is '0.975'.
Completed iteration #1. Current checktime is 18.277s. Over-approx MDP has size 130412. Current result is ≤0.975.
Over-approx result for refinement improved after 35.667s in refinement step #2. New value is '0.9643518519'.
Completed iteration #2. Current checktime is 35.667s. Over-approx MDP has size 210384. Current result is ≤0.9643518519.
Over-approx result for refinement improved after 71.322s in refinement step #3. New value is '0.8446759259'.
Completed iteration #3. Current checktime is 71.322s. Over-approx MDP has size 405256. Current result is ≤0.8446759259.
Over-approx result for refinement improved after 134.562s in refinement step #4. New value is '0.737037037'.
Completed iteration #4. Current checktime is 134.562s. Over-approx MDP has size 700120. Current result is ≤0.737037037.
Over-approx result for refinement improved after 182.945s in refinement step #5. New value is '0.6888888889'.
Completed iteration #5. Current checktime is 182.945s. Over-approx MDP has size 515040. Current result is ≤0.6888888889.
Over-approx result for refinement improved after 230.536s in refinement step #6. New value is '0.6208333333'.
Completed iteration #6. Current checktime is 230.536s. Over-approx MDP has size 522864. Current result is ≤0.6208333333.
Over-approx result for refinement improved after 278.942s in refinement step #7. New value is '0.6034722222'.
Completed iteration #7. Current checktime is 278.942s. Over-approx MDP has size 530124. Current result is ≤0.6034722222.
Over-approx result for refinement improved after 327.144s in refinement step #8. New value is '0.6013888889'.
Completed iteration #8. Current checktime is 327.145s. Over-approx MDP has size 533276. Current result is ≤0.6013888889.
Over-approx result for refinement improved after 373.883s in refinement step #9. New value is '0.5950810185'.
Completed iteration #9. Current checktime is 373.883s. Over-approx MDP has size 521788. Current result is ≤0.5950810185.
Over-approx result for refinement improved after 390.860s in refinement step #10. New value is '0.5666666667'.
Completed iteration #10. Current checktime is 390.860s. Over-approx MDP has size 181992. Current result is ≤0.5666666667.
Over-approx result for refinement improved after 405.561s in refinement step #11. New value is '0.4430555556'.
Completed iteration #11. Current checktime is 405.561s. Over-approx MDP has size 160796. Current result is ≤0.4430555556.
Over-approx result for refinement improved after 418.069s in refinement step #12. New value is '0.3361111111'.
Completed iteration #12. Current checktime is 418.069s. Over-approx MDP has size 134224. Current result is ≤0.3361111111.
Over-approx result for refinement improved after 429.027s in refinement step #13. New value is '0.3333333333'.
Completed iteration #13. Current checktime is 429.027s. Over-approx MDP has size 116676. Current result is ≤0.3333333333.
Over-approx result for refinement improved after 434.577s in refinement step #14. New value is '0.325'.
Completed iteration #14. Current checktime is 434.577s. Over-approx MDP has size 57996. Current result is ≤0.325.
Over-approx result for refinement improved after 437.818s in refinement step #15. New value is '0.2625'.
Completed iteration #15. Current checktime is 437.818s. Over-approx MDP has size 34096. Current result is ≤0.2625.
Over-approx result for refinement improved after 439.853s in refinement step #16. New value is '0.2'.
Completed iteration #16. Current checktime is 439.853s. Over-approx MDP has size 20796. Current result is ≤0.2.
 WARN (ApproximatePOMDPModelchecker.cpp:42): Upper bound '0.2' is smaller than lower bound '0.2': Difference is -2.21573e-13.
##### Grid Approximation Statistics ######
# Input model: 
-------------------------------------------------------------- 
Model type: 	POMDP (sparse)
States: 	72006
Transitions: 	242885
Choices: 	242566
Observations: 	6678
Reward Models:  none
State Labels: 	3 labels
   * deadlock -> 0 item(s)
   * (correct = 1) -> 320 item(s)
   * init -> 1 item(s)
Choice Labels: 	none
-------------------------------------------------------------- 
# Max. Number of states with same observation: 80
# Total check time: 440.544s
# Number of refinement steps: 16
# Number of states in the final grid MDP for the over-approximation: 20796
# Maximal resolution for over-approximation: 1536
# Time spend for building the over-approx grid MDP(s): 429.029s
# Time spend for checking the over-approx grid MDP(s): 10.140s
##########################################

Result: ≤ 0.2
Time for POMDP analysis: 440.552s.
