COMMAND: ../storm/build/bin/storm-pomdp --prism ../models/crypt/crypt6.prism --prop ../models/crypt/crypt.props minimum --belief-exploration discretize --refine 0 --timeout 1800 --triangulationmode dynamic -tm --signal-timeout 600
WALLTIME (seconds): 185.6402235031128

############################## LOG ##############################
Storm-pomdp 1.5.2 (dev)

Date: Mon May 11 13:55:24 2020
Command line arguments: --prism ../models/crypt/crypt6.prism --prop ../models/crypt/crypt.props minimum --belief-exploration discretize --refine 0 --timeout 1800 --triangulationmode dynamic -tm --signal-timeout 600
Current working directory: .s

Time for model input parsing: 0.042s.

Time for model construction: 0.911s.

-------------------------------------------------------------- 
Model type: 	POMDP (sparse)
States: 	72006
Transitions: 	242885
Choices: 	242566
Observations: 	6678
Reward Models:  none
State Labels: 	3 labels
   * deadlock -> 0 item(s)
   * (correct = 1) -> 320 item(s)
   * init -> 1 item(s)
Choice Labels: 	13 labels
   * guess4 -> 10240 item(s)
   * choice6 -> 10240 item(s)
   * choice2 -> 35840 item(s)
   * choice3 -> 35840 item(s)
   * guess3 -> 10240 item(s)
   * flip -> 5 item(s)
   * check -> 1600 item(s)
   * choice5 -> 35840 item(s)
   * guess5 -> 10240 item(s)
   * choice1 -> 35840 item(s)
   * guess1 -> 10240 item(s)
   * guess2 -> 10240 item(s)
   * choice4 -> 35840 item(s)
-------------------------------------------------------------- 
Analyzing property 'Pmin=? [F (correct = 1)]'
Exploring the belief MDP... Keeping scheduler guesses bit vector(2/7) [0 5 ]
Initial value bounds are [0, 0.2]
Detected that the belief MDP is finite.
Completed iteration #0. Current checktime is 7.697s. Over-approx MDP has size 85128. Current result is ≥0.
 WARN (ApproximatePOMDPModelchecker.cpp:322): No termination criterion for refinement given. Consider to specify a steplimit, a non-zero precisionlimit, or a timeout
Completed iteration #1. Current checktime is 18.637s. Over-approx MDP has size 130412. Current result is ≥0.
Completed iteration #2. Current checktime is 36.447s. Over-approx MDP has size 210384. Current result is ≥0.
Completed iteration #3. Current checktime is 76.150s. Over-approx MDP has size 426432. Current result is ≥0.
Completed iteration #4. Current checktime is 135.414s. Over-approx MDP has size 638600. Current result is ≥0.
Over-approx result for refinement improved after 154.954s in refinement step #5. New value is '0.02916666667'.
Completed iteration #5. Current checktime is 154.954s. Over-approx MDP has size 185612. Current result is ≥0.02916666667.
Over-approx result for refinement improved after 162.009s in refinement step #6. New value is '0.03333333333'.
Completed iteration #6. Current checktime is 162.010s. Over-approx MDP has size 71312. Current result is ≥0.03333333333.
Over-approx result for refinement improved after 166.507s in refinement step #7. New value is '0.04166666667'.
Completed iteration #7. Current checktime is 166.507s. Over-approx MDP has size 47260. Current result is ≥0.04166666667.
Over-approx result for refinement improved after 167.631s in refinement step #8. New value is '0.2'.
Completed iteration #8. Current checktime is 167.631s. Over-approx MDP has size 9860. Current result is ≥0.2.
Completed iteration #9. Current checktime is 168.674s. Over-approx MDP has size 9860. Current result is ≥0.2.
Completed iteration #10. Current checktime is 169.712s. Over-approx MDP has size 9860. Current result is ≥0.2.
Completed iteration #11. Current checktime is 170.749s. Over-approx MDP has size 9860. Current result is ≥0.2.
Completed iteration #12. Current checktime is 171.789s. Over-approx MDP has size 9860. Current result is ≥0.2.
Completed iteration #13. Current checktime is 172.847s. Over-approx MDP has size 9860. Current result is ≥0.2.
Completed iteration #14. Current checktime is 173.892s. Over-approx MDP has size 9860. Current result is ≥0.2.
Completed iteration #15. Current checktime is 174.932s. Over-approx MDP has size 9860. Current result is ≥0.2.
Completed iteration #16. Current checktime is 175.971s. Over-approx MDP has size 9860. Current result is ≥0.2.
Completed iteration #17. Current checktime is 177.011s. Over-approx MDP has size 9860. Current result is ≥0.2.
Completed iteration #18. Current checktime is 178.053s. Over-approx MDP has size 9860. Current result is ≥0.2.
Completed iteration #19. Current checktime is 178.752s. Over-approx MDP has size 6360. Current result is ≥0.2.
Completed iteration #20. Current checktime is 179.431s. Over-approx MDP has size 6360. Current result is ≥0.2.
Completed iteration #21. Current checktime is 179.978s. Over-approx MDP has size 6360. Current result is ≥0.2.
Completed iteration #22. Current checktime is 180.521s. Over-approx MDP has size 6360. Current result is ≥0.2.
Completed iteration #23. Current checktime is 181.073s. Over-approx MDP has size 6360. Current result is ≥0.2.
Completed iteration #24. Current checktime is 181.649s. Over-approx MDP has size 6360. Current result is ≥0.2.
Completed iteration #25. Current checktime is 182.214s. Over-approx MDP has size 6360. Current result is ≥0.2.
Completed iteration #26. Current checktime is 182.755s. Over-approx MDP has size 6360. Current result is ≥0.2.
Refinement fixpoint reached after 26 iterations.
##### Grid Approximation Statistics ######
# Input model: 
-------------------------------------------------------------- 
Model type: 	POMDP (sparse)
States: 	72006
Transitions: 	242885
Choices: 	242566
Observations: 	6678
Reward Models:  none
State Labels: 	3 labels
   * deadlock -> 0 item(s)
   * (correct = 1) -> 320 item(s)
   * init -> 1 item(s)
Choice Labels: 	none
-------------------------------------------------------------- 
# Max. Number of states with same observation: 80
# Total check time: 183.586s
# Number of refinement steps: 26
# Number of states in the final grid MDP for the over-approximation: 6360
# Maximal resolution for over-approximation: 49152
# Time spend for building the over-approx grid MDP(s): 180.129s
# Time spend for checking the over-approx grid MDP(s): 1.929s
##########################################

Result: ≥ 0.2
Time for POMDP analysis: 183.594s.
