COMMAND: ../storm/build/bin/storm-pomdp --prism ../models/drone/drone.prism --prop ../models/drone/drone.props --constants N=5,R=3 --belief-exploration unfold --refine 0 --timeout 60 --gap-threshold 0 --size-threshold 0 2 -tm --signal-timeout 600
WALLTIME (seconds): 74.60407137870789

############################## LOG ##############################
Storm-pomdp 1.5.2 (dev)

Date: Mon May 11 11:08:11 2020
Command line arguments: --prism ../models/drone/drone.prism --prop ../models/drone/drone.props --constants 'N=5,R=3' --belief-exploration unfold --refine 0 --timeout 60 --gap-threshold 0 --size-threshold 0 2 -tm --signal-timeout 600
Current working directory: .s

Time for model input parsing: 0.002s.

Time for model construction: 0.037s.

-------------------------------------------------------------- 
Model type: 	POMDP (sparse)
States: 	2557
Transitions: 	13900
Choices: 	6232
Observations: 	1848
Reward Models:  none
State Labels: 	4 labels
   * deadlock -> 0 item(s)
   * init -> 1 item(s)
   * goal -> 36 item(s)
   * notbad -> 2486 item(s)
Choice Labels: 	6 labels
   * east -> 1225 item(s)
   * placement -> 1 item(s)
   * north -> 1225 item(s)
   * west -> 1225 item(s)
   * adv -> 1225 item(s)
   * south -> 1225 item(s)
-------------------------------------------------------------- 
Analyzing property 'Pmax=? ["notbad" U "goal"]'
Exploring the belief MDP... Keeping scheduler guesses bit vector(2/7) [4 6 ]
Initial value bounds are [0.5938567525, 0.9927062811]
Under-approx result for refinement improved after 1.037s seconds in refinement step #0. New value is '0.7455008896'.
Completed iteration #0. Current checktime is 1.037s. Under-approx MDP has size 51140. Current result is ≥0.7455008896.
 WARN (ApproximatePOMDPModelchecker.cpp:322): No termination criterion for refinement given. Consider to specify a steplimit, a non-zero precisionlimit, or a timeout
Under-approx result for refinement improved after 2.948s in refinement step #1. New value is '0.8138447887'.
Completed iteration #1. Current checktime is 2.948s. Under-approx MDP has size 102282. Current result is ≥0.8138447887.
Under-approx result for refinement improved after 6.712s in refinement step #2. New value is '0.8167202887'.
Completed iteration #2. Current checktime is 6.712s. Under-approx MDP has size 204564. Current result is ≥0.8167202887.
Under-approx result for refinement improved after 14.796s in refinement step #3. New value is '0.8942814615'.
Completed iteration #3. Current checktime is 14.796s. Under-approx MDP has size 409131. Current result is ≥0.8942814615.
Under-approx result for refinement improved after 30.629s in refinement step #4. New value is '0.8964328397'.
Completed iteration #4. Current checktime is 30.629s. Under-approx MDP has size 818262. Current result is ≥0.8964328397.
 WARN (TopologicalMinMaxLinearEquationSolver.cpp:99): Topological solver aborted after analyzing 1/20411 SCCs.
##### Grid Approximation Statistics ######
# Input model: 
-------------------------------------------------------------- 
Model type: 	POMDP (sparse)
States: 	2557
Transitions: 	13900
Choices: 	6232
Observations: 	1848
Reward Models:  none
State Labels: 	4 labels
   * deadlock -> 0 item(s)
   * init -> 1 item(s)
   * goal -> 36 item(s)
   * notbad -> 2486 item(s)
Choice Labels: 	none
-------------------------------------------------------------- 
# Max. Number of states with same observation: 20
# Computation aborted early
# Total check time: 74.380s
# Number of refinement steps: 4
# Number of states in the final grid MDP for the under-approximation: 818262
# Exploration state limit for under-approximation: 1636524
# Time spend for building the under-approx grid MDP(s): 46.491s
# Time spend for checking the under-approx grid MDP(s): 21.473s
##########################################

Result till abort: ≥ 0.8964328397
Time for POMDP analysis: 74.381s.

##############################Output to stderr##############################
ERROR: The program received signal 14 and will be aborted in 600s.
