COMMAND: ../prism-ext/prism/bin/prism ../models/drone/drone5-3_explicit.prism ../models/drone/drone.props --gridresolution 4 -javamaxmem 32g -maxiters 1000000
WALLTIME (seconds): 3600.117749452591
TIMEOUT
############################## LOG ##############################
PRISM
=====

Version: 4.4.pomdps
Date: Mon May 11 20:07:53 GMT+01:00 2020
Hostname: nihm023
Memory limits: cudd=1g, java(heap)=28.4g
Command line: prism ../models/drone/drone5-3_explicit.prism ../models/drone/drone.props --gridresolution 4 -javamaxmem 32g -maxiters 1000000

Parsing model file "../models/drone/drone5-3_explicit.prism"...

Parsing properties file "../models/drone/drone.props"...

1 property:
(1) Pmax=? [ "notbad" U "goal" ]

Type:        POMDP
Modules:     model 
Variables:   (s) o 

Switching to explicit engine

---------------------------------------------------------------------

Model checking: Pmax=? [ "notbad" U "goal" ]

Building model...

Computing reachable states...
 2557 states
Reachable states exploration and model construction done in 0.782 secs.
Sorting reachable states list...

Time for model construction: 1.019 seconds.

Type:        POMDP
States:        2557 (1 initial)
Transitions:   14225
Choices:       6337
Max/avg:       4/2.48
Observables:   1848
Unobservables: 2557

Starting probabilistic reachability (max)...
Starting fixed-resolution grid approximation (max)...
Grid statistics: resolution=4, points=157650, unknown points=148779
Building belief space approximation...
Solving belief space approximation...

##############################Output to stderr##############################
Picked up JAVA_TOOL_OPTIONS: -Xmx2048m
