COMMAND: ../storm/build/bin/storm-pomdp --prism ../models/drone/drone.prism --prop ../models/drone/drone.props --constants N=5,R=1 --check-fully-observable --sound
WALLTIME (seconds): 0.9723539352416992

############################## LOG ##############################
Storm-pomdp 1.5.2 (dev)

Date: Mon May 11 11:08:10 2020
Command line arguments: --prism ../models/drone/drone.prism --prop ../models/drone/drone.props --constants 'N=5,R=1' --check-fully-observable --sound
Current working directory: .s

Time for model input parsing: 0.039s.

Time for model construction: 0.170s.

-------------------------------------------------------------- 
Model type: 	POMDP (sparse)
States: 	2557
Transitions: 	13900
Choices: 	6232
Observations: 	580
Reward Models:  none
State Labels: 	4 labels
   * deadlock -> 0 item(s)
   * init -> 1 item(s)
   * goal -> 36 item(s)
   * notbad -> 2486 item(s)
Choice Labels: 	6 labels
   * east -> 1225 item(s)
   * placement -> 1 item(s)
   * north -> 1225 item(s)
   * west -> 1225 item(s)
   * adv -> 1225 item(s)
   * south -> 1225 item(s)
-------------------------------------------------------------- 
Analyzing property 'Pmax=? ["notbad" U "goal"]'
Analyzing the formula on the fully observable MDP ... 
Result: 0.9927156761
Time for POMDP analysis: 0.020s.
