COMMAND: ../storm/build/bin/storm-pomdp --prism ../models/drone/drone.prism --prop ../models/drone/drone.props --constants N=5,R=3 --belief-exploration discretize --refine 0 --timeout 1800 --triangulationmode dynamic -tm --signal-timeout 600
WALLTIME (seconds): 1115.2224037647247
ERROR: -9
############################## LOG ##############################
Storm-pomdp 1.5.2 (dev)

Date: Mon May 11 13:55:24 2020
Command line arguments: --prism ../models/drone/drone.prism --prop ../models/drone/drone.props --constants 'N=5,R=3' --belief-exploration discretize --refine 0 --timeout 1800 --triangulationmode dynamic -tm --signal-timeout 600
Current working directory: .s

Time for model input parsing: 0.040s.

Time for model construction: 0.168s.

-------------------------------------------------------------- 
Model type: 	POMDP (sparse)
States: 	2557
Transitions: 	13900
Choices: 	6232
Observations: 	1848
Reward Models:  none
State Labels: 	4 labels
   * deadlock -> 0 item(s)
   * init -> 1 item(s)
   * goal -> 36 item(s)
   * notbad -> 2486 item(s)
Choice Labels: 	6 labels
   * east -> 1225 item(s)
   * placement -> 1 item(s)
   * north -> 1225 item(s)
   * west -> 1225 item(s)
   * adv -> 1225 item(s)
   * south -> 1225 item(s)
-------------------------------------------------------------- 
Analyzing property 'Pmax=? ["notbad" U "goal"]'
Exploring the belief MDP... Keeping scheduler guesses bit vector(2/7) [4 6 ]
Initial value bounds are [0.5938567525, 0.9927062811]
Over-approx result for refinement improved after 0.517s seconds in refinement step #0. New value is '0.9917371008'.
Completed iteration #0. Current checktime is 0.518s. Over-approx MDP has size 22922. Current result is ≤0.9917371008.
 WARN (ApproximatePOMDPModelchecker.cpp:322): No termination criterion for refinement given. Consider to specify a steplimit, a non-zero precisionlimit, or a timeout
Over-approx result for refinement improved after 2.925s in refinement step #1. New value is '0.9915020466'.
Completed iteration #1. Current checktime is 2.925s. Over-approx MDP has size 60316. Current result is ≤0.9915020466.
Over-approx result for refinement improved after 23.616s in refinement step #2. New value is '0.9914461342'.
Completed iteration #2. Current checktime is 23.616s. Over-approx MDP has size 377479. Current result is ≤0.9914461342.
Completed iteration #3. Current checktime is 290.404s. Over-approx MDP has size 3180980. Current result is ≤0.9914461342.
