COMMAND: ../storm/build/bin/storm-pomdp --prism ../models/drone/drone.prism --prop ../models/drone/drone.props --constants N=5,R=1 --belief-exploration unfold --refine 0 --timeout 60 --gap-threshold 0 --size-threshold 0 2 -tm --signal-timeout 600
WALLTIME (seconds): 63.67959666252136

############################## LOG ##############################
Storm-pomdp 1.5.2 (dev)

Date: Mon May 11 11:08:11 2020
Command line arguments: --prism ../models/drone/drone.prism --prop ../models/drone/drone.props --constants 'N=5,R=1' --belief-exploration unfold --refine 0 --timeout 60 --gap-threshold 0 --size-threshold 0 2 -tm --signal-timeout 600
Current working directory: .s

Time for model input parsing: 0.002s.

Time for model construction: 0.041s.

-------------------------------------------------------------- 
Model type: 	POMDP (sparse)
States: 	2557
Transitions: 	13900
Choices: 	6232
Observations: 	580
Reward Models:  none
State Labels: 	4 labels
   * deadlock -> 0 item(s)
   * init -> 1 item(s)
   * goal -> 36 item(s)
   * notbad -> 2486 item(s)
Choice Labels: 	6 labels
   * east -> 1225 item(s)
   * placement -> 1 item(s)
   * north -> 1225 item(s)
   * west -> 1225 item(s)
   * adv -> 1225 item(s)
   * south -> 1225 item(s)
-------------------------------------------------------------- 
Analyzing property 'Pmax=? ["notbad" U "goal"]'
Exploring the belief MDP... Keeping scheduler guesses bit vector(2/7) [4 6 ]
Initial value bounds are [0.5644769842, 0.9927062811]
Under-approx result for refinement improved after 2.220s seconds in refinement step #0. New value is '0.6887079092'.
Completed iteration #0. Current checktime is 2.220s. Under-approx MDP has size 81824. Current result is ≥0.6887079092.
 WARN (ApproximatePOMDPModelchecker.cpp:322): No termination criterion for refinement given. Consider to specify a steplimit, a non-zero precisionlimit, or a timeout
Under-approx result for refinement improved after 5.640s in refinement step #1. New value is '0.7262158753'.
Completed iteration #1. Current checktime is 5.640s. Under-approx MDP has size 163649. Current result is ≥0.7262158753.
Under-approx result for refinement improved after 12.125s in refinement step #2. New value is '0.7374428604'.
Completed iteration #2. Current checktime is 12.125s. Under-approx MDP has size 327298. Current result is ≥0.7374428604.
Under-approx result for refinement improved after 28.563s in refinement step #3. New value is '0.7779459527'.
Completed iteration #3. Current checktime is 28.563s. Under-approx MDP has size 654597. Current result is ≥0.7779459527.
Under-approx result for refinement improved after 54.994s in refinement step #4. New value is '0.785662913'.
Completed iteration #4. Current checktime is 54.994s. Under-approx MDP has size 1309198. Current result is ≥0.785662913.
##### Grid Approximation Statistics ######
# Input model: 
-------------------------------------------------------------- 
Model type: 	POMDP (sparse)
States: 	2557
Transitions: 	13900
Choices: 	6232
Observations: 	580
Reward Models:  none
State Labels: 	4 labels
   * deadlock -> 0 item(s)
   * init -> 1 item(s)
   * goal -> 36 item(s)
   * notbad -> 2486 item(s)
Choice Labels: 	none
-------------------------------------------------------------- 
# Max. Number of states with same observation: 32
# Computation aborted early
# Total check time: 63.414s
# Number of refinement steps: 4
# Number of states in the final grid MDP for the under-approximation: 1309198
# Exploration state limit for under-approximation: 2618396
# Time spend for building the under-approx grid MDP(s): 51.182s
# Time spend for checking the under-approx grid MDP(s): 8.679s
##########################################

Result till abort: ≥ 0.785662913
Time for POMDP analysis: 63.414s.

##############################Output to stderr##############################
ERROR: The program received signal 14 and will be aborted in 600s.
