COMMAND: ../storm/build/bin/storm-pomdp --prism ../models/grid/4x4grid-sl.prism --prop ../models/grid/grid.props --constants sl=0.1 --belief-exploration discretize --refine 0 --timeout 1800 --triangulationmode dynamic -tm --signal-timeout 600
WALLTIME (seconds): 736.2113351821899
ERROR: -9
############################## LOG ##############################
Storm-pomdp 1.5.2 (dev)

Date: Mon May 11 13:55:24 2020
Command line arguments: --prism ../models/grid/4x4grid-sl.prism --prop ../models/grid/grid.props --constants sl=0.1 --belief-exploration discretize --refine 0 --timeout 1800 --triangulationmode dynamic -tm --signal-timeout 600
Current working directory: .s

Time for model input parsing: 0.039s.

Time for model construction: 0.141s.

-------------------------------------------------------------- 
Model type: 	POMDP (sparse)
States: 	17
Transitions: 	122
Choices: 	62
Observations: 	3
Reward Models:  (default)
State Labels: 	3 labels
   * deadlock -> 0 item(s)
   * goal -> 1 item(s)
   * init -> 1 item(s)
Choice Labels: 	4 labels
   * west -> 15 item(s)
   * north -> 15 item(s)
   * east -> 15 item(s)
   * south -> 15 item(s)
-------------------------------------------------------------- 
Analyzing property 'R[exp]min=? [F "goal"]'
Exploring the belief MDP... Keeping scheduler guesses bit vector(2/7) [0 1 ]
Initial value bounds are [3.555555665, 5.601851852]
Over-approx result for refinement improved after 0.010s seconds in refinement step #0. New value is '4.320761676'.
Completed iteration #0. Current checktime is 0.011s. Over-approx MDP has size 490. Current result is ≥4.320761676.
 WARN (ApproximatePOMDPModelchecker.cpp:322): No termination criterion for refinement given. Consider to specify a steplimit, a non-zero precisionlimit, or a timeout
Over-approx result for refinement improved after 0.188s in refinement step #1. New value is '4.404790842'.
Completed iteration #1. Current checktime is 0.188s. Over-approx MDP has size 6798. Current result is ≥4.404790842.
Over-approx result for refinement improved after 10.023s in refinement step #2. New value is '4.557893176'.
Completed iteration #2. Current checktime is 10.023s. Over-approx MDP has size 173848. Current result is ≥4.557893176.
Over-approx result for refinement improved after 534.581s in refinement step #3. New value is '4.652797723'.
Completed iteration #3. Current checktime is 534.581s. Over-approx MDP has size 6187601. Current result is ≥4.652797723.
