COMMAND: ../storm/build/bin/storm-pomdp --prism ../models/grid/4x4grid-sl.prism --prop ../models/grid/grid.props --constants sl=0.3 --belief-exploration unfold --refine 0 --timeout 60 --gap-threshold 0 --size-threshold 0 2 -tm --signal-timeout 600
WALLTIME (seconds): 66.32368969917297

############################## LOG ##############################
Storm-pomdp 1.5.2 (dev)

Date: Mon May 11 11:10:23 2020
Command line arguments: --prism ../models/grid/4x4grid-sl.prism --prop ../models/grid/grid.props --constants sl=0.3 --belief-exploration unfold --refine 0 --timeout 60 --gap-threshold 0 --size-threshold 0 2 -tm --signal-timeout 600
Current working directory: .s

Time for model input parsing: 0.002s.

Time for model construction: 0.017s.

-------------------------------------------------------------- 
Model type: 	POMDP (sparse)
States: 	17
Transitions: 	122
Choices: 	62
Observations: 	3
Reward Models:  (default)
State Labels: 	3 labels
   * deadlock -> 0 item(s)
   * goal -> 1 item(s)
   * init -> 1 item(s)
Choice Labels: 	4 labels
   * west -> 15 item(s)
   * north -> 15 item(s)
   * east -> 15 item(s)
   * south -> 15 item(s)
-------------------------------------------------------------- 
Analyzing property 'R[exp]min=? [F "goal"]'
Exploring the belief MDP... Keeping scheduler guesses bit vector(4/7) [0 4 5 6 ]
Initial value bounds are [4.57142883, 7.202380952]
Under-approx result for refinement improved after 0.005s seconds in refinement step #0. New value is '6.748139223'.
Completed iteration #0. Current checktime is 0.005s. Under-approx MDP has size 256. Current result is ≤6.748139223.
 WARN (ApproximatePOMDPModelchecker.cpp:322): No termination criterion for refinement given. Consider to specify a steplimit, a non-zero precisionlimit, or a timeout
Under-approx result for refinement improved after 0.011s in refinement step #1. New value is '6.588422036'.
Completed iteration #1. Current checktime is 0.011s. Under-approx MDP has size 512. Current result is ≤6.588422036.
Under-approx result for refinement improved after 0.023s in refinement step #2. New value is '6.555755369'.
Completed iteration #2. Current checktime is 0.023s. Under-approx MDP has size 1024. Current result is ≤6.555755369.
Completed iteration #3. Current checktime is 0.050s. Under-approx MDP has size 2048. Current result is ≤6.555755369.
Under-approx result for refinement improved after 0.104s in refinement step #4. New value is '6.555755334'.
Completed iteration #4. Current checktime is 0.104s. Under-approx MDP has size 4098. Current result is ≤6.555755334.
Under-approx result for refinement improved after 0.218s in refinement step #5. New value is '6.464890428'.
Completed iteration #5. Current checktime is 0.219s. Under-approx MDP has size 8198. Current result is ≤6.464890428.
Under-approx result for refinement improved after 0.465s in refinement step #6. New value is '6.432223762'.
Completed iteration #6. Current checktime is 0.465s. Under-approx MDP has size 16399. Current result is ≤6.432223762.
Completed iteration #7. Current checktime is 0.988s. Under-approx MDP has size 32801. Current result is ≤6.432223762.
Under-approx result for refinement improved after 2.123s in refinement step #8. New value is '6.432223744'.
Completed iteration #8. Current checktime is 2.123s. Under-approx MDP has size 65602. Current result is ≤6.432223744.
Under-approx result for refinement improved after 4.357s in refinement step #9. New value is '6.399751914'.
Completed iteration #9. Current checktime is 4.357s. Under-approx MDP has size 131204. Current result is ≤6.399751914.
Under-approx result for refinement improved after 8.912s in refinement step #10. New value is '6.367085247'.
Completed iteration #10. Current checktime is 8.912s. Under-approx MDP has size 262411. Current result is ≤6.367085247.
Completed iteration #11. Current checktime is 18.343s. Under-approx MDP has size 524823. Current result is ≤6.367085247.
Under-approx result for refinement improved after 37.795s in refinement step #12. New value is '6.367085239'.
Completed iteration #12. Current checktime is 37.795s. Under-approx MDP has size 1049649. Current result is ≤6.367085239.
##### Grid Approximation Statistics ######
# Input model: 
-------------------------------------------------------------- 
Model type: 	POMDP (sparse)
States: 	17
Transitions: 	122
Choices: 	62
Observations: 	3
Reward Models:  (default)
State Labels: 	3 labels
   * deadlock -> 0 item(s)
   * goal -> 1 item(s)
   * init -> 1 item(s)
Choice Labels: 	none
-------------------------------------------------------------- 
# Max. Number of states with same observation: 15
# Computation aborted early
# Total check time: 66.153s
# Number of refinement steps: 12
# Number of states in the final grid MDP for the under-approximation: 1049649
# Exploration state limit for under-approximation: 2099298
# Time spend for building the under-approx grid MDP(s): 55.149s
# Time spend for checking the under-approx grid MDP(s): 4.826s
##########################################

Result till abort: ≤ 6.367085239
Time for POMDP analysis: 66.153s.

##############################Output to stderr##############################
ERROR: The program received signal 14 and will be aborted in 600s.
