COMMAND: ../storm/build/bin/storm-pomdp --prism ../models/grid/4x4grid-sl.prism --prop ../models/grid/grid.props --constants sl=0.3 --belief-exploration discretize --resolution 4 --gap-threshold 0 --triangulationmode dynamic -tm --signal-timeout 600
WALLTIME (seconds): 0.10116314888000488

############################## LOG ##############################
Storm-pomdp 1.5.2 (dev)

Date: Mon May 11 11:10:23 2020
Command line arguments: --prism ../models/grid/4x4grid-sl.prism --prop ../models/grid/grid.props --constants sl=0.3 --belief-exploration discretize --resolution 4 --gap-threshold 0 --triangulationmode dynamic -tm --signal-timeout 600
Current working directory: .s

Time for model input parsing: 0.002s.

Time for model construction: 0.017s.

-------------------------------------------------------------- 
Model type: 	POMDP (sparse)
States: 	17
Transitions: 	122
Choices: 	62
Observations: 	3
Reward Models:  (default)
State Labels: 	3 labels
   * deadlock -> 0 item(s)
   * goal -> 1 item(s)
   * init -> 1 item(s)
Choice Labels: 	4 labels
   * west -> 15 item(s)
   * north -> 15 item(s)
   * east -> 15 item(s)
   * south -> 15 item(s)
-------------------------------------------------------------- 
Analyzing property 'R[exp]min=? [F "goal"]'
Exploring the belief MDP... Keeping scheduler guesses bit vector(4/7) [0 4 5 6 ]
Initial value bounds are [4.57142883, 7.202380952]
Explored and checked Over-Approximation MDP:
-------------------------------------------------------------- 
Model type: 	MDP (sparse)
States: 	1610
Transitions: 	19628
Choices: 	6431
Reward Models:  default
State Labels: 	3 labels
   * init -> 1 item(s)
   * truncated -> 0 item(s)
   * target -> 2 item(s)
Choice Labels: 	none
-------------------------------------------------------------- 
##### Grid Approximation Statistics ######
# Input model: 
-------------------------------------------------------------- 
Model type: 	POMDP (sparse)
States: 	17
Transitions: 	122
Choices: 	62
Observations: 	3
Reward Models:  (default)
State Labels: 	3 labels
   * deadlock -> 0 item(s)
   * goal -> 1 item(s)
   * init -> 1 item(s)
Choice Labels: 	none
-------------------------------------------------------------- 
# Max. Number of states with same observation: 15
# Total check time: 0.030s
# Number of states in the grid MDP for the over-approximation: 1610
# Maximal resolution for over-approximation: 4
# Time spend for building the over-approx grid MDP(s): 0.021s
# Time spend for checking the over-approx grid MDP(s): 0.007s
##########################################

Result: ≥ 5.402483696
Time for POMDP analysis: 0.030s.
