COMMAND: ../storm/build/bin/storm-pomdp --prism ../models/grid/4x4grid-sl.prism --prop ../models/grid/grid.props --constants sl=0 --belief-exploration discretize --refine 0 --timeout 60 --triangulationmode dynamic -tm --signal-timeout 600
WALLTIME (seconds): 1.1026465892791748

############################## LOG ##############################
Storm-pomdp 1.5.2 (dev)

Date: Mon May 11 13:55:24 2020
Command line arguments: --prism ../models/grid/4x4grid-sl.prism --prop ../models/grid/grid.props --constants sl=0 --belief-exploration discretize --refine 0 --timeout 60 --triangulationmode dynamic -tm --signal-timeout 600
Current working directory: .s

Time for model input parsing: 0.041s.

Time for model construction: 0.145s.

-------------------------------------------------------------- 
Model type: 	POMDP (sparse)
States: 	17
Transitions: 	76
Choices: 	62
Observations: 	3
Reward Models:  (default)
State Labels: 	3 labels
   * deadlock -> 0 item(s)
   * goal -> 1 item(s)
   * init -> 1 item(s)
Choice Labels: 	4 labels
   * west -> 15 item(s)
   * north -> 15 item(s)
   * east -> 15 item(s)
   * south -> 15 item(s)
-------------------------------------------------------------- 
Analyzing property 'R[exp]min=? [F "goal"]'
Exploring the belief MDP... Keeping scheduler guesses bit vector(1/7) [0 ]
Initial value bounds are [3.2, 5.041666667]
Detected that the belief MDP is finite.
Over-approx result for refinement improved after 0.005s seconds in refinement step #0. New value is '3.933333333'.
Completed iteration #0. Current checktime is 0.005s. Over-approx MDP has size 407. Current result is ≥3.933333333.
 WARN (ApproximatePOMDPModelchecker.cpp:322): No termination criterion for refinement given. Consider to specify a steplimit, a non-zero precisionlimit, or a timeout
Completed iteration #1. Current checktime is 0.022s. Over-approx MDP has size 1648. Current result is ≥3.933333333.
Over-approx result for refinement improved after 0.055s in refinement step #2. New value is '4.083333333'.
Completed iteration #2. Current checktime is 0.055s. Over-approx MDP has size 2880. Current result is ≥4.083333333.
Over-approx result for refinement improved after 0.065s in refinement step #3. New value is '4.133333333'.
Completed iteration #3. Current checktime is 0.065s. Over-approx MDP has size 891. Current result is ≥4.133333333.
Completed iteration #4. Current checktime is 0.070s. Over-approx MDP has size 891. Current result is ≥4.133333333.
Refinement fixpoint reached after 4 iterations.
##### Grid Approximation Statistics ######
# Input model: 
-------------------------------------------------------------- 
Model type: 	POMDP (sparse)
States: 	17
Transitions: 	76
Choices: 	62
Observations: 	3
Reward Models:  (default)
State Labels: 	3 labels
   * deadlock -> 0 item(s)
   * goal -> 1 item(s)
   * init -> 1 item(s)
Choice Labels: 	none
-------------------------------------------------------------- 
# Max. Number of states with same observation: 15
# Total check time: 0.070s
# Number of refinement steps: 4
# Number of states in the final grid MDP for the over-approximation: 891
# Maximal resolution for over-approximation: 24
# Time spend for building the over-approx grid MDP(s): 0.046s
# Time spend for checking the over-approx grid MDP(s): 0.022s
##########################################

Result: ≥ 4.133333333
Time for POMDP analysis: 0.071s.
