COMMAND: ../storm/build/bin/storm-pomdp --prism ../models/grid-avoid/4x4grid-avoid-sl.prism --prop ../models/grid-avoid/grid-avoid.props --constants sl=0 --belief-exploration discretize --resolution 4 --gap-threshold 0 --triangulationmode dynamic -tm --signal-timeout 600
WALLTIME (seconds): 0.0947868824005127

############################## LOG ##############################
Storm-pomdp 1.5.2 (dev)

Date: Mon May 11 11:10:22 2020
Command line arguments: --prism ../models/grid-avoid/4x4grid-avoid-sl.prism --prop ../models/grid-avoid/grid-avoid.props --constants sl=0 --belief-exploration discretize --resolution 4 --gap-threshold 0 --triangulationmode dynamic -tm --signal-timeout 600
Current working directory: .s

Time for model input parsing: 0.003s.

Time for model construction: 0.017s.

-------------------------------------------------------------- 
Model type: 	POMDP (sparse)
States: 	17
Transitions: 	72
Choices: 	59
Observations: 	4
Reward Models:  none
State Labels: 	4 labels
   * deadlock -> 0 item(s)
   * bad -> 1 item(s)
   * init -> 1 item(s)
   * goal -> 1 item(s)
Choice Labels: 	5 labels
   * west -> 14 item(s)
   * north -> 14 item(s)
   * east -> 14 item(s)
   * south -> 14 item(s)
   * bad -> 1 item(s)
-------------------------------------------------------------- 
Analyzing property 'Pmax=? [!("bad") U "goal"]'
Exploring the belief MDP... Keeping scheduler guesses bit vector(1/7) [4 ]
Initial value bounds are [0.4510712254, 1]
Detected that the belief MDP is finite.
Explored and checked Over-Approximation MDP:
-------------------------------------------------------------- 
Model type: 	MDP (sparse)
States: 	272
Transitions: 	1334
Choices: 	1073
Reward Models:  none
State Labels: 	3 labels
   * init -> 1 item(s)
   * truncated -> 1 item(s)
   * target -> 2 item(s)
Choice Labels: 	none
-------------------------------------------------------------- 
##### Grid Approximation Statistics ######
# Input model: 
-------------------------------------------------------------- 
Model type: 	POMDP (sparse)
States: 	17
Transitions: 	72
Choices: 	59
Observations: 	4
Reward Models:  none
State Labels: 	4 labels
   * deadlock -> 0 item(s)
   * bad -> 1 item(s)
   * init -> 1 item(s)
   * goal -> 1 item(s)
Choice Labels: 	none
-------------------------------------------------------------- 
# Max. Number of states with same observation: 14
# Total check time: 0.002s
# Number of states in the grid MDP for the over-approximation: 272
# Maximal resolution for over-approximation: 4
# Time spend for building the over-approx grid MDP(s): 0.001s
# Time spend for checking the over-approx grid MDP(s): 0.000s
##########################################

Result: ≤ 1
Time for POMDP analysis: 0.003s.
