COMMAND: ../storm/build/bin/storm-pomdp --prism ../models/grid-avoid/4x4grid-avoid-sl.prism --prop ../models/grid-avoid/grid-avoid.props --constants sl=0.1 --belief-exploration unfold --refine 0 --timeout 60 --gap-threshold 0 --size-threshold 0 2 -tm --signal-timeout 600
WALLTIME (seconds): 66.8049829006195

############################## LOG ##############################
Storm-pomdp 1.5.2 (dev)

Date: Mon May 11 11:12:33 2020
Command line arguments: --prism ../models/grid-avoid/4x4grid-avoid-sl.prism --prop ../models/grid-avoid/grid-avoid.props --constants sl=0.1 --belief-exploration unfold --refine 0 --timeout 60 --gap-threshold 0 --size-threshold 0 2 -tm --signal-timeout 600
Current working directory: .s

Time for model input parsing: 0.003s.

Time for model construction: 0.017s.

-------------------------------------------------------------- 
Model type: 	POMDP (sparse)
States: 	17
Transitions: 	114
Choices: 	59
Observations: 	4
Reward Models:  none
State Labels: 	4 labels
   * deadlock -> 0 item(s)
   * bad -> 1 item(s)
   * init -> 1 item(s)
   * goal -> 1 item(s)
Choice Labels: 	5 labels
   * west -> 14 item(s)
   * north -> 14 item(s)
   * east -> 14 item(s)
   * south -> 14 item(s)
   * bad -> 1 item(s)
-------------------------------------------------------------- 
Analyzing property 'Pmax=? [!("bad") U "goal"]'
Exploring the belief MDP... Keeping scheduler guesses bit vector(1/7) [4 ]
Initial value bounds are [0.4467827963, 1]
Under-approx result for refinement improved after 0.005s seconds in refinement step #0. New value is '0.8154264234'.
Completed iteration #0. Current checktime is 0.005s. Under-approx MDP has size 238. Current result is ≥0.8154264234.
 WARN (ApproximatePOMDPModelchecker.cpp:322): No termination criterion for refinement given. Consider to specify a steplimit, a non-zero precisionlimit, or a timeout
Under-approx result for refinement improved after 0.011s in refinement step #1. New value is '0.8832514866'.
Completed iteration #1. Current checktime is 0.011s. Under-approx MDP has size 478. Current result is ≥0.8832514866.
Completed iteration #2. Current checktime is 0.025s. Under-approx MDP has size 958. Current result is ≥0.8832514866.
Under-approx result for refinement improved after 0.054s in refinement step #3. New value is '0.9019685167'.
Completed iteration #3. Current checktime is 0.054s. Under-approx MDP has size 1918. Current result is ≥0.9019685167.
Completed iteration #4. Current checktime is 0.114s. Under-approx MDP has size 3838. Current result is ≥0.9019685167.
Under-approx result for refinement improved after 0.240s in refinement step #5. New value is '0.9202231674'.
Completed iteration #5. Current checktime is 0.240s. Under-approx MDP has size 7678. Current result is ≥0.9202231674.
Completed iteration #6. Current checktime is 0.510s. Under-approx MDP has size 15358. Current result is ≥0.9202231674.
Under-approx result for refinement improved after 1.080s in refinement step #7. New value is '0.9237564101'.
Completed iteration #7. Current checktime is 1.080s. Under-approx MDP has size 30718. Current result is ≥0.9237564101.
Completed iteration #8. Current checktime is 2.316s. Under-approx MDP has size 61438. Current result is ≥0.9237564101.
Under-approx result for refinement improved after 4.821s in refinement step #9. New value is '0.9272459637'.
Completed iteration #9. Current checktime is 4.821s. Under-approx MDP has size 122878. Current result is ≥0.9272459637.
Completed iteration #10. Current checktime is 9.883s. Under-approx MDP has size 245758. Current result is ≥0.9272459637.
Under-approx result for refinement improved after 20.203s in refinement step #11. New value is '0.9278126059'.
Completed iteration #11. Current checktime is 20.203s. Under-approx MDP has size 491518. Current result is ≥0.9278126059.
Completed iteration #12. Current checktime is 40.966s. Under-approx MDP has size 983038. Current result is ≥0.9278126059.
##### Grid Approximation Statistics ######
# Input model: 
-------------------------------------------------------------- 
Model type: 	POMDP (sparse)
States: 	17
Transitions: 	114
Choices: 	59
Observations: 	4
Reward Models:  none
State Labels: 	4 labels
   * deadlock -> 0 item(s)
   * bad -> 1 item(s)
   * init -> 1 item(s)
   * goal -> 1 item(s)
Choice Labels: 	none
-------------------------------------------------------------- 
# Max. Number of states with same observation: 14
# Computation aborted early
# Total check time: 66.601s
# Number of refinement steps: 12
# Number of states in the final grid MDP for the under-approximation: 983038
# Exploration state limit for under-approximation: 1966076
# Time spend for building the under-approx grid MDP(s): 54.980s
# Time spend for checking the under-approx grid MDP(s): 4.994s
##########################################

Result till abort: ≥ 0.9278126059
Time for POMDP analysis: 66.601s.

##############################Output to stderr##############################
ERROR: The program received signal 14 and will be aborted in 600s.
