COMMAND: ../storm/build/bin/storm-pomdp --prism ../models/grid/4x4grid-sl.prism --prop ../models/grid/grid.props --constants sl=0 --belief-exploration unfold --exploration-time 3600 --gap-threshold 0 -tm --signal-timeout 600
WALLTIME (seconds): 0.1103363037109375

############################## LOG ##############################
Storm-pomdp 1.5.2 (dev)

Date: Mon May 11 11:09:14 2020
Command line arguments: --prism ../models/grid/4x4grid-sl.prism --prop ../models/grid/grid.props --constants sl=0 --belief-exploration unfold --exploration-time 3600 --gap-threshold 0 -tm --signal-timeout 600
Current working directory: .s

Time for model input parsing: 0.003s.

Time for model construction: 0.017s.

-------------------------------------------------------------- 
Model type: 	POMDP (sparse)
States: 	17
Transitions: 	76
Choices: 	62
Observations: 	3
Reward Models:  (default)
State Labels: 	3 labels
   * deadlock -> 0 item(s)
   * goal -> 1 item(s)
   * init -> 1 item(s)
Choice Labels: 	4 labels
   * west -> 15 item(s)
   * north -> 15 item(s)
   * east -> 15 item(s)
   * south -> 15 item(s)
-------------------------------------------------------------- 
Analyzing property 'R[exp]min=? [F "goal"]'
Exploring the belief MDP... Keeping scheduler guesses bit vector(1/7) [0 ]
Initial value bounds are [3.2, 5.041666667]
Detected that the belief MDP is finite.
Explored and checked Under-Approximation MDP:
-------------------------------------------------------------- 
Model type: 	MDP (sparse)
States: 	2423
Transitions: 	10283
Choices: 	9683
Reward Models:  default
State Labels: 	3 labels
   * init -> 1 item(s)
   * truncated -> 0 item(s)
   * target -> 2 item(s)
Choice Labels: 	none
-------------------------------------------------------------- 
##### Grid Approximation Statistics ######
# Input model: 
-------------------------------------------------------------- 
Model type: 	POMDP (sparse)
States: 	17
Transitions: 	76
Choices: 	62
Observations: 	3
Reward Models:  (default)
State Labels: 	3 labels
   * deadlock -> 0 item(s)
   * goal -> 1 item(s)
   * init -> 1 item(s)
Choice Labels: 	none
-------------------------------------------------------------- 
# Max. Number of states with same observation: 15
# Total check time: 0.017s
# Number of states in the grid MDP for the under-approximation: 2423
# Time spend for building the under-approx grid MDP(s): 0.008s
# Time spend for checking the under-approx grid MDP(s): 0.007s
##########################################

Result: ≤ 4.133333333
Time for POMDP analysis: 0.017s.
