COMMAND: ../storm/build/bin/storm-pomdp --prism ../models/grid-avoid/4x4grid-avoid-sl.prism --prop ../models/grid-avoid/grid-avoid.props --constants sl=0.3 --belief-exploration unfold --refine 0 --timeout 60 --gap-threshold 0 --size-threshold 0 2 -tm --signal-timeout 600
WALLTIME (seconds): 66.92499613761902

############################## LOG ##############################
Storm-pomdp 1.5.2 (dev)

Date: Mon May 11 11:12:33 2020
Command line arguments: --prism ../models/grid-avoid/4x4grid-avoid-sl.prism --prop ../models/grid-avoid/grid-avoid.props --constants sl=0.3 --belief-exploration unfold --refine 0 --timeout 60 --gap-threshold 0 --size-threshold 0 2 -tm --signal-timeout 600
Current working directory: .s

Time for model input parsing: 0.002s.

Time for model construction: 0.017s.

-------------------------------------------------------------- 
Model type: 	POMDP (sparse)
States: 	17
Transitions: 	114
Choices: 	59
Observations: 	4
Reward Models:  none
State Labels: 	4 labels
   * deadlock -> 0 item(s)
   * bad -> 1 item(s)
   * init -> 1 item(s)
   * goal -> 1 item(s)
Choice Labels: 	5 labels
   * west -> 14 item(s)
   * north -> 14 item(s)
   * east -> 14 item(s)
   * south -> 14 item(s)
   * bad -> 1 item(s)
-------------------------------------------------------------- 
Analyzing property 'Pmax=? [!("bad") U "goal"]'
Exploring the belief MDP... Keeping scheduler guesses bit vector(1/7) [5 ]
Initial value bounds are [0.425211858, 1]
Under-approx result for refinement improved after 0.005s seconds in refinement step #0. New value is '0.7118852218'.
Completed iteration #0. Current checktime is 0.005s. Under-approx MDP has size 238. Current result is ≥0.7118852218.
 WARN (ApproximatePOMDPModelchecker.cpp:322): No termination criterion for refinement given. Consider to specify a steplimit, a non-zero precisionlimit, or a timeout
Under-approx result for refinement improved after 0.011s in refinement step #1. New value is '0.7675195351'.
Completed iteration #1. Current checktime is 0.011s. Under-approx MDP has size 478. Current result is ≥0.7675195351.
Completed iteration #2. Current checktime is 0.025s. Under-approx MDP has size 958. Current result is ≥0.7675195351.
Under-approx result for refinement improved after 0.054s in refinement step #3. New value is '0.8119375851'.
Completed iteration #3. Current checktime is 0.054s. Under-approx MDP has size 1918. Current result is ≥0.8119375851.
Completed iteration #4. Current checktime is 0.114s. Under-approx MDP has size 3838. Current result is ≥0.8119375851.
Under-approx result for refinement improved after 0.241s in refinement step #5. New value is '0.8503843487'.
Completed iteration #5. Current checktime is 0.241s. Under-approx MDP has size 7678. Current result is ≥0.8503843487.
Completed iteration #6. Current checktime is 0.517s. Under-approx MDP has size 15358. Current result is ≥0.8503843487.
Under-approx result for refinement improved after 1.091s in refinement step #7. New value is '0.8734922826'.
Completed iteration #7. Current checktime is 1.091s. Under-approx MDP has size 30718. Current result is ≥0.8734922826.
Completed iteration #8. Current checktime is 2.333s. Under-approx MDP has size 61438. Current result is ≥0.8734922826.
Under-approx result for refinement improved after 4.857s in refinement step #9. New value is '0.8941496087'.
Completed iteration #9. Current checktime is 4.857s. Under-approx MDP has size 122878. Current result is ≥0.8941496087.
Completed iteration #10. Current checktime is 9.954s. Under-approx MDP has size 245758. Current result is ≥0.8941496087.
Under-approx result for refinement improved after 20.326s in refinement step #11. New value is '0.9047122126'.
Completed iteration #11. Current checktime is 20.326s. Under-approx MDP has size 491518. Current result is ≥0.9047122126.
Completed iteration #12. Current checktime is 41.313s. Under-approx MDP has size 983038. Current result is ≥0.9047122126.
##### Grid Approximation Statistics ######
# Input model: 
-------------------------------------------------------------- 
Model type: 	POMDP (sparse)
States: 	17
Transitions: 	114
Choices: 	59
Observations: 	4
Reward Models:  none
State Labels: 	4 labels
   * deadlock -> 0 item(s)
   * bad -> 1 item(s)
   * init -> 1 item(s)
   * goal -> 1 item(s)
Choice Labels: 	none
-------------------------------------------------------------- 
# Max. Number of states with same observation: 14
# Computation aborted early
# Total check time: 66.743s
# Number of refinement steps: 12
# Number of states in the final grid MDP for the under-approximation: 983038
# Exploration state limit for under-approximation: 1966076
# Time spend for building the under-approx grid MDP(s): 54.968s
# Time spend for checking the under-approx grid MDP(s): 5.006s
##########################################

Result till abort: ≥ 0.9047122126
Time for POMDP analysis: 66.743s.

##############################Output to stderr##############################
ERROR: The program received signal 14 and will be aborted in 600s.
