COMMAND: ../prism-ext/prism/bin/prism ../models/grid-avoid/4x4grid-avoid-sl.prism ../models/grid-avoid/grid-avoid.props -const sl=0.3 --gridresolution 12 -javamaxmem 32g -maxiters 1000000
WALLTIME (seconds): 117.80335879325867
ERROR: 137
############################## LOG ##############################
PRISM
=====

Version: 4.4.pomdps
Date: Mon May 11 10:13:39 GMT+01:00 2020
Hostname: nihm021
Memory limits: cudd=1g, java(heap)=28.4g
Command line: prism ../models/grid-avoid/4x4grid-avoid-sl.prism ../models/grid-avoid/grid-avoid.props -const sl=0.3 --gridresolution 12 -javamaxmem 32g -maxiters 1000000

Parsing model file "../models/grid-avoid/4x4grid-avoid-sl.prism"...

Parsing properties file "../models/grid-avoid/grid-avoid.props"...

1 property:
(1) Pmax=? [ !"bad" U "goal" ]

Type:        POMDP
Modules:     grid 
Variables:   (x) (y) o 

Switching to explicit engine

---------------------------------------------------------------------

Model checking: Pmax=? [ !"bad" U "goal" ]
Model constants: sl=0.3

Building model...
Model constants: sl=0.3

Computing reachable states...
 17 states
Reachable states exploration and model construction done in 0.011 secs.
Sorting reachable states list...

Time for model construction: 0.04 seconds.

Type:        POMDP
States:        17 (1 initial)
Transitions:   114
Choices:       59
Max/avg:       4/3.47
Observables:   4
Unobservables: 16

Starting probabilistic reachability (max)...
Starting fixed-resolution grid approximation (max)...
Grid statistics: resolution=12, points=5200303, unknown points=5200302
Building belief space approximation...
Solving belief space approximation...

##############################Output to stderr##############################
Picked up JAVA_TOOL_OPTIONS: -Xmx2048m
../prism-ext/prism/bin/prism: line 115: 23266 Killed                  "$PRISM_JAVA" $PRISM_JAVA_ARG1 $PRISM_JAVA_ARG2 $PRISM_JAVA_DEBUG $PRISM_JAVAMAXMEM $PRISM_JAVASTACKSIZE -Djava.awt.headless=$PRISM_HEADLESS -Djava.library.path="$JAVA_LIBRARY_PATH" -classpath "$PRISM_CLASSPATH" $PRISM_MAINCLASS "$@"
