COMMAND: ../prism-ext/prism/bin/prism ../models/grid/4x4grid-sl.prism ../models/grid/grid.props -const sl=0.3 --gridresolution 4 -javamaxmem 32g -maxiters 1000000
WALLTIME (seconds): 3.046302556991577

############################## LOG ##############################
PRISM
=====

Version: 4.4.pomdps
Date: Mon May 11 10:10:23 GMT+01:00 2020
Hostname: nihm020
Memory limits: cudd=1g, java(heap)=28.4g
Command line: prism ../models/grid/4x4grid-sl.prism ../models/grid/grid.props -const sl=0.3 --gridresolution 4 -javamaxmem 32g -maxiters 1000000

Parsing model file "../models/grid/4x4grid-sl.prism"...

Parsing properties file "../models/grid/grid.props"...

1 property:
(1) Rmin=? [ F "goal" ]

Type:        POMDP
Modules:     grid 
Variables:   (x) (y) o 

Switching to explicit engine

---------------------------------------------------------------------

Model checking: Rmin=? [ F "goal" ]
Model constants: sl=0.3

Building model...
Model constants: sl=0.3

Computing reachable states...
 17 states
Reachable states exploration and model construction done in 0.009 secs.
Sorting reachable states list...

Time for model construction: 0.024 seconds.

Type:        POMDP
States:        17 (1 initial)
Transitions:   122
Choices:       62
Max/avg:       4/3.65
Observables:   3
Unobservables: 16
Building reward structure...

Starting expected reachability (min)...
Starting fixed-resolution grid approximation (min)...
Grid statistics: resolution=4, points=3062, unknown points=3061
Building belief space approximation...
Solving belief space approximation...
initialBelief: {0},[1.0, 0.0, 0.0, 0.0, 0.0, 0.0, 0.0, 0.0, 0.0, 0.0, 0.0, 0.0, 0.0, 0.0, 0.0, 0.0]

Strategy DTMC:
States:      2487 (1 initial)
Transitions: 4971
Choices:     2486
Max/avg:     1/1.00

Starting expected reachability (min)...
Starting Prob1 (max)...
Prob1 (max) took 3 iterations and 0.016 seconds.
target=1, inf=0, rest=2486
For Rmin, checking for zero-reward ECs...
Time for checking for zero-reward ECs: 0.046 seconds, no zero-reward ECs found, proceeding normally.
Starting value iteration (min, with Power method)...
Value iteration (min, with Power method) took 32 iterations, 159072 multiplications and 0.034 seconds.
Expected reachability took 0.104 seconds.
Outer bound: 5.4024825855942495
Inner bound: 6.314715397089745
Fixed-resolution grid approximation (min) took 31 iterations and 2.535 seconds.
Expected reachability took 2.537 seconds.

Value in the initial state: 5.4024825855942495

Time for model checking: 2.541 seconds.

Result: 5.4024825855942495 (value in the initial state)


##############################Output to stderr##############################
Picked up JAVA_TOOL_OPTIONS: -Xmx2048m
