COMMAND: ../storm/build/bin/storm-pomdp --prism ../models/maze2/maze2-sl.prism --prop ../models/maze2/maze2.props --constants sl=0.1 --belief-exploration discretize --refine 0 --timeout 60 --triangulationmode dynamic -tm --signal-timeout 600
WALLTIME (seconds): 66.06078910827637

############################## LOG ##############################
Storm-pomdp 1.5.2 (dev)

Date: Mon May 11 13:55:24 2020
Command line arguments: --prism ../models/maze2/maze2-sl.prism --prop ../models/maze2/maze2.props --constants sl=0.1 --belief-exploration discretize --refine 0 --timeout 60 --triangulationmode dynamic -tm --signal-timeout 600
Current working directory: .s

Time for model input parsing: 0.042s.

Time for model construction: 0.146s.

-------------------------------------------------------------- 
Model type: 	POMDP (sparse)
States: 	15
Transitions: 	91
Choices: 	54
Observations: 	8
Reward Models:  (default)
State Labels: 	3 labels
   * deadlock -> 0 item(s)
   * goal -> 1 item(s)
   * init -> 1 item(s)
Choice Labels: 	4 labels
   * west -> 13 item(s)
   * north -> 13 item(s)
   * east -> 13 item(s)
   * south -> 13 item(s)
-------------------------------------------------------------- 
Analyzing property 'R[exp]min=? [F "goal"]'
Exploring the belief MDP... Keeping scheduler guesses bit vector(3/7) [0 4 6 ]
Initial value bounds are [5.641025665, 17.56410263]
Over-approx result for refinement improved after 0.004s seconds in refinement step #0. New value is '6.201243255'.
Completed iteration #0. Current checktime is 0.004s. Over-approx MDP has size 55. Current result is ≥6.201243255.
 WARN (ApproximatePOMDPModelchecker.cpp:322): No termination criterion for refinement given. Consider to specify a steplimit, a non-zero precisionlimit, or a timeout
Over-approx result for refinement improved after 0.008s in refinement step #1. New value is '6.317560632'.
Completed iteration #1. Current checktime is 0.008s. Over-approx MDP has size 265. Current result is ≥6.317560632.
Over-approx result for refinement improved after 0.031s in refinement step #2. New value is '6.321235546'.
Completed iteration #2. Current checktime is 0.031s. Over-approx MDP has size 1291. Current result is ≥6.321235546.
Over-approx result for refinement improved after 0.229s in refinement step #3. New value is '6.324724357'.
Completed iteration #3. Current checktime is 0.229s. Over-approx MDP has size 9237. Current result is ≥6.324724357.
Over-approx result for refinement improved after 2.077s in refinement step #4. New value is '6.324785451'.
Completed iteration #4. Current checktime is 2.077s. Over-approx MDP has size 70282. Current result is ≥6.324785451.
Over-approx result for refinement improved after 19.757s in refinement step #5. New value is '6.324786326'.
Completed iteration #5. Current checktime is 19.757s. Over-approx MDP has size 538916. Current result is ≥6.324786326.
##### Grid Approximation Statistics ######
# Input model: 
-------------------------------------------------------------- 
Model type: 	POMDP (sparse)
States: 	15
Transitions: 	91
Choices: 	54
Observations: 	8
Reward Models:  (default)
State Labels: 	3 labels
   * deadlock -> 0 item(s)
   * goal -> 1 item(s)
   * init -> 1 item(s)
Choice Labels: 	none
-------------------------------------------------------------- 
# Max. Number of states with same observation: 6
# Computation aborted early
# Total check time: 62.943s
# Number of refinement steps: 5
# Number of states in the final grid MDP for the over-approximation: 538916
# Maximal resolution for over-approximation: 192
# Time spend for building the over-approx grid MDP(s): 55.628s
# Time spend for checking the over-approx grid MDP(s): 4.168s
##########################################

Result till abort: ≥ 6.324786326
Time for POMDP analysis: 62.943s.

##############################Output to stderr##############################
ERROR: The program received signal 14 and will be aborted in 600s.
