COMMAND: ../storm/build/bin/storm-pomdp --prism ../models/maze2/maze2-sl.prism --prop ../models/maze2/maze2.props --constants sl=0 --belief-exploration discretize --refine 0 --timeout 60 --triangulationmode dynamic -tm --signal-timeout 600
WALLTIME (seconds): 0.0787353515625

############################## LOG ##############################
Storm-pomdp 1.5.2 (dev)

Date: Mon May 11 13:55:25 2020
Command line arguments: --prism ../models/maze2/maze2-sl.prism --prop ../models/maze2/maze2.props --constants sl=0 --belief-exploration discretize --refine 0 --timeout 60 --triangulationmode dynamic -tm --signal-timeout 600
Current working directory: .s

Time for model input parsing: 0.004s.

Time for model construction: 0.018s.

-------------------------------------------------------------- 
Model type: 	POMDP (sparse)
States: 	15
Transitions: 	66
Choices: 	54
Observations: 	8
Reward Models:  (default)
State Labels: 	3 labels
   * deadlock -> 0 item(s)
   * goal -> 1 item(s)
   * init -> 1 item(s)
Choice Labels: 	4 labels
   * west -> 13 item(s)
   * north -> 13 item(s)
   * east -> 13 item(s)
   * south -> 13 item(s)
-------------------------------------------------------------- 
Analyzing property 'R[exp]min=? [F "goal"]'
Exploring the belief MDP... Keeping scheduler guesses bit vector(3/7) [0 4 6 ]
Initial value bounds are [5.076923077, 15.80769231]
Detected that the belief MDP is finite.
Over-approx result for refinement improved after 0.001s seconds in refinement step #0. New value is '5.538461538'.
Completed iteration #0. Current checktime is 0.001s. Over-approx MDP has size 22. Current result is ≥5.538461538.
 WARN (ApproximatePOMDPModelchecker.cpp:322): No termination criterion for refinement given. Consider to specify a steplimit, a non-zero precisionlimit, or a timeout
Completed iteration #1. Current checktime is 0.002s. Over-approx MDP has size 22. Current result is ≥5.538461538.
Completed iteration #2. Current checktime is 0.002s. Over-approx MDP has size 22. Current result is ≥5.538461538.
Completed iteration #3. Current checktime is 0.002s. Over-approx MDP has size 22. Current result is ≥5.538461538.
Over-approx result for refinement improved after 0.002s in refinement step #4. New value is '5.692307692'.
Completed iteration #4. Current checktime is 0.002s. Over-approx MDP has size 23. Current result is ≥5.692307692.
Completed iteration #5. Current checktime is 0.003s. Over-approx MDP has size 23. Current result is ≥5.692307692.
Completed iteration #6. Current checktime is 0.003s. Over-approx MDP has size 23. Current result is ≥5.692307692.
Completed iteration #7. Current checktime is 0.003s. Over-approx MDP has size 23. Current result is ≥5.692307692.
Refinement fixpoint reached after 7 iterations.
##### Grid Approximation Statistics ######
# Input model: 
-------------------------------------------------------------- 
Model type: 	POMDP (sparse)
States: 	15
Transitions: 	66
Choices: 	54
Observations: 	8
Reward Models:  (default)
State Labels: 	3 labels
   * deadlock -> 0 item(s)
   * goal -> 1 item(s)
   * init -> 1 item(s)
Choice Labels: 	none
-------------------------------------------------------------- 
# Max. Number of states with same observation: 6
# Total check time: 0.003s
# Number of refinement steps: 7
# Number of states in the final grid MDP for the over-approximation: 23
# Maximal resolution for over-approximation: 6
# Time spend for building the over-approx grid MDP(s): 0.000s
# Time spend for checking the over-approx grid MDP(s): 0.001s
##########################################

Result: ≥ 5.692307692
Time for POMDP analysis: 0.003s.
