COMMAND: ../storm/build/bin/storm-pomdp --prism ../models/network-priorities/network-priorities2.prism --prop ../models/network-priorities/network-priorities.props --constants T=8,K=20 --belief-exploration unfold --refine 0 --timeout 60 --gap-threshold 0 --size-threshold 0 2 -tm --signal-timeout 600
WALLTIME (seconds): 62.44875884056091

############################## LOG ##############################
Storm-pomdp 1.5.2 (dev)

Date: Mon May 11 11:18:36 2020
Command line arguments: --prism ../models/network-priorities/network-priorities2.prism --prop ../models/network-priorities/network-priorities.props --constants 'T=8,K=20' --belief-exploration unfold --refine 0 --timeout 60 --gap-threshold 0 --size-threshold 0 2 -tm --signal-timeout 600
Current working directory: .s

Time for model input parsing: 0.003s.

Time for model construction: 0.197s.

-------------------------------------------------------------- 
Model type: 	POMDP (sparse)
States: 	19373
Transitions: 	102420
Choices: 	34157
Observations: 	4909
Reward Models:  priority
State Labels: 	3 labels
   * deadlock -> 0 item(s)
   * (((sched = 0) & (t = (8 - 1))) & (k = (20 - 1))) -> 64 item(s)
   * init -> 1 item(s)
Choice Labels: 	4 labels
   * idle -> 9536 item(s)
   * send2 -> 7392 item(s)
   * send1 -> 7392 item(s)
   * slot -> 9773 item(s)
-------------------------------------------------------------- 
Analyzing property 'R[exp]{"priority"}max=? [F (((sched = 0) & (t = (8 - 1))) & (k = (20 - 1)))]'
Exploring the belief MDP... Keeping scheduler guesses bit vector(7/7) [0 1 2 3 4 5 6 ]
Initial value bounds are [534.4444533, 565.6227302]
Detected that the belief MDP is finite.
Under-approx result for refinement improved after 1.420s seconds in refinement step #0. New value is '536.2822763'.
Completed iteration #0. Current checktime is 1.420s. Under-approx MDP has size 77492. Current result is ≥536.2822763.
 WARN (ApproximatePOMDPModelchecker.cpp:322): No termination criterion for refinement given. Consider to specify a steplimit, a non-zero precisionlimit, or a timeout
Under-approx result for refinement improved after 3.677s in refinement step #1. New value is '536.4736416'.
Completed iteration #1. Current checktime is 3.677s. Under-approx MDP has size 154984. Current result is ≥536.4736416.
Under-approx result for refinement improved after 8.305s in refinement step #2. New value is '537.1460415'.
Completed iteration #2. Current checktime is 8.305s. Under-approx MDP has size 309968. Current result is ≥537.1460415.
Under-approx result for refinement improved after 16.767s in refinement step #3. New value is '537.5820602'.
Completed iteration #3. Current checktime is 16.767s. Under-approx MDP has size 619936. Current result is ≥537.5820602.
Under-approx result for refinement improved after 35.290s in refinement step #4. New value is '538.5054406'.
Completed iteration #4. Current checktime is 35.291s. Under-approx MDP has size 1239872. Current result is ≥538.5054406.
##### Grid Approximation Statistics ######
# Input model: 
-------------------------------------------------------------- 
Model type: 	POMDP (sparse)
States: 	19373
Transitions: 	102420
Choices: 	34157
Observations: 	4909
Reward Models:  priority
State Labels: 	3 labels
   * deadlock -> 0 item(s)
   * (((sched = 0) & (t = (8 - 1))) & (k = (20 - 1))) -> 64 item(s)
   * init -> 1 item(s)
Choice Labels: 	none
-------------------------------------------------------------- 
# Max. Number of states with same observation: 4
# Computation aborted early
# Total check time: 62.156s
# Number of refinement steps: 4
# Number of states in the final grid MDP for the under-approximation: 1239872
# Exploration state limit for under-approximation: 2479744
# Time spend for building the under-approx grid MDP(s): 56.632s
# Time spend for checking the under-approx grid MDP(s): 2.908s
##########################################

Result till abort: ≥ 538.5054406
Time for POMDP analysis: 62.158s.

##############################Output to stderr##############################
ERROR: The program received signal 14 and will be aborted in 600s.
