COMMAND: ../storm/build/bin/storm-pomdp --prism ../models/network-priorities/network-priorities2.prism --prop ../models/network-priorities/network-priorities.props --constants T=8,K=20 --belief-exploration discretize --refine 0 --timeout 60 --triangulationmode dynamic -tm --signal-timeout 600
WALLTIME (seconds): 62.29834580421448

############################## LOG ##############################
Storm-pomdp 1.5.2 (dev)

Date: Mon May 11 13:56:30 2020
Command line arguments: --prism ../models/network-priorities/network-priorities2.prism --prop ../models/network-priorities/network-priorities.props --constants 'T=8,K=20' --belief-exploration discretize --refine 0 --timeout 60 --triangulationmode dynamic -tm --signal-timeout 600
Current working directory: .s

Time for model input parsing: 0.004s.

Time for model construction: 0.192s.

-------------------------------------------------------------- 
Model type: 	POMDP (sparse)
States: 	19373
Transitions: 	102420
Choices: 	34157
Observations: 	4909
Reward Models:  priority
State Labels: 	3 labels
   * deadlock -> 0 item(s)
   * (((sched = 0) & (t = (8 - 1))) & (k = (20 - 1))) -> 64 item(s)
   * init -> 1 item(s)
Choice Labels: 	4 labels
   * idle -> 9536 item(s)
   * send2 -> 7392 item(s)
   * send1 -> 7392 item(s)
   * slot -> 9773 item(s)
-------------------------------------------------------------- 
Analyzing property 'R[exp]{"priority"}max=? [F (((sched = 0) & (t = (8 - 1))) & (k = (20 - 1)))]'
Exploring the belief MDP... Keeping scheduler guesses bit vector(7/7) [0 1 2 3 4 5 6 ]
Initial value bounds are [534.4444533, 565.6227302]
Detected that the belief MDP is finite.
Over-approx result for refinement improved after 0.239s seconds in refinement step #0. New value is '565.6227302'.
Completed iteration #0. Current checktime is 0.239s. Over-approx MDP has size 2. Current result is ≤565.6227302.
 WARN (ApproximatePOMDPModelchecker.cpp:322): No termination criterion for refinement given. Consider to specify a steplimit, a non-zero precisionlimit, or a timeout
Over-approx result for refinement improved after 0.241s in refinement step #1. New value is '565.5361143'.
Completed iteration #1. Current checktime is 0.241s. Over-approx MDP has size 65. Current result is ≤565.5361143.
Over-approx result for refinement improved after 0.249s in refinement step #2. New value is '565.4567916'.
Completed iteration #2. Current checktime is 0.249s. Over-approx MDP has size 421. Current result is ≤565.4567916.
Over-approx result for refinement improved after 0.284s in refinement step #3. New value is '565.3347211'.
Completed iteration #3. Current checktime is 0.284s. Over-approx MDP has size 1944. Current result is ≤565.3347211.
Over-approx result for refinement improved after 0.450s in refinement step #4. New value is '564.8474437'.
Completed iteration #4. Current checktime is 0.450s. Over-approx MDP has size 8502. Current result is ≤564.8474437.
Over-approx result for refinement improved after 1.183s in refinement step #5. New value is '563.4078809'.
Completed iteration #5. Current checktime is 1.184s. Over-approx MDP has size 36371. Current result is ≤563.4078809.
Over-approx result for refinement improved after 3.628s in refinement step #6. New value is '559.6724572'.
Completed iteration #6. Current checktime is 3.628s. Over-approx MDP has size 124487. Current result is ≤559.6724572.
Over-approx result for refinement improved after 9.253s in refinement step #7. New value is '558.1815987'.
Completed iteration #7. Current checktime is 9.253s. Over-approx MDP has size 281918. Current result is ≤558.1815987.
Over-approx result for refinement improved after 20.804s in refinement step #8. New value is '557.0278446'.
Completed iteration #8. Current checktime is 20.804s. Over-approx MDP has size 574143. Current result is ≤557.0278446.
Over-approx result for refinement improved after 45.893s in refinement step #9. New value is '556.8707226'.
Completed iteration #9. Current checktime is 45.893s. Over-approx MDP has size 1209767. Current result is ≤556.8707226.
##### Grid Approximation Statistics ######
# Input model: 
-------------------------------------------------------------- 
Model type: 	POMDP (sparse)
States: 	19373
Transitions: 	102420
Choices: 	34157
Observations: 	4909
Reward Models:  priority
State Labels: 	3 labels
   * deadlock -> 0 item(s)
   * (((sched = 0) & (t = (8 - 1))) & (k = (20 - 1))) -> 64 item(s)
   * init -> 1 item(s)
Choice Labels: 	none
-------------------------------------------------------------- 
# Max. Number of states with same observation: 4
# Computation aborted early
# Total check time: 61.970s
# Number of refinement steps: 9
# Number of states in the final grid MDP for the over-approximation: 1209767
# Maximal resolution for over-approximation: 384
# Time spend for building the over-approx grid MDP(s): 55.891s
# Time spend for checking the over-approx grid MDP(s): 3.650s
##########################################

Result till abort: ≤ 556.8707226
Time for POMDP analysis: 61.972s.

##############################Output to stderr##############################
ERROR: The program received signal 14 and will be aborted in 600s.
