COMMAND: ../storm/build/bin/storm-pomdp --prism ../models/network-priorities/network-priorities3.prism --prop ../models/network-priorities/network-priorities.props --constants T=5,K=2 --belief-exploration discretize --resolution 4 --gap-threshold 0 --triangulationmode dynamic -tm --signal-timeout 600
WALLTIME (seconds): 3.1947827339172363

############################## LOG ##############################
Storm-pomdp 1.5.2 (dev)

Date: Mon May 11 11:18:37 2020
Command line arguments: --prism ../models/network-priorities/network-priorities3.prism --prop ../models/network-priorities/network-priorities.props --constants 'T=5,K=2' --belief-exploration discretize --resolution 4 --gap-threshold 0 --triangulationmode dynamic -tm --signal-timeout 600
Current working directory: .s

Time for model input parsing: 0.004s.

Time for model construction: 0.171s.

-------------------------------------------------------------- 
Model type: 	POMDP (sparse)
States: 	8019
Transitions: 	149608
Choices: 	17235
Observations: 	1035
Reward Models:  priority
State Labels: 	3 labels
   * deadlock -> 0 item(s)
   * (((sched = 0) & (t = (5 - 1))) & (k = (2 - 1))) -> 512 item(s)
   * init -> 1 item(s)
Choice Labels: 	5 labels
   * idle -> 3840 item(s)
   * send2 -> 3072 item(s)
   * slot -> 3667 item(s)
   * send3 -> 3072 item(s)
   * send1 -> 3072 item(s)
-------------------------------------------------------------- 
Analyzing property 'R[exp]{"priority"}max=? [F (((sched = 0) & (t = (5 - 1))) & (k = (2 - 1)))]'
Exploring the belief MDP... Keeping scheduler guesses bit vector(7/7) [0 1 2 3 4 5 6 ]
Initial value bounds are [57.92225868, 73.57187011]
Detected that the belief MDP is finite.
Explored and checked Over-Approximation MDP:
-------------------------------------------------------------- 
Model type: 	MDP (sparse)
States: 	68152
Transitions: 	1611568
Choices: 	127588
Reward Models:  default
State Labels: 	3 labels
   * init -> 1 item(s)
   * truncated -> 78 item(s)
   * target -> 7221 item(s)
Choice Labels: 	none
-------------------------------------------------------------- 
##### Grid Approximation Statistics ######
# Input model: 
-------------------------------------------------------------- 
Model type: 	POMDP (sparse)
States: 	8019
Transitions: 	149608
Choices: 	17235
Observations: 	1035
Reward Models:  priority
State Labels: 	3 labels
   * deadlock -> 0 item(s)
   * (((sched = 0) & (t = (5 - 1))) & (k = (2 - 1))) -> 512 item(s)
   * init -> 1 item(s)
Choice Labels: 	none
-------------------------------------------------------------- 
# Max. Number of states with same observation: 8
# Total check time: 2.941s
# Number of states in the grid MDP for the over-approximation: 68152
# Maximal resolution for over-approximation: 4
# Time spend for building the over-approx grid MDP(s): 2.329s
# Time spend for checking the over-approx grid MDP(s): 0.236s
##########################################

Result: ≤ 69.03585368
Time for POMDP analysis: 2.942s.
