COMMAND: ../storm/build/bin/storm-pomdp --prism ../models/network-priorities/network-priorities3.prism --prop ../models/network-priorities/network-priorities.props --constants T=5,K=2 --belief-exploration discretize --refine 0 --timeout 1800 --triangulationmode dynamic -tm --signal-timeout 600
WALLTIME (seconds): 1249.5245387554169
ERROR: -9
############################## LOG ##############################
Storm-pomdp 1.5.2 (dev)

Date: Mon May 11 13:56:30 2020
Command line arguments: --prism ../models/network-priorities/network-priorities3.prism --prop ../models/network-priorities/network-priorities.props --constants 'T=5,K=2' --belief-exploration discretize --refine 0 --timeout 1800 --triangulationmode dynamic -tm --signal-timeout 600
Current working directory: .s

Time for model input parsing: 0.004s.

Time for model construction: 0.172s.

-------------------------------------------------------------- 
Model type: 	POMDP (sparse)
States: 	8019
Transitions: 	149608
Choices: 	17235
Observations: 	1035
Reward Models:  priority
State Labels: 	3 labels
   * deadlock -> 0 item(s)
   * (((sched = 0) & (t = (5 - 1))) & (k = (2 - 1))) -> 512 item(s)
   * init -> 1 item(s)
Choice Labels: 	5 labels
   * idle -> 3840 item(s)
   * send2 -> 3072 item(s)
   * slot -> 3667 item(s)
   * send3 -> 3072 item(s)
   * send1 -> 3072 item(s)
-------------------------------------------------------------- 
Analyzing property 'R[exp]{"priority"}max=? [F (((sched = 0) & (t = (5 - 1))) & (k = (2 - 1)))]'
Exploring the belief MDP... Keeping scheduler guesses bit vector(7/7) [0 1 2 3 4 5 6 ]
Initial value bounds are [57.92225868, 73.57187011]
Detected that the belief MDP is finite.
Over-approx result for refinement improved after 1.740s seconds in refinement step #0. New value is '69.14712087'.
Completed iteration #0. Current checktime is 1.740s. Over-approx MDP has size 50053. Current result is ≤69.14712087.
 WARN (ApproximatePOMDPModelchecker.cpp:322): No termination criterion for refinement given. Consider to specify a steplimit, a non-zero precisionlimit, or a timeout
Over-approx result for refinement improved after 4.265s in refinement step #1. New value is '67.44256063'.
Completed iteration #1. Current checktime is 4.265s. Over-approx MDP has size 99618. Current result is ≤67.44256063.
Over-approx result for refinement improved after 21.632s in refinement step #2. New value is '65.19964325'.
Completed iteration #2. Current checktime is 21.632s. Over-approx MDP has size 381935. Current result is ≤65.19964325.
Over-approx result for refinement improved after 76.890s in refinement step #3. New value is '64.48466068'.
Completed iteration #3. Current checktime is 76.890s. Over-approx MDP has size 1179970. Current result is ≤64.48466068.
Over-approx result for refinement improved after 233.068s in refinement step #4. New value is '64.35237818'.
Completed iteration #4. Current checktime is 233.069s. Over-approx MDP has size 3643453. Current result is ≤64.35237818.
Over-approx result for refinement improved after 613.694s in refinement step #5. New value is '64.31367908'.
Completed iteration #5. Current checktime is 613.694s. Over-approx MDP has size 9587145. Current result is ≤64.31367908.
