COMMAND: ../storm/build/bin/storm-pomdp --prism ../models/network/network2.prism --prop ../models/network/network.props --constants T=8,K=20 --belief-exploration discretize --refine 0 --timeout 60 --triangulationmode dynamic -tm --signal-timeout 600
WALLTIME (seconds): 63.293383836746216

############################## LOG ##############################
Storm-pomdp 1.5.2 (dev)

Date: Mon May 11 13:55:24 2020
Command line arguments: --prism ../models/network/network2.prism --prop ../models/network/network.props --constants 'T=8,K=20' --belief-exploration discretize --refine 0 --timeout 60 --triangulationmode dynamic -tm --signal-timeout 600
Current working directory: .s

Time for model input parsing: 0.036s.

Time for model construction: 0.174s.

-------------------------------------------------------------- 
Model type: 	POMDP (sparse)
States: 	4589
Transitions: 	14020
Choices: 	6973
Observations: 	1173
Reward Models:  dropped_packets
State Labels: 	3 labels
   * deadlock -> 0 item(s)
   * (((sched = 0) & (t = (8 - 1))) & (k = (20 - 1))) -> 16 item(s)
   * init -> 1 item(s)
Choice Labels: 	4 labels
   * idle -> 2224 item(s)
   * send2 -> 1192 item(s)
   * send1 -> 1192 item(s)
   * slot -> 2349 item(s)
-------------------------------------------------------------- 
Analyzing property 'R[exp]{"dropped_packets"}min=? [F (((sched = 0) & (t = (8 - 1))) & (k = (20 - 1)))]'
Exploring the belief MDP... Keeping scheduler guesses bit vector(7/7) [0 1 2 3 4 5 6 ]
Initial value bounds are [2.556618378, 7.056088766]
Detected that the belief MDP is finite.
Over-approx result for refinement improved after 0.148s seconds in refinement step #0. New value is '2.918894781'.
Completed iteration #0. Current checktime is 0.148s. Over-approx MDP has size 14838. Current result is ≥2.918894781.
 WARN (ApproximatePOMDPModelchecker.cpp:322): No termination criterion for refinement given. Consider to specify a steplimit, a non-zero precisionlimit, or a timeout
Over-approx result for refinement improved after 0.309s in refinement step #1. New value is '3.021825503'.
Completed iteration #1. Current checktime is 0.309s. Over-approx MDP has size 21165. Current result is ≥3.021825503.
Over-approx result for refinement improved after 0.774s in refinement step #2. New value is '3.159908149'.
Completed iteration #2. Current checktime is 0.774s. Over-approx MDP has size 47234. Current result is ≥3.159908149.
Over-approx result for refinement improved after 1.894s in refinement step #3. New value is '3.185671822'.
Completed iteration #3. Current checktime is 1.894s. Over-approx MDP has size 104951. Current result is ≥3.185671822.
Over-approx result for refinement improved after 4.408s in refinement step #4. New value is '3.197443058'.
Completed iteration #4. Current checktime is 4.408s. Over-approx MDP has size 228715. Current result is ≥3.197443058.
Over-approx result for refinement improved after 10.302s in refinement step #5. New value is '3.198605815'.
Completed iteration #5. Current checktime is 10.302s. Over-approx MDP has size 498179. Current result is ≥3.198605815.
Over-approx result for refinement improved after 23.413s in refinement step #6. New value is '3.198609534'.
Completed iteration #6. Current checktime is 23.413s. Over-approx MDP has size 1020960. Current result is ≥3.198609534.
Over-approx result for refinement improved after 55.522s in refinement step #7. New value is '3.198957741'.
Completed iteration #7. Current checktime is 55.522s. Over-approx MDP has size 2140725. Current result is ≥3.198957741.
##### Grid Approximation Statistics ######
# Input model: 
-------------------------------------------------------------- 
Model type: 	POMDP (sparse)
States: 	4589
Transitions: 	14020
Choices: 	6973
Observations: 	1173
Reward Models:  dropped_packets
State Labels: 	3 labels
   * deadlock -> 0 item(s)
   * (((sched = 0) & (t = (8 - 1))) & (k = (20 - 1))) -> 16 item(s)
   * init -> 1 item(s)
Choice Labels: 	none
-------------------------------------------------------------- 
# Max. Number of states with same observation: 4
# Computation aborted early
# Total check time: 61.874s
# Number of refinement steps: 7
# Number of states in the final grid MDP for the over-approximation: 2140725
# Maximal resolution for over-approximation: 768
# Time spend for building the over-approx grid MDP(s): 43.790s
# Time spend for checking the over-approx grid MDP(s): 15.931s
##########################################

Result till abort: ≥ 3.198957741
Time for POMDP analysis: 62.203s.

##############################Output to stderr##############################
ERROR: The program received signal 14 and will be aborted in 600s.
