COMMAND: ../storm/build/bin/storm-pomdp --prism ../models/network/network3.prism --prop ../models/network/network.props --constants T=5,K=2 --belief-exploration discretize --refine 0 --timeout 1800 --triangulationmode dynamic -tm --signal-timeout 600
WALLTIME (seconds): 1825.7080419063568

############################## LOG ##############################
Storm-pomdp 1.5.2 (dev)

Date: Mon May 11 13:56:31 2020
Command line arguments: --prism ../models/network/network3.prism --prop ../models/network/network.props --constants 'T=5,K=2' --belief-exploration discretize --refine 0 --timeout 1800 --triangulationmode dynamic -tm --signal-timeout 600
Current working directory: .s

Time for model input parsing: 0.003s.

Time for model construction: 0.024s.

-------------------------------------------------------------- 
Model type: 	POMDP (sparse)
States: 	843
Transitions: 	4280
Choices: 	1515
Observations: 	111
Reward Models:  dropped_packets
State Labels: 	3 labels
   * deadlock -> 0 item(s)
   * (((sched = 0) & (t = (5 - 1))) & (k = (2 - 1))) -> 64 item(s)
   * init -> 1 item(s)
Choice Labels: 	5 labels
   * idle -> 384 item(s)
   * send2 -> 224 item(s)
   * slot -> 395 item(s)
   * send3 -> 224 item(s)
   * send1 -> 224 item(s)
-------------------------------------------------------------- 
Analyzing property 'R[exp]{"dropped_packets"}min=? [F (((sched = 0) & (t = (5 - 1))) & (k = (2 - 1)))]'
Exploring the belief MDP... Keeping scheduler guesses bit vector(6/7) [0 1 3 4 5 6 ]
Initial value bounds are [1.180548687, 2.510328733]
Detected that the belief MDP is finite.
Over-approx result for refinement improved after 0.050s seconds in refinement step #0. New value is '1.494649406'.
Completed iteration #0. Current checktime is 0.050s. Over-approx MDP has size 5180. Current result is ≥1.494649406.
 WARN (ApproximatePOMDPModelchecker.cpp:322): No termination criterion for refinement given. Consider to specify a steplimit, a non-zero precisionlimit, or a timeout
Over-approx result for refinement improved after 0.146s in refinement step #1. New value is '1.623544936'.
Completed iteration #1. Current checktime is 0.146s. Over-approx MDP has size 9813. Current result is ≥1.623544936.
Over-approx result for refinement improved after 0.639s in refinement step #2. New value is '1.816961686'.
Completed iteration #2. Current checktime is 0.639s. Over-approx MDP has size 36072. Current result is ≥1.816961686.
Over-approx result for refinement improved after 2.249s in refinement step #3. New value is '1.860019364'.
Completed iteration #3. Current checktime is 2.249s. Over-approx MDP has size 102449. Current result is ≥1.860019364.
Over-approx result for refinement improved after 7.007s in refinement step #4. New value is '1.894005822'.
Completed iteration #4. Current checktime is 7.007s. Over-approx MDP has size 275754. Current result is ≥1.894005822.
Over-approx result for refinement improved after 16.044s in refinement step #5. New value is '1.898716851'.
Completed iteration #5. Current checktime is 16.044s. Over-approx MDP has size 562880. Current result is ≥1.898716851.
Over-approx result for refinement improved after 54.263s in refinement step #6. New value is '1.900939852'.
Completed iteration #6. Current checktime is 54.263s. Over-approx MDP has size 1704588. Current result is ≥1.900939852.
Over-approx result for refinement improved after 128.701s in refinement step #7. New value is '1.901106031'.
Completed iteration #7. Current checktime is 128.701s. Over-approx MDP has size 3401053. Current result is ≥1.901106031.
Over-approx result for refinement improved after 269.161s in refinement step #8. New value is '1.901159293'.
Completed iteration #8. Current checktime is 269.161s. Over-approx MDP has size 5912802. Current result is ≥1.901159293.
Over-approx result for refinement improved after 509.119s in refinement step #9. New value is '1.901170777'.
Completed iteration #9. Current checktime is 509.119s. Over-approx MDP has size 8912230. Current result is ≥1.901170777.
Over-approx result for refinement improved after 912.798s in refinement step #10. New value is '1.90117177'.
Completed iteration #10. Current checktime is 912.798s. Over-approx MDP has size 12663166. Current result is ≥1.90117177.
Over-approx result for refinement improved after 1748.690s in refinement step #11. New value is '1.901171776'.
Completed iteration #11. Current checktime is 1748.690s. Over-approx MDP has size 17034644. Current result is ≥1.901171776.
##### Grid Approximation Statistics ######
# Input model: 
-------------------------------------------------------------- 
Model type: 	POMDP (sparse)
States: 	843
Transitions: 	4280
Choices: 	1515
Observations: 	111
Reward Models:  dropped_packets
State Labels: 	3 labels
   * deadlock -> 0 item(s)
   * (((sched = 0) & (t = (5 - 1))) & (k = (2 - 1))) -> 64 item(s)
   * init -> 1 item(s)
Choice Labels: 	none
-------------------------------------------------------------- 
# Max. Number of states with same observation: 8
# Computation aborted early
# Total check time: 1824.949s
# Number of refinement steps: 11
# Number of states in the final grid MDP for the over-approximation: 17034644
# Maximal resolution for over-approximation: 12288
# Time spend for building the over-approx grid MDP(s): 1549.989s
# Time spend for checking the over-approx grid MDP(s): 249.886s
##########################################

Result till abort: ≥ 1.901171776
Time for POMDP analysis: 1824.950s.

##############################Output to stderr##############################
ERROR: The program received signal 14 and will be aborted in 600s.
