COMMAND: ../storm/build/bin/storm-pomdp --prism ../models/nrp/nrp.prism --prop ../models/nrp/nrp.props --constants K=8 --belief-exploration unfold --refine 0 --timeout 60 --gap-threshold 0 --size-threshold 0 2 -tm --signal-timeout 600
WALLTIME (seconds): 0.08185100555419922

############################## LOG ##############################
Storm-pomdp 1.5.2 (dev)

Date: Mon May 11 11:20:50 2020
Command line arguments: --prism ../models/nrp/nrp.prism --prop ../models/nrp/nrp.props --constants K=8 --belief-exploration unfold --refine 0 --timeout 60 --gap-threshold 0 --size-threshold 0 2 -tm --signal-timeout 600
Current working directory: .s

Time for model input parsing: 0.007s.

Time for model construction: 0.018s.

-------------------------------------------------------------- 
Model type: 	POMDP (sparse)
States: 	125
Transitions: 	168
Choices: 	161
Observations: 	41
Reward Models:  none
State Labels: 	3 labels
   * deadlock -> 0 item(s)
   * unfair -> 8 item(s)
   * init -> 1 item(s)
Choice Labels: 	5 labels
   * message -> 36 item(s)
   * req -> 1 item(s)
   * ack -> 36 item(s)
   * done -> 8 item(s)
   * stop -> 36 item(s)
-------------------------------------------------------------- 
Analyzing property 'Pmax=? [F "unfair"]'
Exploring the belief MDP... Keeping scheduler guesses bit vector(4/7) [3 4 5 6 ]
Initial value bounds are [0.125, 1]
Detected that the belief MDP is finite.
Completed iteration #0. Current checktime is 0.001s. Under-approx MDP has size 52. Current result is ≥0.125.
 WARN (ApproximatePOMDPModelchecker.cpp:322): No termination criterion for refinement given. Consider to specify a steplimit, a non-zero precisionlimit, or a timeout
Completed iteration #1. Current checktime is 0.002s. Under-approx MDP has size 52. Current result is ≥0.125.
Refinement fixpoint reached after 1 iterations.
##### Grid Approximation Statistics ######
# Input model: 
-------------------------------------------------------------- 
Model type: 	POMDP (sparse)
States: 	125
Transitions: 	168
Choices: 	161
Observations: 	41
Reward Models:  none
State Labels: 	3 labels
   * deadlock -> 0 item(s)
   * unfair -> 8 item(s)
   * init -> 1 item(s)
Choice Labels: 	none
-------------------------------------------------------------- 
# Max. Number of states with same observation: 8
# Total check time: 0.002s
# Number of refinement steps: 1
# Number of states in the final grid MDP for the under-approximation: 52
# Exploration state limit for under-approximation: 104
# Time spend for building the under-approx grid MDP(s): 0.000s
# Time spend for checking the under-approx grid MDP(s): 0.000s
##########################################

Result: ≥ 0.125
Time for POMDP analysis: 0.002s.
