COMMAND: ../storm/build/bin/storm-pomdp --prism ../models/refuel/refuel.prism --prop ../models/refuel/refuel.props --constants N=8 --belief-exploration discretize --refine 0 --timeout 60 --triangulationmode dynamic -tm --signal-timeout 600
WALLTIME (seconds): 67.7710976600647

############################## LOG ##############################
Storm-pomdp 1.5.2 (dev)

Date: Mon May 11 13:57:59 2020
Command line arguments: --prism ../models/refuel/refuel.prism --prop ../models/refuel/refuel.props --constants N=8 --belief-exploration discretize --refine 0 --timeout 60 --triangulationmode dynamic -tm --signal-timeout 600
Current working directory: .s

Time for model input parsing: 0.003s.

Time for model construction: 0.022s.

-------------------------------------------------------------- 
Model type: 	POMDP (sparse)
States: 	470
Transitions: 	2599
Choices: 	1431
Observations: 	66
Reward Models:  none
State Labels: 	4 labels
   * deadlock -> 0 item(s)
   * init -> 1 item(s)
   * goal -> 4 item(s)
   * notbad -> 387 item(s)
Choice Labels: 	6 labels
   * west -> 328 item(s)
   * south -> 335 item(s)
   * east -> 335 item(s)
   * refuel -> 18 item(s)
   * placement -> 1 item(s)
   * north -> 328 item(s)
-------------------------------------------------------------- 
Analyzing property 'Pmax=? ["notbad" U "goal"]'
Exploring the belief MDP... Keeping scheduler guesses bit vector(3/7) [4 5 6 ]
Initial value bounds are [0.05336014696, 0.9885266954]
Over-approx result for refinement improved after 0.466s seconds in refinement step #0. New value is '0.7929729692'.
Completed iteration #0. Current checktime is 0.466s. Over-approx MDP has size 23272. Current result is ≤0.7929729692.
 WARN (ApproximatePOMDPModelchecker.cpp:322): No termination criterion for refinement given. Consider to specify a steplimit, a non-zero precisionlimit, or a timeout
Over-approx result for refinement improved after 13.253s in refinement step #1. New value is '0.7486471573'.
Completed iteration #1. Current checktime is 13.253s. Over-approx MDP has size 134451. Current result is ≤0.7486471573.
##### Grid Approximation Statistics ######
# Input model: 
-------------------------------------------------------------- 
Model type: 	POMDP (sparse)
States: 	470
Transitions: 	2599
Choices: 	1431
Observations: 	66
Reward Models:  none
State Labels: 	4 labels
   * deadlock -> 0 item(s)
   * init -> 1 item(s)
   * goal -> 4 item(s)
   * notbad -> 387 item(s)
Choice Labels: 	none
-------------------------------------------------------------- 
# Max. Number of states with same observation: 46
# Computation aborted early
# Total check time: 67.688s
# Number of refinement steps: 1
# Number of states in the final grid MDP for the over-approximation: 134451
# Maximal resolution for over-approximation: 12
# Time spend for building the over-approx grid MDP(s): 48.558s
# Time spend for checking the over-approx grid MDP(s): 11.402s
##########################################

Result till abort: ≤ 0.7486471573
Time for POMDP analysis: 67.688s.

##############################Output to stderr##############################
ERROR: The program received signal 14 and will be aborted in 600s.
