COMMAND: ../storm/build/bin/storm-pomdp --prism ../models/refuel/refuel.prism --prop ../models/refuel/refuel.props --constants N=6 --belief-exploration unfold --refine 0 --timeout 60 --gap-threshold 0 --size-threshold 0 2 -tm --signal-timeout 600
WALLTIME (seconds): 79.11702585220337

############################## LOG ##############################
Storm-pomdp 1.5.2 (dev)

Date: Mon May 11 11:21:56 2020
Command line arguments: --prism ../models/refuel/refuel.prism --prop ../models/refuel/refuel.props --constants N=6 --belief-exploration unfold --refine 0 --timeout 60 --gap-threshold 0 --size-threshold 0 2 -tm --signal-timeout 600
Current working directory: .s

Time for model input parsing: 0.003s.

Time for model construction: 0.020s.

-------------------------------------------------------------- 
Model type: 	POMDP (sparse)
States: 	208
Transitions: 	989
Choices: 	565
Observations: 	50
Reward Models:  none
State Labels: 	4 labels
   * deadlock -> 0 item(s)
   * init -> 1 item(s)
   * goal -> 4 item(s)
   * notbad -> 159 item(s)
Choice Labels: 	6 labels
   * west -> 124 item(s)
   * south -> 126 item(s)
   * east -> 126 item(s)
   * refuel -> 12 item(s)
   * placement -> 1 item(s)
   * north -> 124 item(s)
-------------------------------------------------------------- 
Analyzing property 'Pmax=? ["notbad" U "goal"]'
Exploring the belief MDP... Keeping scheduler guesses bit vector(1/7) [4 ]
Initial value bounds are [0.06395523543, 0.9810831961]
Under-approx result for refinement improved after 0.027s seconds in refinement step #0. New value is '0.6721852107'.
Completed iteration #0. Current checktime is 0.027s. Under-approx MDP has size 4576. Current result is ≥0.6721852107.
 WARN (ApproximatePOMDPModelchecker.cpp:322): No termination criterion for refinement given. Consider to specify a steplimit, a non-zero precisionlimit, or a timeout
Completed iteration #1. Current checktime is 0.080s. Under-approx MDP has size 9152. Current result is ≥0.6721852107.
Completed iteration #2. Current checktime is 0.185s. Under-approx MDP has size 18307. Current result is ≥0.6721852107.
Under-approx result for refinement improved after 0.470s in refinement step #3. New value is '0.6721856418'.
Completed iteration #3. Current checktime is 0.470s. Under-approx MDP has size 36615. Current result is ≥0.6721856418.
Completed iteration #4. Current checktime is 1.028s. Under-approx MDP has size 73231. Current result is ≥0.6721856418.
Completed iteration #5. Current checktime is 2.110s. Under-approx MDP has size 146463. Current result is ≥0.6721856418.
Completed iteration #6. Current checktime is 4.529s. Under-approx MDP has size 292926. Current result is ≥0.6721856418.
Under-approx result for refinement improved after 9.287s in refinement step #7. New value is '0.672186034'.
Completed iteration #7. Current checktime is 9.287s. Under-approx MDP has size 585853. Current result is ≥0.672186034.
Completed iteration #8. Current checktime is 18.998s. Under-approx MDP has size 1171707. Current result is ≥0.672186034.
Completed iteration #9. Current checktime is 38.005s. Under-approx MDP has size 2343416. Current result is ≥0.672186034.
 WARN (TopologicalMinMaxLinearEquationSolver.cpp:99): Topological solver aborted after analyzing 1/185026 SCCs.
##### Grid Approximation Statistics ######
# Input model: 
-------------------------------------------------------------- 
Model type: 	POMDP (sparse)
States: 	208
Transitions: 	989
Choices: 	565
Observations: 	50
Reward Models:  none
State Labels: 	4 labels
   * deadlock -> 0 item(s)
   * init -> 1 item(s)
   * goal -> 4 item(s)
   * notbad -> 159 item(s)
Choice Labels: 	none
-------------------------------------------------------------- 
# Max. Number of states with same observation: 22
# Computation aborted early
# Total check time: 78.902s
# Number of refinement steps: 9
# Number of states in the final grid MDP for the under-approximation: 2343416
# Exploration state limit for under-approximation: 4686832
# Time spend for building the under-approx grid MDP(s): 44.841s
# Time spend for checking the under-approx grid MDP(s): 26.275s
##########################################

Result till abort: ≥ 0.672186034
Time for POMDP analysis: 78.902s.

##############################Output to stderr##############################
ERROR: The program received signal 14 and will be aborted in 600s.
