COMMAND: ../storm/build/bin/storm-pomdp --prism ../models/refuel/refuel.prism --prop ../models/refuel/refuel.props --constants N=10 --check-fully-observable --sound
WALLTIME (seconds): 0.10799813270568848

############################## LOG ##############################
Storm-pomdp 1.5.2 (dev)

Date: Mon May 11 11:23:03 2020
Command line arguments: --prism ../models/refuel/refuel.prism --prop ../models/refuel/refuel.props --constants N=10 --check-fully-observable --sound
Current working directory: .s

Time for model input parsing: 0.003s.

Time for model construction: 0.027s.

-------------------------------------------------------------- 
Model type: 	POMDP (sparse)
States: 	892
Transitions: 	5367
Choices: 	2879
Observations: 	84
Reward Models:  none
State Labels: 	4 labels
   * deadlock -> 0 item(s)
   * init -> 1 item(s)
   * goal -> 6 item(s)
   * notbad -> 769 item(s)
Choice Labels: 	6 labels
   * west -> 678 item(s)
   * south -> 685 item(s)
   * east -> 685 item(s)
   * refuel -> 24 item(s)
   * placement -> 1 item(s)
   * north -> 678 item(s)
-------------------------------------------------------------- 
Analyzing property 'Pmax=? ["notbad" U "goal"]'
Analyzing the formula on the fully observable MDP ... 
Result: 0.9979933948
Time for POMDP analysis: 0.002s.
