COMMAND: ../prism-ext/prism/bin/prism ../models/refuel/refuel06_explicit.prism ../models/refuel/refuel.props --gridresolution 4 -javamaxmem 32g -maxiters 1000000
WALLTIME (seconds): 3600.050504207611
TIMEOUT
############################## LOG ##############################
PRISM
=====

Version: 4.4.pomdps
Date: Mon May 11 20:08:56 GMT+01:00 2020
Hostname: nihm019
Memory limits: cudd=1g, java(heap)=28.4g
Command line: prism ../models/refuel/refuel06_explicit.prism ../models/refuel/refuel.props --gridresolution 4 -javamaxmem 32g -maxiters 1000000

Parsing model file "../models/refuel/refuel06_explicit.prism"...

Parsing properties file "../models/refuel/refuel.props"...

1 property:
(1) Pmax=? [ "notbad" U "goal" ]

Type:        POMDP
Modules:     model 
Variables:   (s) o 

Switching to explicit engine

---------------------------------------------------------------------

Model checking: Pmax=? [ "notbad" U "goal" ]

Building model...

Computing reachable states...
 208 states
Reachable states exploration and model construction done in 0.04 secs.
Sorting reachable states list...

Time for model construction: 0.094 seconds.

Type:        POMDP
States:        208 (1 initial)
Transitions:   1004
Choices:       574
Max/avg:       4/2.76
Observables:   50
Unobservables: 208

Starting probabilistic reachability (max)...
Starting fixed-resolution grid approximation (max)...
Grid statistics: resolution=4, points=48557, unknown points=48553
Building belief space approximation...
Solving belief space approximation...

##############################Output to stderr##############################
Picked up JAVA_TOOL_OPTIONS: -Xmx2048m
