COMMAND: ../storm/build/bin/storm-pomdp --prism ../models/samplerocks/samplerocks.prism --prop ../models/samplerocks/samplerocks.props --constants N=12 --belief-exploration discretize --refine 0 --timeout 1800 --triangulationmode dynamic -tm --signal-timeout 600
WALLTIME (seconds): 12.172146320343018

############################## LOG ##############################
Storm-pomdp 1.5.2 (dev)

Date: Mon May 11 13:58:01 2020
Command line arguments: --prism ../models/samplerocks/samplerocks.prism --prop ../models/samplerocks/samplerocks.props --constants N=12 --belief-exploration discretize --refine 0 --timeout 1800 --triangulationmode dynamic -tm --signal-timeout 600
Current working directory: .s

Time for model input parsing: 0.003s.

Time for model construction: 0.125s.

-------------------------------------------------------------- 
Model type: 	POMDP (sparse)
States: 	6553
Transitions: 	39604
Choices: 	31537
Observations: 	1645
Reward Models:  cost
State Labels: 	3 labels
   * deadlock -> 0 item(s)
   * goal -> 468 item(s)
   * init -> 1 item(s)
Choice Labels: 	10 labels
   * west -> 5616 item(s)
   * east -> 5616 item(s)
   * r2sample -> 18 item(s)
   * r1sample -> 18 item(s)
   * south -> 5616 item(s)
   * r2sense -> 4050 item(s)
   * finish -> 468 item(s)
   * north -> 5616 item(s)
   * placement -> 1 item(s)
   * r1sense -> 4050 item(s)
-------------------------------------------------------------- 
Analyzing property 'R[exp]min=? [F "goal"]'
Exploring the belief MDP... Keeping scheduler guesses bit vector(3/7) [4 5 6 ]
Initial value bounds are [16.5, 38]
Over-approx result for refinement improved after 0.670s seconds in refinement step #0. New value is '19.28174603'.
Completed iteration #0. Current checktime is 0.670s. Over-approx MDP has size 26812. Current result is ≥19.28174603.
 WARN (ApproximatePOMDPModelchecker.cpp:322): No termination criterion for refinement given. Consider to specify a steplimit, a non-zero precisionlimit, or a timeout
Over-approx result for refinement improved after 0.942s in refinement step #1. New value is '19.32259109'.
Completed iteration #1. Current checktime is 0.942s. Over-approx MDP has size 27031. Current result is ≥19.32259109.
Over-approx result for refinement improved after 1.373s in refinement step #2. New value is '19.39386717'.
Completed iteration #2. Current checktime is 1.373s. Over-approx MDP has size 30679. Current result is ≥19.39386717.
Over-approx result for refinement improved after 1.917s in refinement step #3. New value is '19.5031714'.
Completed iteration #3. Current checktime is 1.917s. Over-approx MDP has size 36405. Current result is ≥19.5031714.
Over-approx result for refinement improved after 2.445s in refinement step #4. New value is '19.92862944'.
Completed iteration #4. Current checktime is 2.445s. Over-approx MDP has size 38569. Current result is ≥19.92862944.
Over-approx result for refinement improved after 3.074s in refinement step #5. New value is '19.95554109'.
Completed iteration #5. Current checktime is 3.075s. Over-approx MDP has size 42401. Current result is ≥19.95554109.
Over-approx result for refinement improved after 6.317s in refinement step #6. New value is '20'.
Completed iteration #6. Current checktime is 6.317s. Over-approx MDP has size 102812. Current result is ≥20.
Completed iteration #7. Current checktime is 8.134s. Over-approx MDP has size 102812. Current result is ≥20.
Completed iteration #8. Current checktime is 9.927s. Over-approx MDP has size 102812. Current result is ≥20.
Completed iteration #9. Current checktime is 11.743s. Over-approx MDP has size 102812. Current result is ≥20.
Refinement fixpoint reached after 9 iterations.
##### Grid Approximation Statistics ######
# Input model: 
-------------------------------------------------------------- 
Model type: 	POMDP (sparse)
States: 	6553
Transitions: 	39604
Choices: 	31537
Observations: 	1645
Reward Models:  cost
State Labels: 	3 labels
   * deadlock -> 0 item(s)
   * goal -> 468 item(s)
   * init -> 1 item(s)
Choice Labels: 	none
-------------------------------------------------------------- 
# Max. Number of states with same observation: 4
# Total check time: 11.951s
# Number of refinement steps: 9
# Number of states in the final grid MDP for the over-approximation: 102812
# Maximal resolution for over-approximation: 24
# Time spend for building the over-approx grid MDP(s): 6.417s
# Time spend for checking the over-approx grid MDP(s): 5.192s
##########################################

Result: ≥ 20
Time for POMDP analysis: 11.952s.
