COMMAND: ../storm/build/bin/storm-pomdp --prism ../models/samplerocks/samplerocks.prism --prop ../models/samplerocks/samplerocks.props --constants N=8 --belief-exploration unfold --refine 0 --timeout 60 --gap-threshold 0 --size-threshold 0 2 -tm --signal-timeout 600
WALLTIME (seconds): 65.05576634407043

############################## LOG ##############################
Storm-pomdp 1.5.2 (dev)

Date: Mon May 11 11:25:17 2020
Command line arguments: --prism ../models/samplerocks/samplerocks.prism --prop ../models/samplerocks/samplerocks.props --constants N=8 --belief-exploration unfold --refine 0 --timeout 60 --gap-threshold 0 --size-threshold 0 2 -tm --signal-timeout 600
Current working directory: .s

Time for model input parsing: 0.003s.

Time for model construction: 0.068s.

-------------------------------------------------------------- 
Model type: 	POMDP (sparse)
States: 	3241
Transitions: 	18772
Choices: 	14929
Observations: 	817
Reward Models:  cost
State Labels: 	3 labels
   * deadlock -> 0 item(s)
   * goal -> 324 item(s)
   * init -> 1 item(s)
Choice Labels: 	10 labels
   * west -> 2592 item(s)
   * east -> 2592 item(s)
   * r2sample -> 18 item(s)
   * r1sample -> 18 item(s)
   * south -> 2592 item(s)
   * r2sense -> 1938 item(s)
   * finish -> 324 item(s)
   * north -> 2592 item(s)
   * placement -> 1 item(s)
   * r1sense -> 1938 item(s)
-------------------------------------------------------------- 
Analyzing property 'R[exp]min=? [F "goal"]'
Exploring the belief MDP... Keeping scheduler guesses bit vector(4/7) [0 4 5 6 ]
Initial value bounds are [11, 32.851856]
Under-approx result for refinement improved after 0.241s seconds in refinement step #0. New value is '29.0125023'.
Completed iteration #0. Current checktime is 0.241s. Under-approx MDP has size 12965. Current result is ≤29.0125023.
 WARN (ApproximatePOMDPModelchecker.cpp:322): No termination criterion for refinement given. Consider to specify a steplimit, a non-zero precisionlimit, or a timeout
Under-approx result for refinement improved after 0.616s in refinement step #1. New value is '29.0125023'.
Completed iteration #1. Current checktime is 0.616s. Under-approx MDP has size 25934. Current result is ≤29.0125023.
Under-approx result for refinement improved after 1.444s in refinement step #2. New value is '28.90374093'.
Completed iteration #2. Current checktime is 1.444s. Under-approx MDP has size 51869. Current result is ≤28.90374093.
Under-approx result for refinement improved after 3.325s in refinement step #3. New value is '27.57801218'.
Completed iteration #3. Current checktime is 3.325s. Under-approx MDP has size 103739. Current result is ≤27.57801218.
Completed iteration #4. Current checktime is 7.682s. Under-approx MDP has size 207478. Current result is ≤27.57801218.
Under-approx result for refinement improved after 18.760s in refinement step #5. New value is '27.3376927'.
Completed iteration #5. Current checktime is 18.760s. Under-approx MDP has size 414958. Current result is ≤27.3376927.
Under-approx result for refinement improved after 47.405s in refinement step #6. New value is '26.22970754'.
Completed iteration #6. Current checktime is 47.405s. Under-approx MDP has size 829921. Current result is ≤26.22970754.
##### Grid Approximation Statistics ######
# Input model: 
-------------------------------------------------------------- 
Model type: 	POMDP (sparse)
States: 	3241
Transitions: 	18772
Choices: 	14929
Observations: 	817
Reward Models:  cost
State Labels: 	3 labels
   * deadlock -> 0 item(s)
   * goal -> 324 item(s)
   * init -> 1 item(s)
Choice Labels: 	none
-------------------------------------------------------------- 
# Max. Number of states with same observation: 4
# Computation aborted early
# Total check time: 64.896s
# Number of refinement steps: 6
# Number of states in the final grid MDP for the under-approximation: 829921
# Exploration state limit for under-approximation: 1659842
# Time spend for building the under-approx grid MDP(s): 32.153s
# Time spend for checking the under-approx grid MDP(s): 27.700s
##########################################

Result till abort: ≤ 26.22970754
Time for POMDP analysis: 64.897s.

##############################Output to stderr##############################
ERROR: The program received signal 14 and will be aborted in 600s.
