COMMAND: ../storm/build/bin/storm-pomdp --prism ../models/samplerocks/samplerocks.prism --prop ../models/samplerocks/samplerocks.props --constants N=16 --belief-exploration discretize --refine 0 --timeout 1800 --triangulationmode dynamic -tm --signal-timeout 600
WALLTIME (seconds): 1665.0924031734467
ERROR: -9
############################## LOG ##############################
Storm-pomdp 1.5.2 (dev)

Date: Mon May 11 13:58:01 2020
Command line arguments: --prism ../models/samplerocks/samplerocks.prism --prop ../models/samplerocks/samplerocks.props --constants N=16 --belief-exploration discretize --refine 0 --timeout 1800 --triangulationmode dynamic -tm --signal-timeout 600
Current working directory: .s

Time for model input parsing: 0.003s.

Time for model construction: 0.209s.

-------------------------------------------------------------- 
Model type: 	POMDP (sparse)
States: 	11017
Transitions: 	68116
Choices: 	54289
Observations: 	2761
Reward Models:  cost
State Labels: 	3 labels
   * deadlock -> 0 item(s)
   * goal -> 612 item(s)
   * init -> 1 item(s)
Choice Labels: 	10 labels
   * west -> 9792 item(s)
   * east -> 9792 item(s)
   * r2sample -> 18 item(s)
   * r1sample -> 18 item(s)
   * south -> 9792 item(s)
   * r2sense -> 6930 item(s)
   * finish -> 612 item(s)
   * north -> 9792 item(s)
   * placement -> 1 item(s)
   * r1sense -> 6930 item(s)
-------------------------------------------------------------- 
Analyzing property 'R[exp]min=? [F "goal"]'
Exploring the belief MDP... Keeping scheduler guesses bit vector(3/7) [4 5 6 ]
Initial value bounds are [22, 44]
Over-approx result for refinement improved after 1.309s seconds in refinement step #0. New value is '24.85329861'.
Completed iteration #0. Current checktime is 1.309s. Over-approx MDP has size 43326. Current result is ≥24.85329861.
 WARN (ApproximatePOMDPModelchecker.cpp:322): No termination criterion for refinement given. Consider to specify a steplimit, a non-zero precisionlimit, or a timeout
Over-approx result for refinement improved after 1.956s in refinement step #1. New value is '24.90729167'.
Completed iteration #1. Current checktime is 1.956s. Over-approx MDP has size 43742. Current result is ≥24.90729167.
Over-approx result for refinement improved after 2.597s in refinement step #2. New value is '24.98839962'.
Completed iteration #2. Current checktime is 2.597s. Over-approx MDP has size 43913. Current result is ≥24.98839962.
Over-approx result for refinement improved after 3.554s in refinement step #3. New value is '25.55601552'.
Completed iteration #3. Current checktime is 3.554s. Over-approx MDP has size 52219. Current result is ≥25.55601552.
Over-approx result for refinement improved after 5.917s in refinement step #4. New value is '25.62844341'.
Completed iteration #4. Current checktime is 5.917s. Over-approx MDP has size 85062. Current result is ≥25.62844341.
Over-approx result for refinement improved after 9.605s in refinement step #5. New value is '25.70166928'.
Completed iteration #5. Current checktime is 9.605s. Over-approx MDP has size 125187. Current result is ≥25.70166928.
Over-approx result for refinement improved after 34.973s in refinement step #6. New value is '25.7428125'.
Completed iteration #6. Current checktime is 34.973s. Over-approx MDP has size 420865. Current result is ≥25.7428125.
Over-approx result for refinement improved after 54.758s in refinement step #7. New value is '25.7846465'.
Completed iteration #7. Current checktime is 54.758s. Over-approx MDP has size 467131. Current result is ≥25.7846465.
Over-approx result for refinement improved after 447.920s in refinement step #8. New value is '25.83497602'.
Completed iteration #8. Current checktime is 447.920s. Over-approx MDP has size 2606992. Current result is ≥25.83497602.
Over-approx result for refinement improved after 779.924s in refinement step #9. New value is '25.86323837'.
Completed iteration #9. Current checktime is 779.924s. Over-approx MDP has size 2609902. Current result is ≥25.86323837.
