COMMAND: ../storm/build/bin/storm-pomdp --prism ../models/samplerocks/samplerocks.prism --prop ../models/samplerocks/samplerocks.props --constants N=12 --belief-exploration unfold --exploration-time 3600 --gap-threshold 0 -tm --signal-timeout 600
WALLTIME (seconds): 235.13082146644592
ERROR: -9
############################## LOG ##############################
Storm-pomdp 1.5.2 (dev)

Date: Mon May 11 11:25:16 2020
Command line arguments: --prism ../models/samplerocks/samplerocks.prism --prop ../models/samplerocks/samplerocks.props --constants N=12 --belief-exploration unfold --exploration-time 3600 --gap-threshold 0 -tm --signal-timeout 600
Current working directory: .s

Time for model input parsing: 0.003s.

Time for model construction: 0.123s.

-------------------------------------------------------------- 
Model type: 	POMDP (sparse)
States: 	6553
Transitions: 	39604
Choices: 	31537
Observations: 	1645
Reward Models:  cost
State Labels: 	3 labels
   * deadlock -> 0 item(s)
   * goal -> 468 item(s)
   * init -> 1 item(s)
Choice Labels: 	10 labels
   * west -> 5616 item(s)
   * east -> 5616 item(s)
   * r2sample -> 18 item(s)
   * r1sample -> 18 item(s)
   * south -> 5616 item(s)
   * r2sense -> 4050 item(s)
   * finish -> 468 item(s)
   * north -> 5616 item(s)
   * placement -> 1 item(s)
   * r1sense -> 4050 item(s)
-------------------------------------------------------------- 
Analyzing property 'R[exp]min=? [F "goal"]'
Exploring the belief MDP... Keeping scheduler guesses bit vector(3/7) [4 5 6 ]
Initial value bounds are [16.5, 38]
