COMMAND: ../storm/build/bin/storm-pomdp --prism ../models/samplerocks/samplerocks.prism --prop ../models/samplerocks/samplerocks.props --constants N=16 --belief-exploration discretize --refine 0 --timeout 60 --triangulationmode dynamic -tm --signal-timeout 600
WALLTIME (seconds): 60.8202543258667

############################## LOG ##############################
Storm-pomdp 1.5.2 (dev)

Date: Mon May 11 13:58:00 2020
Command line arguments: --prism ../models/samplerocks/samplerocks.prism --prop ../models/samplerocks/samplerocks.props --constants N=16 --belief-exploration discretize --refine 0 --timeout 60 --triangulationmode dynamic -tm --signal-timeout 600
Current working directory: .s

Time for model input parsing: 0.004s.

Time for model construction: 0.235s.

-------------------------------------------------------------- 
Model type: 	POMDP (sparse)
States: 	11017
Transitions: 	68116
Choices: 	54289
Observations: 	2761
Reward Models:  cost
State Labels: 	3 labels
   * deadlock -> 0 item(s)
   * goal -> 612 item(s)
   * init -> 1 item(s)
Choice Labels: 	10 labels
   * west -> 9792 item(s)
   * east -> 9792 item(s)
   * r2sample -> 18 item(s)
   * r1sample -> 18 item(s)
   * south -> 9792 item(s)
   * r2sense -> 6930 item(s)
   * finish -> 612 item(s)
   * north -> 9792 item(s)
   * placement -> 1 item(s)
   * r1sense -> 6930 item(s)
-------------------------------------------------------------- 
Analyzing property 'R[exp]min=? [F "goal"]'
Exploring the belief MDP... Keeping scheduler guesses bit vector(3/7) [4 5 6 ]
Initial value bounds are [22, 44]
Over-approx result for refinement improved after 1.346s seconds in refinement step #0. New value is '24.85329861'.
Completed iteration #0. Current checktime is 1.346s. Over-approx MDP has size 43326. Current result is ≥24.85329861.
 WARN (ApproximatePOMDPModelchecker.cpp:322): No termination criterion for refinement given. Consider to specify a steplimit, a non-zero precisionlimit, or a timeout
Over-approx result for refinement improved after 2.022s in refinement step #1. New value is '24.90729167'.
Completed iteration #1. Current checktime is 2.022s. Over-approx MDP has size 43742. Current result is ≥24.90729167.
Over-approx result for refinement improved after 2.698s in refinement step #2. New value is '24.98839962'.
Completed iteration #2. Current checktime is 2.698s. Over-approx MDP has size 43913. Current result is ≥24.98839962.
Over-approx result for refinement improved after 3.701s in refinement step #3. New value is '25.55601552'.
Completed iteration #3. Current checktime is 3.701s. Over-approx MDP has size 52219. Current result is ≥25.55601552.
Over-approx result for refinement improved after 6.142s in refinement step #4. New value is '25.62844341'.
Completed iteration #4. Current checktime is 6.142s. Over-approx MDP has size 85062. Current result is ≥25.62844341.
Over-approx result for refinement improved after 9.951s in refinement step #5. New value is '25.70166928'.
Completed iteration #5. Current checktime is 9.951s. Over-approx MDP has size 125187. Current result is ≥25.70166928.
Over-approx result for refinement improved after 36.677s in refinement step #6. New value is '25.7428125'.
Completed iteration #6. Current checktime is 36.677s. Over-approx MDP has size 420865. Current result is ≥25.7428125.
Over-approx result for refinement improved after 57.481s in refinement step #7. New value is '25.7846465'.
Completed iteration #7. Current checktime is 57.481s. Over-approx MDP has size 467131. Current result is ≥25.7846465.
##### Grid Approximation Statistics ######
# Input model: 
-------------------------------------------------------------- 
Model type: 	POMDP (sparse)
States: 	11017
Transitions: 	68116
Choices: 	54289
Observations: 	2761
Reward Models:  cost
State Labels: 	3 labels
   * deadlock -> 0 item(s)
   * goal -> 612 item(s)
   * init -> 1 item(s)
Choice Labels: 	none
-------------------------------------------------------------- 
# Max. Number of states with same observation: 4
# Computation aborted early
# Total check time: 60.432s
# Number of refinement steps: 7
# Number of states in the final grid MDP for the over-approximation: 467131
# Maximal resolution for over-approximation: 96
# Time spend for building the over-approx grid MDP(s): 29.841s
# Time spend for checking the over-approx grid MDP(s): 29.636s
##########################################

Result till abort: ≥ 25.7846465
Time for POMDP analysis: 60.433s.

##############################Output to stderr##############################
ERROR: The program received signal 14 and will be aborted in 600s.
