COMMAND: ../prism-ext/prism/bin/prism ../models/samplerocks/samplerocks08_explicit.prism ../models/samplerocks/samplerocks.props --gridresolution 4 -javamaxmem 32g -maxiters 1000000
WALLTIME (seconds): 3600.1205825805664
TIMEOUT
############################## LOG ##############################
PRISM
=====

Version: 4.4.pomdps
Date: Mon May 11 20:11:07 GMT+01:00 2020
Hostname: nihm022
Memory limits: cudd=1g, java(heap)=28.4g
Command line: prism ../models/samplerocks/samplerocks08_explicit.prism ../models/samplerocks/samplerocks.props --gridresolution 4 -javamaxmem 32g -maxiters 1000000

Parsing model file "../models/samplerocks/samplerocks08_explicit.prism"...

Parsing properties file "../models/samplerocks/samplerocks.props"...

1 property:
(1) Rmin=? [ F "goal" ]

Type:        POMDP
Modules:     model 
Variables:   (s) o 

Switching to explicit engine

---------------------------------------------------------------------

Model checking: Rmin=? [ F "goal" ]

Building model...

Computing reachable states...
 3241 states
Reachable states exploration and model construction done in 2.713 secs.
Sorting reachable states list...

Time for model construction: 2.855 seconds.

Type:        POMDP
States:        3241 (1 initial)
Transitions:   19348
Choices:       15073
Max/avg:       7/4.65
Observables:   817
Unobservables: 3241
Building reward structure...

Starting expected reachability (min)...
Starting fixed-resolution grid approximation (min)...
Grid statistics: resolution=4, points=28201, unknown points=25366
Building belief space approximation...
Solving belief space approximation...

##############################Output to stderr##############################
Picked up JAVA_TOOL_OPTIONS: -Xmx2048m
